
-----------------------------------
0[2019-12-30 11:25:51] 192.168.10.1 http://admanage.com/?ct=index
COOKIE: array (
  'ht_name' => 'yunhua',
  'ht_keep' => '1',
  'js_collapse' => '0',
  'PHPSESSID' => 'rfl5tgkt3tiodnnjogoab39rig',
)
0[2019-12-30 11:25:51]Warn: /home/vagrant/code/admin/web/admin/service/SrvAuth.php 263
Invalid argument supplied for foreach()

-----------------------------------
0[2019-12-30 11:25:56] 192.168.10.1 http://admanage.com/?ct=base
COOKIE: array (
  'ht_name' => 'yunhua',
  'ht_keep' => '1',
  'js_collapse' => '0',
  'PHPSESSID' => 'rfl5tgkt3tiodnnjogoab39rig',
)
0[2019-12-30 11:25:56]Warn: /home/vagrant/code/admin/web/admin/service/SrvAuth.php 263
Invalid argument supplied for foreach()

-----------------------------------
0[2019-12-30 11:26:36] 192.168.10.1 http://admanage.com/index.php?ct=optimizat&ac=addDirectional
COOKIE: array (
  'ht_name' => 'yunhua',
  'ht_keep' => '1',
  'js_collapse' => '0',
  'PHPSESSID' => 'rfl5tgkt3tiodnnjogoab39rig',
)
0[2019-12-30 11:26:36]Warn: /home/vagrant/code/admin/web/admin/service/SrvAuth.php 263
Invalid argument supplied for foreach()

-----------------------------------
0[2019-12-30 11:26:36] 192.168.10.1 http://admanage.com/index.php?ct=optimizat&ac=addDirectional
COOKIE: array (
  'ht_name' => 'yunhua',
  'ht_keep' => '1',
  'js_collapse' => '0',
  'PHPSESSID' => 'rfl5tgkt3tiodnnjogoab39rig',
)
0[2019-12-30 11:26:36]Warn: /home/vagrant/code/admin/web/admin/service/SrvAuth.php 263
Invalid argument supplied for foreach()

-----------------------------------
0[2019-12-30 15:16:27] 192.168.10.1 http://admanage.com/index.php?ct=index
COOKIE: array (
  'ht_name' => 'yunhua',
  'ht_keep' => '1',
  'js_collapse' => '0',
  'PHPSESSID' => 'rfl5tgkt3tiodnnjogoab39rig',
)
0[2019-12-30 15:16:27]Warn: /home/vagrant/code/admin/web/admin/service/SrvAuth.php 263
Invalid argument supplied for foreach()

-----------------------------------
0[2019-12-30 17:06:26] 192.168.10.1 http://admanage.com/index.php?ct=index
COOKIE: array (
  'ht_name' => 'yunhua',
  'ht_keep' => '1',
  'js_collapse' => '0',
  'PHPSESSID' => 'rfl5tgkt3tiodnnjogoab39rig',
)
0[2019-12-30 17:06:26]Warn: /home/vagrant/code/admin/web/admin/service/SrvAuth.php 263
Invalid argument supplied for foreach()

-----------------------------------
0[2019-12-30 17:06:32] 192.168.10.1 http://admanage.com/index.php?ct=base
COOKIE: array (
  'ht_name' => 'yunhua',
  'ht_keep' => '1',
  'js_collapse' => '0',
  'PHPSESSID' => 'rfl5tgkt3tiodnnjogoab39rig',
)
0[2019-12-30 17:06:32]Warn: /home/vagrant/code/admin/web/admin/service/SrvAuth.php 263
Invalid argument supplied for foreach()

-----------------------------------
0[2019-12-30 17:06:37] 192.168.10.1 http://admanage.com/index.php?ct=optimizat&ac=addDirectional
COOKIE: array (
  'ht_name' => 'yunhua',
  'ht_keep' => '1',
  'js_collapse' => '0',
  'PHPSESSID' => 'rfl5tgkt3tiodnnjogoab39rig',
)
0[2019-12-30 17:06:37]Warn: /home/vagrant/code/admin/web/admin/service/SrvAuth.php 263
Invalid argument supplied for foreach()

-----------------------------------
0[2019-12-30 17:06:38] 192.168.10.1 http://admanage.com/index.php?ct=optimizat&ac=addDirectional
COOKIE: array (
  'ht_name' => 'yunhua',
  'ht_keep' => '1',
  'js_collapse' => '0',
  'PHPSESSID' => 'rfl5tgkt3tiodnnjogoab39rig',
)
0[2019-12-30 17:06:38]Warn: /home/vagrant/code/admin/web/admin/service/SrvAuth.php 263
Invalid argument supplied for foreach()

-----------------------------------
0[2019-12-30 17:16:48] 192.168.10.1 http://admanage.com/index.php?ct=optimizat&ac=addDirectional
COOKIE: array (
  'ht_name' => 'yunhua',
  'ht_keep' => '1',
  'js_collapse' => '0',
  'PHPSESSID' => 'rfl5tgkt3tiodnnjogoab39rig',
)
0[2019-12-30 17:16:48]Warn: /home/vagrant/code/admin/web/admin/service/SrvAuth.php 263
Invalid argument supplied for foreach()

-----------------------------------
0[2019-12-30 17:23:30] 192.168.10.1 http://admanage.com/index.php?ct=optimizat&ac=addDirectional
COOKIE: array (
  'ht_name' => 'yunhua',
  'ht_keep' => '1',
  'js_collapse' => '0',
  'PHPSESSID' => 'rfl5tgkt3tiodnnjogoab39rig',
)
0[2019-12-30 17:23:30]Warn: /home/vagrant/code/admin/web/admin/service/SrvAuth.php 263
Invalid argument supplied for foreach()

-----------------------------------
0[2019-12-30 17:23:45] 192.168.10.1 http://admanage.com/index.php?ct=optimizat&ac=addDirectional
COOKIE: array (
  'ht_name' => 'yunhua',
  'ht_keep' => '1',
  'js_collapse' => '0',
  'PHPSESSID' => 'rfl5tgkt3tiodnnjogoab39rig',
)
0[2019-12-30 17:23:45]Warn: /home/vagrant/code/admin/web/admin/service/SrvAuth.php 263
Invalid argument supplied for foreach()

-----------------------------------
0[2019-12-30 17:24:55] 192.168.10.1 http://admanage.com/index.php?ct=optimizat&ac=addDirectional
COOKIE: array (
  'ht_name' => 'yunhua',
  'ht_keep' => '1',
  'js_collapse' => '0',
  'PHPSESSID' => 'rfl5tgkt3tiodnnjogoab39rig',
)
0[2019-12-30 17:24:55]Warn: /home/vagrant/code/admin/web/admin/service/SrvAuth.php 263
Invalid argument supplied for foreach()

-----------------------------------
0[2019-12-30 17:29:19] 192.168.10.1 http://admanage.com/index.php?ct=optimizat&ac=addDirectional
COOKIE: array (
  'ht_name' => 'yunhua',
  'ht_keep' => '1',
  'js_collapse' => '0',
  'PHPSESSID' => 'rfl5tgkt3tiodnnjogoab39rig',
)
0[2019-12-30 17:29:19]Warn: /home/vagrant/code/admin/web/admin/service/SrvAuth.php 263
Invalid argument supplied for foreach()

-----------------------------------
0[2019-12-30 17:34:40] 192.168.10.1 http://admanage.com/index.php?ct=optimizat&ac=addDirectional
COOKIE: array (
  'ht_name' => 'yunhua',
  'ht_keep' => '1',
  'js_collapse' => '0',
  'PHPSESSID' => 'rfl5tgkt3tiodnnjogoab39rig',
)
0[2019-12-30 17:34:40]Warn: /home/vagrant/code/admin/web/admin/service/SrvAuth.php 263
Invalid argument supplied for foreach()

-----------------------------------
0[2019-12-30 17:35:25] 192.168.10.1 http://admanage.com/index.php?ct=optimizat&ac=addDirectional
COOKIE: array (
  'ht_name' => 'yunhua',
  'ht_keep' => '1',
  'js_collapse' => '0',
  'PHPSESSID' => 'rfl5tgkt3tiodnnjogoab39rig',
)
0[2019-12-30 17:35:25]Warn: /home/vagrant/code/admin/web/admin/service/SrvAuth.php 263
Invalid argument supplied for foreach()

-----------------------------------
0[2019-12-30 21:33:07] 192.168.10.1 http://admanage.com/index.php?ct=index
COOKIE: array (
  'ht_name' => 'yunhua',
  'ht_keep' => '1',
  'js_collapse' => '0',
  'PHPSESSID' => 'rfl5tgkt3tiodnnjogoab39rig',
)
0[2019-12-30 21:33:07]Warn: /home/vagrant/code/admin/web/admin/service/SrvAuth.php 263
Invalid argument supplied for foreach()

-----------------------------------
0[2019-12-30 21:33:13] 192.168.10.1 http://admanage.com/index.php?ct=base
COOKIE: array (
  'ht_name' => 'yunhua',
  'ht_keep' => '1',
  'js_collapse' => '0',
  'PHPSESSID' => 'rfl5tgkt3tiodnnjogoab39rig',
)
0[2019-12-30 21:33:13]Warn: /home/vagrant/code/admin/web/admin/service/SrvAuth.php 263
Invalid argument supplied for foreach()

-----------------------------------
0[2019-12-30 21:33:21] 192.168.10.1 http://admanage.com/index.php?ct=optimizat&ac=addDirectional
COOKIE: array (
  'ht_name' => 'yunhua',
  'ht_keep' => '1',
  'js_collapse' => '0',
  'PHPSESSID' => 'rfl5tgkt3tiodnnjogoab39rig',
)
0[2019-12-30 21:33:21]Warn: /home/vagrant/code/admin/web/admin/service/SrvAuth.php 263
Invalid argument supplied for foreach()

-----------------------------------
0[2019-12-30 22:37:40] 192.168.10.1 http://admanage.com/index.php?ct=index
COOKIE: array (
  'ht_name' => 'yunhua',
  'ht_keep' => '1',
  'js_collapse' => '0',
  'PHPSESSID' => 'rfl5tgkt3tiodnnjogoab39rig',
)
0[2019-12-30 22:37:40]Warn: /home/vagrant/code/admin/web/admin/service/SrvAuth.php 263
Invalid argument supplied for foreach()

-----------------------------------
0[2019-12-30 22:37:49] 192.168.10.1 http://admanage.com/index.php?ct=base
COOKIE: array (
  'ht_name' => 'yunhua',
  'ht_keep' => '1',
  'js_collapse' => '0',
  'PHPSESSID' => 'rfl5tgkt3tiodnnjogoab39rig',
)
0[2019-12-30 22:37:49]Warn: /home/vagrant/code/admin/web/admin/service/SrvAuth.php 263
Invalid argument supplied for foreach()
