
-----------------------------------
0[2019-12-18 15:29:59] 192.168.10.1 http://admanage.com/?ct=jrtt&ac=getActionCategory
COOKIE: array (
  'ht_name' => 'yunhua',
  'ht_keep' => '1',
  'js_collapse' => '0',
  'PHPSESSID' => 'rfl5tgkt3tiodnnjogoab39rig',
)
0[2019-12-18 15:29:59]Error: /home/vagrant/code/admin/web/admin/service/SrvAdPlatformAction.php 110
Uncaught Exception: api:get_action_category action_scene为必填字段 in /home/vagrant/code/admin/web/admin/service/SrvAdPlatformAction.php:110
Stack trace:
#0 /home/vagrant/code/admin/web/admin/service/SrvJrttAction.php(130): SrvAdPlatformAction->checkParams(Array, 'get_action_cate...')
#1 /home/vagrant/code/admin/web/admin/controller/CtlJrtt.php(20): SrvJrttAction->getActionCategory(Array, Array)
#2 /home/vagrant/code/admin/lib/YX.php(173): CtlJrtt->getActionCategory()
#3 /home/vagrant/code/admin/lib/YX.php(136): YX::route('jrtt', 'getActionCatego...')
#4 /home/vagrant/code/admin/web/admin/index.php(48): YX::run()
#5 {main}
  thrown

-----------------------------------
0[2019-12-18 15:32:50] 192.168.10.1 http://admanage.com/?ct=jrtt&ac=getActionCategory
COOKIE: array (
  'ht_name' => 'yunhua',
  'ht_keep' => '1',
  'js_collapse' => '0',
  'PHPSESSID' => 'rfl5tgkt3tiodnnjogoab39rig',
)
0[2019-12-18 15:32:50]Error: /home/vagrant/code/admin/web/admin/service/SrvAdPlatformAction.php 110
Uncaught Exception: api:get_action_category action_scene为必填字段 in /home/vagrant/code/admin/web/admin/service/SrvAdPlatformAction.php:110
Stack trace:
#0 /home/vagrant/code/admin/web/admin/service/SrvJrttAction.php(130): SrvAdPlatformAction->checkParams(Array, 'get_action_cate...')
#1 /home/vagrant/code/admin/web/admin/controller/CtlJrtt.php(20): SrvJrttAction->getActionCategory(Array, Array)
#2 /home/vagrant/code/admin/lib/YX.php(173): CtlJrtt->getActionCategory()
#3 /home/vagrant/code/admin/lib/YX.php(136): YX::route('jrtt', 'getActionCatego...')
#4 /home/vagrant/code/admin/web/admin/index.php(48): YX::run()
#5 {main}
  thrown
