
-----------------------------------
0[2019-12-03 10:28:41] 192.168.10.1 http://admanage.com/?ct=index
COOKIE: array (
  'PHPSESSID' => 'vbne5vr0lsoathegm8qp87ira7',
  'js_collapse' => '0',
  'ht_name' => 'yunhua',
  'ht_keep' => '1',
)
0[2019-12-03 10:28:41]Warn: /home/vagrant/code/admin/web/admin/service/SrvAuth.php 263
Invalid argument supplied for foreach()

-----------------------------------
0[2019-12-03 13:24:55] 192.168.10.1 http://admanage.com/?ct=index
COOKIE: array (
  'PHPSESSID' => 'vbne5vr0lsoathegm8qp87ira7',
  'js_collapse' => '0',
  'ht_name' => 'yunhua',
  'ht_keep' => '1',
)
0[2019-12-03 13:24:55]Warn: /home/vagrant/code/admin/web/admin/service/SrvAuth.php 263
Invalid argument supplied for foreach()

-----------------------------------
0[2019-12-03 13:45:50] 192.168.10.1 http://admanage.com/?ct=index
COOKIE: array (
  'PHPSESSID' => 'hn8hreh1oi3ca3psirkgba597k',
  'ht_keep' => '0',
)
0[2019-12-03 13:45:50]Warn: /home/vagrant/code/admin/web/admin/service/SrvAuth.php 263
Invalid argument supplied for foreach()

-----------------------------------
0[2019-12-03 14:26:56] 192.168.10.1 http://admanage.com/?ct=optimizat&ac=test
POST: array (
  'advertiser_id' => '2915553993320755',
  'campaign_name' => '111111',
  'operation' => 'enable',
  'budget_mode' => 'BUDGET_MODE_DAY',
  'budget' => '10000',
  'landing_type' => 'LINK',
  'unique_fk' => '1214545212121212',
)
COOKIE: array (
  'PHPSESSID' => 'vbne5vr0lsoathegm8qp87ira7',
  'js_collapse' => '0',
  'ht_name' => 'yunhua',
  'ht_keep' => '1',
  '_lg_' => 'zh_CN',
)
0[2019-12-03 14:26:56]Warn: /home/vagrant/code/admin/web/admin/service/SrvJrttAction.php 41
file_put_contents(/home/vagrant/code/admin/runtime/log/create_group/201912/1575354416-5de6003012f02-response.json): failed to open stream: No such file or directory

-----------------------------------
0[2019-12-03 14:28:24] 192.168.10.1 http://admanage.com/?ct=optimizat&ac=test
POST: array (
  'advertiser_id' => '2915553993320755',
  'campaign_name' => '111111',
  'operation' => 'enable',
  'budget_mode' => 'BUDGET_MODE_DAY',
  'budget' => '10000',
  'landing_type' => 'LINK',
  'unique_fk' => '1214545212121212',
)
COOKIE: array (
  'PHPSESSID' => 'vbne5vr0lsoathegm8qp87ira7',
  'js_collapse' => '0',
  'ht_name' => 'yunhua',
  'ht_keep' => '1',
  '_lg_' => 'zh_CN',
)
0[2019-12-03 14:28:24]Warn: /home/vagrant/code/admin/web/admin/service/SrvJrttAction.php 42
file_put_contents(/home/vagrant/code/admin/runtime/logs/create_group/201912/1575354504-5de60088e827b-response.json): failed to open stream: No such file or directory

-----------------------------------
0[2019-12-03 14:28:59] 192.168.10.1 http://admanage.com/?ct=optimizat&ac=test
POST: array (
  'advertiser_id' => '2915553993320755',
  'campaign_name' => '111111',
  'operation' => 'enable',
  'budget_mode' => 'BUDGET_MODE_DAY',
  'budget' => '10000',
  'landing_type' => 'LINK',
  'unique_fk' => '1214545212121212',
)
COOKIE: array (
  'PHPSESSID' => 'vbne5vr0lsoathegm8qp87ira7',
  'js_collapse' => '0',
  'ht_name' => 'yunhua',
  'ht_keep' => '1',
  '_lg_' => 'zh_CN',
)
0[2019-12-03 14:28:59]Warn: /home/vagrant/code/admin/web/admin/service/SrvJrttAction.php 42
file_put_contents(/home/vagrant/code/admin/runtime/logs/create_group/201912/1575354539-5de600ab4033b-response.json): failed to open stream: No such file or directory

-----------------------------------
0[2019-12-03 14:29:04] 192.168.10.1 http://admanage.com/?ct=optimizat&ac=test
POST: array (
  'advertiser_id' => '2915553993320755',
  'campaign_name' => '111111',
  'operation' => 'enable',
  'budget_mode' => 'BUDGET_MODE_DAY',
  'budget' => '10000',
  'landing_type' => 'LINK',
  'unique_fk' => '1214545212121212',
)
COOKIE: array (
  'PHPSESSID' => 'vbne5vr0lsoathegm8qp87ira7',
  'js_collapse' => '0',
  'ht_name' => 'yunhua',
  'ht_keep' => '1',
  '_lg_' => 'zh_CN',
)
0[2019-12-03 14:29:04]Warn: /home/vagrant/code/admin/web/admin/service/SrvJrttAction.php 42
file_put_contents(/home/vagrant/code/admin/runtime/logs/create_group/201912/1575354544-5de600b0e23f0-response.json): failed to open stream: No such file or directory

-----------------------------------
0[2019-12-03 14:29:07] 192.168.10.1 http://admanage.com/?ct=optimizat&ac=test
POST: array (
  'advertiser_id' => '2915553993320755',
  'campaign_name' => '111111',
  'operation' => 'enable',
  'budget_mode' => 'BUDGET_MODE_DAY',
  'budget' => '10000',
  'landing_type' => 'LINK',
  'unique_fk' => '1214545212121212',
)
COOKIE: array (
  'PHPSESSID' => 'vbne5vr0lsoathegm8qp87ira7',
  'js_collapse' => '0',
  'ht_name' => 'yunhua',
  'ht_keep' => '1',
  '_lg_' => 'zh_CN',
)
0[2019-12-03 14:29:07]Warn: /home/vagrant/code/admin/web/admin/service/SrvJrttAction.php 42
file_put_contents(/home/vagrant/code/admin/runtime/logs/create_group/201912/1575354547-5de600b3f0bff-response.json): failed to open stream: No such file or directory

-----------------------------------
0[2019-12-03 14:30:18] 192.168.10.1 http://admanage.com/?ct=optimizat&ac=test
POST: array (
  'advertiser_id' => '2915553993320755',
  'campaign_name' => '111111',
  'operation' => 'enable',
  'budget_mode' => 'BUDGET_MODE_DAY',
  'budget' => '10000',
  'landing_type' => 'LINK',
  'unique_fk' => '1214545212121212',
)
COOKIE: array (
  'PHPSESSID' => 'vbne5vr0lsoathegm8qp87ira7',
  'js_collapse' => '0',
  'ht_name' => 'yunhua',
  'ht_keep' => '1',
  '_lg_' => 'zh_CN',
)
0[2019-12-03 14:30:18]Warn: /home/vagrant/code/admin/web/admin/service/SrvJrttAction.php 43
file_put_contents(/home/vagrant/code/admin/runtime/logs/create_group/201912/1575354618-5de600fa04228-response.json): failed to open stream: No such file or directory

-----------------------------------
0[2019-12-03 14:31:26] 192.168.10.1 http://admanage.com/?ct=optimizat&ac=test
POST: array (
  'advertiser_id' => '2915553993320755',
  'campaign_name' => '111111',
  'operation' => 'enable',
  'budget_mode' => 'BUDGET_MODE_DAY',
  'budget' => '10000',
  'landing_type' => 'LINK',
  'unique_fk' => '1214545212121212',
)
COOKIE: array (
  'PHPSESSID' => 'vbne5vr0lsoathegm8qp87ira7',
  'js_collapse' => '0',
  'ht_name' => 'yunhua',
  'ht_keep' => '1',
  '_lg_' => 'zh_CN',
)
0[2019-12-03 14:31:26]Warn: /home/vagrant/code/admin/web/admin/service/SrvJrttAction.php 44
file_put_contents(/home/vagrant/code/admin/runtime/logs/create_group/201912/1575354686-5de6013e08f56-response.json): failed to open stream: No such file or directory

-----------------------------------
0[2019-12-03 17:44:35] 192.168.10.1 http://admanage.com/?ct=index
COOKIE: array (
  'PHPSESSID' => 'vbne5vr0lsoathegm8qp87ira7',
  'js_collapse' => '0',
  'ht_name' => 'yunhua',
  'ht_keep' => '1',
)
0[2019-12-03 17:44:35]Warn: /home/vagrant/code/admin/web/admin/service/SrvAuth.php 263
Invalid argument supplied for foreach()

-----------------------------------
0[2019-12-03 17:44:49] 192.168.10.1 http://admanage.com/?ct=index
COOKIE: array (
  'PHPSESSID' => 'vbne5vr0lsoathegm8qp87ira7',
  'js_collapse' => '0',
  'ht_name' => 'yunhua',
  'ht_keep' => '1',
)
0[2019-12-03 17:44:49]Warn: /home/vagrant/code/admin/web/admin/service/SrvAuth.php 263
Invalid argument supplied for foreach()

-----------------------------------
0[2019-12-03 20:58:37] 192.168.10.1 http://admanage.com/?ct=index
COOKIE: array (
  'PHPSESSID' => 'vbne5vr0lsoathegm8qp87ira7',
  'js_collapse' => '0',
  'ht_name' => 'yunhua',
  'ht_keep' => '1',
)
0[2019-12-03 20:58:37]Warn: /home/vagrant/code/admin/web/admin/service/SrvAuth.php 263
Invalid argument supplied for foreach()

-----------------------------------
0[2019-12-03 20:58:54] 192.168.10.1 http://admanage.com/?ct=index
COOKIE: array (
  'PHPSESSID' => 'vbne5vr0lsoathegm8qp87ira7',
  'js_collapse' => '0',
  'ht_name' => 'yunhua',
  'ht_keep' => '1',
)
0[2019-12-03 20:58:54]Warn: /home/vagrant/code/admin/web/admin/service/SrvAuth.php 263
Invalid argument supplied for foreach()
