
-----------------------------------
0[2019-12-04 10:50:09] 192.168.10.1 http://admanage.com/?ct=index
COOKIE: array (
  'PHPSESSID' => 'vbne5vr0lsoathegm8qp87ira7',
  'js_collapse' => '0',
  'ht_name' => 'yunhua',
  'ht_keep' => '1',
)
0[2019-12-04 10:50:09]Warn: /home/vagrant/code/admin/web/admin/service/SrvAuth.php 263
Invalid argument supplied for foreach()

-----------------------------------
0[2019-12-04 13:48:57] 192.168.10.1 http://admanage.com/?ct=index
COOKIE: array (
  'PHPSESSID' => 'vbne5vr0lsoathegm8qp87ira7',
  'js_collapse' => '0',
  'ht_name' => 'yunhua',
  'ht_keep' => '1',
)
0[2019-12-04 13:48:57]Warn: /home/vagrant/code/admin/web/admin/service/SrvAuth.php 263
Invalid argument supplied for foreach()

-----------------------------------
0[2019-12-04 13:49:07] 192.168.10.1 http://admanage.com/?ct=index
COOKIE: array (
  'PHPSESSID' => 'vbne5vr0lsoathegm8qp87ira7',
  'js_collapse' => '0',
  'ht_name' => 'yunhua',
  'ht_keep' => '1',
)
0[2019-12-04 13:49:07]Warn: /home/vagrant/code/admin/web/admin/service/SrvAuth.php 263
Invalid argument supplied for foreach()

-----------------------------------
0[2019-12-04 14:42:30] 192.168.10.1 http://admanage.com/?ct=index
COOKIE: array (
  'PHPSESSID' => 'vbne5vr0lsoathegm8qp87ira7',
  'js_collapse' => '0',
  'ht_name' => 'yunhua',
  'ht_keep' => '1',
)
0[2019-12-04 14:42:30]Warn: /home/vagrant/code/admin/web/admin/service/SrvAuth.php 263
Invalid argument supplied for foreach()

-----------------------------------
0[2019-12-04 14:42:38] 192.168.10.1 http://admanage.com/?ct=index
COOKIE: array (
  'PHPSESSID' => 'vbne5vr0lsoathegm8qp87ira7',
  'js_collapse' => '0',
  'ht_name' => 'yunhua',
  'ht_keep' => '1',
)
0[2019-12-04 14:42:38]Warn: /home/vagrant/code/admin/web/admin/service/SrvAuth.php 263
Invalid argument supplied for foreach()

-----------------------------------
0[2019-12-04 17:28:30] 192.168.10.1 http://admanage.com/?ct=index
COOKIE: array (
  'PHPSESSID' => 'vbne5vr0lsoathegm8qp87ira7',
  'js_collapse' => '0',
  'ht_name' => 'yunhua',
  'ht_keep' => '1',
)
0[2019-12-04 17:28:30]Warn: /home/vagrant/code/admin/web/admin/service/SrvAuth.php 263
Invalid argument supplied for foreach()

-----------------------------------
0[2019-12-04 20:01:18] 192.168.10.1 http://admanage.com/?ct=index
COOKIE: array (
  'PHPSESSID' => 'vbne5vr0lsoathegm8qp87ira7',
  'js_collapse' => '0',
  'ht_name' => 'yunhua',
  'ht_keep' => '1',
)
0[2019-12-04 20:01:18]Warn: /home/vagrant/code/admin/web/admin/service/SrvAuth.php 263
Invalid argument supplied for foreach()

-----------------------------------
0[2019-12-04 20:13:43] 192.168.10.1 http://admanage.com/?ct=admin&ac=roleAdd&role_id=22
COOKIE: array (
  'PHPSESSID' => 'vbne5vr0lsoathegm8qp87ira7',
  'js_collapse' => '0',
  'ht_name' => 'yunhua',
  'ht_keep' => '1',
)
0[2019-12-04 20:13:43]Warn: /home/vagrant/code/admin/web/admin/service/SrvAdmin.php 41
Invalid argument supplied for foreach()

-----------------------------------
0[2019-12-04 20:14:14] 192.168.10.1 http://admanage.com/?ct=admin&ac=roleAdd&role_id=22
COOKIE: array (
  'PHPSESSID' => 'vbne5vr0lsoathegm8qp87ira7',
  'js_collapse' => '0',
  'ht_name' => 'yunhua',
  'ht_keep' => '1',
)
0[2019-12-04 20:14:14]Warn: /home/vagrant/code/admin/web/admin/service/SrvAdmin.php 41
Invalid argument supplied for foreach()

-----------------------------------
0[2019-12-04 20:15:46] 192.168.10.1 http://admanage.com/?ct=index
COOKIE: array (
  'PHPSESSID' => 'vbne5vr0lsoathegm8qp87ira7',
  'js_collapse' => '0',
  'ht_name' => 'yunhua',
  'ht_keep' => '1',
)
0[2019-12-04 20:15:46]Warn: /home/vagrant/code/admin/web/admin/service/SrvAuth.php 263
Invalid argument supplied for foreach()

-----------------------------------
0[2019-12-04 20:20:31] 192.168.10.1 http://admanage.com/?ct=optimizat&ac=addCopywriting
COOKIE: array (
  'PHPSESSID' => 'vbne5vr0lsoathegm8qp87ira7',
  'js_collapse' => '0',
  'ht_name' => 'yunhua',
  'ht_keep' => '1',
)
0[2019-12-04 20:20:31]Warn: /home/vagrant/code/admin/web/admin/service/SrvAuth.php 263
Invalid argument supplied for foreach()
0[2019-12-04 20:20:31]Error: /home/vagrant/code/admin/lib/library/smarty/sysplugins/smarty_internal_compilebase.php 75
The each() function is deprecated. This message will be suppressed on further calls

-----------------------------------
0[2019-12-04 20:26:33] 192.168.10.1 http://admanage.com/?ct=optimizat&ac=addCopywriting
COOKIE: array (
  'PHPSESSID' => 'vbne5vr0lsoathegm8qp87ira7',
  'js_collapse' => '0',
  'ht_name' => 'yunhua',
  'ht_keep' => '1',
)
0[2019-12-04 20:26:33]Warn: /home/vagrant/code/admin/web/admin/service/SrvAuth.php 263
Invalid argument supplied for foreach()
0[2019-12-04 20:26:33]Error: /home/vagrant/code/admin/lib/library/smarty/sysplugins/smarty_internal_compilebase.php 75
The each() function is deprecated. This message will be suppressed on further calls

-----------------------------------
0[2019-12-04 20:26:47] 192.168.10.1 http://admanage.com/?ct=optimizat&ac=addCopywriting
COOKIE: array (
  'PHPSESSID' => 'vbne5vr0lsoathegm8qp87ira7',
  'js_collapse' => '0',
  'ht_name' => 'yunhua',
  'ht_keep' => '1',
)
0[2019-12-04 20:26:47]Warn: /home/vagrant/code/admin/web/admin/service/SrvAuth.php 263
Invalid argument supplied for foreach()
0[2019-12-04 20:26:47]Error: /home/vagrant/code/admin/lib/library/smarty/sysplugins/smarty_internal_compilebase.php 75
The each() function is deprecated. This message will be suppressed on further calls

-----------------------------------
0[2019-12-04 20:29:14] 192.168.10.1 http://admanage.com/?ct=optimizat&ac=addCopywriting
COOKIE: array (
  'PHPSESSID' => 'vbne5vr0lsoathegm8qp87ira7',
  'js_collapse' => '0',
  'ht_name' => 'yunhua',
  'ht_keep' => '1',
)
0[2019-12-04 20:29:14]Warn: /home/vagrant/code/admin/web/admin/service/SrvAuth.php 263
Invalid argument supplied for foreach()
0[2019-12-04 20:29:14]Error: /home/vagrant/code/admin/lib/library/smarty/sysplugins/smarty_internal_compilebase.php 75
The each() function is deprecated. This message will be suppressed on further calls

-----------------------------------
0[2019-12-04 20:29:41] 192.168.10.1 http://admanage.com/?ct=optimizat&ac=addCopywriting
COOKIE: array (
  'PHPSESSID' => 'vbne5vr0lsoathegm8qp87ira7',
  'js_collapse' => '0',
  'ht_name' => 'yunhua',
  'ht_keep' => '1',
)
0[2019-12-04 20:29:41]Warn: /home/vagrant/code/admin/web/admin/service/SrvAuth.php 263
Invalid argument supplied for foreach()
0[2019-12-04 20:29:41]Error: /home/vagrant/code/admin/lib/library/smarty/sysplugins/smarty_internal_compilebase.php 75
The each() function is deprecated. This message will be suppressed on further calls

-----------------------------------
0[2019-12-04 20:30:18] 192.168.10.1 http://admanage.com/?ct=optimizat&ac=addCopywriting
COOKIE: array (
  'PHPSESSID' => 'vbne5vr0lsoathegm8qp87ira7',
  'js_collapse' => '0',
  'ht_name' => 'yunhua',
  'ht_keep' => '1',
)
0[2019-12-04 20:30:18]Warn: /home/vagrant/code/admin/web/admin/service/SrvAuth.php 263
Invalid argument supplied for foreach()
0[2019-12-04 20:30:19]Error: /home/vagrant/code/admin/lib/library/smarty/sysplugins/smarty_internal_compilebase.php 75
The each() function is deprecated. This message will be suppressed on further calls

-----------------------------------
0[2019-12-04 20:40:40] 192.168.10.1 http://admanage.com/?ct=optimizat&ac=addCopywriting
COOKIE: array (
  'PHPSESSID' => 'vbne5vr0lsoathegm8qp87ira7',
  'js_collapse' => '0',
  'ht_name' => 'yunhua',
  'ht_keep' => '1',
)
0[2019-12-04 20:40:40]Warn: /home/vagrant/code/admin/web/admin/service/SrvAuth.php 263
Invalid argument supplied for foreach()
0[2019-12-04 20:40:40]Error: /home/vagrant/code/admin/lib/library/smarty/sysplugins/smarty_internal_compilebase.php 75
The each() function is deprecated. This message will be suppressed on further calls

-----------------------------------
0[2019-12-04 20:50:01] 192.168.10.1 http://admanage.com/?ct=optimizat&ac=addCopywriting
COOKIE: array (
  'PHPSESSID' => 'vbne5vr0lsoathegm8qp87ira7',
  'js_collapse' => '0',
  'ht_name' => 'yunhua',
  'ht_keep' => '1',
)
0[2019-12-04 20:50:01]Warn: /home/vagrant/code/admin/web/admin/service/SrvAuth.php 263
Invalid argument supplied for foreach()
0[2019-12-04 20:50:01]Error: /home/vagrant/code/admin/lib/library/smarty/sysplugins/smarty_internal_compilebase.php 75
The each() function is deprecated. This message will be suppressed on further calls

-----------------------------------
0[2019-12-04 20:51:41] 192.168.10.1 http://admanage.com/?ct=optimizat&ac=addCopywriting
COOKIE: array (
  'PHPSESSID' => 'vbne5vr0lsoathegm8qp87ira7',
  'js_collapse' => '0',
  'ht_name' => 'yunhua',
  'ht_keep' => '1',
)
0[2019-12-04 20:51:41]Warn: /home/vagrant/code/admin/web/admin/service/SrvAuth.php 263
Invalid argument supplied for foreach()
0[2019-12-04 20:51:41]Error: /home/vagrant/code/admin/lib/library/smarty/sysplugins/smarty_internal_compilebase.php 75
The each() function is deprecated. This message will be suppressed on further calls

-----------------------------------
0[2019-12-04 21:02:54] 192.168.10.1 http://admanage.com/?ct=optimizat&ac=addCopywriting
COOKIE: array (
  'PHPSESSID' => 'vbne5vr0lsoathegm8qp87ira7',
  'js_collapse' => '0',
  'ht_name' => 'yunhua',
  'ht_keep' => '1',
)
0[2019-12-04 21:02:54]Warn: /home/vagrant/code/admin/web/admin/service/SrvAuth.php 263
Invalid argument supplied for foreach()
0[2019-12-04 21:02:54]Error: /home/vagrant/code/admin/lib/library/smarty/sysplugins/smarty_internal_compilebase.php 75
The each() function is deprecated. This message will be suppressed on further calls

-----------------------------------
0[2019-12-04 21:04:18] 192.168.10.1 http://admanage.com/?ct=optimizat&ac=addCopywriting
COOKIE: array (
  'PHPSESSID' => 'vbne5vr0lsoathegm8qp87ira7',
  'js_collapse' => '0',
  'ht_name' => 'yunhua',
  'ht_keep' => '1',
)
0[2019-12-04 21:04:18]Warn: /home/vagrant/code/admin/web/admin/service/SrvAuth.php 263
Invalid argument supplied for foreach()
0[2019-12-04 21:04:18]Error: /home/vagrant/code/admin/lib/library/smarty/sysplugins/smarty_internal_compilebase.php 75
The each() function is deprecated. This message will be suppressed on further calls

-----------------------------------
0[2019-12-04 21:05:00] 192.168.10.1 http://admanage.com/?ct=optimizat&ac=addCopywriting
COOKIE: array (
  'PHPSESSID' => 'vbne5vr0lsoathegm8qp87ira7',
  'js_collapse' => '0',
  'ht_name' => 'yunhua',
  'ht_keep' => '1',
)
0[2019-12-04 21:05:00]Warn: /home/vagrant/code/admin/web/admin/service/SrvAuth.php 263
Invalid argument supplied for foreach()
0[2019-12-04 21:05:00]Error: /home/vagrant/code/admin/lib/library/smarty/sysplugins/smarty_internal_compilebase.php 75
The each() function is deprecated. This message will be suppressed on further calls

-----------------------------------
0[2019-12-04 21:05:07] 192.168.10.1 http://admanage.com/?ct=optimizat&ac=addCopywriting
COOKIE: array (
  'PHPSESSID' => 'vbne5vr0lsoathegm8qp87ira7',
  'js_collapse' => '0',
  'ht_name' => 'yunhua',
  'ht_keep' => '1',
)
0[2019-12-04 21:05:07]Warn: /home/vagrant/code/admin/web/admin/service/SrvAuth.php 263
Invalid argument supplied for foreach()

-----------------------------------
0[2019-12-04 21:05:19] 192.168.10.1 http://admanage.com/?ct=optimizat&ac=addCopywriting
COOKIE: array (
  'PHPSESSID' => 'vbne5vr0lsoathegm8qp87ira7',
  'js_collapse' => '0',
  'ht_name' => 'yunhua',
  'ht_keep' => '1',
)
0[2019-12-04 21:05:19]Warn: /home/vagrant/code/admin/web/admin/service/SrvAuth.php 263
Invalid argument supplied for foreach()
0[2019-12-04 21:05:20]Error: /home/vagrant/code/admin/lib/library/smarty/sysplugins/smarty_internal_compilebase.php 75
The each() function is deprecated. This message will be suppressed on further calls

-----------------------------------
0[2019-12-04 21:05:41] 192.168.10.1 http://admanage.com/?ct=optimizat&ac=addCopywriting
COOKIE: array (
  'PHPSESSID' => 'vbne5vr0lsoathegm8qp87ira7',
  'js_collapse' => '0',
  'ht_name' => 'yunhua',
  'ht_keep' => '1',
)
0[2019-12-04 21:05:41]Warn: /home/vagrant/code/admin/web/admin/service/SrvAuth.php 263
Invalid argument supplied for foreach()
0[2019-12-04 21:05:41]Error: /home/vagrant/code/admin/lib/library/smarty/sysplugins/smarty_internal_compilebase.php 75
The each() function is deprecated. This message will be suppressed on further calls

-----------------------------------
0[2019-12-04 21:05:59] 192.168.10.1 http://admanage.com/?ct=optimizat&ac=addCopywriting
COOKIE: array (
  'PHPSESSID' => 'vbne5vr0lsoathegm8qp87ira7',
  'js_collapse' => '0',
  'ht_name' => 'yunhua',
  'ht_keep' => '1',
)
0[2019-12-04 21:05:59]Warn: /home/vagrant/code/admin/web/admin/service/SrvAuth.php 263
Invalid argument supplied for foreach()
0[2019-12-04 21:05:59]Error: /home/vagrant/code/admin/lib/library/smarty/sysplugins/smarty_internal_compilebase.php 75
The each() function is deprecated. This message will be suppressed on further calls

-----------------------------------
0[2019-12-04 21:06:21] 192.168.10.1 http://admanage.com/?ct=optimizat&ac=addCopywriting
COOKIE: array (
  'PHPSESSID' => 'vbne5vr0lsoathegm8qp87ira7',
  'js_collapse' => '0',
  'ht_name' => 'yunhua',
  'ht_keep' => '1',
)
0[2019-12-04 21:06:21]Warn: /home/vagrant/code/admin/web/admin/service/SrvAuth.php 263
Invalid argument supplied for foreach()
0[2019-12-04 21:06:21]Error: /home/vagrant/code/admin/lib/library/smarty/sysplugins/smarty_internal_compilebase.php 75
The each() function is deprecated. This message will be suppressed on further calls

-----------------------------------
0[2019-12-04 21:06:43] 192.168.10.1 http://admanage.com/?ct=optimizat&ac=addCopywriting
COOKIE: array (
  'PHPSESSID' => 'vbne5vr0lsoathegm8qp87ira7',
  'js_collapse' => '0',
  'ht_name' => 'yunhua',
  'ht_keep' => '1',
)
0[2019-12-04 21:06:43]Warn: /home/vagrant/code/admin/web/admin/service/SrvAuth.php 263
Invalid argument supplied for foreach()
0[2019-12-04 21:06:43]Error: /home/vagrant/code/admin/lib/library/smarty/sysplugins/smarty_internal_compilebase.php 75
The each() function is deprecated. This message will be suppressed on further calls

-----------------------------------
0[2019-12-04 21:07:45] 192.168.10.1 http://admanage.com/?ct=optimizat&ac=addCopywriting
COOKIE: array (
  'PHPSESSID' => 'vbne5vr0lsoathegm8qp87ira7',
  'js_collapse' => '0',
  'ht_name' => 'yunhua',
  'ht_keep' => '1',
)
0[2019-12-04 21:07:45]Warn: /home/vagrant/code/admin/web/admin/service/SrvAuth.php 263
Invalid argument supplied for foreach()
0[2019-12-04 21:07:45]Error: /home/vagrant/code/admin/lib/library/smarty/sysplugins/smarty_internal_compilebase.php 75
The each() function is deprecated. This message will be suppressed on further calls

-----------------------------------
0[2019-12-04 21:08:50] 192.168.10.1 http://admanage.com/?ct=optimizat&ac=addCopywriting
COOKIE: array (
  'PHPSESSID' => 'vbne5vr0lsoathegm8qp87ira7',
  'js_collapse' => '0',
  'ht_name' => 'yunhua',
  'ht_keep' => '1',
)
0[2019-12-04 21:08:50]Warn: /home/vagrant/code/admin/web/admin/service/SrvAuth.php 263
Invalid argument supplied for foreach()
0[2019-12-04 21:08:50]Error: /home/vagrant/code/admin/lib/library/smarty/sysplugins/smarty_internal_compilebase.php 75
The each() function is deprecated. This message will be suppressed on further calls

-----------------------------------
0[2019-12-04 21:09:10] 192.168.10.1 http://admanage.com/?ct=optimizat&ac=addCopywriting
COOKIE: array (
  'PHPSESSID' => 'vbne5vr0lsoathegm8qp87ira7',
  'js_collapse' => '0',
  'ht_name' => 'yunhua',
  'ht_keep' => '1',
)
0[2019-12-04 21:09:10]Warn: /home/vagrant/code/admin/web/admin/service/SrvAuth.php 263
Invalid argument supplied for foreach()
0[2019-12-04 21:09:10]Error: /home/vagrant/code/admin/lib/library/smarty/sysplugins/smarty_internal_compilebase.php 75
The each() function is deprecated. This message will be suppressed on further calls

-----------------------------------
0[2019-12-04 21:09:37] 192.168.10.1 http://admanage.com/?ct=optimizat&ac=addCopywriting
COOKIE: array (
  'PHPSESSID' => 'vbne5vr0lsoathegm8qp87ira7',
  'js_collapse' => '0',
  'ht_name' => 'yunhua',
  'ht_keep' => '1',
)
0[2019-12-04 21:09:37]Warn: /home/vagrant/code/admin/web/admin/service/SrvAuth.php 263
Invalid argument supplied for foreach()
0[2019-12-04 21:09:37]Error: /home/vagrant/code/admin/lib/library/smarty/sysplugins/smarty_internal_compilebase.php 75
The each() function is deprecated. This message will be suppressed on further calls

-----------------------------------
0[2019-12-04 21:09:53] 192.168.10.1 http://admanage.com/?ct=optimizat&ac=addCopywriting
COOKIE: array (
  'PHPSESSID' => 'vbne5vr0lsoathegm8qp87ira7',
  'js_collapse' => '0',
  'ht_name' => 'yunhua',
  'ht_keep' => '1',
)
0[2019-12-04 21:09:53]Warn: /home/vagrant/code/admin/web/admin/service/SrvAuth.php 263
Invalid argument supplied for foreach()
0[2019-12-04 21:09:53]Error: /home/vagrant/code/admin/lib/library/smarty/sysplugins/smarty_internal_compilebase.php 75
The each() function is deprecated. This message will be suppressed on further calls

-----------------------------------
0[2019-12-04 21:10:07] 192.168.10.1 http://admanage.com/?ct=optimizat&ac=addCopywriting
COOKIE: array (
  'PHPSESSID' => 'vbne5vr0lsoathegm8qp87ira7',
  'js_collapse' => '0',
  'ht_name' => 'yunhua',
  'ht_keep' => '1',
)
0[2019-12-04 21:10:07]Warn: /home/vagrant/code/admin/web/admin/service/SrvAuth.php 263
Invalid argument supplied for foreach()
0[2019-12-04 21:10:07]Error: /home/vagrant/code/admin/lib/library/smarty/sysplugins/smarty_internal_compilebase.php 75
The each() function is deprecated. This message will be suppressed on further calls

-----------------------------------
0[2019-12-04 21:12:20] 192.168.10.1 http://admanage.com/?ct=optimizat&ac=addCopywriting
COOKIE: array (
  'PHPSESSID' => 'vbne5vr0lsoathegm8qp87ira7',
  'js_collapse' => '0',
  'ht_name' => 'yunhua',
  'ht_keep' => '1',
)
0[2019-12-04 21:12:20]Warn: /home/vagrant/code/admin/web/admin/service/SrvAuth.php 263
Invalid argument supplied for foreach()
0[2019-12-04 21:12:20]Error: /home/vagrant/code/admin/lib/library/smarty/sysplugins/smarty_internal_compilebase.php 75
The each() function is deprecated. This message will be suppressed on further calls

-----------------------------------
0[2019-12-04 21:13:50] 192.168.10.1 http://admanage.com/?ct=optimizat&ac=addCopywriting
COOKIE: array (
  'PHPSESSID' => 'vbne5vr0lsoathegm8qp87ira7',
  'js_collapse' => '0',
  'ht_name' => 'yunhua',
  'ht_keep' => '1',
)
0[2019-12-04 21:13:50]Warn: /home/vagrant/code/admin/web/admin/service/SrvAuth.php 263
Invalid argument supplied for foreach()
0[2019-12-04 21:13:50]Error: /home/vagrant/code/admin/lib/library/smarty/sysplugins/smarty_internal_compilebase.php 75
The each() function is deprecated. This message will be suppressed on further calls

-----------------------------------
0[2019-12-04 21:14:15] 192.168.10.1 http://admanage.com/?ct=optimizat&ac=addCopywriting
COOKIE: array (
  'PHPSESSID' => 'vbne5vr0lsoathegm8qp87ira7',
  'js_collapse' => '0',
  'ht_name' => 'yunhua',
  'ht_keep' => '1',
)
0[2019-12-04 21:14:15]Warn: /home/vagrant/code/admin/web/admin/service/SrvAuth.php 263
Invalid argument supplied for foreach()
0[2019-12-04 21:14:15]Error: /home/vagrant/code/admin/lib/library/smarty/sysplugins/smarty_internal_compilebase.php 75
The each() function is deprecated. This message will be suppressed on further calls

-----------------------------------
0[2019-12-04 21:15:54] 192.168.10.1 http://admanage.com/?ct=optimizat&ac=addCopywriting
COOKIE: array (
  'PHPSESSID' => 'vbne5vr0lsoathegm8qp87ira7',
  'js_collapse' => '0',
  'ht_name' => 'yunhua',
  'ht_keep' => '1',
)
0[2019-12-04 21:15:54]Warn: /home/vagrant/code/admin/web/admin/service/SrvAuth.php 263
Invalid argument supplied for foreach()
0[2019-12-04 21:15:54]Error: /home/vagrant/code/admin/lib/library/smarty/sysplugins/smarty_internal_compilebase.php 75
The each() function is deprecated. This message will be suppressed on further calls

-----------------------------------
0[2019-12-04 21:17:46] 192.168.10.1 http://admanage.com/?ct=optimizat&ac=addCopywriting
COOKIE: array (
  'PHPSESSID' => 'vbne5vr0lsoathegm8qp87ira7',
  'js_collapse' => '0',
  'ht_name' => 'yunhua',
  'ht_keep' => '1',
)
0[2019-12-04 21:17:46]Warn: /home/vagrant/code/admin/web/admin/service/SrvAuth.php 263
Invalid argument supplied for foreach()
0[2019-12-04 21:17:46]Error: /home/vagrant/code/admin/lib/library/smarty/sysplugins/smarty_internal_compilebase.php 75
The each() function is deprecated. This message will be suppressed on further calls

-----------------------------------
0[2019-12-04 21:18:29] 192.168.10.1 http://admanage.com/?ct=optimizat&ac=addCopywriting
COOKIE: array (
  'PHPSESSID' => 'vbne5vr0lsoathegm8qp87ira7',
  'js_collapse' => '0',
  'ht_name' => 'yunhua',
  'ht_keep' => '1',
)
0[2019-12-04 21:18:29]Warn: /home/vagrant/code/admin/web/admin/service/SrvAuth.php 263
Invalid argument supplied for foreach()
0[2019-12-04 21:18:29]Error: /home/vagrant/code/admin/lib/library/smarty/sysplugins/smarty_internal_compilebase.php 75
The each() function is deprecated. This message will be suppressed on further calls

-----------------------------------
0[2019-12-04 21:19:05] 192.168.10.1 http://admanage.com/?ct=optimizat&ac=addCopywriting
COOKIE: array (
  'PHPSESSID' => 'vbne5vr0lsoathegm8qp87ira7',
  'js_collapse' => '0',
  'ht_name' => 'yunhua',
  'ht_keep' => '1',
)
0[2019-12-04 21:19:05]Warn: /home/vagrant/code/admin/web/admin/service/SrvAuth.php 263
Invalid argument supplied for foreach()
0[2019-12-04 21:19:05]Error: /home/vagrant/code/admin/lib/library/smarty/sysplugins/smarty_internal_compilebase.php 75
The each() function is deprecated. This message will be suppressed on further calls

-----------------------------------
0[2019-12-04 21:19:32] 192.168.10.1 http://admanage.com/?ct=optimizat&ac=addCopywriting
COOKIE: array (
  'PHPSESSID' => 'vbne5vr0lsoathegm8qp87ira7',
  'js_collapse' => '0',
  'ht_name' => 'yunhua',
  'ht_keep' => '1',
)
0[2019-12-04 21:19:32]Warn: /home/vagrant/code/admin/web/admin/service/SrvAuth.php 263
Invalid argument supplied for foreach()
0[2019-12-04 21:19:32]Error: /home/vagrant/code/admin/lib/library/smarty/sysplugins/smarty_internal_compilebase.php 75
The each() function is deprecated. This message will be suppressed on further calls

-----------------------------------
0[2019-12-04 21:27:02] 192.168.10.1 http://admanage.com/?ct=optimizat&ac=addCopywriting
COOKIE: array (
  'PHPSESSID' => 'vbne5vr0lsoathegm8qp87ira7',
  'js_collapse' => '0',
  'ht_name' => 'yunhua',
  'ht_keep' => '1',
)
0[2019-12-04 21:27:02]Warn: /home/vagrant/code/admin/web/admin/service/SrvAuth.php 263
Invalid argument supplied for foreach()
0[2019-12-04 21:27:02]Error: /home/vagrant/code/admin/lib/library/smarty/sysplugins/smarty_internal_compilebase.php 75
The each() function is deprecated. This message will be suppressed on further calls

-----------------------------------
0[2019-12-04 21:29:05] 192.168.10.1 http://admanage.com/?ct=optimizat&ac=addCopywriting
COOKIE: array (
  'PHPSESSID' => 'vbne5vr0lsoathegm8qp87ira7',
  'js_collapse' => '0',
  'ht_name' => 'yunhua',
  'ht_keep' => '1',
)
0[2019-12-04 21:29:05]Warn: /home/vagrant/code/admin/web/admin/service/SrvAuth.php 263
Invalid argument supplied for foreach()
0[2019-12-04 21:29:05]Error: /home/vagrant/code/admin/lib/library/smarty/sysplugins/smarty_internal_compilebase.php 75
The each() function is deprecated. This message will be suppressed on further calls

-----------------------------------
0[2019-12-04 21:32:47] 192.168.10.1 http://admanage.com/?ct=optimizat&ac=addCopywriting
COOKIE: array (
  'PHPSESSID' => 'vbne5vr0lsoathegm8qp87ira7',
  'js_collapse' => '0',
  'ht_name' => 'yunhua',
  'ht_keep' => '1',
)
0[2019-12-04 21:32:47]Warn: /home/vagrant/code/admin/web/admin/service/SrvAuth.php 263
Invalid argument supplied for foreach()
0[2019-12-04 21:32:47]Error: /home/vagrant/code/admin/lib/library/smarty/sysplugins/smarty_internal_compilebase.php 75
The each() function is deprecated. This message will be suppressed on further calls

-----------------------------------
0[2019-12-04 21:35:40] 192.168.10.1 http://admanage.com/?ct=optimizat&ac=addCopywriting
COOKIE: array (
  'PHPSESSID' => 'vbne5vr0lsoathegm8qp87ira7',
  'js_collapse' => '0',
  'ht_name' => 'yunhua',
  'ht_keep' => '1',
)
0[2019-12-04 21:35:40]Warn: /home/vagrant/code/admin/web/admin/service/SrvAuth.php 263
Invalid argument supplied for foreach()
0[2019-12-04 21:35:40]Error: /home/vagrant/code/admin/lib/library/smarty/sysplugins/smarty_internal_compilebase.php 75
The each() function is deprecated. This message will be suppressed on further calls

-----------------------------------
0[2019-12-04 21:48:31] 192.168.10.1 http://admanage.com/?ct=optimizat&ac=addCopywriting
COOKIE: array (
  'PHPSESSID' => 'vbne5vr0lsoathegm8qp87ira7',
  'js_collapse' => '0',
  'ht_name' => 'yunhua',
  'ht_keep' => '1',
)
0[2019-12-04 21:48:31]Warn: /home/vagrant/code/admin/web/admin/service/SrvAuth.php 263
Invalid argument supplied for foreach()

-----------------------------------
0[2019-12-04 21:48:42] 192.168.10.1 http://admanage.com/?ct=optimizat&ac=addCopywriting
COOKIE: array (
  'PHPSESSID' => 'vbne5vr0lsoathegm8qp87ira7',
  'js_collapse' => '0',
  'ht_name' => 'yunhua',
  'ht_keep' => '1',
)
0[2019-12-04 21:48:42]Warn: /home/vagrant/code/admin/web/admin/service/SrvAuth.php 263
Invalid argument supplied for foreach()

-----------------------------------
0[2019-12-04 21:49:16] 192.168.10.1 http://admanage.com/?ct=optimizat&ac=addCopywriting
COOKIE: array (
  'PHPSESSID' => 'vbne5vr0lsoathegm8qp87ira7',
  'js_collapse' => '0',
  'ht_name' => 'yunhua',
  'ht_keep' => '1',
)
0[2019-12-04 21:49:16]Warn: /home/vagrant/code/admin/web/admin/service/SrvAuth.php 263
Invalid argument supplied for foreach()

-----------------------------------
0[2019-12-04 21:50:34] 192.168.10.1 http://admanage.com/?ct=optimizat&ac=addCopywriting
COOKIE: array (
  'PHPSESSID' => 'vbne5vr0lsoathegm8qp87ira7',
  'js_collapse' => '0',
  'ht_name' => 'yunhua',
  'ht_keep' => '1',
)
0[2019-12-04 21:50:34]Warn: /home/vagrant/code/admin/web/admin/service/SrvAuth.php 263
Invalid argument supplied for foreach()

-----------------------------------
0[2019-12-04 21:51:28] 192.168.10.1 http://admanage.com/?ct=optimizat&ac=addCopywriting
COOKIE: array (
  'PHPSESSID' => 'vbne5vr0lsoathegm8qp87ira7',
  'js_collapse' => '0',
  'ht_name' => 'yunhua',
  'ht_keep' => '1',
)
0[2019-12-04 21:51:28]Warn: /home/vagrant/code/admin/web/admin/service/SrvAuth.php 263
Invalid argument supplied for foreach()

-----------------------------------
0[2019-12-04 21:52:04] 192.168.10.1 http://admanage.com/?ct=optimizat&ac=addCopywriting
COOKIE: array (
  'PHPSESSID' => 'vbne5vr0lsoathegm8qp87ira7',
  'js_collapse' => '0',
  'ht_name' => 'yunhua',
  'ht_keep' => '1',
)
0[2019-12-04 21:52:04]Warn: /home/vagrant/code/admin/web/admin/service/SrvAuth.php 263
Invalid argument supplied for foreach()

-----------------------------------
0[2019-12-04 21:52:31] 192.168.10.1 http://admanage.com/?ct=optimizat&ac=addCopywriting
COOKIE: array (
  'PHPSESSID' => 'vbne5vr0lsoathegm8qp87ira7',
  'js_collapse' => '0',
  'ht_name' => 'yunhua',
  'ht_keep' => '1',
)
0[2019-12-04 21:52:31]Warn: /home/vagrant/code/admin/web/admin/service/SrvAuth.php 263
Invalid argument supplied for foreach()

-----------------------------------
0[2019-12-04 21:53:30] 192.168.10.1 http://admanage.com/?ct=optimizat&ac=addCopywriting
COOKIE: array (
  'PHPSESSID' => 'vbne5vr0lsoathegm8qp87ira7',
  'js_collapse' => '0',
  'ht_name' => 'yunhua',
  'ht_keep' => '1',
)
0[2019-12-04 21:53:30]Warn: /home/vagrant/code/admin/web/admin/service/SrvAuth.php 263
Invalid argument supplied for foreach()
0[2019-12-04 21:53:30]Error: /home/vagrant/code/admin/lib/library/smarty/sysplugins/smarty_internal_compilebase.php 75
The each() function is deprecated. This message will be suppressed on further calls

-----------------------------------
0[2019-12-04 21:53:55] 192.168.10.1 http://admanage.com/?ct=optimizat&ac=addCopywriting
COOKIE: array (
  'PHPSESSID' => 'vbne5vr0lsoathegm8qp87ira7',
  'js_collapse' => '0',
  'ht_name' => 'yunhua',
  'ht_keep' => '1',
)
0[2019-12-04 21:53:55]Warn: /home/vagrant/code/admin/web/admin/service/SrvAuth.php 263
Invalid argument supplied for foreach()

-----------------------------------
0[2019-12-04 21:54:07] 192.168.10.1 http://admanage.com/?ct=optimizat&ac=addCopywriting
COOKIE: array (
  'PHPSESSID' => 'vbne5vr0lsoathegm8qp87ira7',
  'js_collapse' => '0',
  'ht_name' => 'yunhua',
  'ht_keep' => '1',
)
0[2019-12-04 21:54:07]Warn: /home/vagrant/code/admin/web/admin/service/SrvAuth.php 263
Invalid argument supplied for foreach()
