
-----------------------------------
0[2019-12-19 10:08:38] 192.168.10.1 http://admanage.com/?ct=index
COOKIE: array (
  'ht_name' => 'yunhua',
  'ht_keep' => '1',
  'js_collapse' => '0',
  'PHPSESSID' => 'rfl5tgkt3tiodnnjogoab39rig',
)
0[2019-12-19 10:08:38]Warn: /home/vagrant/code/admin/web/admin/service/SrvAuth.php 263
Invalid argument supplied for foreach()

-----------------------------------
0[2019-12-19 10:08:45] 192.168.10.1 http://admanage.com/?ct=base
COOKIE: array (
  'ht_name' => 'yunhua',
  'ht_keep' => '1',
  'js_collapse' => '0',
  'PHPSESSID' => 'rfl5tgkt3tiodnnjogoab39rig',
)
0[2019-12-19 10:08:45]Warn: /home/vagrant/code/admin/web/admin/service/SrvAuth.php 263
Invalid argument supplied for foreach()

-----------------------------------
0[2019-12-19 10:11:22] 192.168.10.1 http://admanage.com/index.php?ct=optimizat&ac=addDirectional
COOKIE: array (
  'ht_name' => 'yunhua',
  'ht_keep' => '1',
  'js_collapse' => '0',
  'PHPSESSID' => 'rfl5tgkt3tiodnnjogoab39rig',
)
0[2019-12-19 10:11:22]Warn: /home/vagrant/code/admin/web/admin/service/SrvAuth.php 263
Invalid argument supplied for foreach()

-----------------------------------
0[2019-12-19 10:11:22] 192.168.10.1 http://admanage.com/demo/table/user/?ct=base
COOKIE: array (
  'ht_name' => 'yunhua',
  'ht_keep' => '1',
  'js_collapse' => '0',
  'PHPSESSID' => 'rfl5tgkt3tiodnnjogoab39rig',
)
0[2019-12-19 10:11:22]Warn: /home/vagrant/code/admin/web/admin/service/SrvAuth.php 263
Invalid argument supplied for foreach()

-----------------------------------
0[2019-12-19 10:12:09] 192.168.10.1 http://admanage.com/index.php?ct=optimizat&ac=addDirectional
COOKIE: array (
  'ht_name' => 'yunhua',
  'ht_keep' => '1',
  'js_collapse' => '0',
  'PHPSESSID' => 'rfl5tgkt3tiodnnjogoab39rig',
)
0[2019-12-19 10:12:09]Warn: /home/vagrant/code/admin/web/admin/service/SrvAuth.php 263
Invalid argument supplied for foreach()

-----------------------------------
0[2019-12-19 10:12:09] 192.168.10.1 http://admanage.com/demo/table/user/?ct=base
COOKIE: array (
  'ht_name' => 'yunhua',
  'ht_keep' => '1',
  'js_collapse' => '0',
  'PHPSESSID' => 'rfl5tgkt3tiodnnjogoab39rig',
)
0[2019-12-19 10:12:09]Warn: /home/vagrant/code/admin/web/admin/service/SrvAuth.php 263
Invalid argument supplied for foreach()

-----------------------------------
0[2019-12-19 10:12:54] 192.168.10.1 http://admanage.com/index.php?ct=optimizat&ac=addDirectional
COOKIE: array (
  'ht_name' => 'yunhua',
  'ht_keep' => '1',
  'js_collapse' => '0',
  'PHPSESSID' => 'rfl5tgkt3tiodnnjogoab39rig',
)
0[2019-12-19 10:12:54]Warn: /home/vagrant/code/admin/web/admin/service/SrvAuth.php 263
Invalid argument supplied for foreach()

-----------------------------------
0[2019-12-19 10:12:55] 192.168.10.1 http://admanage.com/demo/table/user/?ct=base
COOKIE: array (
  'ht_name' => 'yunhua',
  'ht_keep' => '1',
  'js_collapse' => '0',
  'PHPSESSID' => 'rfl5tgkt3tiodnnjogoab39rig',
)
0[2019-12-19 10:12:55]Warn: /home/vagrant/code/admin/web/admin/service/SrvAuth.php 263
Invalid argument supplied for foreach()

-----------------------------------
0[2019-12-19 10:13:48] 192.168.10.1 http://admanage.com/index.php?ct=optimizat&ac=addDirectional
COOKIE: array (
  'ht_name' => 'yunhua',
  'ht_keep' => '1',
  'js_collapse' => '0',
  'PHPSESSID' => 'rfl5tgkt3tiodnnjogoab39rig',
)
0[2019-12-19 10:13:48]Warn: /home/vagrant/code/admin/web/admin/service/SrvAuth.php 263
Invalid argument supplied for foreach()

-----------------------------------
0[2019-12-19 10:13:48] 192.168.10.1 http://admanage.com/demo/table/user/?ct=base
COOKIE: array (
  'ht_name' => 'yunhua',
  'ht_keep' => '1',
  'js_collapse' => '0',
  'PHPSESSID' => 'rfl5tgkt3tiodnnjogoab39rig',
)
0[2019-12-19 10:13:48]Warn: /home/vagrant/code/admin/web/admin/service/SrvAuth.php 263
Invalid argument supplied for foreach()

-----------------------------------
0[2019-12-19 10:14:20] 192.168.10.1 http://admanage.com/?ct=user&ac=forbidden
COOKIE: array (
  'ht_name' => 'yunhua',
  'ht_keep' => '1',
  'js_collapse' => '0',
  'PHPSESSID' => 'rfl5tgkt3tiodnnjogoab39rig',
)
0[2019-12-19 10:14:20]Warn: /home/vagrant/code/admin/web/admin/service/SrvAuth.php 263
Invalid argument supplied for foreach()
0[2019-12-19 10:14:20]Error: /home/vagrant/code/admin/lib/library/smarty/sysplugins/smarty_internal_compilebase.php 75
The each() function is deprecated. This message will be suppressed on further calls

-----------------------------------
0[2019-12-19 10:14:22] 192.168.10.1 http://admanage.com/?ct=user&ac=relateHot
COOKIE: array (
  'ht_name' => 'yunhua',
  'ht_keep' => '1',
  'js_collapse' => '0',
  'PHPSESSID' => 'rfl5tgkt3tiodnnjogoab39rig',
)
0[2019-12-19 10:14:22]Warn: /home/vagrant/code/admin/web/admin/service/SrvAuth.php 263
Invalid argument supplied for foreach()
0[2019-12-19 10:14:22]Error: /home/vagrant/code/admin/lib/library/smarty/sysplugins/smarty_internal_compilebase.php 75
The each() function is deprecated. This message will be suppressed on further calls

-----------------------------------
0[2019-12-19 10:14:25] 192.168.10.1 http://admanage.com/?ct=material&ac=materialBox
COOKIE: array (
  'ht_name' => 'yunhua',
  'ht_keep' => '1',
  'js_collapse' => '0',
  'PHPSESSID' => 'rfl5tgkt3tiodnnjogoab39rig',
)
0[2019-12-19 10:14:25]Warn: /home/vagrant/code/admin/web/admin/service/SrvAuth.php 263
Invalid argument supplied for foreach()
0[2019-12-19 10:14:25]Warn: /home/vagrant/code/admin/runtime/cache/823f4dde08868c1429494c75308229a723e6d757_2.file.materialBox.tpl.php 77
in_array() expects parameter 2 to be array, integer given
0[2019-12-19 10:14:25]Warn: /home/vagrant/code/admin/runtime/cache/823f4dde08868c1429494c75308229a723e6d757_2.file.materialBox.tpl.php 77
in_array() expects parameter 2 to be array, integer given
0[2019-12-19 10:14:25]Warn: /home/vagrant/code/admin/runtime/cache/823f4dde08868c1429494c75308229a723e6d757_2.file.materialBox.tpl.php 77
in_array() expects parameter 2 to be array, integer given

-----------------------------------
0[2019-12-19 10:14:37] 192.168.10.1 http://admanage.com/?ct=material&ac=materialData2
COOKIE: array (
  'ht_name' => 'yunhua',
  'ht_keep' => '1',
  'js_collapse' => '0',
  'PHPSESSID' => 'rfl5tgkt3tiodnnjogoab39rig',
)
0[2019-12-19 10:14:37]Warn: /home/vagrant/code/admin/web/admin/service/SrvMaterial.php 144
Invalid argument supplied for foreach()
0[2019-12-19 10:14:37]Warn: /home/vagrant/code/admin/web/admin/service/SrvAuth.php 263
Invalid argument supplied for foreach()

-----------------------------------
0[2019-12-19 10:14:42] 192.168.10.1 http://admanage.com/?ct=retainData&ac=retain
COOKIE: array (
  'ht_name' => 'yunhua',
  'ht_keep' => '1',
  'js_collapse' => '0',
  'PHPSESSID' => 'rfl5tgkt3tiodnnjogoab39rig',
)
0[2019-12-19 10:14:42]Warn: /home/vagrant/code/admin/web/admin/service/SrvAuth.php 263
Invalid argument supplied for foreach()
0[2019-12-19 10:14:42]Warn: /home/vagrant/code/admin/runtime/cache/12cb493e588b5c8129fd487879175249f2991354_2.file.retain.tpl.php 104
Division by zero
0[2019-12-19 10:14:42]Warn: /home/vagrant/code/admin/runtime/cache/12cb493e588b5c8129fd487879175249f2991354_2.file.retain.tpl.php 106
Division by zero
0[2019-12-19 10:14:42]Warn: /home/vagrant/code/admin/runtime/cache/12cb493e588b5c8129fd487879175249f2991354_2.file.retain.tpl.php 108
Division by zero
0[2019-12-19 10:14:42]Warn: /home/vagrant/code/admin/runtime/cache/12cb493e588b5c8129fd487879175249f2991354_2.file.retain.tpl.php 110
Division by zero
0[2019-12-19 10:14:42]Warn: /home/vagrant/code/admin/runtime/cache/12cb493e588b5c8129fd487879175249f2991354_2.file.retain.tpl.php 112
Division by zero
0[2019-12-19 10:14:42]Warn: /home/vagrant/code/admin/runtime/cache/12cb493e588b5c8129fd487879175249f2991354_2.file.retain.tpl.php 114
Division by zero
0[2019-12-19 10:14:42]Warn: /home/vagrant/code/admin/runtime/cache/12cb493e588b5c8129fd487879175249f2991354_2.file.retain.tpl.php 116
Division by zero
0[2019-12-19 10:14:42]Warn: /home/vagrant/code/admin/runtime/cache/12cb493e588b5c8129fd487879175249f2991354_2.file.retain.tpl.php 118
Division by zero
0[2019-12-19 10:14:42]Warn: /home/vagrant/code/admin/runtime/cache/12cb493e588b5c8129fd487879175249f2991354_2.file.retain.tpl.php 120
Division by zero
0[2019-12-19 10:14:42]Warn: /home/vagrant/code/admin/runtime/cache/12cb493e588b5c8129fd487879175249f2991354_2.file.retain.tpl.php 122
Division by zero
0[2019-12-19 10:14:42]Warn: /home/vagrant/code/admin/runtime/cache/12cb493e588b5c8129fd487879175249f2991354_2.file.retain.tpl.php 124
Division by zero

-----------------------------------
0[2019-12-19 10:14:44] 192.168.10.1 http://admanage.com/?ct=retainData&ac=retainNew
COOKIE: array (
  'ht_name' => 'yunhua',
  'ht_keep' => '1',
  'js_collapse' => '0',
  'PHPSESSID' => 'rfl5tgkt3tiodnnjogoab39rig',
)
0[2019-12-19 10:14:44]Warn: /home/vagrant/code/admin/web/admin/service/SrvAuth.php 263
Invalid argument supplied for foreach()

-----------------------------------
0[2019-12-19 10:14:53] 192.168.10.1 http://admanage.com/?ct=system&ac=adioManage
COOKIE: array (
  'ht_name' => 'yunhua',
  'ht_keep' => '1',
  'js_collapse' => '0',
  'PHPSESSID' => 'rfl5tgkt3tiodnnjogoab39rig',
)
0[2019-12-19 10:14:53]Warn: /home/vagrant/code/admin/web/admin/service/SrvAuth.php 263
Invalid argument supplied for foreach()

-----------------------------------
0[2019-12-19 10:14:53] 192.168.10.1 http://admanage.com/?ct=system&ac=adioManage&json=1&page=1&limit=
COOKIE: array (
  'ht_name' => 'yunhua',
  'ht_keep' => '1',
  'js_collapse' => '0',
  'PHPSESSID' => 'rfl5tgkt3tiodnnjogoab39rig',
)
0[2019-12-19 10:14:53]Warn: /home/vagrant/code/admin/web/admin/service/SrvMarket.php 337
Invalid argument supplied for foreach()

-----------------------------------
0[2019-12-19 10:14:57] 192.168.10.1 http://admanage.com/?ct=system&ac=mediaAccountManage
COOKIE: array (
  'ht_name' => 'yunhua',
  'ht_keep' => '1',
  'js_collapse' => '0',
  'PHPSESSID' => 'rfl5tgkt3tiodnnjogoab39rig',
)
0[2019-12-19 10:14:57]Warn: /home/vagrant/code/admin/web/admin/service/SrvAuth.php 263
Invalid argument supplied for foreach()

-----------------------------------
0[2019-12-19 10:14:57] 192.168.10.1 http://admanage.com/?ct=system&ac=mediaAccountManage&json=1&page=1&limit=18
COOKIE: array (
  'ht_name' => 'yunhua',
  'ht_keep' => '1',
  'js_collapse' => '0',
  'PHPSESSID' => 'rfl5tgkt3tiodnnjogoab39rig',
)
0[2019-12-19 10:14:57]Warn: /home/vagrant/code/admin/web/admin/service/SrvMarket.php 68
Invalid argument supplied for foreach()

-----------------------------------
0[2019-12-19 10:15:04] 192.168.10.1 http://admanage.com/?ct=system&ac=appManage
COOKIE: array (
  'ht_name' => 'yunhua',
  'ht_keep' => '1',
  'js_collapse' => '0',
  'PHPSESSID' => 'rfl5tgkt3tiodnnjogoab39rig',
)
0[2019-12-19 10:15:04]Warn: /home/vagrant/code/admin/web/admin/service/SrvAuth.php 263
Invalid argument supplied for foreach()

-----------------------------------
0[2019-12-19 10:15:05] 192.168.10.1 http://admanage.com/?ct=system&ac=appManage&json=1&page=1&limit=
COOKIE: array (
  'ht_name' => 'yunhua',
  'ht_keep' => '1',
  'js_collapse' => '0',
  'PHPSESSID' => 'rfl5tgkt3tiodnnjogoab39rig',
)
0[2019-12-19 10:15:05]Warn: /home/vagrant/code/admin/web/admin/service/SrvMarket.php 253
Invalid argument supplied for foreach()

-----------------------------------
0[2019-12-19 10:15:08] 192.168.10.1 http://admanage.com/?ct=optimizat&ac=adCnter
COOKIE: array (
  'ht_name' => 'yunhua',
  'ht_keep' => '1',
  'js_collapse' => '0',
  'PHPSESSID' => 'rfl5tgkt3tiodnnjogoab39rig',
)
0[2019-12-19 10:15:08]Warn: /home/vagrant/code/admin/web/admin/service/SrvAuth.php 263
Invalid argument supplied for foreach()

-----------------------------------
0[2019-12-19 10:15:10] 192.168.10.1 http://admanage.com/?ct=optimizat&ac=addJrttAd
COOKIE: array (
  'ht_name' => 'yunhua',
  'ht_keep' => '1',
  'js_collapse' => '0',
  'PHPSESSID' => 'rfl5tgkt3tiodnnjogoab39rig',
)
0[2019-12-19 10:15:10]Warn: /home/vagrant/code/admin/web/admin/service/SrvAuth.php 263
Invalid argument supplied for foreach()

-----------------------------------
0[2019-12-19 10:15:12] 192.168.10.1 http://admanage.com/?ct=optimizat&ac=addDirectional
COOKIE: array (
  'ht_name' => 'yunhua',
  'ht_keep' => '1',
  'js_collapse' => '0',
  'PHPSESSID' => 'rfl5tgkt3tiodnnjogoab39rig',
)
0[2019-12-19 10:15:12]Warn: /home/vagrant/code/admin/web/admin/service/SrvAuth.php 263
Invalid argument supplied for foreach()

-----------------------------------
0[2019-12-19 10:15:12] 192.168.10.1 http://admanage.com/demo/table/user/?ct=base
COOKIE: array (
  'ht_name' => 'yunhua',
  'ht_keep' => '1',
  'js_collapse' => '0',
  'PHPSESSID' => 'rfl5tgkt3tiodnnjogoab39rig',
)
0[2019-12-19 10:15:12]Warn: /home/vagrant/code/admin/web/admin/service/SrvAuth.php 263
Invalid argument supplied for foreach()

-----------------------------------
0[2019-12-19 10:15:43] 192.168.10.1 http://admanage.com/index.php?ct=optimizat&ac=addDirectional
COOKIE: array (
  'ht_name' => 'yunhua',
  'ht_keep' => '1',
  'js_collapse' => '0',
  'PHPSESSID' => 'rfl5tgkt3tiodnnjogoab39rig',
)
0[2019-12-19 10:15:43]Warn: /home/vagrant/code/admin/web/admin/service/SrvAuth.php 263
Invalid argument supplied for foreach()

-----------------------------------
0[2019-12-19 10:15:43] 192.168.10.1 http://admanage.com/demo/table/user/?ct=base
COOKIE: array (
  'ht_name' => 'yunhua',
  'ht_keep' => '1',
  'js_collapse' => '0',
  'PHPSESSID' => 'rfl5tgkt3tiodnnjogoab39rig',
)
0[2019-12-19 10:15:43]Warn: /home/vagrant/code/admin/web/admin/service/SrvAuth.php 263
Invalid argument supplied for foreach()

-----------------------------------
0[2019-12-19 10:16:35] 192.168.10.1 http://admanage.com/index.php?ct=optimizat&ac=addDirectional
COOKIE: array (
  'ht_name' => 'yunhua',
  'ht_keep' => '1',
  'js_collapse' => '0',
  'PHPSESSID' => 'rfl5tgkt3tiodnnjogoab39rig',
)
0[2019-12-19 10:16:35]Warn: /home/vagrant/code/admin/web/admin/service/SrvAuth.php 263
Invalid argument supplied for foreach()

-----------------------------------
0[2019-12-19 10:16:35] 192.168.10.1 http://admanage.com/demo/table/user/?ct=base
COOKIE: array (
  'ht_name' => 'yunhua',
  'ht_keep' => '1',
  'js_collapse' => '0',
  'PHPSESSID' => 'rfl5tgkt3tiodnnjogoab39rig',
)
0[2019-12-19 10:16:35]Warn: /home/vagrant/code/admin/web/admin/service/SrvAuth.php 263
Invalid argument supplied for foreach()

-----------------------------------
0[2019-12-19 10:18:59] 192.168.10.1 http://admanage.com/index.php?ct=optimizat&ac=addDirectional
COOKIE: array (
  'ht_name' => 'yunhua',
  'ht_keep' => '1',
  'js_collapse' => '0',
  'PHPSESSID' => 'rfl5tgkt3tiodnnjogoab39rig',
)
0[2019-12-19 10:18:59]Warn: /home/vagrant/code/admin/web/admin/service/SrvAuth.php 263
Invalid argument supplied for foreach()

-----------------------------------
0[2019-12-19 10:18:59] 192.168.10.1 http://admanage.com/demo/table/user/?ct=base
COOKIE: array (
  'ht_name' => 'yunhua',
  'ht_keep' => '1',
  'js_collapse' => '0',
  'PHPSESSID' => 'rfl5tgkt3tiodnnjogoab39rig',
)
0[2019-12-19 10:18:59]Warn: /home/vagrant/code/admin/web/admin/service/SrvAuth.php 263
Invalid argument supplied for foreach()

-----------------------------------
0[2019-12-19 10:24:27] 192.168.10.1 http://admanage.com/index.php?ct=optimizat&ac=addDirectional
COOKIE: array (
  'ht_name' => 'yunhua',
  'ht_keep' => '1',
  'js_collapse' => '0',
  'PHPSESSID' => 'rfl5tgkt3tiodnnjogoab39rig',
)
0[2019-12-19 10:24:27]Warn: /home/vagrant/code/admin/web/admin/service/SrvAuth.php 263
Invalid argument supplied for foreach()

-----------------------------------
0[2019-12-19 10:24:29] 192.168.10.1 http://admanage.com/demo/table/user/?ct=base
COOKIE: array (
  'ht_name' => 'yunhua',
  'ht_keep' => '1',
  'js_collapse' => '0',
  'PHPSESSID' => 'rfl5tgkt3tiodnnjogoab39rig',
)
0[2019-12-19 10:24:29]Warn: /home/vagrant/code/admin/web/admin/service/SrvAuth.php 263
Invalid argument supplied for foreach()

-----------------------------------
0[2019-12-19 10:24:55] 192.168.10.1 http://admanage.com/index.php?ct=optimizat&ac=addDirectional
COOKIE: array (
  'ht_name' => 'yunhua',
  'ht_keep' => '1',
  'js_collapse' => '0',
  'PHPSESSID' => 'rfl5tgkt3tiodnnjogoab39rig',
)
0[2019-12-19 10:24:55]Warn: /home/vagrant/code/admin/web/admin/service/SrvAuth.php 263
Invalid argument supplied for foreach()

-----------------------------------
0[2019-12-19 10:24:55] 192.168.10.1 http://admanage.com/demo/table/user/?ct=base
COOKIE: array (
  'ht_name' => 'yunhua',
  'ht_keep' => '1',
  'js_collapse' => '0',
  'PHPSESSID' => 'rfl5tgkt3tiodnnjogoab39rig',
)
0[2019-12-19 10:24:55]Warn: /home/vagrant/code/admin/web/admin/service/SrvAuth.php 263
Invalid argument supplied for foreach()

-----------------------------------
0[2019-12-19 10:26:29] 192.168.10.1 http://admanage.com/index.php?ct=optimizat&ac=addDirectional
COOKIE: array (
  'ht_name' => 'yunhua',
  'ht_keep' => '1',
  'js_collapse' => '0',
  'PHPSESSID' => 'rfl5tgkt3tiodnnjogoab39rig',
)
0[2019-12-19 10:26:29]Warn: /home/vagrant/code/admin/web/admin/service/SrvAuth.php 263
Invalid argument supplied for foreach()

-----------------------------------
0[2019-12-19 10:26:29] 192.168.10.1 http://admanage.com/demo/table/user/?ct=base
COOKIE: array (
  'ht_name' => 'yunhua',
  'ht_keep' => '1',
  'js_collapse' => '0',
  'PHPSESSID' => 'rfl5tgkt3tiodnnjogoab39rig',
)
0[2019-12-19 10:26:29]Warn: /home/vagrant/code/admin/web/admin/service/SrvAuth.php 263
Invalid argument supplied for foreach()

-----------------------------------
0[2019-12-19 10:49:19] 192.168.10.1 http://admanage.com/index.php?ct=optimizat&ac=addDirectional
COOKIE: array (
  'ht_name' => 'yunhua',
  'ht_keep' => '1',
  'js_collapse' => '0',
  'PHPSESSID' => 'rfl5tgkt3tiodnnjogoab39rig',
)
0[2019-12-19 10:49:19]Warn: /home/vagrant/code/admin/web/admin/service/SrvAuth.php 263
Invalid argument supplied for foreach()

-----------------------------------
0[2019-12-19 10:49:20] 192.168.10.1 http://admanage.com/demo/table/user/?ct=base
COOKIE: array (
  'ht_name' => 'yunhua',
  'ht_keep' => '1',
  'js_collapse' => '0',
  'PHPSESSID' => 'rfl5tgkt3tiodnnjogoab39rig',
)
0[2019-12-19 10:49:20]Warn: /home/vagrant/code/admin/web/admin/service/SrvAuth.php 263
Invalid argument supplied for foreach()

-----------------------------------
0[2019-12-19 10:59:31] 192.168.10.1 http://admanage.com/index.php?ct=optimizat&ac=addDirectional
COOKIE: array (
  'ht_name' => 'yunhua',
  'ht_keep' => '1',
  'js_collapse' => '0',
  'PHPSESSID' => 'rfl5tgkt3tiodnnjogoab39rig',
)
0[2019-12-19 10:59:31]Warn: /home/vagrant/code/admin/web/admin/service/SrvAuth.php 263
Invalid argument supplied for foreach()

-----------------------------------
0[2019-12-19 10:59:31] 192.168.10.1 http://admanage.com/demo/table/user/?ct=base
COOKIE: array (
  'ht_name' => 'yunhua',
  'ht_keep' => '1',
  'js_collapse' => '0',
  'PHPSESSID' => 'rfl5tgkt3tiodnnjogoab39rig',
)
0[2019-12-19 10:59:31]Warn: /home/vagrant/code/admin/web/admin/service/SrvAuth.php 263
Invalid argument supplied for foreach()

-----------------------------------
0[2019-12-19 11:07:00] 192.168.10.1 http://admanage.com/index.php?ct=optimizat&ac=addDirectional
COOKIE: array (
  'ht_name' => 'yunhua',
  'ht_keep' => '1',
  'js_collapse' => '0',
  'PHPSESSID' => 'rfl5tgkt3tiodnnjogoab39rig',
)
0[2019-12-19 11:07:00]Warn: /home/vagrant/code/admin/web/admin/service/SrvAuth.php 263
Invalid argument supplied for foreach()

-----------------------------------
0[2019-12-19 11:07:00] 192.168.10.1 http://admanage.com/demo/table/user/?ct=base
COOKIE: array (
  'ht_name' => 'yunhua',
  'ht_keep' => '1',
  'js_collapse' => '0',
  'PHPSESSID' => 'rfl5tgkt3tiodnnjogoab39rig',
)
0[2019-12-19 11:07:00]Warn: /home/vagrant/code/admin/web/admin/service/SrvAuth.php 263
Invalid argument supplied for foreach()

-----------------------------------
0[2019-12-19 11:08:53] 192.168.10.1 http://admanage.com/index.php?ct=optimizat&ac=addDirectional
COOKIE: array (
  'ht_name' => 'yunhua',
  'ht_keep' => '1',
  'js_collapse' => '0',
  'PHPSESSID' => 'rfl5tgkt3tiodnnjogoab39rig',
)
0[2019-12-19 11:08:53]Warn: /home/vagrant/code/admin/web/admin/service/SrvAuth.php 263
Invalid argument supplied for foreach()

-----------------------------------
0[2019-12-19 11:08:53] 192.168.10.1 http://admanage.com/demo/table/user/?ct=base
COOKIE: array (
  'ht_name' => 'yunhua',
  'ht_keep' => '1',
  'js_collapse' => '0',
  'PHPSESSID' => 'rfl5tgkt3tiodnnjogoab39rig',
)
0[2019-12-19 11:08:53]Warn: /home/vagrant/code/admin/web/admin/service/SrvAuth.php 263
Invalid argument supplied for foreach()

-----------------------------------
0[2019-12-19 11:09:10] 192.168.10.1 http://admanage.com/index.php?ct=optimizat&ac=addDirectional
COOKIE: array (
  'ht_name' => 'yunhua',
  'ht_keep' => '1',
  'js_collapse' => '0',
  'PHPSESSID' => 'rfl5tgkt3tiodnnjogoab39rig',
)
0[2019-12-19 11:09:10]Warn: /home/vagrant/code/admin/web/admin/service/SrvAuth.php 263
Invalid argument supplied for foreach()

-----------------------------------
0[2019-12-19 11:09:10] 192.168.10.1 http://admanage.com/demo/table/user/?ct=base
COOKIE: array (
  'ht_name' => 'yunhua',
  'ht_keep' => '1',
  'js_collapse' => '0',
  'PHPSESSID' => 'rfl5tgkt3tiodnnjogoab39rig',
)
0[2019-12-19 11:09:10]Warn: /home/vagrant/code/admin/web/admin/service/SrvAuth.php 263
Invalid argument supplied for foreach()

-----------------------------------
0[2019-12-19 11:10:26] 192.168.10.1 http://admanage.com/index.php?ct=optimizat&ac=addDirectional
COOKIE: array (
  'ht_name' => 'yunhua',
  'ht_keep' => '1',
  'js_collapse' => '0',
  'PHPSESSID' => 'rfl5tgkt3tiodnnjogoab39rig',
)
0[2019-12-19 11:10:26]Warn: /home/vagrant/code/admin/web/admin/service/SrvAuth.php 263
Invalid argument supplied for foreach()

-----------------------------------
0[2019-12-19 11:10:26] 192.168.10.1 http://admanage.com/demo/table/user/?ct=base
COOKIE: array (
  'ht_name' => 'yunhua',
  'ht_keep' => '1',
  'js_collapse' => '0',
  'PHPSESSID' => 'rfl5tgkt3tiodnnjogoab39rig',
)
0[2019-12-19 11:10:26]Warn: /home/vagrant/code/admin/web/admin/service/SrvAuth.php 263
Invalid argument supplied for foreach()

-----------------------------------
0[2019-12-19 11:14:53] 192.168.10.1 http://admanage.com/index.php?ct=optimizat&ac=addDirectional
COOKIE: array (
  'ht_name' => 'yunhua',
  'ht_keep' => '1',
  'js_collapse' => '0',
  'PHPSESSID' => 'rfl5tgkt3tiodnnjogoab39rig',
)
0[2019-12-19 11:14:53]Warn: /home/vagrant/code/admin/web/admin/service/SrvAuth.php 263
Invalid argument supplied for foreach()

-----------------------------------
0[2019-12-19 11:14:54] 192.168.10.1 http://admanage.com/demo/table/user/?ct=base
COOKIE: array (
  'ht_name' => 'yunhua',
  'ht_keep' => '1',
  'js_collapse' => '0',
  'PHPSESSID' => 'rfl5tgkt3tiodnnjogoab39rig',
)
0[2019-12-19 11:14:54]Warn: /home/vagrant/code/admin/web/admin/service/SrvAuth.php 263
Invalid argument supplied for foreach()

-----------------------------------
0[2019-12-19 11:42:22] 192.168.10.1 http://admanage.com/index.php?ct=index
COOKIE: array (
  'ht_name' => 'yunhua',
  'ht_keep' => '1',
  'js_collapse' => '0',
  'PHPSESSID' => 'rfl5tgkt3tiodnnjogoab39rig',
)
0[2019-12-19 11:42:22]Warn: /home/vagrant/code/admin/web/admin/service/SrvAuth.php 263
Invalid argument supplied for foreach()

-----------------------------------
0[2019-12-19 11:42:46] 192.168.10.1 http://admanage.com/index.php?ct=base
COOKIE: array (
  'ht_name' => 'yunhua',
  'ht_keep' => '1',
  'js_collapse' => '0',
  'PHPSESSID' => 'rfl5tgkt3tiodnnjogoab39rig',
)
0[2019-12-19 11:42:46]Warn: /home/vagrant/code/admin/web/admin/service/SrvAuth.php 263
Invalid argument supplied for foreach()

-----------------------------------
0[2019-12-19 11:42:52] 192.168.10.1 http://admanage.com/index.php?ct=optimizat&ac=addDirectional
COOKIE: array (
  'ht_name' => 'yunhua',
  'ht_keep' => '1',
  'js_collapse' => '0',
  'PHPSESSID' => 'rfl5tgkt3tiodnnjogoab39rig',
)
0[2019-12-19 11:42:52]Warn: /home/vagrant/code/admin/web/admin/service/SrvAuth.php 263
Invalid argument supplied for foreach()

-----------------------------------
0[2019-12-19 11:42:52] 192.168.10.1 http://admanage.com/demo/table/user/?ct=base
COOKIE: array (
  'ht_name' => 'yunhua',
  'ht_keep' => '1',
  'js_collapse' => '0',
  'PHPSESSID' => 'rfl5tgkt3tiodnnjogoab39rig',
)
0[2019-12-19 11:42:52]Warn: /home/vagrant/code/admin/web/admin/service/SrvAuth.php 263
Invalid argument supplied for foreach()

-----------------------------------
0[2019-12-19 11:59:59] 192.168.10.1 http://admanage.com/index.php?ct=optimizat&ac=addDirectional
COOKIE: array (
  'ht_name' => 'yunhua',
  'ht_keep' => '1',
  'js_collapse' => '0',
  'PHPSESSID' => 'rfl5tgkt3tiodnnjogoab39rig',
)
0[2019-12-19 11:59:59]Warn: /home/vagrant/code/admin/web/admin/service/SrvAuth.php 263
Invalid argument supplied for foreach()

-----------------------------------
0[2019-12-19 11:59:59] 192.168.10.1 http://admanage.com/demo/table/user/?ct=base
COOKIE: array (
  'ht_name' => 'yunhua',
  'ht_keep' => '1',
  'js_collapse' => '0',
  'PHPSESSID' => 'rfl5tgkt3tiodnnjogoab39rig',
)
0[2019-12-19 11:59:59]Warn: /home/vagrant/code/admin/web/admin/service/SrvAuth.php 263
Invalid argument supplied for foreach()

-----------------------------------
0[2019-12-19 12:00:15] 192.168.10.1 http://admanage.com/index.php?ct=optimizat&ac=addDirectional
COOKIE: array (
  'ht_name' => 'yunhua',
  'ht_keep' => '1',
  'js_collapse' => '0',
  'PHPSESSID' => 'rfl5tgkt3tiodnnjogoab39rig',
)
0[2019-12-19 12:00:15]Warn: /home/vagrant/code/admin/web/admin/service/SrvAuth.php 263
Invalid argument supplied for foreach()

-----------------------------------
0[2019-12-19 12:00:16] 192.168.10.1 http://admanage.com/demo/table/user/?ct=base
COOKIE: array (
  'ht_name' => 'yunhua',
  'ht_keep' => '1',
  'js_collapse' => '0',
  'PHPSESSID' => 'rfl5tgkt3tiodnnjogoab39rig',
)
0[2019-12-19 12:00:16]Warn: /home/vagrant/code/admin/web/admin/service/SrvAuth.php 263
Invalid argument supplied for foreach()

-----------------------------------
0[2019-12-19 12:01:27] 192.168.10.1 http://admanage.com/index.php?ct=optimizat&ac=addDirectional
COOKIE: array (
  'ht_name' => 'yunhua',
  'ht_keep' => '1',
  'js_collapse' => '0',
  'PHPSESSID' => 'rfl5tgkt3tiodnnjogoab39rig',
)
0[2019-12-19 12:01:27]Warn: /home/vagrant/code/admin/web/admin/service/SrvAuth.php 263
Invalid argument supplied for foreach()

-----------------------------------
0[2019-12-19 12:01:28] 192.168.10.1 http://admanage.com/demo/table/user/?ct=base
COOKIE: array (
  'ht_name' => 'yunhua',
  'ht_keep' => '1',
  'js_collapse' => '0',
  'PHPSESSID' => 'rfl5tgkt3tiodnnjogoab39rig',
)
0[2019-12-19 12:01:28]Warn: /home/vagrant/code/admin/web/admin/service/SrvAuth.php 263
Invalid argument supplied for foreach()

-----------------------------------
0[2019-12-19 12:03:19] 192.168.10.1 http://admanage.com/index.php?ct=optimizat&ac=addDirectional
COOKIE: array (
  'ht_name' => 'yunhua',
  'ht_keep' => '1',
  'js_collapse' => '0',
  'PHPSESSID' => 'rfl5tgkt3tiodnnjogoab39rig',
)
0[2019-12-19 12:03:19]Warn: /home/vagrant/code/admin/web/admin/service/SrvAuth.php 263
Invalid argument supplied for foreach()

-----------------------------------
0[2019-12-19 12:03:20] 192.168.10.1 http://admanage.com/demo/table/user/?ct=base
COOKIE: array (
  'ht_name' => 'yunhua',
  'ht_keep' => '1',
  'js_collapse' => '0',
  'PHPSESSID' => 'rfl5tgkt3tiodnnjogoab39rig',
)
0[2019-12-19 12:03:20]Warn: /home/vagrant/code/admin/web/admin/service/SrvAuth.php 263
Invalid argument supplied for foreach()

-----------------------------------
0[2019-12-19 12:03:52] 192.168.10.1 http://admanage.com/index.php?ct=optimizat&ac=addDirectional
COOKIE: array (
  'ht_name' => 'yunhua',
  'ht_keep' => '1',
  'js_collapse' => '0',
  'PHPSESSID' => 'rfl5tgkt3tiodnnjogoab39rig',
)
0[2019-12-19 12:03:52]Warn: /home/vagrant/code/admin/web/admin/service/SrvAuth.php 263
Invalid argument supplied for foreach()

-----------------------------------
0[2019-12-19 12:03:53] 192.168.10.1 http://admanage.com/demo/table/user/?ct=base
COOKIE: array (
  'ht_name' => 'yunhua',
  'ht_keep' => '1',
  'js_collapse' => '0',
  'PHPSESSID' => 'rfl5tgkt3tiodnnjogoab39rig',
)
0[2019-12-19 12:03:53]Warn: /home/vagrant/code/admin/web/admin/service/SrvAuth.php 263
Invalid argument supplied for foreach()

-----------------------------------
0[2019-12-19 12:04:22] 192.168.10.1 http://admanage.com/index.php?ct=optimizat&ac=addDirectional
COOKIE: array (
  'ht_name' => 'yunhua',
  'ht_keep' => '1',
  'js_collapse' => '0',
  'PHPSESSID' => 'rfl5tgkt3tiodnnjogoab39rig',
)
0[2019-12-19 12:04:22]Warn: /home/vagrant/code/admin/web/admin/service/SrvAuth.php 263
Invalid argument supplied for foreach()

-----------------------------------
0[2019-12-19 12:04:22] 192.168.10.1 http://admanage.com/demo/table/user/?ct=base
COOKIE: array (
  'ht_name' => 'yunhua',
  'ht_keep' => '1',
  'js_collapse' => '0',
  'PHPSESSID' => 'rfl5tgkt3tiodnnjogoab39rig',
)
0[2019-12-19 12:04:22]Warn: /home/vagrant/code/admin/web/admin/service/SrvAuth.php 263
Invalid argument supplied for foreach()

-----------------------------------
0[2019-12-19 13:02:12] 192.168.10.1 http://admanage.com/index.php?ct=index
COOKIE: array (
  'ht_name' => 'yunhua',
  'ht_keep' => '1',
  'js_collapse' => '0',
  'PHPSESSID' => 'rfl5tgkt3tiodnnjogoab39rig',
)
0[2019-12-19 13:02:12]Warn: /home/vagrant/code/admin/web/admin/service/SrvAuth.php 263
Invalid argument supplied for foreach()

-----------------------------------
0[2019-12-19 13:02:18] 192.168.10.1 http://admanage.com/index.php?ct=base
COOKIE: array (
  'ht_name' => 'yunhua',
  'ht_keep' => '1',
  'js_collapse' => '0',
  'PHPSESSID' => 'rfl5tgkt3tiodnnjogoab39rig',
)
0[2019-12-19 13:02:18]Warn: /home/vagrant/code/admin/web/admin/service/SrvAuth.php 263
Invalid argument supplied for foreach()

-----------------------------------
0[2019-12-19 13:02:21] 192.168.10.1 http://admanage.com/index.php?ct=optimizat&ac=addDirectional
COOKIE: array (
  'ht_name' => 'yunhua',
  'ht_keep' => '1',
  'js_collapse' => '0',
  'PHPSESSID' => 'rfl5tgkt3tiodnnjogoab39rig',
)
0[2019-12-19 13:02:21]Warn: /home/vagrant/code/admin/web/admin/service/SrvAuth.php 263
Invalid argument supplied for foreach()

-----------------------------------
0[2019-12-19 13:02:21] 192.168.10.1 http://admanage.com/demo/table/user/?ct=base
COOKIE: array (
  'ht_name' => 'yunhua',
  'ht_keep' => '1',
  'js_collapse' => '0',
  'PHPSESSID' => 'rfl5tgkt3tiodnnjogoab39rig',
)
0[2019-12-19 13:02:21]Warn: /home/vagrant/code/admin/web/admin/service/SrvAuth.php 263
Invalid argument supplied for foreach()

-----------------------------------
0[2019-12-19 13:27:39] 192.168.10.1 http://admanage.com/index.php?ct=optimizat&ac=addDirectional
COOKIE: array (
  'ht_name' => 'yunhua',
  'ht_keep' => '1',
  'js_collapse' => '0',
  'PHPSESSID' => 'rfl5tgkt3tiodnnjogoab39rig',
)
0[2019-12-19 13:27:39]Warn: /home/vagrant/code/admin/web/admin/service/SrvAuth.php 263
Invalid argument supplied for foreach()

-----------------------------------
0[2019-12-19 13:27:40] 192.168.10.1 http://admanage.com/demo/table/user/?ct=base
COOKIE: array (
  'ht_name' => 'yunhua',
  'ht_keep' => '1',
  'js_collapse' => '0',
  'PHPSESSID' => 'rfl5tgkt3tiodnnjogoab39rig',
)
0[2019-12-19 13:27:40]Warn: /home/vagrant/code/admin/web/admin/service/SrvAuth.php 263
Invalid argument supplied for foreach()

-----------------------------------
0[2019-12-19 13:28:52] 192.168.10.1 http://admanage.com/index.php?ct=optimizat&ac=addDirectional
COOKIE: array (
  'ht_name' => 'yunhua',
  'ht_keep' => '1',
  'js_collapse' => '0',
  'PHPSESSID' => 'rfl5tgkt3tiodnnjogoab39rig',
)
0[2019-12-19 13:28:52]Warn: /home/vagrant/code/admin/web/admin/service/SrvAuth.php 263
Invalid argument supplied for foreach()

-----------------------------------
0[2019-12-19 13:28:52] 192.168.10.1 http://admanage.com/demo/table/user/?ct=base
COOKIE: array (
  'ht_name' => 'yunhua',
  'ht_keep' => '1',
  'js_collapse' => '0',
  'PHPSESSID' => 'rfl5tgkt3tiodnnjogoab39rig',
)
0[2019-12-19 13:28:52]Warn: /home/vagrant/code/admin/web/admin/service/SrvAuth.php 263
Invalid argument supplied for foreach()

-----------------------------------
0[2019-12-19 13:30:42] 192.168.10.1 http://admanage.com/index.php?ct=optimizat&ac=addDirectional
COOKIE: array (
  'ht_name' => 'yunhua',
  'ht_keep' => '1',
  'js_collapse' => '0',
  'PHPSESSID' => 'rfl5tgkt3tiodnnjogoab39rig',
)
0[2019-12-19 13:30:42]Warn: /home/vagrant/code/admin/web/admin/service/SrvAuth.php 263
Invalid argument supplied for foreach()

-----------------------------------
0[2019-12-19 13:30:42] 192.168.10.1 http://admanage.com/demo/table/user/?ct=base
COOKIE: array (
  'ht_name' => 'yunhua',
  'ht_keep' => '1',
  'js_collapse' => '0',
  'PHPSESSID' => 'rfl5tgkt3tiodnnjogoab39rig',
)
0[2019-12-19 13:30:42]Warn: /home/vagrant/code/admin/web/admin/service/SrvAuth.php 263
Invalid argument supplied for foreach()

-----------------------------------
0[2019-12-19 13:35:17] 192.168.10.1 http://admanage.com/index.php?ct=optimizat&ac=addDirectional
COOKIE: array (
  'ht_name' => 'yunhua',
  'ht_keep' => '1',
  'js_collapse' => '0',
  'PHPSESSID' => 'rfl5tgkt3tiodnnjogoab39rig',
)
0[2019-12-19 13:35:17]Warn: /home/vagrant/code/admin/web/admin/service/SrvAuth.php 263
Invalid argument supplied for foreach()

-----------------------------------
0[2019-12-19 13:35:17] 192.168.10.1 http://admanage.com/demo/table/user/?ct=base
COOKIE: array (
  'ht_name' => 'yunhua',
  'ht_keep' => '1',
  'js_collapse' => '0',
  'PHPSESSID' => 'rfl5tgkt3tiodnnjogoab39rig',
)
0[2019-12-19 13:35:17]Warn: /home/vagrant/code/admin/web/admin/service/SrvAuth.php 263
Invalid argument supplied for foreach()

-----------------------------------
0[2019-12-19 13:50:10] 192.168.10.1 http://admanage.com/index.php?ct=optimizat&ac=addDirectional
COOKIE: array (
  'ht_name' => 'yunhua',
  'ht_keep' => '1',
  'js_collapse' => '0',
  'PHPSESSID' => 'rfl5tgkt3tiodnnjogoab39rig',
)
0[2019-12-19 13:50:10]Warn: /home/vagrant/code/admin/web/admin/service/SrvAuth.php 263
Invalid argument supplied for foreach()

-----------------------------------
0[2019-12-19 13:50:10] 192.168.10.1 http://admanage.com/demo/table/user/?ct=base
COOKIE: array (
  'ht_name' => 'yunhua',
  'ht_keep' => '1',
  'js_collapse' => '0',
  'PHPSESSID' => 'rfl5tgkt3tiodnnjogoab39rig',
)
0[2019-12-19 13:50:10]Warn: /home/vagrant/code/admin/web/admin/service/SrvAuth.php 263
Invalid argument supplied for foreach()

-----------------------------------
0[2019-12-19 13:50:27] 192.168.10.1 http://admanage.com/index.php?ct=optimizat&ac=addDirectional
COOKIE: array (
  'ht_name' => 'yunhua',
  'ht_keep' => '1',
  'js_collapse' => '0',
  'PHPSESSID' => 'rfl5tgkt3tiodnnjogoab39rig',
)
0[2019-12-19 13:50:27]Warn: /home/vagrant/code/admin/web/admin/service/SrvAuth.php 263
Invalid argument supplied for foreach()

-----------------------------------
0[2019-12-19 13:50:27] 192.168.10.1 http://admanage.com/demo/table/user/?ct=base
COOKIE: array (
  'ht_name' => 'yunhua',
  'ht_keep' => '1',
  'js_collapse' => '0',
  'PHPSESSID' => 'rfl5tgkt3tiodnnjogoab39rig',
)
0[2019-12-19 13:50:27]Warn: /home/vagrant/code/admin/web/admin/service/SrvAuth.php 263
Invalid argument supplied for foreach()

-----------------------------------
0[2019-12-19 15:41:06] 192.168.10.1 http://admanage.com/index.php?ct=index
COOKIE: array (
  'ht_name' => 'yunhua',
  'ht_keep' => '1',
  'js_collapse' => '0',
  'PHPSESSID' => 'rfl5tgkt3tiodnnjogoab39rig',
)
0[2019-12-19 15:41:06]Warn: /home/vagrant/code/admin/web/admin/service/SrvAuth.php 263
Invalid argument supplied for foreach()

-----------------------------------
0[2019-12-19 15:41:13] 192.168.10.1 http://admanage.com/index.php?ct=base
COOKIE: array (
  'ht_name' => 'yunhua',
  'ht_keep' => '1',
  'js_collapse' => '0',
  'PHPSESSID' => 'rfl5tgkt3tiodnnjogoab39rig',
)
0[2019-12-19 15:41:13]Warn: /home/vagrant/code/admin/web/admin/service/SrvAuth.php 263
Invalid argument supplied for foreach()

-----------------------------------
0[2019-12-19 15:41:19] 192.168.10.1 http://admanage.com/index.php?ct=optimizat&ac=adCnter
COOKIE: array (
  'ht_name' => 'yunhua',
  'ht_keep' => '1',
  'js_collapse' => '0',
  'PHPSESSID' => 'rfl5tgkt3tiodnnjogoab39rig',
)
0[2019-12-19 15:41:19]Warn: /home/vagrant/code/admin/web/admin/service/SrvAuth.php 263
Invalid argument supplied for foreach()

-----------------------------------
0[2019-12-19 15:41:26] 192.168.10.1 http://admanage.com/index.php?ct=optimizat&ac=addDirectional
COOKIE: array (
  'ht_name' => 'yunhua',
  'ht_keep' => '1',
  'js_collapse' => '0',
  'PHPSESSID' => 'rfl5tgkt3tiodnnjogoab39rig',
)
0[2019-12-19 15:41:26]Warn: /home/vagrant/code/admin/web/admin/service/SrvAuth.php 263
Invalid argument supplied for foreach()

-----------------------------------
0[2019-12-19 15:41:26] 192.168.10.1 http://admanage.com/demo/table/user/?ct=base
COOKIE: array (
  'ht_name' => 'yunhua',
  'ht_keep' => '1',
  'js_collapse' => '0',
  'PHPSESSID' => 'rfl5tgkt3tiodnnjogoab39rig',
)
0[2019-12-19 15:41:26]Warn: /home/vagrant/code/admin/web/admin/service/SrvAuth.php 263
Invalid argument supplied for foreach()

-----------------------------------
0[2019-12-19 15:44:17] 192.168.10.1 http://admanage.com/index.php?ct=optimizat&ac=addDirectional
COOKIE: array (
  'ht_name' => 'yunhua',
  'ht_keep' => '1',
  'js_collapse' => '0',
  'PHPSESSID' => 'rfl5tgkt3tiodnnjogoab39rig',
)
0[2019-12-19 15:44:17]Warn: /home/vagrant/code/admin/web/admin/service/SrvAuth.php 263
Invalid argument supplied for foreach()

-----------------------------------
0[2019-12-19 15:44:17] 192.168.10.1 http://admanage.com/demo/table/user/?ct=base
COOKIE: array (
  'ht_name' => 'yunhua',
  'ht_keep' => '1',
  'js_collapse' => '0',
  'PHPSESSID' => 'rfl5tgkt3tiodnnjogoab39rig',
)
0[2019-12-19 15:44:17]Warn: /home/vagrant/code/admin/web/admin/service/SrvAuth.php 263
Invalid argument supplied for foreach()

-----------------------------------
0[2019-12-19 15:45:34] 192.168.10.1 http://admanage.com/index.php?ct=optimizat&ac=addDirectional
COOKIE: array (
  'ht_name' => 'yunhua',
  'ht_keep' => '1',
  'js_collapse' => '0',
  'PHPSESSID' => 'rfl5tgkt3tiodnnjogoab39rig',
)
0[2019-12-19 15:45:34]Warn: /home/vagrant/code/admin/web/admin/service/SrvAuth.php 263
Invalid argument supplied for foreach()

-----------------------------------
0[2019-12-19 15:45:34] 192.168.10.1 http://admanage.com/demo/table/user/?ct=base
COOKIE: array (
  'ht_name' => 'yunhua',
  'ht_keep' => '1',
  'js_collapse' => '0',
  'PHPSESSID' => 'rfl5tgkt3tiodnnjogoab39rig',
)
0[2019-12-19 15:45:34]Warn: /home/vagrant/code/admin/web/admin/service/SrvAuth.php 263
Invalid argument supplied for foreach()

-----------------------------------
0[2019-12-19 15:59:05] 192.168.10.1 http://admanage.com/index.php?ct=optimizat&ac=addDirectional
COOKIE: array (
  'ht_name' => 'yunhua',
  'ht_keep' => '1',
  'js_collapse' => '0',
  'PHPSESSID' => 'rfl5tgkt3tiodnnjogoab39rig',
)
0[2019-12-19 15:59:05]Warn: /home/vagrant/code/admin/web/admin/service/SrvAuth.php 263
Invalid argument supplied for foreach()

-----------------------------------
0[2019-12-19 15:59:05] 192.168.10.1 http://admanage.com/demo/table/user/?ct=base
COOKIE: array (
  'ht_name' => 'yunhua',
  'ht_keep' => '1',
  'js_collapse' => '0',
  'PHPSESSID' => 'rfl5tgkt3tiodnnjogoab39rig',
)
0[2019-12-19 15:59:05]Warn: /home/vagrant/code/admin/web/admin/service/SrvAuth.php 263
Invalid argument supplied for foreach()

-----------------------------------
0[2019-12-19 15:59:18] 192.168.10.1 http://admanage.com/index.php?ct=optimizat&ac=addDirectional
COOKIE: array (
  'ht_name' => 'yunhua',
  'ht_keep' => '1',
  'js_collapse' => '0',
  'PHPSESSID' => 'rfl5tgkt3tiodnnjogoab39rig',
)
0[2019-12-19 15:59:18]Warn: /home/vagrant/code/admin/web/admin/service/SrvAuth.php 263
Invalid argument supplied for foreach()

-----------------------------------
0[2019-12-19 15:59:18] 192.168.10.1 http://admanage.com/demo/table/user/?ct=base
COOKIE: array (
  'ht_name' => 'yunhua',
  'ht_keep' => '1',
  'js_collapse' => '0',
  'PHPSESSID' => 'rfl5tgkt3tiodnnjogoab39rig',
)
0[2019-12-19 15:59:18]Warn: /home/vagrant/code/admin/web/admin/service/SrvAuth.php 263
Invalid argument supplied for foreach()

-----------------------------------
0[2019-12-19 15:59:32] 192.168.10.1 http://admanage.com/index.php?ct=optimizat&ac=addDirectional
COOKIE: array (
  'ht_name' => 'yunhua',
  'ht_keep' => '1',
  'js_collapse' => '0',
  'PHPSESSID' => 'rfl5tgkt3tiodnnjogoab39rig',
)
0[2019-12-19 15:59:32]Warn: /home/vagrant/code/admin/web/admin/service/SrvAuth.php 263
Invalid argument supplied for foreach()

-----------------------------------
0[2019-12-19 15:59:32] 192.168.10.1 http://admanage.com/demo/table/user/?ct=base
COOKIE: array (
  'ht_name' => 'yunhua',
  'ht_keep' => '1',
  'js_collapse' => '0',
  'PHPSESSID' => 'rfl5tgkt3tiodnnjogoab39rig',
)
0[2019-12-19 15:59:32]Warn: /home/vagrant/code/admin/web/admin/service/SrvAuth.php 263
Invalid argument supplied for foreach()

-----------------------------------
0[2019-12-19 16:00:45] 192.168.10.1 http://admanage.com/index.php?ct=optimizat&ac=addDirectional
COOKIE: array (
  'ht_name' => 'yunhua',
  'ht_keep' => '1',
  'js_collapse' => '0',
  'PHPSESSID' => 'rfl5tgkt3tiodnnjogoab39rig',
)
0[2019-12-19 16:00:45]Warn: /home/vagrant/code/admin/web/admin/service/SrvAuth.php 263
Invalid argument supplied for foreach()

-----------------------------------
0[2019-12-19 16:00:45] 192.168.10.1 http://admanage.com/demo/table/user/?ct=base
COOKIE: array (
  'ht_name' => 'yunhua',
  'ht_keep' => '1',
  'js_collapse' => '0',
  'PHPSESSID' => 'rfl5tgkt3tiodnnjogoab39rig',
)
0[2019-12-19 16:00:45]Warn: /home/vagrant/code/admin/web/admin/service/SrvAuth.php 263
Invalid argument supplied for foreach()

-----------------------------------
0[2019-12-19 16:07:14] 192.168.10.1 http://admanage.com/index.php?ct=optimizat&ac=addDirectional
COOKIE: array (
  'ht_name' => 'yunhua',
  'ht_keep' => '1',
  'js_collapse' => '0',
  'PHPSESSID' => 'rfl5tgkt3tiodnnjogoab39rig',
)
0[2019-12-19 16:07:14]Warn: /home/vagrant/code/admin/web/admin/service/SrvAuth.php 263
Invalid argument supplied for foreach()

-----------------------------------
0[2019-12-19 16:07:15] 192.168.10.1 http://admanage.com/demo/table/user/?ct=base
COOKIE: array (
  'ht_name' => 'yunhua',
  'ht_keep' => '1',
  'js_collapse' => '0',
  'PHPSESSID' => 'rfl5tgkt3tiodnnjogoab39rig',
)
0[2019-12-19 16:07:15]Warn: /home/vagrant/code/admin/web/admin/service/SrvAuth.php 263
Invalid argument supplied for foreach()

-----------------------------------
0[2019-12-19 16:32:10] 192.168.10.1 http://admanage.com/index.php?ct=optimizat&ac=addDirectional
COOKIE: array (
  'ht_name' => 'yunhua',
  'ht_keep' => '1',
  'js_collapse' => '0',
  'PHPSESSID' => 'rfl5tgkt3tiodnnjogoab39rig',
)
0[2019-12-19 16:32:10]Warn: /home/vagrant/code/admin/web/admin/service/SrvAuth.php 263
Invalid argument supplied for foreach()

-----------------------------------
0[2019-12-19 16:32:10] 192.168.10.1 http://admanage.com/demo/table/user/?ct=base
COOKIE: array (
  'ht_name' => 'yunhua',
  'ht_keep' => '1',
  'js_collapse' => '0',
  'PHPSESSID' => 'rfl5tgkt3tiodnnjogoab39rig',
)
0[2019-12-19 16:32:10]Warn: /home/vagrant/code/admin/web/admin/service/SrvAuth.php 263
Invalid argument supplied for foreach()

-----------------------------------
0[2019-12-19 16:35:47] 192.168.10.1 http://admanage.com/index.php?ct=optimizat&ac=addDirectional
COOKIE: array (
  'ht_name' => 'yunhua',
  'ht_keep' => '1',
  'js_collapse' => '0',
  'PHPSESSID' => 'rfl5tgkt3tiodnnjogoab39rig',
)
0[2019-12-19 16:35:47]Warn: /home/vagrant/code/admin/web/admin/service/SrvAuth.php 263
Invalid argument supplied for foreach()

-----------------------------------
0[2019-12-19 16:37:07] 192.168.10.1 http://admanage.com/index.php?ct=optimizat&ac=addDirectional
COOKIE: array (
  'ht_name' => 'yunhua',
  'ht_keep' => '1',
  'js_collapse' => '0',
  'PHPSESSID' => 'rfl5tgkt3tiodnnjogoab39rig',
)
0[2019-12-19 16:37:07]Warn: /home/vagrant/code/admin/web/admin/service/SrvAuth.php 263
Invalid argument supplied for foreach()

-----------------------------------
0[2019-12-19 16:52:47] 192.168.10.1 http://admanage.com/index.php?ct=optimizat&ac=addDirectional
COOKIE: array (
  'ht_name' => 'yunhua',
  'ht_keep' => '1',
  'js_collapse' => '0',
  'PHPSESSID' => 'rfl5tgkt3tiodnnjogoab39rig',
)
0[2019-12-19 16:52:47]Warn: /home/vagrant/code/admin/web/admin/service/SrvAuth.php 263
Invalid argument supplied for foreach()

-----------------------------------
0[2019-12-19 17:12:09] 192.168.10.1 http://admanage.com/index.php?ct=optimizat&ac=addDirectional
COOKIE: array (
  'ht_name' => 'yunhua',
  'ht_keep' => '1',
  'js_collapse' => '0',
  'PHPSESSID' => 'rfl5tgkt3tiodnnjogoab39rig',
)
0[2019-12-19 17:12:09]Warn: /home/vagrant/code/admin/web/admin/service/SrvAuth.php 263
Invalid argument supplied for foreach()

-----------------------------------
0[2019-12-19 17:38:04] 192.168.10.1 http://admanage.com/index.php?ct=optimizat&ac=addDirectional
COOKIE: array (
  'ht_name' => 'yunhua',
  'ht_keep' => '1',
  'js_collapse' => '0',
  'PHPSESSID' => 'rfl5tgkt3tiodnnjogoab39rig',
)
0[2019-12-19 17:38:04]Warn: /home/vagrant/code/admin/web/admin/service/SrvAuth.php 263
Invalid argument supplied for foreach()

-----------------------------------
0[2019-12-19 17:39:45] 192.168.10.1 http://admanage.com/index.php?ct=optimizat&ac=addDirectional
COOKIE: array (
  'ht_name' => 'yunhua',
  'ht_keep' => '1',
  'js_collapse' => '0',
  'PHPSESSID' => 'rfl5tgkt3tiodnnjogoab39rig',
)
0[2019-12-19 17:39:45]Warn: /home/vagrant/code/admin/web/admin/service/SrvAuth.php 263
Invalid argument supplied for foreach()

-----------------------------------
0[2019-12-19 17:43:31] 192.168.10.1 http://admanage.com/index.php?ct=optimizat&ac=addDirectional
COOKIE: array (
  'ht_name' => 'yunhua',
  'ht_keep' => '1',
  'js_collapse' => '0',
  'PHPSESSID' => 'rfl5tgkt3tiodnnjogoab39rig',
)
0[2019-12-19 17:43:31]Warn: /home/vagrant/code/admin/web/admin/service/SrvAuth.php 263
Invalid argument supplied for foreach()

-----------------------------------
0[2019-12-19 20:05:20] 192.168.10.1 http://admanage.com/index.php?ct=index
COOKIE: array (
  'ht_name' => 'yunhua',
  'ht_keep' => '1',
  'js_collapse' => '0',
  'PHPSESSID' => 'rfl5tgkt3tiodnnjogoab39rig',
)
0[2019-12-19 20:05:20]Warn: /home/vagrant/code/admin/web/admin/service/SrvAuth.php 263
Invalid argument supplied for foreach()

-----------------------------------
0[2019-12-19 20:05:38] 192.168.10.1 http://admanage.com/index.php?ct=base
COOKIE: array (
  'ht_name' => 'yunhua',
  'ht_keep' => '1',
  'js_collapse' => '0',
  'PHPSESSID' => 'rfl5tgkt3tiodnnjogoab39rig',
)
0[2019-12-19 20:05:38]Warn: /home/vagrant/code/admin/web/admin/service/SrvAuth.php 263
Invalid argument supplied for foreach()

-----------------------------------
0[2019-12-19 20:05:41] 192.168.10.1 http://admanage.com/index.php?ct=optimizat&ac=addDirectional
COOKIE: array (
  'ht_name' => 'yunhua',
  'ht_keep' => '1',
  'js_collapse' => '0',
  'PHPSESSID' => 'rfl5tgkt3tiodnnjogoab39rig',
)
0[2019-12-19 20:05:41]Warn: /home/vagrant/code/admin/web/admin/service/SrvAuth.php 263
Invalid argument supplied for foreach()

-----------------------------------
0[2019-12-19 20:06:56] 192.168.10.1 http://admanage.com/index.php?ct=optimizat&ac=addDirectional
COOKIE: array (
  'ht_name' => 'yunhua',
  'ht_keep' => '1',
  'js_collapse' => '0',
  'PHPSESSID' => 'rfl5tgkt3tiodnnjogoab39rig',
)
0[2019-12-19 20:06:56]Warn: /home/vagrant/code/admin/web/admin/service/SrvAuth.php 263
Invalid argument supplied for foreach()

-----------------------------------
0[2019-12-19 21:26:05] 192.168.10.1 http://admanage.com/index.php?ct=index
COOKIE: array (
  'ht_name' => 'yunhua',
  'ht_keep' => '1',
  'js_collapse' => '0',
  'PHPSESSID' => 'rfl5tgkt3tiodnnjogoab39rig',
)
0[2019-12-19 21:26:05]Warn: /home/vagrant/code/admin/web/admin/service/SrvAuth.php 263
Invalid argument supplied for foreach()

-----------------------------------
0[2019-12-19 21:26:11] 192.168.10.1 http://admanage.com/index.php?ct=base
COOKIE: array (
  'ht_name' => 'yunhua',
  'ht_keep' => '1',
  'js_collapse' => '0',
  'PHPSESSID' => 'rfl5tgkt3tiodnnjogoab39rig',
)
0[2019-12-19 21:26:11]Warn: /home/vagrant/code/admin/web/admin/service/SrvAuth.php 263
Invalid argument supplied for foreach()

-----------------------------------
0[2019-12-19 21:31:36] 192.168.10.1 http://admanage.com/index.php?ct=optimizat&ac=addDirectional
COOKIE: array (
  'ht_name' => 'yunhua',
  'ht_keep' => '1',
  'js_collapse' => '0',
  'PHPSESSID' => 'rfl5tgkt3tiodnnjogoab39rig',
)
0[2019-12-19 21:31:36]Warn: /home/vagrant/code/admin/web/admin/service/SrvAuth.php 263
Invalid argument supplied for foreach()

-----------------------------------
0[2019-12-19 21:31:42] 192.168.10.1 http://admanage.com/index.php?ct=optimizat&ac=addDirectional
COOKIE: array (
  'ht_name' => 'yunhua',
  'ht_keep' => '1',
  'js_collapse' => '0',
  'PHPSESSID' => 'rfl5tgkt3tiodnnjogoab39rig',
)
0[2019-12-19 21:31:42]Warn: /home/vagrant/code/admin/web/admin/service/SrvAuth.php 263
Invalid argument supplied for foreach()

-----------------------------------
0[2019-12-19 21:33:12] 192.168.10.1 http://admanage.com/index.php?ct=optimizat&ac=addDirectional
COOKIE: array (
  'ht_name' => 'yunhua',
  'ht_keep' => '1',
  'js_collapse' => '0',
  'PHPSESSID' => 'rfl5tgkt3tiodnnjogoab39rig',
)
0[2019-12-19 21:33:12]Warn: /home/vagrant/code/admin/web/admin/service/SrvAuth.php 263
Invalid argument supplied for foreach()

-----------------------------------
0[2019-12-19 21:34:14] 192.168.10.1 http://admanage.com/index.php?ct=optimizat&ac=addDirectional
COOKIE: array (
  'ht_name' => 'yunhua',
  'ht_keep' => '1',
  'js_collapse' => '0',
  'PHPSESSID' => 'rfl5tgkt3tiodnnjogoab39rig',
)
0[2019-12-19 21:34:14]Warn: /home/vagrant/code/admin/web/admin/service/SrvAuth.php 263
Invalid argument supplied for foreach()

-----------------------------------
0[2019-12-19 21:36:02] 192.168.10.1 http://admanage.com/index.php?ct=optimizat&ac=addDirectional
COOKIE: array (
  'ht_name' => 'yunhua',
  'ht_keep' => '1',
  'js_collapse' => '0',
  'PHPSESSID' => 'rfl5tgkt3tiodnnjogoab39rig',
)
0[2019-12-19 21:36:02]Warn: /home/vagrant/code/admin/web/admin/service/SrvAuth.php 263
Invalid argument supplied for foreach()
