
-----------------------------------
0[2019-12-13 10:17:19] 192.168.10.1 http://admanage.com/?ct=index
COOKIE: array (
  'PHPSESSID' => 'q87a8i1dd7ibaf3l1ee7j7p5a8',
  'ht_name' => 'yunhua',
  'ht_keep' => '1',
  'js_collapse' => '0',
)
0[2019-12-13 10:17:19]Warn: /home/vagrant/code/admin/web/admin/service/SrvAuth.php 263
Invalid argument supplied for foreach()

-----------------------------------
0[2019-12-13 10:17:28] 192.168.10.1 http://admanage.com/?ct=base
COOKIE: array (
  'PHPSESSID' => 'q87a8i1dd7ibaf3l1ee7j7p5a8',
  'ht_name' => 'yunhua',
  'ht_keep' => '1',
  'js_collapse' => '0',
)
0[2019-12-13 10:17:28]Warn: /home/vagrant/code/admin/web/admin/service/SrvAuth.php 263
Invalid argument supplied for foreach()

-----------------------------------
0[2019-12-13 10:17:40] 192.168.10.1 http://admanage.com/index.php?ct=optimizat&ac=addDirectional
COOKIE: array (
  'PHPSESSID' => 'q87a8i1dd7ibaf3l1ee7j7p5a8',
  'ht_name' => 'yunhua',
  'ht_keep' => '1',
  'js_collapse' => '0',
)
0[2019-12-13 10:17:40]Warn: /home/vagrant/code/admin/web/admin/service/SrvAuth.php 263
Invalid argument supplied for foreach()

-----------------------------------
0[2019-12-13 10:18:56] 192.168.10.1 http://admanage.com/index.php?ct=optimizat&ac=addDirectional
COOKIE: array (
  'PHPSESSID' => 'q87a8i1dd7ibaf3l1ee7j7p5a8',
  'ht_name' => 'yunhua',
  'ht_keep' => '1',
  'js_collapse' => '0',
)
0[2019-12-13 10:18:56]Warn: /home/vagrant/code/admin/web/admin/service/SrvAuth.php 263
Invalid argument supplied for foreach()

-----------------------------------
0[2019-12-13 10:19:19] 192.168.10.1 http://admanage.com/index.php?ct=optimizat&ac=addDirectional
COOKIE: array (
  'PHPSESSID' => 'q87a8i1dd7ibaf3l1ee7j7p5a8',
  'ht_name' => 'yunhua',
  'ht_keep' => '1',
  'js_collapse' => '0',
)
0[2019-12-13 10:19:19]Warn: /home/vagrant/code/admin/web/admin/service/SrvAuth.php 263
Invalid argument supplied for foreach()

-----------------------------------
0[2019-12-13 10:26:47] 192.168.10.1 http://admanage.com/index.php?ct=optimizat&ac=addDirectional
COOKIE: array (
  'PHPSESSID' => 'q87a8i1dd7ibaf3l1ee7j7p5a8',
  'ht_name' => 'yunhua',
  'ht_keep' => '1',
  'js_collapse' => '0',
)
0[2019-12-13 10:26:47]Warn: /home/vagrant/code/admin/web/admin/service/SrvAuth.php 263
Invalid argument supplied for foreach()

-----------------------------------
0[2019-12-13 10:36:40] 192.168.10.1 http://admanage.com/index.php?ct=optimizat&ac=addDirectional
COOKIE: array (
  'PHPSESSID' => 'q87a8i1dd7ibaf3l1ee7j7p5a8',
  'ht_name' => 'yunhua',
  'ht_keep' => '1',
  'js_collapse' => '0',
)
0[2019-12-13 10:36:40]Warn: /home/vagrant/code/admin/web/admin/service/SrvAuth.php 263
Invalid argument supplied for foreach()

-----------------------------------
0[2019-12-13 10:37:02] 192.168.10.1 http://admanage.com/index.php?ct=optimizat&ac=addDirectional
COOKIE: array (
  'PHPSESSID' => 'q87a8i1dd7ibaf3l1ee7j7p5a8',
  'ht_name' => 'yunhua',
  'ht_keep' => '1',
  'js_collapse' => '0',
)
0[2019-12-13 10:37:02]Warn: /home/vagrant/code/admin/web/admin/service/SrvAuth.php 263
Invalid argument supplied for foreach()

-----------------------------------
0[2019-12-13 10:37:19] 192.168.10.1 http://admanage.com/index.php?ct=optimizat&ac=addDirectional
COOKIE: array (
  'PHPSESSID' => 'q87a8i1dd7ibaf3l1ee7j7p5a8',
  'ht_name' => 'yunhua',
  'ht_keep' => '1',
  'js_collapse' => '0',
)
0[2019-12-13 10:37:19]Warn: /home/vagrant/code/admin/web/admin/service/SrvAuth.php 263
Invalid argument supplied for foreach()

-----------------------------------
0[2019-12-13 11:08:34] 192.168.10.1 http://admanage.com/index.php?ct=optimizat&ac=addDirectional
COOKIE: array (
  'PHPSESSID' => 'q87a8i1dd7ibaf3l1ee7j7p5a8',
  'ht_name' => 'yunhua',
  'ht_keep' => '1',
  'js_collapse' => '0',
)
0[2019-12-13 11:08:34]Warn: /home/vagrant/code/admin/web/admin/service/SrvAuth.php 263
Invalid argument supplied for foreach()

-----------------------------------
0[2019-12-13 11:08:58] 192.168.10.1 http://admanage.com/index.php?ct=optimizat&ac=addDirectional
COOKIE: array (
  'PHPSESSID' => 'q87a8i1dd7ibaf3l1ee7j7p5a8',
  'ht_name' => 'yunhua',
  'ht_keep' => '1',
  'js_collapse' => '0',
)
0[2019-12-13 11:08:58]Warn: /home/vagrant/code/admin/web/admin/service/SrvAuth.php 263
Invalid argument supplied for foreach()

-----------------------------------
0[2019-12-13 11:17:40] 192.168.10.1 http://admanage.com/index.php?ct=optimizat&ac=addDirectional
COOKIE: array (
  'PHPSESSID' => 'q87a8i1dd7ibaf3l1ee7j7p5a8',
  'ht_name' => 'yunhua',
  'ht_keep' => '1',
  'js_collapse' => '0',
)
0[2019-12-13 11:17:40]Warn: /home/vagrant/code/admin/web/admin/service/SrvAuth.php 263
Invalid argument supplied for foreach()

-----------------------------------
0[2019-12-13 11:18:43] 192.168.10.1 http://admanage.com/index.php?ct=optimizat&ac=addDirectional
COOKIE: array (
  'PHPSESSID' => 'q87a8i1dd7ibaf3l1ee7j7p5a8',
  'ht_name' => 'yunhua',
  'ht_keep' => '1',
  'js_collapse' => '0',
)
0[2019-12-13 11:18:43]Warn: /home/vagrant/code/admin/web/admin/service/SrvAuth.php 263
Invalid argument supplied for foreach()

-----------------------------------
0[2019-12-13 11:20:10] 192.168.10.1 http://admanage.com/index.php?ct=optimizat&ac=addDirectional
COOKIE: array (
  'PHPSESSID' => 'q87a8i1dd7ibaf3l1ee7j7p5a8',
  'ht_name' => 'yunhua',
  'ht_keep' => '1',
  'js_collapse' => '0',
)
0[2019-12-13 11:20:10]Warn: /home/vagrant/code/admin/web/admin/service/SrvAuth.php 263
Invalid argument supplied for foreach()

-----------------------------------
0[2019-12-13 11:22:37] 192.168.10.1 http://admanage.com/index.php?ct=optimizat&ac=addDirectional
COOKIE: array (
  'PHPSESSID' => 'q87a8i1dd7ibaf3l1ee7j7p5a8',
  'ht_name' => 'yunhua',
  'ht_keep' => '1',
  'js_collapse' => '0',
)
0[2019-12-13 11:22:37]Warn: /home/vagrant/code/admin/web/admin/service/SrvAuth.php 263
Invalid argument supplied for foreach()

-----------------------------------
0[2019-12-13 11:23:22] 192.168.10.1 http://admanage.com/index.php?ct=optimizat&ac=addDirectional
COOKIE: array (
  'PHPSESSID' => 'q87a8i1dd7ibaf3l1ee7j7p5a8',
  'ht_name' => 'yunhua',
  'ht_keep' => '1',
  'js_collapse' => '0',
)
0[2019-12-13 11:23:22]Warn: /home/vagrant/code/admin/web/admin/service/SrvAuth.php 263
Invalid argument supplied for foreach()

-----------------------------------
0[2019-12-13 11:24:06] 192.168.10.1 http://admanage.com/index.php?ct=optimizat&ac=addDirectional
COOKIE: array (
  'PHPSESSID' => 'q87a8i1dd7ibaf3l1ee7j7p5a8',
  'ht_name' => 'yunhua',
  'ht_keep' => '1',
  'js_collapse' => '0',
)
0[2019-12-13 11:24:06]Warn: /home/vagrant/code/admin/web/admin/service/SrvAuth.php 263
Invalid argument supplied for foreach()

-----------------------------------
0[2019-12-13 11:27:22] 192.168.10.1 http://admanage.com/index.php?ct=optimizat&ac=addDirectional
COOKIE: array (
  'PHPSESSID' => 'q87a8i1dd7ibaf3l1ee7j7p5a8',
  'ht_name' => 'yunhua',
  'ht_keep' => '1',
  'js_collapse' => '0',
)
0[2019-12-13 11:27:22]Warn: /home/vagrant/code/admin/web/admin/service/SrvAuth.php 263
Invalid argument supplied for foreach()

-----------------------------------
0[2019-12-13 11:37:45] 192.168.10.1 http://admanage.com/index.php?ct=optimizat&ac=addDirectional
COOKIE: array (
  'PHPSESSID' => 'q87a8i1dd7ibaf3l1ee7j7p5a8',
  'ht_name' => 'yunhua',
  'ht_keep' => '1',
  'js_collapse' => '0',
)
0[2019-12-13 11:37:45]Warn: /home/vagrant/code/admin/web/admin/service/SrvAuth.php 263
Invalid argument supplied for foreach()

-----------------------------------
0[2019-12-13 11:39:56] 192.168.10.1 http://admanage.com/index.php?ct=optimizat&ac=addDirectional
COOKIE: array (
  'PHPSESSID' => 'q87a8i1dd7ibaf3l1ee7j7p5a8',
  'ht_name' => 'yunhua',
  'ht_keep' => '1',
  'js_collapse' => '0',
)
0[2019-12-13 11:39:56]Warn: /home/vagrant/code/admin/web/admin/service/SrvAuth.php 263
Invalid argument supplied for foreach()

-----------------------------------
0[2019-12-13 11:40:33] 192.168.10.1 http://admanage.com/index.php?ct=optimizat&ac=addDirectional
COOKIE: array (
  'PHPSESSID' => 'q87a8i1dd7ibaf3l1ee7j7p5a8',
  'ht_name' => 'yunhua',
  'ht_keep' => '1',
  'js_collapse' => '0',
)
0[2019-12-13 11:40:33]Warn: /home/vagrant/code/admin/web/admin/service/SrvAuth.php 263
Invalid argument supplied for foreach()

-----------------------------------
0[2019-12-13 11:43:46] 192.168.10.1 http://admanage.com/index.php?ct=optimizat&ac=addDirectional
COOKIE: array (
  'PHPSESSID' => 'q87a8i1dd7ibaf3l1ee7j7p5a8',
  'ht_name' => 'yunhua',
  'ht_keep' => '1',
  'js_collapse' => '0',
)
0[2019-12-13 11:43:46]Warn: /home/vagrant/code/admin/web/admin/service/SrvAuth.php 263
Invalid argument supplied for foreach()

-----------------------------------
0[2019-12-13 11:43:58] 192.168.10.1 http://admanage.com/index.php?ct=optimizat&ac=addDirectional
COOKIE: array (
  'PHPSESSID' => 'q87a8i1dd7ibaf3l1ee7j7p5a8',
  'ht_name' => 'yunhua',
  'ht_keep' => '1',
  'js_collapse' => '0',
)
0[2019-12-13 11:43:58]Warn: /home/vagrant/code/admin/web/admin/service/SrvAuth.php 263
Invalid argument supplied for foreach()

-----------------------------------
0[2019-12-13 13:40:23] 192.168.10.1 http://admanage.com/index.php?ct=index
COOKIE: array (
  'PHPSESSID' => 'q87a8i1dd7ibaf3l1ee7j7p5a8',
  'ht_name' => 'yunhua',
  'ht_keep' => '1',
  'js_collapse' => '0',
)
0[2019-12-13 13:40:23]Warn: /home/vagrant/code/admin/web/admin/service/SrvAuth.php 263
Invalid argument supplied for foreach()

-----------------------------------
0[2019-12-13 13:40:32] 192.168.10.1 http://admanage.com/index.php?ct=base
COOKIE: array (
  'PHPSESSID' => 'q87a8i1dd7ibaf3l1ee7j7p5a8',
  'ht_name' => 'yunhua',
  'ht_keep' => '1',
  'js_collapse' => '0',
)
0[2019-12-13 13:40:32]Warn: /home/vagrant/code/admin/web/admin/service/SrvAuth.php 263
Invalid argument supplied for foreach()

-----------------------------------
0[2019-12-13 13:40:44] 192.168.10.1 http://admanage.com/index.php?ct=optimizat&ac=addDirectional
COOKIE: array (
  'PHPSESSID' => 'q87a8i1dd7ibaf3l1ee7j7p5a8',
  'ht_name' => 'yunhua',
  'ht_keep' => '1',
  'js_collapse' => '0',
)
0[2019-12-13 13:40:44]Warn: /home/vagrant/code/admin/web/admin/service/SrvAuth.php 263
Invalid argument supplied for foreach()

-----------------------------------
0[2019-12-13 13:50:07] 192.168.10.1 http://admanage.com/index.php?ct=optimizat&ac=addDirectional
COOKIE: array (
  'PHPSESSID' => 'q87a8i1dd7ibaf3l1ee7j7p5a8',
  'ht_name' => 'yunhua',
  'ht_keep' => '1',
  'js_collapse' => '0',
)
0[2019-12-13 13:50:07]Warn: /home/vagrant/code/admin/web/admin/service/SrvAuth.php 263
Invalid argument supplied for foreach()

-----------------------------------
0[2019-12-13 13:51:36] 192.168.10.1 http://admanage.com/index.php?ct=optimizat&ac=addDirectional
COOKIE: array (
  'PHPSESSID' => 'q87a8i1dd7ibaf3l1ee7j7p5a8',
  'ht_name' => 'yunhua',
  'ht_keep' => '1',
  'js_collapse' => '0',
)
0[2019-12-13 13:51:36]Warn: /home/vagrant/code/admin/web/admin/service/SrvAuth.php 263
Invalid argument supplied for foreach()

-----------------------------------
0[2019-12-13 13:52:48] 192.168.10.1 http://admanage.com/index.php?ct=optimizat&ac=addDirectional
COOKIE: array (
  'PHPSESSID' => 'q87a8i1dd7ibaf3l1ee7j7p5a8',
  'ht_name' => 'yunhua',
  'ht_keep' => '1',
  'js_collapse' => '0',
)
0[2019-12-13 13:52:48]Warn: /home/vagrant/code/admin/web/admin/service/SrvAuth.php 263
Invalid argument supplied for foreach()

-----------------------------------
0[2019-12-13 13:53:01] 192.168.10.1 http://admanage.com/index.php?ct=optimizat&ac=addDirectional
COOKIE: array (
  'PHPSESSID' => 'q87a8i1dd7ibaf3l1ee7j7p5a8',
  'ht_name' => 'yunhua',
  'ht_keep' => '1',
  'js_collapse' => '0',
)
0[2019-12-13 13:53:01]Warn: /home/vagrant/code/admin/web/admin/service/SrvAuth.php 263
Invalid argument supplied for foreach()

-----------------------------------
0[2019-12-13 13:53:07] 192.168.10.1 http://admanage.com/index.php?ct=optimizat&ac=addDirectional
COOKIE: array (
  'PHPSESSID' => 'q87a8i1dd7ibaf3l1ee7j7p5a8',
  'ht_name' => 'yunhua',
  'ht_keep' => '1',
  'js_collapse' => '0',
)
0[2019-12-13 13:53:07]Warn: /home/vagrant/code/admin/web/admin/service/SrvAuth.php 263
Invalid argument supplied for foreach()

-----------------------------------
0[2019-12-13 13:53:21] 192.168.10.1 http://admanage.com/index.php?ct=optimizat&ac=addDirectional
COOKIE: array (
  'PHPSESSID' => 'q87a8i1dd7ibaf3l1ee7j7p5a8',
  'ht_name' => 'yunhua',
  'ht_keep' => '1',
  'js_collapse' => '0',
)
0[2019-12-13 13:53:21]Warn: /home/vagrant/code/admin/web/admin/service/SrvAuth.php 263
Invalid argument supplied for foreach()

-----------------------------------
0[2019-12-13 13:53:33] 192.168.10.1 http://admanage.com/index.php?ct=optimizat&ac=addDirectional
COOKIE: array (
  'PHPSESSID' => 'q87a8i1dd7ibaf3l1ee7j7p5a8',
  'ht_name' => 'yunhua',
  'ht_keep' => '1',
  'js_collapse' => '0',
)
0[2019-12-13 13:53:33]Warn: /home/vagrant/code/admin/web/admin/service/SrvAuth.php 263
Invalid argument supplied for foreach()

-----------------------------------
0[2019-12-13 13:53:56] 192.168.10.1 http://admanage.com/index.php?ct=optimizat&ac=addDirectional
COOKIE: array (
  'PHPSESSID' => 'q87a8i1dd7ibaf3l1ee7j7p5a8',
  'ht_name' => 'yunhua',
  'ht_keep' => '1',
  'js_collapse' => '0',
)
0[2019-12-13 13:53:56]Warn: /home/vagrant/code/admin/web/admin/service/SrvAuth.php 263
Invalid argument supplied for foreach()

-----------------------------------
0[2019-12-13 13:54:11] 192.168.10.1 http://admanage.com/index.php?ct=optimizat&ac=addDirectional
COOKIE: array (
  'PHPSESSID' => 'q87a8i1dd7ibaf3l1ee7j7p5a8',
  'ht_name' => 'yunhua',
  'ht_keep' => '1',
  'js_collapse' => '0',
)
0[2019-12-13 13:54:11]Warn: /home/vagrant/code/admin/web/admin/service/SrvAuth.php 263
Invalid argument supplied for foreach()

-----------------------------------
0[2019-12-13 13:54:29] 192.168.10.1 http://admanage.com/index.php?ct=optimizat&ac=addDirectional
COOKIE: array (
  'PHPSESSID' => 'q87a8i1dd7ibaf3l1ee7j7p5a8',
  'ht_name' => 'yunhua',
  'ht_keep' => '1',
  'js_collapse' => '0',
)
0[2019-12-13 13:54:29]Warn: /home/vagrant/code/admin/web/admin/service/SrvAuth.php 263
Invalid argument supplied for foreach()

-----------------------------------
0[2019-12-13 13:55:10] 192.168.10.1 http://admanage.com/index.php?ct=optimizat&ac=addDirectional
COOKIE: array (
  'PHPSESSID' => 'q87a8i1dd7ibaf3l1ee7j7p5a8',
  'ht_name' => 'yunhua',
  'ht_keep' => '1',
  'js_collapse' => '0',
)
0[2019-12-13 13:55:10]Warn: /home/vagrant/code/admin/web/admin/service/SrvAuth.php 263
Invalid argument supplied for foreach()

-----------------------------------
0[2019-12-13 13:55:52] 192.168.10.1 http://admanage.com/index.php?ct=optimizat&ac=addDirectional
COOKIE: array (
  'PHPSESSID' => 'q87a8i1dd7ibaf3l1ee7j7p5a8',
  'ht_name' => 'yunhua',
  'ht_keep' => '1',
  'js_collapse' => '0',
)
0[2019-12-13 13:55:52]Warn: /home/vagrant/code/admin/web/admin/service/SrvAuth.php 263
Invalid argument supplied for foreach()

-----------------------------------
0[2019-12-13 14:14:18] 192.168.10.1 http://admanage.com/index.php?ct=optimizat&ac=addDirectional
COOKIE: array (
  'PHPSESSID' => 'q87a8i1dd7ibaf3l1ee7j7p5a8',
  'ht_name' => 'yunhua',
  'ht_keep' => '1',
  'js_collapse' => '0',
)
0[2019-12-13 14:14:18]Warn: /home/vagrant/code/admin/web/admin/service/SrvAuth.php 263
Invalid argument supplied for foreach()

-----------------------------------
0[2019-12-13 14:25:44] 192.168.10.1 http://admanage.com/index.php?ct=optimizat&ac=addDirectional
COOKIE: array (
  'PHPSESSID' => 'q87a8i1dd7ibaf3l1ee7j7p5a8',
  'ht_name' => 'yunhua',
  'ht_keep' => '1',
  'js_collapse' => '0',
)
0[2019-12-13 14:25:44]Warn: /home/vagrant/code/admin/web/admin/service/SrvAuth.php 263
Invalid argument supplied for foreach()

-----------------------------------
0[2019-12-13 14:25:56] 192.168.10.1 http://admanage.com/index.php?ct=optimizat&ac=addDirectional
COOKIE: array (
  'PHPSESSID' => 'q87a8i1dd7ibaf3l1ee7j7p5a8',
  'ht_name' => 'yunhua',
  'ht_keep' => '1',
  'js_collapse' => '0',
)
0[2019-12-13 14:25:56]Warn: /home/vagrant/code/admin/web/admin/service/SrvAuth.php 263
Invalid argument supplied for foreach()

-----------------------------------
0[2019-12-13 14:26:02] 192.168.10.1 http://admanage.com/index.php?ct=optimizat&ac=addDirectional
COOKIE: array (
  'PHPSESSID' => 'q87a8i1dd7ibaf3l1ee7j7p5a8',
  'ht_name' => 'yunhua',
  'ht_keep' => '1',
  'js_collapse' => '0',
)
0[2019-12-13 14:26:02]Warn: /home/vagrant/code/admin/web/admin/service/SrvAuth.php 263
Invalid argument supplied for foreach()

-----------------------------------
0[2019-12-13 14:35:48] 192.168.10.1 http://admanage.com/index.php?ct=optimizat&ac=addDirectional
COOKIE: array (
  'PHPSESSID' => 'q87a8i1dd7ibaf3l1ee7j7p5a8',
  'ht_name' => 'yunhua',
  'ht_keep' => '1',
  'js_collapse' => '0',
)
0[2019-12-13 14:35:48]Warn: /home/vagrant/code/admin/web/admin/service/SrvAuth.php 263
Invalid argument supplied for foreach()

-----------------------------------
0[2019-12-13 14:36:22] 192.168.10.1 http://admanage.com/index.php?ct=optimizat&ac=addDirectional
COOKIE: array (
  'PHPSESSID' => 'q87a8i1dd7ibaf3l1ee7j7p5a8',
  'ht_name' => 'yunhua',
  'ht_keep' => '1',
  'js_collapse' => '0',
)
0[2019-12-13 14:36:22]Warn: /home/vagrant/code/admin/web/admin/service/SrvAuth.php 263
Invalid argument supplied for foreach()

-----------------------------------
0[2019-12-13 14:37:58] 192.168.10.1 http://admanage.com/index.php?ct=optimizat&ac=addDirectional
COOKIE: array (
  'PHPSESSID' => 'q87a8i1dd7ibaf3l1ee7j7p5a8',
  'ht_name' => 'yunhua',
  'ht_keep' => '1',
  'js_collapse' => '0',
)
0[2019-12-13 14:37:58]Warn: /home/vagrant/code/admin/web/admin/service/SrvAuth.php 263
Invalid argument supplied for foreach()

-----------------------------------
0[2019-12-13 14:38:47] 192.168.10.1 http://admanage.com/index.php?ct=optimizat&ac=addDirectional
COOKIE: array (
  'PHPSESSID' => 'q87a8i1dd7ibaf3l1ee7j7p5a8',
  'ht_name' => 'yunhua',
  'ht_keep' => '1',
  'js_collapse' => '0',
)
0[2019-12-13 14:38:47]Warn: /home/vagrant/code/admin/web/admin/service/SrvAuth.php 263
Invalid argument supplied for foreach()

-----------------------------------
0[2019-12-13 14:39:59] 192.168.10.1 http://admanage.com/index.php?ct=optimizat&ac=addDirectional
COOKIE: array (
  'PHPSESSID' => 'q87a8i1dd7ibaf3l1ee7j7p5a8',
  'ht_name' => 'yunhua',
  'ht_keep' => '1',
  'js_collapse' => '0',
)
0[2019-12-13 14:39:59]Warn: /home/vagrant/code/admin/web/admin/service/SrvAuth.php 263
Invalid argument supplied for foreach()

-----------------------------------
0[2019-12-13 14:40:26] 192.168.10.1 http://admanage.com/index.php?ct=optimizat&ac=addDirectional
COOKIE: array (
  'PHPSESSID' => 'q87a8i1dd7ibaf3l1ee7j7p5a8',
  'ht_name' => 'yunhua',
  'ht_keep' => '1',
  'js_collapse' => '0',
)
0[2019-12-13 14:40:26]Warn: /home/vagrant/code/admin/web/admin/service/SrvAuth.php 263
Invalid argument supplied for foreach()

-----------------------------------
0[2019-12-13 14:40:42] 192.168.10.1 http://admanage.com/index.php?ct=optimizat&ac=addDirectional
COOKIE: array (
  'PHPSESSID' => 'q87a8i1dd7ibaf3l1ee7j7p5a8',
  'ht_name' => 'yunhua',
  'ht_keep' => '1',
  'js_collapse' => '0',
)
0[2019-12-13 14:40:42]Warn: /home/vagrant/code/admin/web/admin/service/SrvAuth.php 263
Invalid argument supplied for foreach()

-----------------------------------
0[2019-12-13 14:41:02] 192.168.10.1 http://admanage.com/index.php?ct=optimizat&ac=addDirectional
COOKIE: array (
  'PHPSESSID' => 'q87a8i1dd7ibaf3l1ee7j7p5a8',
  'ht_name' => 'yunhua',
  'ht_keep' => '1',
  'js_collapse' => '0',
)
0[2019-12-13 14:41:02]Warn: /home/vagrant/code/admin/web/admin/service/SrvAuth.php 263
Invalid argument supplied for foreach()

-----------------------------------
0[2019-12-13 14:41:10] 192.168.10.1 http://admanage.com/index.php?ct=optimizat&ac=addDirectional
COOKIE: array (
  'PHPSESSID' => 'q87a8i1dd7ibaf3l1ee7j7p5a8',
  'ht_name' => 'yunhua',
  'ht_keep' => '1',
  'js_collapse' => '0',
)
0[2019-12-13 14:41:10]Warn: /home/vagrant/code/admin/web/admin/service/SrvAuth.php 263
Invalid argument supplied for foreach()

-----------------------------------
0[2019-12-13 14:41:12] 192.168.10.1 http://admanage.com/index.php?ct=optimizat&ac=addDirectional
COOKIE: array (
  'PHPSESSID' => 'q87a8i1dd7ibaf3l1ee7j7p5a8',
  'ht_name' => 'yunhua',
  'ht_keep' => '1',
  'js_collapse' => '0',
)
0[2019-12-13 14:41:12]Warn: /home/vagrant/code/admin/web/admin/service/SrvAuth.php 263
Invalid argument supplied for foreach()

-----------------------------------
0[2019-12-13 14:41:16] 192.168.10.1 http://admanage.com/index.php?ct=optimizat&ac=addDirectional
COOKIE: array (
  'PHPSESSID' => 'q87a8i1dd7ibaf3l1ee7j7p5a8',
  'ht_name' => 'yunhua',
  'ht_keep' => '1',
  'js_collapse' => '0',
)
0[2019-12-13 14:41:16]Warn: /home/vagrant/code/admin/web/admin/service/SrvAuth.php 263
Invalid argument supplied for foreach()

-----------------------------------
0[2019-12-13 14:41:23] 192.168.10.1 http://admanage.com/index.php?ct=optimizat&ac=addDirectional
COOKIE: array (
  'PHPSESSID' => 'q87a8i1dd7ibaf3l1ee7j7p5a8',
  'ht_name' => 'yunhua',
  'ht_keep' => '1',
  'js_collapse' => '0',
)
0[2019-12-13 14:41:23]Warn: /home/vagrant/code/admin/web/admin/service/SrvAuth.php 263
Invalid argument supplied for foreach()

-----------------------------------
0[2019-12-13 14:41:54] 192.168.10.1 http://admanage.com/index.php?ct=optimizat&ac=addDirectional
COOKIE: array (
  'PHPSESSID' => 'q87a8i1dd7ibaf3l1ee7j7p5a8',
  'ht_name' => 'yunhua',
  'ht_keep' => '1',
  'js_collapse' => '0',
)
0[2019-12-13 14:41:54]Warn: /home/vagrant/code/admin/web/admin/service/SrvAuth.php 263
Invalid argument supplied for foreach()

-----------------------------------
0[2019-12-13 14:43:36] 192.168.10.1 http://admanage.com/index.php?ct=optimizat&ac=addDirectional
COOKIE: array (
  'PHPSESSID' => 'q87a8i1dd7ibaf3l1ee7j7p5a8',
  'ht_name' => 'yunhua',
  'ht_keep' => '1',
  'js_collapse' => '0',
)
0[2019-12-13 14:43:36]Warn: /home/vagrant/code/admin/web/admin/service/SrvAuth.php 263
Invalid argument supplied for foreach()

-----------------------------------
0[2019-12-13 14:44:16] 192.168.10.1 http://admanage.com/index.php?ct=optimizat&ac=addDirectional
COOKIE: array (
  'PHPSESSID' => 'q87a8i1dd7ibaf3l1ee7j7p5a8',
  'ht_name' => 'yunhua',
  'ht_keep' => '1',
  'js_collapse' => '0',
)
0[2019-12-13 14:44:16]Warn: /home/vagrant/code/admin/web/admin/service/SrvAuth.php 263
Invalid argument supplied for foreach()

-----------------------------------
0[2019-12-13 14:44:22] 192.168.10.1 http://admanage.com/index.php?ct=optimizat&ac=addDirectional
COOKIE: array (
  'PHPSESSID' => 'q87a8i1dd7ibaf3l1ee7j7p5a8',
  'ht_name' => 'yunhua',
  'ht_keep' => '1',
  'js_collapse' => '0',
)
0[2019-12-13 14:44:22]Warn: /home/vagrant/code/admin/web/admin/service/SrvAuth.php 263
Invalid argument supplied for foreach()

-----------------------------------
0[2019-12-13 14:45:31] 192.168.10.1 http://admanage.com/index.php?ct=optimizat&ac=addDirectional
COOKIE: array (
  'PHPSESSID' => 'q87a8i1dd7ibaf3l1ee7j7p5a8',
  'ht_name' => 'yunhua',
  'ht_keep' => '1',
  'js_collapse' => '0',
)
0[2019-12-13 14:45:31]Warn: /home/vagrant/code/admin/web/admin/service/SrvAuth.php 263
Invalid argument supplied for foreach()

-----------------------------------
0[2019-12-13 14:45:52] 192.168.10.1 http://admanage.com/index.php?ct=optimizat&ac=addDirectional
COOKIE: array (
  'PHPSESSID' => 'q87a8i1dd7ibaf3l1ee7j7p5a8',
  'ht_name' => 'yunhua',
  'ht_keep' => '1',
  'js_collapse' => '0',
)
0[2019-12-13 14:45:52]Warn: /home/vagrant/code/admin/web/admin/service/SrvAuth.php 263
Invalid argument supplied for foreach()

-----------------------------------
0[2019-12-13 14:46:10] 192.168.10.1 http://admanage.com/index.php?ct=optimizat&ac=addDirectional
COOKIE: array (
  'PHPSESSID' => 'q87a8i1dd7ibaf3l1ee7j7p5a8',
  'ht_name' => 'yunhua',
  'ht_keep' => '1',
  'js_collapse' => '0',
)
0[2019-12-13 14:46:10]Warn: /home/vagrant/code/admin/web/admin/service/SrvAuth.php 263
Invalid argument supplied for foreach()

-----------------------------------
0[2019-12-13 14:46:32] 192.168.10.1 http://admanage.com/index.php?ct=optimizat&ac=addDirectional
COOKIE: array (
  'PHPSESSID' => 'q87a8i1dd7ibaf3l1ee7j7p5a8',
  'ht_name' => 'yunhua',
  'ht_keep' => '1',
  'js_collapse' => '0',
)
0[2019-12-13 14:46:32]Warn: /home/vagrant/code/admin/web/admin/service/SrvAuth.php 263
Invalid argument supplied for foreach()

-----------------------------------
0[2019-12-13 14:55:33] 192.168.10.1 http://admanage.com/index.php?ct=optimizat&ac=addDirectional
COOKIE: array (
  'PHPSESSID' => 'q87a8i1dd7ibaf3l1ee7j7p5a8',
  'ht_name' => 'yunhua',
  'ht_keep' => '1',
  'js_collapse' => '0',
)
0[2019-12-13 14:55:33]Warn: /home/vagrant/code/admin/web/admin/service/SrvAuth.php 263
Invalid argument supplied for foreach()

-----------------------------------
0[2019-12-13 14:56:00] 192.168.10.1 http://admanage.com/index.php?ct=optimizat&ac=addDirectional
COOKIE: array (
  'PHPSESSID' => 'q87a8i1dd7ibaf3l1ee7j7p5a8',
  'ht_name' => 'yunhua',
  'ht_keep' => '1',
  'js_collapse' => '0',
)
0[2019-12-13 14:56:00]Warn: /home/vagrant/code/admin/web/admin/service/SrvAuth.php 263
Invalid argument supplied for foreach()

-----------------------------------
0[2019-12-13 14:56:12] 192.168.10.1 http://admanage.com/index.php?ct=optimizat&ac=addDirectional
COOKIE: array (
  'PHPSESSID' => 'q87a8i1dd7ibaf3l1ee7j7p5a8',
  'ht_name' => 'yunhua',
  'ht_keep' => '1',
  'js_collapse' => '0',
)
0[2019-12-13 14:56:12]Warn: /home/vagrant/code/admin/web/admin/service/SrvAuth.php 263
Invalid argument supplied for foreach()

-----------------------------------
0[2019-12-13 14:56:15] 192.168.10.1 http://admanage.com/index.php?ct=optimizat&ac=addDirectional
COOKIE: array (
  'PHPSESSID' => 'q87a8i1dd7ibaf3l1ee7j7p5a8',
  'ht_name' => 'yunhua',
  'ht_keep' => '1',
  'js_collapse' => '0',
)
0[2019-12-13 14:56:15]Warn: /home/vagrant/code/admin/web/admin/service/SrvAuth.php 263
Invalid argument supplied for foreach()

-----------------------------------
0[2019-12-13 15:00:53] 192.168.10.1 http://admanage.com/index.php?ct=optimizat&ac=addDirectional
COOKIE: array (
  'PHPSESSID' => 'q87a8i1dd7ibaf3l1ee7j7p5a8',
  'ht_name' => 'yunhua',
  'ht_keep' => '1',
  'js_collapse' => '0',
)
0[2019-12-13 15:00:53]Warn: /home/vagrant/code/admin/web/admin/service/SrvAuth.php 263
Invalid argument supplied for foreach()

-----------------------------------
0[2019-12-13 15:02:00] 192.168.10.1 http://admanage.com/index.php?ct=optimizat&ac=addDirectional
COOKIE: array (
  'PHPSESSID' => 'q87a8i1dd7ibaf3l1ee7j7p5a8',
  'ht_name' => 'yunhua',
  'ht_keep' => '1',
  'js_collapse' => '0',
)
0[2019-12-13 15:02:00]Warn: /home/vagrant/code/admin/web/admin/service/SrvAuth.php 263
Invalid argument supplied for foreach()

-----------------------------------
0[2019-12-13 15:04:03] 192.168.10.1 http://admanage.com/index.php?ct=optimizat&ac=addDirectional
COOKIE: array (
  'PHPSESSID' => 'q87a8i1dd7ibaf3l1ee7j7p5a8',
  'ht_name' => 'yunhua',
  'ht_keep' => '1',
  'js_collapse' => '0',
)
0[2019-12-13 15:04:03]Warn: /home/vagrant/code/admin/web/admin/service/SrvAuth.php 263
Invalid argument supplied for foreach()

-----------------------------------
0[2019-12-13 15:06:35] 192.168.10.1 http://admanage.com/index.php?ct=optimizat&ac=addDirectional
COOKIE: array (
  'PHPSESSID' => 'q87a8i1dd7ibaf3l1ee7j7p5a8',
  'ht_name' => 'yunhua',
  'ht_keep' => '1',
  'js_collapse' => '0',
)
0[2019-12-13 15:06:35]Warn: /home/vagrant/code/admin/web/admin/service/SrvAuth.php 263
Invalid argument supplied for foreach()

-----------------------------------
0[2019-12-13 15:09:37] 192.168.10.1 http://admanage.com/index.php?ct=optimizat&ac=addDirectional
COOKIE: array (
  'PHPSESSID' => 'q87a8i1dd7ibaf3l1ee7j7p5a8',
  'ht_name' => 'yunhua',
  'ht_keep' => '1',
  'js_collapse' => '0',
)
0[2019-12-13 15:09:37]Warn: /home/vagrant/code/admin/web/admin/service/SrvAuth.php 263
Invalid argument supplied for foreach()

-----------------------------------
0[2019-12-13 15:13:54] 192.168.10.1 http://admanage.com/index.php?ct=optimizat&ac=addDirectional
COOKIE: array (
  'PHPSESSID' => 'q87a8i1dd7ibaf3l1ee7j7p5a8',
  'ht_name' => 'yunhua',
  'ht_keep' => '1',
  'js_collapse' => '0',
)
0[2019-12-13 15:13:54]Warn: /home/vagrant/code/admin/web/admin/service/SrvAuth.php 263
Invalid argument supplied for foreach()

-----------------------------------
0[2019-12-13 15:15:53] 192.168.10.1 http://admanage.com/index.php?ct=optimizat&ac=addDirectional
COOKIE: array (
  'PHPSESSID' => 'q87a8i1dd7ibaf3l1ee7j7p5a8',
  'ht_name' => 'yunhua',
  'ht_keep' => '1',
  'js_collapse' => '0',
)
0[2019-12-13 15:15:53]Warn: /home/vagrant/code/admin/web/admin/service/SrvAuth.php 263
Invalid argument supplied for foreach()

-----------------------------------
0[2019-12-13 15:16:09] 192.168.10.1 http://admanage.com/index.php?ct=optimizat&ac=addDirectional
COOKIE: array (
  'PHPSESSID' => 'q87a8i1dd7ibaf3l1ee7j7p5a8',
  'ht_name' => 'yunhua',
  'ht_keep' => '1',
  'js_collapse' => '0',
)
0[2019-12-13 15:16:09]Warn: /home/vagrant/code/admin/web/admin/service/SrvAuth.php 263
Invalid argument supplied for foreach()

-----------------------------------
0[2019-12-13 15:20:58] 192.168.10.1 http://admanage.com/index.php?ct=optimizat&ac=addDirectional
COOKIE: array (
  'PHPSESSID' => 'q87a8i1dd7ibaf3l1ee7j7p5a8',
  'ht_name' => 'yunhua',
  'ht_keep' => '1',
  'js_collapse' => '0',
)
0[2019-12-13 15:20:58]Warn: /home/vagrant/code/admin/web/admin/service/SrvAuth.php 263
Invalid argument supplied for foreach()

-----------------------------------
0[2019-12-13 15:21:22] 192.168.10.1 http://admanage.com/index.php?ct=optimizat&ac=addDirectional
COOKIE: array (
  'PHPSESSID' => 'q87a8i1dd7ibaf3l1ee7j7p5a8',
  'ht_name' => 'yunhua',
  'ht_keep' => '1',
  'js_collapse' => '0',
)
0[2019-12-13 15:21:22]Warn: /home/vagrant/code/admin/web/admin/service/SrvAuth.php 263
Invalid argument supplied for foreach()

-----------------------------------
0[2019-12-13 15:22:07] 192.168.10.1 http://admanage.com/index.php?ct=optimizat&ac=addDirectional
COOKIE: array (
  'PHPSESSID' => 'q87a8i1dd7ibaf3l1ee7j7p5a8',
  'ht_name' => 'yunhua',
  'ht_keep' => '1',
  'js_collapse' => '0',
)
0[2019-12-13 15:22:07]Warn: /home/vagrant/code/admin/web/admin/service/SrvAuth.php 263
Invalid argument supplied for foreach()

-----------------------------------
0[2019-12-13 15:23:08] 192.168.10.1 http://admanage.com/index.php?ct=optimizat&ac=addDirectional
COOKIE: array (
  'PHPSESSID' => 'q87a8i1dd7ibaf3l1ee7j7p5a8',
  'ht_name' => 'yunhua',
  'ht_keep' => '1',
  'js_collapse' => '0',
)
0[2019-12-13 15:23:08]Warn: /home/vagrant/code/admin/web/admin/service/SrvAuth.php 263
Invalid argument supplied for foreach()

-----------------------------------
0[2019-12-13 15:23:20] 192.168.10.1 http://admanage.com/index.php?ct=optimizat&ac=addDirectional
COOKIE: array (
  'PHPSESSID' => 'q87a8i1dd7ibaf3l1ee7j7p5a8',
  'ht_name' => 'yunhua',
  'ht_keep' => '1',
  'js_collapse' => '0',
)
0[2019-12-13 15:23:20]Warn: /home/vagrant/code/admin/web/admin/service/SrvAuth.php 263
Invalid argument supplied for foreach()

-----------------------------------
0[2019-12-13 15:24:27] 192.168.10.1 http://admanage.com/index.php?ct=optimizat&ac=addDirectional
COOKIE: array (
  'PHPSESSID' => 'q87a8i1dd7ibaf3l1ee7j7p5a8',
  'ht_name' => 'yunhua',
  'ht_keep' => '1',
  'js_collapse' => '0',
)
0[2019-12-13 15:24:27]Warn: /home/vagrant/code/admin/web/admin/service/SrvAuth.php 263
Invalid argument supplied for foreach()

-----------------------------------
0[2019-12-13 15:25:02] 192.168.10.1 http://admanage.com/index.php?ct=optimizat&ac=addDirectional
COOKIE: array (
  'PHPSESSID' => 'q87a8i1dd7ibaf3l1ee7j7p5a8',
  'ht_name' => 'yunhua',
  'ht_keep' => '1',
  'js_collapse' => '0',
)
0[2019-12-13 15:25:02]Warn: /home/vagrant/code/admin/web/admin/service/SrvAuth.php 263
Invalid argument supplied for foreach()

-----------------------------------
0[2019-12-13 15:25:14] 192.168.10.1 http://admanage.com/index.php?ct=optimizat&ac=addDirectional
COOKIE: array (
  'PHPSESSID' => 'q87a8i1dd7ibaf3l1ee7j7p5a8',
  'ht_name' => 'yunhua',
  'ht_keep' => '1',
  'js_collapse' => '0',
)
0[2019-12-13 15:25:14]Warn: /home/vagrant/code/admin/web/admin/service/SrvAuth.php 263
Invalid argument supplied for foreach()

-----------------------------------
0[2019-12-13 15:28:24] 192.168.10.1 http://admanage.com/index.php?ct=optimizat&ac=addDirectional
COOKIE: array (
  'PHPSESSID' => 'q87a8i1dd7ibaf3l1ee7j7p5a8',
  'ht_name' => 'yunhua',
  'ht_keep' => '1',
  'js_collapse' => '0',
)
0[2019-12-13 15:28:24]Warn: /home/vagrant/code/admin/web/admin/service/SrvAuth.php 263
Invalid argument supplied for foreach()

-----------------------------------
0[2019-12-13 15:35:38] 192.168.10.1 http://admanage.com/index.php?ct=optimizat&ac=addDirectional
COOKIE: array (
  'PHPSESSID' => 'q87a8i1dd7ibaf3l1ee7j7p5a8',
  'ht_name' => 'yunhua',
  'ht_keep' => '1',
  'js_collapse' => '0',
)
0[2019-12-13 15:35:38]Warn: /home/vagrant/code/admin/web/admin/service/SrvAuth.php 263
Invalid argument supplied for foreach()

-----------------------------------
0[2019-12-13 15:37:53] 192.168.10.1 http://admanage.com/index.php?ct=optimizat&ac=addDirectional
COOKIE: array (
  'PHPSESSID' => 'q87a8i1dd7ibaf3l1ee7j7p5a8',
  'ht_name' => 'yunhua',
  'ht_keep' => '1',
  'js_collapse' => '0',
)
0[2019-12-13 15:37:53]Warn: /home/vagrant/code/admin/web/admin/service/SrvAuth.php 263
Invalid argument supplied for foreach()

-----------------------------------
0[2019-12-13 15:38:10] 192.168.10.1 http://admanage.com/index.php?ct=optimizat&ac=addDirectional
COOKIE: array (
  'PHPSESSID' => 'q87a8i1dd7ibaf3l1ee7j7p5a8',
  'ht_name' => 'yunhua',
  'ht_keep' => '1',
  'js_collapse' => '0',
)
0[2019-12-13 15:38:10]Warn: /home/vagrant/code/admin/web/admin/service/SrvAuth.php 263
Invalid argument supplied for foreach()

-----------------------------------
0[2019-12-13 15:38:51] 192.168.10.1 http://admanage.com/index.php?ct=optimizat&ac=addDirectional
COOKIE: array (
  'PHPSESSID' => 'q87a8i1dd7ibaf3l1ee7j7p5a8',
  'ht_name' => 'yunhua',
  'ht_keep' => '1',
  'js_collapse' => '0',
)
0[2019-12-13 15:38:51]Warn: /home/vagrant/code/admin/web/admin/service/SrvAuth.php 263
Invalid argument supplied for foreach()

-----------------------------------
0[2019-12-13 15:38:58] 192.168.10.1 http://admanage.com/index.php?ct=optimizat&ac=addDirectional
COOKIE: array (
  'PHPSESSID' => 'q87a8i1dd7ibaf3l1ee7j7p5a8',
  'ht_name' => 'yunhua',
  'ht_keep' => '1',
  'js_collapse' => '0',
)
0[2019-12-13 15:38:58]Warn: /home/vagrant/code/admin/web/admin/service/SrvAuth.php 263
Invalid argument supplied for foreach()

-----------------------------------
0[2019-12-13 15:39:16] 192.168.10.1 http://admanage.com/index.php?ct=optimizat&ac=addDirectional
COOKIE: array (
  'PHPSESSID' => 'q87a8i1dd7ibaf3l1ee7j7p5a8',
  'ht_name' => 'yunhua',
  'ht_keep' => '1',
  'js_collapse' => '0',
)
0[2019-12-13 15:39:16]Warn: /home/vagrant/code/admin/web/admin/service/SrvAuth.php 263
Invalid argument supplied for foreach()

-----------------------------------
0[2019-12-13 15:39:47] 192.168.10.1 http://admanage.com/index.php?ct=optimizat&ac=addDirectional
COOKIE: array (
  'PHPSESSID' => 'q87a8i1dd7ibaf3l1ee7j7p5a8',
  'ht_name' => 'yunhua',
  'ht_keep' => '1',
  'js_collapse' => '0',
)
0[2019-12-13 15:39:47]Warn: /home/vagrant/code/admin/web/admin/service/SrvAuth.php 263
Invalid argument supplied for foreach()

-----------------------------------
0[2019-12-13 15:40:18] 192.168.10.1 http://admanage.com/index.php?ct=optimizat&ac=addDirectional
COOKIE: array (
  'PHPSESSID' => 'q87a8i1dd7ibaf3l1ee7j7p5a8',
  'ht_name' => 'yunhua',
  'ht_keep' => '1',
  'js_collapse' => '0',
)
0[2019-12-13 15:40:18]Warn: /home/vagrant/code/admin/web/admin/service/SrvAuth.php 263
Invalid argument supplied for foreach()

-----------------------------------
0[2019-12-13 15:40:46] 192.168.10.1 http://admanage.com/index.php?ct=optimizat&ac=addDirectional
COOKIE: array (
  'PHPSESSID' => 'q87a8i1dd7ibaf3l1ee7j7p5a8',
  'ht_name' => 'yunhua',
  'ht_keep' => '1',
  'js_collapse' => '0',
)
0[2019-12-13 15:40:46]Warn: /home/vagrant/code/admin/web/admin/service/SrvAuth.php 263
Invalid argument supplied for foreach()

-----------------------------------
0[2019-12-13 15:43:02] 192.168.10.1 http://admanage.com/index.php?ct=optimizat&ac=addDirectional
COOKIE: array (
  'PHPSESSID' => 'q87a8i1dd7ibaf3l1ee7j7p5a8',
  'ht_name' => 'yunhua',
  'ht_keep' => '1',
  'js_collapse' => '0',
)
0[2019-12-13 15:43:02]Warn: /home/vagrant/code/admin/web/admin/service/SrvAuth.php 263
Invalid argument supplied for foreach()

-----------------------------------
0[2019-12-13 15:43:11] 192.168.10.1 http://admanage.com/index.php?ct=optimizat&ac=addDirectional
COOKIE: array (
  'PHPSESSID' => 'q87a8i1dd7ibaf3l1ee7j7p5a8',
  'ht_name' => 'yunhua',
  'ht_keep' => '1',
  'js_collapse' => '0',
)
0[2019-12-13 15:43:11]Warn: /home/vagrant/code/admin/web/admin/service/SrvAuth.php 263
Invalid argument supplied for foreach()

-----------------------------------
0[2019-12-13 15:48:02] 192.168.10.1 http://admanage.com/index.php?ct=optimizat&ac=addDirectional
COOKIE: array (
  'PHPSESSID' => 'q87a8i1dd7ibaf3l1ee7j7p5a8',
  'ht_name' => 'yunhua',
  'ht_keep' => '1',
  'js_collapse' => '0',
)
0[2019-12-13 15:48:02]Warn: /home/vagrant/code/admin/web/admin/service/SrvAuth.php 263
Invalid argument supplied for foreach()

-----------------------------------
0[2019-12-13 15:49:33] 192.168.10.1 http://admanage.com/index.php?ct=optimizat&ac=addDirectional
COOKIE: array (
  'PHPSESSID' => 'q87a8i1dd7ibaf3l1ee7j7p5a8',
  'ht_name' => 'yunhua',
  'ht_keep' => '1',
  'js_collapse' => '0',
)
0[2019-12-13 15:49:33]Warn: /home/vagrant/code/admin/web/admin/service/SrvAuth.php 263
Invalid argument supplied for foreach()

-----------------------------------
0[2019-12-13 15:50:55] 192.168.10.1 http://admanage.com/index.php?ct=optimizat&ac=addDirectional
COOKIE: array (
  'PHPSESSID' => 'q87a8i1dd7ibaf3l1ee7j7p5a8',
  'ht_name' => 'yunhua',
  'ht_keep' => '1',
  'js_collapse' => '0',
)
0[2019-12-13 15:50:55]Warn: /home/vagrant/code/admin/web/admin/service/SrvAuth.php 263
Invalid argument supplied for foreach()

-----------------------------------
0[2019-12-13 15:51:38] 192.168.10.1 http://admanage.com/index.php?ct=optimizat&ac=addDirectional
COOKIE: array (
  'PHPSESSID' => 'q87a8i1dd7ibaf3l1ee7j7p5a8',
  'ht_name' => 'yunhua',
  'ht_keep' => '1',
  'js_collapse' => '0',
)
0[2019-12-13 15:51:38]Warn: /home/vagrant/code/admin/web/admin/service/SrvAuth.php 263
Invalid argument supplied for foreach()

-----------------------------------
0[2019-12-13 15:52:12] 192.168.10.1 http://admanage.com/index.php?ct=optimizat&ac=addDirectional
COOKIE: array (
  'PHPSESSID' => 'q87a8i1dd7ibaf3l1ee7j7p5a8',
  'ht_name' => 'yunhua',
  'ht_keep' => '1',
  'js_collapse' => '0',
)
0[2019-12-13 15:52:12]Warn: /home/vagrant/code/admin/web/admin/service/SrvAuth.php 263
Invalid argument supplied for foreach()

-----------------------------------
0[2019-12-13 15:54:49] 192.168.10.1 http://admanage.com/index.php?ct=optimizat&ac=addDirectional
COOKIE: array (
  'PHPSESSID' => 'q87a8i1dd7ibaf3l1ee7j7p5a8',
  'ht_name' => 'yunhua',
  'ht_keep' => '1',
  'js_collapse' => '0',
)
0[2019-12-13 15:54:49]Warn: /home/vagrant/code/admin/web/admin/service/SrvAuth.php 263
Invalid argument supplied for foreach()

-----------------------------------
0[2019-12-13 15:55:43] 192.168.10.1 http://admanage.com/index.php?ct=optimizat&ac=addDirectional
COOKIE: array (
  'PHPSESSID' => 'q87a8i1dd7ibaf3l1ee7j7p5a8',
  'ht_name' => 'yunhua',
  'ht_keep' => '1',
  'js_collapse' => '0',
)
0[2019-12-13 15:55:43]Warn: /home/vagrant/code/admin/web/admin/service/SrvAuth.php 263
Invalid argument supplied for foreach()

-----------------------------------
0[2019-12-13 16:01:08] 192.168.10.1 http://admanage.com/index.php?ct=optimizat&ac=addDirectional
COOKIE: array (
  'PHPSESSID' => 'q87a8i1dd7ibaf3l1ee7j7p5a8',
  'ht_name' => 'yunhua',
  'ht_keep' => '1',
  'js_collapse' => '0',
)
0[2019-12-13 16:01:08]Warn: /home/vagrant/code/admin/web/admin/service/SrvAuth.php 263
Invalid argument supplied for foreach()

-----------------------------------
0[2019-12-13 16:02:35] 192.168.10.1 http://admanage.com/index.php?ct=optimizat&ac=addDirectional
COOKIE: array (
  'PHPSESSID' => 'q87a8i1dd7ibaf3l1ee7j7p5a8',
  'ht_name' => 'yunhua',
  'ht_keep' => '1',
  'js_collapse' => '0',
)
0[2019-12-13 16:02:35]Warn: /home/vagrant/code/admin/web/admin/service/SrvAuth.php 263
Invalid argument supplied for foreach()

-----------------------------------
0[2019-12-13 16:09:39] 192.168.10.1 http://admanage.com/index.php?ct=optimizat&ac=addDirectional
COOKIE: array (
  'PHPSESSID' => 'q87a8i1dd7ibaf3l1ee7j7p5a8',
  'ht_name' => 'yunhua',
  'ht_keep' => '1',
  'js_collapse' => '0',
)
0[2019-12-13 16:09:39]Warn: /home/vagrant/code/admin/web/admin/service/SrvAuth.php 263
Invalid argument supplied for foreach()

-----------------------------------
0[2019-12-13 16:11:47] 192.168.10.1 http://admanage.com/index.php?ct=optimizat&ac=addDirectional
COOKIE: array (
  'PHPSESSID' => 'q87a8i1dd7ibaf3l1ee7j7p5a8',
  'ht_name' => 'yunhua',
  'ht_keep' => '1',
  'js_collapse' => '0',
)
0[2019-12-13 16:11:47]Warn: /home/vagrant/code/admin/web/admin/service/SrvAuth.php 263
Invalid argument supplied for foreach()

-----------------------------------
0[2019-12-13 16:13:55] 192.168.10.1 http://admanage.com/index.php?ct=optimizat&ac=addDirectional
COOKIE: array (
  'PHPSESSID' => 'q87a8i1dd7ibaf3l1ee7j7p5a8',
  'ht_name' => 'yunhua',
  'ht_keep' => '1',
  'js_collapse' => '0',
)
0[2019-12-13 16:13:55]Warn: /home/vagrant/code/admin/web/admin/service/SrvAuth.php 263
Invalid argument supplied for foreach()

-----------------------------------
0[2019-12-13 16:17:55] 192.168.10.1 http://admanage.com/index.php?ct=optimizat&ac=addDirectional
COOKIE: array (
  'PHPSESSID' => 'q87a8i1dd7ibaf3l1ee7j7p5a8',
  'ht_name' => 'yunhua',
  'ht_keep' => '1',
  'js_collapse' => '0',
)
0[2019-12-13 16:17:55]Warn: /home/vagrant/code/admin/web/admin/service/SrvAuth.php 263
Invalid argument supplied for foreach()

-----------------------------------
0[2019-12-13 16:29:26] 192.168.10.1 http://admanage.com/index.php?ct=optimizat&ac=addDirectional
COOKIE: array (
  'PHPSESSID' => 'q87a8i1dd7ibaf3l1ee7j7p5a8',
  'ht_name' => 'yunhua',
  'ht_keep' => '1',
  'js_collapse' => '0',
)
0[2019-12-13 16:29:26]Warn: /home/vagrant/code/admin/web/admin/service/SrvAuth.php 263
Invalid argument supplied for foreach()

-----------------------------------
0[2019-12-13 16:29:49] 192.168.10.1 http://admanage.com/index.php?ct=optimizat&ac=addDirectional
COOKIE: array (
  'PHPSESSID' => 'q87a8i1dd7ibaf3l1ee7j7p5a8',
  'ht_name' => 'yunhua',
  'ht_keep' => '1',
  'js_collapse' => '0',
)
0[2019-12-13 16:29:49]Warn: /home/vagrant/code/admin/web/admin/service/SrvAuth.php 263
Invalid argument supplied for foreach()

-----------------------------------
0[2019-12-13 16:30:21] 192.168.10.1 http://admanage.com/index.php?ct=optimizat&ac=addDirectional
COOKIE: array (
  'PHPSESSID' => 'q87a8i1dd7ibaf3l1ee7j7p5a8',
  'ht_name' => 'yunhua',
  'ht_keep' => '1',
  'js_collapse' => '0',
)
0[2019-12-13 16:30:21]Warn: /home/vagrant/code/admin/web/admin/service/SrvAuth.php 263
Invalid argument supplied for foreach()

-----------------------------------
0[2019-12-13 16:30:40] 192.168.10.1 http://admanage.com/index.php?ct=optimizat&ac=addDirectional
COOKIE: array (
  'PHPSESSID' => 'q87a8i1dd7ibaf3l1ee7j7p5a8',
  'ht_name' => 'yunhua',
  'ht_keep' => '1',
  'js_collapse' => '0',
)
0[2019-12-13 16:30:40]Warn: /home/vagrant/code/admin/web/admin/service/SrvAuth.php 263
Invalid argument supplied for foreach()

-----------------------------------
0[2019-12-13 16:31:11] 192.168.10.1 http://admanage.com/index.php?ct=optimizat&ac=addDirectional
COOKIE: array (
  'PHPSESSID' => 'q87a8i1dd7ibaf3l1ee7j7p5a8',
  'ht_name' => 'yunhua',
  'ht_keep' => '1',
  'js_collapse' => '0',
)
0[2019-12-13 16:31:11]Warn: /home/vagrant/code/admin/web/admin/service/SrvAuth.php 263
Invalid argument supplied for foreach()

-----------------------------------
0[2019-12-13 16:32:22] 192.168.10.1 http://admanage.com/index.php?ct=optimizat&ac=addDirectional
COOKIE: array (
  'PHPSESSID' => 'q87a8i1dd7ibaf3l1ee7j7p5a8',
  'ht_name' => 'yunhua',
  'ht_keep' => '1',
  'js_collapse' => '0',
)
0[2019-12-13 16:32:22]Warn: /home/vagrant/code/admin/web/admin/service/SrvAuth.php 263
Invalid argument supplied for foreach()

-----------------------------------
0[2019-12-13 16:33:39] 192.168.10.1 http://admanage.com/index.php?ct=optimizat&ac=addDirectional
COOKIE: array (
  'PHPSESSID' => 'q87a8i1dd7ibaf3l1ee7j7p5a8',
  'ht_name' => 'yunhua',
  'ht_keep' => '1',
  'js_collapse' => '0',
)
0[2019-12-13 16:33:39]Warn: /home/vagrant/code/admin/web/admin/service/SrvAuth.php 263
Invalid argument supplied for foreach()

-----------------------------------
0[2019-12-13 16:37:55] 192.168.10.1 http://admanage.com/index.php?ct=optimizat&ac=addDirectional
COOKIE: array (
  'PHPSESSID' => 'q87a8i1dd7ibaf3l1ee7j7p5a8',
  'ht_name' => 'yunhua',
  'ht_keep' => '1',
  'js_collapse' => '0',
)
0[2019-12-13 16:37:55]Warn: /home/vagrant/code/admin/web/admin/service/SrvAuth.php 263
Invalid argument supplied for foreach()

-----------------------------------
0[2019-12-13 16:38:44] 192.168.10.1 http://admanage.com/index.php?ct=optimizat&ac=addDirectional
COOKIE: array (
  'PHPSESSID' => 'q87a8i1dd7ibaf3l1ee7j7p5a8',
  'ht_name' => 'yunhua',
  'ht_keep' => '1',
  'js_collapse' => '0',
)
0[2019-12-13 16:38:44]Warn: /home/vagrant/code/admin/web/admin/service/SrvAuth.php 263
Invalid argument supplied for foreach()

-----------------------------------
0[2019-12-13 16:39:50] 192.168.10.1 http://admanage.com/index.php?ct=optimizat&ac=addDirectional
COOKIE: array (
  'PHPSESSID' => 'q87a8i1dd7ibaf3l1ee7j7p5a8',
  'ht_name' => 'yunhua',
  'ht_keep' => '1',
  'js_collapse' => '0',
)
0[2019-12-13 16:39:50]Warn: /home/vagrant/code/admin/web/admin/service/SrvAuth.php 263
Invalid argument supplied for foreach()

-----------------------------------
0[2019-12-13 16:40:04] 192.168.10.1 http://admanage.com/index.php?ct=optimizat&ac=addDirectional
COOKIE: array (
  'PHPSESSID' => 'q87a8i1dd7ibaf3l1ee7j7p5a8',
  'ht_name' => 'yunhua',
  'ht_keep' => '1',
  'js_collapse' => '0',
)
0[2019-12-13 16:40:04]Warn: /home/vagrant/code/admin/web/admin/service/SrvAuth.php 263
Invalid argument supplied for foreach()

-----------------------------------
0[2019-12-13 16:41:15] 192.168.10.1 http://admanage.com/index.php?ct=optimizat&ac=addDirectional
COOKIE: array (
  'PHPSESSID' => 'q87a8i1dd7ibaf3l1ee7j7p5a8',
  'ht_name' => 'yunhua',
  'ht_keep' => '1',
  'js_collapse' => '0',
)
0[2019-12-13 16:41:15]Warn: /home/vagrant/code/admin/web/admin/service/SrvAuth.php 263
Invalid argument supplied for foreach()

-----------------------------------
0[2019-12-13 16:41:44] 192.168.10.1 http://admanage.com/index.php?ct=optimizat&ac=addDirectional
COOKIE: array (
  'PHPSESSID' => 'q87a8i1dd7ibaf3l1ee7j7p5a8',
  'ht_name' => 'yunhua',
  'ht_keep' => '1',
  'js_collapse' => '0',
)
0[2019-12-13 16:41:44]Warn: /home/vagrant/code/admin/web/admin/service/SrvAuth.php 263
Invalid argument supplied for foreach()

-----------------------------------
0[2019-12-13 16:42:10] 192.168.10.1 http://admanage.com/index.php?ct=optimizat&ac=addDirectional
COOKIE: array (
  'PHPSESSID' => 'q87a8i1dd7ibaf3l1ee7j7p5a8',
  'ht_name' => 'yunhua',
  'ht_keep' => '1',
  'js_collapse' => '0',
)
0[2019-12-13 16:42:10]Warn: /home/vagrant/code/admin/web/admin/service/SrvAuth.php 263
Invalid argument supplied for foreach()

-----------------------------------
0[2019-12-13 16:44:02] 192.168.10.1 http://admanage.com/index.php?ct=optimizat&ac=addDirectional
COOKIE: array (
  'PHPSESSID' => 'q87a8i1dd7ibaf3l1ee7j7p5a8',
  'ht_name' => 'yunhua',
  'ht_keep' => '1',
  'js_collapse' => '0',
)
0[2019-12-13 16:44:02]Warn: /home/vagrant/code/admin/web/admin/service/SrvAuth.php 263
Invalid argument supplied for foreach()

-----------------------------------
0[2019-12-13 16:45:12] 192.168.10.1 http://admanage.com/index.php?ct=optimizat&ac=addDirectional
COOKIE: array (
  'PHPSESSID' => 'q87a8i1dd7ibaf3l1ee7j7p5a8',
  'ht_name' => 'yunhua',
  'ht_keep' => '1',
  'js_collapse' => '0',
)
0[2019-12-13 16:45:12]Warn: /home/vagrant/code/admin/web/admin/service/SrvAuth.php 263
Invalid argument supplied for foreach()

-----------------------------------
0[2019-12-13 16:45:48] 192.168.10.1 http://admanage.com/index.php?ct=optimizat&ac=addDirectional
COOKIE: array (
  'PHPSESSID' => 'q87a8i1dd7ibaf3l1ee7j7p5a8',
  'ht_name' => 'yunhua',
  'ht_keep' => '1',
  'js_collapse' => '0',
)
0[2019-12-13 16:45:48]Warn: /home/vagrant/code/admin/web/admin/service/SrvAuth.php 263
Invalid argument supplied for foreach()

-----------------------------------
0[2019-12-13 16:46:23] 192.168.10.1 http://admanage.com/index.php?ct=optimizat&ac=addDirectional
COOKIE: array (
  'PHPSESSID' => 'q87a8i1dd7ibaf3l1ee7j7p5a8',
  'ht_name' => 'yunhua',
  'ht_keep' => '1',
  'js_collapse' => '0',
)
0[2019-12-13 16:46:23]Warn: /home/vagrant/code/admin/web/admin/service/SrvAuth.php 263
Invalid argument supplied for foreach()

-----------------------------------
0[2019-12-13 16:46:28] 192.168.10.1 http://admanage.com/index.php?ct=optimizat&ac=addDirectional
COOKIE: array (
  'PHPSESSID' => 'q87a8i1dd7ibaf3l1ee7j7p5a8',
  'ht_name' => 'yunhua',
  'ht_keep' => '1',
  'js_collapse' => '0',
)
0[2019-12-13 16:46:28]Warn: /home/vagrant/code/admin/web/admin/service/SrvAuth.php 263
Invalid argument supplied for foreach()

-----------------------------------
0[2019-12-13 16:59:02] 192.168.10.1 http://admanage.com/index.php?ct=optimizat&ac=addDirectional
COOKIE: array (
  'PHPSESSID' => 'q87a8i1dd7ibaf3l1ee7j7p5a8',
  'ht_name' => 'yunhua',
  'ht_keep' => '1',
  'js_collapse' => '0',
)
0[2019-12-13 16:59:02]Warn: /home/vagrant/code/admin/web/admin/service/SrvAuth.php 263
Invalid argument supplied for foreach()

-----------------------------------
0[2019-12-13 17:01:42] 192.168.10.1 http://admanage.com/index.php?ct=optimizat&ac=addDirectional
COOKIE: array (
  'PHPSESSID' => 'q87a8i1dd7ibaf3l1ee7j7p5a8',
  'ht_name' => 'yunhua',
  'ht_keep' => '1',
  'js_collapse' => '0',
)
0[2019-12-13 17:01:42]Warn: /home/vagrant/code/admin/web/admin/service/SrvAuth.php 263
Invalid argument supplied for foreach()

-----------------------------------
0[2019-12-13 17:03:36] 192.168.10.1 http://admanage.com/index.php?ct=optimizat&ac=addDirectional
COOKIE: array (
  'PHPSESSID' => 'q87a8i1dd7ibaf3l1ee7j7p5a8',
  'ht_name' => 'yunhua',
  'ht_keep' => '1',
  'js_collapse' => '0',
)
0[2019-12-13 17:03:36]Warn: /home/vagrant/code/admin/web/admin/service/SrvAuth.php 263
Invalid argument supplied for foreach()

-----------------------------------
0[2019-12-13 17:04:02] 192.168.10.1 http://admanage.com/index.php?ct=optimizat&ac=addDirectional
COOKIE: array (
  'PHPSESSID' => 'q87a8i1dd7ibaf3l1ee7j7p5a8',
  'ht_name' => 'yunhua',
  'ht_keep' => '1',
  'js_collapse' => '0',
)
0[2019-12-13 17:04:02]Warn: /home/vagrant/code/admin/web/admin/service/SrvAuth.php 263
Invalid argument supplied for foreach()

-----------------------------------
0[2019-12-13 17:06:11] 192.168.10.1 http://admanage.com/index.php?ct=optimizat&ac=addDirectional
COOKIE: array (
  'PHPSESSID' => 'q87a8i1dd7ibaf3l1ee7j7p5a8',
  'ht_name' => 'yunhua',
  'ht_keep' => '1',
  'js_collapse' => '0',
)
0[2019-12-13 17:06:11]Warn: /home/vagrant/code/admin/web/admin/service/SrvAuth.php 263
Invalid argument supplied for foreach()

-----------------------------------
0[2019-12-13 17:06:38] 192.168.10.1 http://admanage.com/index.php?ct=optimizat&ac=addDirectional
COOKIE: array (
  'PHPSESSID' => 'q87a8i1dd7ibaf3l1ee7j7p5a8',
  'ht_name' => 'yunhua',
  'ht_keep' => '1',
  'js_collapse' => '0',
)
0[2019-12-13 17:06:38]Warn: /home/vagrant/code/admin/web/admin/service/SrvAuth.php 263
Invalid argument supplied for foreach()

-----------------------------------
0[2019-12-13 17:07:25] 192.168.10.1 http://admanage.com/index.php?ct=optimizat&ac=addDirectional
COOKIE: array (
  'PHPSESSID' => 'q87a8i1dd7ibaf3l1ee7j7p5a8',
  'ht_name' => 'yunhua',
  'ht_keep' => '1',
  'js_collapse' => '0',
)
0[2019-12-13 17:07:25]Warn: /home/vagrant/code/admin/web/admin/service/SrvAuth.php 263
Invalid argument supplied for foreach()

-----------------------------------
0[2019-12-13 17:08:20] 192.168.10.1 http://admanage.com/index.php?ct=optimizat&ac=addDirectional
COOKIE: array (
  'PHPSESSID' => 'q87a8i1dd7ibaf3l1ee7j7p5a8',
  'ht_name' => 'yunhua',
  'ht_keep' => '1',
  'js_collapse' => '0',
)
0[2019-12-13 17:08:20]Warn: /home/vagrant/code/admin/web/admin/service/SrvAuth.php 263
Invalid argument supplied for foreach()

-----------------------------------
0[2019-12-13 17:09:02] 192.168.10.1 http://admanage.com/index.php?ct=optimizat&ac=addDirectional
COOKIE: array (
  'PHPSESSID' => 'q87a8i1dd7ibaf3l1ee7j7p5a8',
  'ht_name' => 'yunhua',
  'ht_keep' => '1',
  'js_collapse' => '0',
)
0[2019-12-13 17:09:02]Warn: /home/vagrant/code/admin/web/admin/service/SrvAuth.php 263
Invalid argument supplied for foreach()

-----------------------------------
0[2019-12-13 17:09:32] 192.168.10.1 http://admanage.com/index.php?ct=optimizat&ac=addDirectional
COOKIE: array (
  'PHPSESSID' => 'q87a8i1dd7ibaf3l1ee7j7p5a8',
  'ht_name' => 'yunhua',
  'ht_keep' => '1',
  'js_collapse' => '0',
)
0[2019-12-13 17:09:32]Warn: /home/vagrant/code/admin/web/admin/service/SrvAuth.php 263
Invalid argument supplied for foreach()

-----------------------------------
0[2019-12-13 17:12:40] 192.168.10.1 http://admanage.com/index.php?ct=optimizat&ac=addDirectional
COOKIE: array (
  'PHPSESSID' => 'q87a8i1dd7ibaf3l1ee7j7p5a8',
  'ht_name' => 'yunhua',
  'ht_keep' => '1',
  'js_collapse' => '0',
)
0[2019-12-13 17:12:40]Warn: /home/vagrant/code/admin/web/admin/service/SrvAuth.php 263
Invalid argument supplied for foreach()

-----------------------------------
0[2019-12-13 17:19:02] 192.168.10.1 http://admanage.com/index.php?ct=optimizat&ac=addDirectional
COOKIE: array (
  'PHPSESSID' => 'q87a8i1dd7ibaf3l1ee7j7p5a8',
  'ht_name' => 'yunhua',
  'ht_keep' => '1',
  'js_collapse' => '0',
)
0[2019-12-13 17:19:02]Warn: /home/vagrant/code/admin/web/admin/service/SrvAuth.php 263
Invalid argument supplied for foreach()

-----------------------------------
0[2019-12-13 17:24:46] 192.168.10.1 http://admanage.com/index.php?ct=optimizat&ac=addDirectional
COOKIE: array (
  'PHPSESSID' => 'q87a8i1dd7ibaf3l1ee7j7p5a8',
  'ht_name' => 'yunhua',
  'ht_keep' => '1',
  'js_collapse' => '0',
)
0[2019-12-13 17:24:46]Warn: /home/vagrant/code/admin/web/admin/service/SrvAuth.php 263
Invalid argument supplied for foreach()

-----------------------------------
0[2019-12-13 17:25:10] 192.168.10.1 http://admanage.com/index.php?ct=optimizat&ac=addDirectional
COOKIE: array (
  'PHPSESSID' => 'q87a8i1dd7ibaf3l1ee7j7p5a8',
  'ht_name' => 'yunhua',
  'ht_keep' => '1',
  'js_collapse' => '0',
)
0[2019-12-13 17:25:10]Warn: /home/vagrant/code/admin/web/admin/service/SrvAuth.php 263
Invalid argument supplied for foreach()

-----------------------------------
0[2019-12-13 17:31:02] 192.168.10.1 http://admanage.com/index.php?ct=optimizat&ac=addDirectional
COOKIE: array (
  'PHPSESSID' => 'q87a8i1dd7ibaf3l1ee7j7p5a8',
  'ht_name' => 'yunhua',
  'ht_keep' => '1',
  'js_collapse' => '0',
)
0[2019-12-13 17:31:02]Warn: /home/vagrant/code/admin/web/admin/service/SrvAuth.php 263
Invalid argument supplied for foreach()

-----------------------------------
0[2019-12-13 17:31:36] 192.168.10.1 http://admanage.com/index.php?ct=optimizat&ac=addDirectional
COOKIE: array (
  'PHPSESSID' => 'q87a8i1dd7ibaf3l1ee7j7p5a8',
  'ht_name' => 'yunhua',
  'ht_keep' => '1',
  'js_collapse' => '0',
)
0[2019-12-13 17:31:36]Warn: /home/vagrant/code/admin/web/admin/service/SrvAuth.php 263
Invalid argument supplied for foreach()

-----------------------------------
0[2019-12-13 17:40:05] 192.168.10.1 http://admanage.com/index.php?ct=optimizat&ac=addDirectional
COOKIE: array (
  'PHPSESSID' => 'q87a8i1dd7ibaf3l1ee7j7p5a8',
  'ht_name' => 'yunhua',
  'ht_keep' => '1',
  'js_collapse' => '0',
)
0[2019-12-13 17:40:05]Warn: /home/vagrant/code/admin/web/admin/service/SrvAuth.php 263
Invalid argument supplied for foreach()

-----------------------------------
0[2019-12-13 17:56:20] 192.168.10.1 http://admanage.com/index.php?ct=optimizat&ac=addDirectional
COOKIE: array (
  'PHPSESSID' => 'q87a8i1dd7ibaf3l1ee7j7p5a8',
  'ht_name' => 'yunhua',
  'ht_keep' => '1',
  'js_collapse' => '0',
)
0[2019-12-13 17:56:20]Warn: /home/vagrant/code/admin/web/admin/service/SrvAuth.php 263
Invalid argument supplied for foreach()

-----------------------------------
0[2019-12-13 18:09:24] 192.168.10.1 http://admanage.com/index.php?ct=optimizat&ac=addDirectional
COOKIE: array (
  'PHPSESSID' => 'q87a8i1dd7ibaf3l1ee7j7p5a8',
  'ht_name' => 'yunhua',
  'ht_keep' => '1',
  'js_collapse' => '0',
)
0[2019-12-13 18:09:24]Warn: /home/vagrant/code/admin/web/admin/service/SrvAuth.php 263
Invalid argument supplied for foreach()

-----------------------------------
0[2019-12-13 18:10:01] 192.168.10.1 http://admanage.com/index.php?ct=optimizat&ac=addDirectional
COOKIE: array (
  'PHPSESSID' => 'q87a8i1dd7ibaf3l1ee7j7p5a8',
  'ht_name' => 'yunhua',
  'ht_keep' => '1',
  'js_collapse' => '0',
)
0[2019-12-13 18:10:01]Warn: /home/vagrant/code/admin/web/admin/service/SrvAuth.php 263
Invalid argument supplied for foreach()

-----------------------------------
0[2019-12-13 18:10:24] 192.168.10.1 http://admanage.com/index.php?ct=optimizat&ac=addDirectional
COOKIE: array (
  'PHPSESSID' => 'q87a8i1dd7ibaf3l1ee7j7p5a8',
  'ht_name' => 'yunhua',
  'ht_keep' => '1',
  'js_collapse' => '0',
)
0[2019-12-13 18:10:24]Warn: /home/vagrant/code/admin/web/admin/service/SrvAuth.php 263
Invalid argument supplied for foreach()

-----------------------------------
0[2019-12-13 18:11:56] 192.168.10.1 http://admanage.com/index.php?ct=optimizat&ac=addDirectional
COOKIE: array (
  'PHPSESSID' => 'q87a8i1dd7ibaf3l1ee7j7p5a8',
  'ht_name' => 'yunhua',
  'ht_keep' => '1',
  'js_collapse' => '0',
)
0[2019-12-13 18:11:56]Warn: /home/vagrant/code/admin/web/admin/service/SrvAuth.php 263
Invalid argument supplied for foreach()

-----------------------------------
0[2019-12-13 18:15:58] 192.168.10.1 http://admanage.com/index.php?ct=optimizat&ac=addDirectional
COOKIE: array (
  'PHPSESSID' => 'q87a8i1dd7ibaf3l1ee7j7p5a8',
  'ht_name' => 'yunhua',
  'ht_keep' => '1',
  'js_collapse' => '0',
)
0[2019-12-13 18:15:58]Warn: /home/vagrant/code/admin/web/admin/service/SrvAuth.php 263
Invalid argument supplied for foreach()

-----------------------------------
0[2019-12-13 18:16:50] 192.168.10.1 http://admanage.com/index.php?ct=optimizat&ac=addDirectional
COOKIE: array (
  'PHPSESSID' => 'q87a8i1dd7ibaf3l1ee7j7p5a8',
  'ht_name' => 'yunhua',
  'ht_keep' => '1',
  'js_collapse' => '0',
)
0[2019-12-13 18:16:50]Warn: /home/vagrant/code/admin/web/admin/service/SrvAuth.php 263
Invalid argument supplied for foreach()

-----------------------------------
0[2019-12-13 18:30:40] 192.168.10.1 http://admanage.com/index.php?ct=optimizat&ac=addDirectional
COOKIE: array (
  'PHPSESSID' => 'q87a8i1dd7ibaf3l1ee7j7p5a8',
  'ht_name' => 'yunhua',
  'ht_keep' => '1',
  'js_collapse' => '0',
)
0[2019-12-13 18:30:40]Warn: /home/vagrant/code/admin/web/admin/service/SrvAuth.php 263
Invalid argument supplied for foreach()

-----------------------------------
0[2019-12-13 18:32:39] 192.168.10.1 http://admanage.com/index.php?ct=optimizat&ac=addDirectional
COOKIE: array (
  'PHPSESSID' => 'q87a8i1dd7ibaf3l1ee7j7p5a8',
  'ht_name' => 'yunhua',
  'ht_keep' => '1',
  'js_collapse' => '0',
)
0[2019-12-13 18:32:39]Warn: /home/vagrant/code/admin/web/admin/service/SrvAuth.php 263
Invalid argument supplied for foreach()

-----------------------------------
0[2019-12-13 18:32:47] 192.168.10.1 http://admanage.com/index.php?ct=optimizat&ac=addDirectional
COOKIE: array (
  'PHPSESSID' => 'q87a8i1dd7ibaf3l1ee7j7p5a8',
  'ht_name' => 'yunhua',
  'ht_keep' => '1',
  'js_collapse' => '0',
)
0[2019-12-13 18:32:47]Warn: /home/vagrant/code/admin/web/admin/service/SrvAuth.php 263
Invalid argument supplied for foreach()

-----------------------------------
0[2019-12-13 18:33:03] 192.168.10.1 http://admanage.com/index.php?ct=optimizat&ac=addDirectional
COOKIE: array (
  'PHPSESSID' => 'q87a8i1dd7ibaf3l1ee7j7p5a8',
  'ht_name' => 'yunhua',
  'ht_keep' => '1',
  'js_collapse' => '0',
)
0[2019-12-13 18:33:03]Warn: /home/vagrant/code/admin/web/admin/service/SrvAuth.php 263
Invalid argument supplied for foreach()

-----------------------------------
0[2019-12-13 18:33:53] 192.168.10.1 http://admanage.com/index.php?ct=optimizat&ac=addDirectional
COOKIE: array (
  'PHPSESSID' => 'q87a8i1dd7ibaf3l1ee7j7p5a8',
  'ht_name' => 'yunhua',
  'ht_keep' => '1',
  'js_collapse' => '0',
)
0[2019-12-13 18:33:53]Warn: /home/vagrant/code/admin/web/admin/service/SrvAuth.php 263
Invalid argument supplied for foreach()

-----------------------------------
0[2019-12-13 18:41:18] 192.168.10.1 http://admanage.com/index.php?ct=optimizat&ac=addDirectional
COOKIE: array (
  'PHPSESSID' => 'q87a8i1dd7ibaf3l1ee7j7p5a8',
  'ht_name' => 'yunhua',
  'ht_keep' => '1',
  'js_collapse' => '0',
)
0[2019-12-13 18:41:18]Warn: /home/vagrant/code/admin/web/admin/service/SrvAuth.php 263
Invalid argument supplied for foreach()

-----------------------------------
0[2019-12-13 18:43:18] 192.168.10.1 http://admanage.com/?ct=retainData&ac=retain
COOKIE: array (
  'PHPSESSID' => 'q87a8i1dd7ibaf3l1ee7j7p5a8',
  'ht_name' => 'yunhua',
  'ht_keep' => '1',
  'js_collapse' => '0',
)
0[2019-12-13 18:43:18]Warn: /home/vagrant/code/admin/web/admin/service/SrvAuth.php 263
Invalid argument supplied for foreach()
0[2019-12-13 18:43:18]Warn: /home/vagrant/code/admin/runtime/cache/12cb493e588b5c8129fd487879175249f2991354_2.file.retain.tpl.php 104
Division by zero
0[2019-12-13 18:43:18]Warn: /home/vagrant/code/admin/runtime/cache/12cb493e588b5c8129fd487879175249f2991354_2.file.retain.tpl.php 106
Division by zero
0[2019-12-13 18:43:18]Warn: /home/vagrant/code/admin/runtime/cache/12cb493e588b5c8129fd487879175249f2991354_2.file.retain.tpl.php 108
Division by zero
0[2019-12-13 18:43:18]Warn: /home/vagrant/code/admin/runtime/cache/12cb493e588b5c8129fd487879175249f2991354_2.file.retain.tpl.php 110
Division by zero
0[2019-12-13 18:43:18]Warn: /home/vagrant/code/admin/runtime/cache/12cb493e588b5c8129fd487879175249f2991354_2.file.retain.tpl.php 112
Division by zero
0[2019-12-13 18:43:18]Warn: /home/vagrant/code/admin/runtime/cache/12cb493e588b5c8129fd487879175249f2991354_2.file.retain.tpl.php 114
Division by zero
0[2019-12-13 18:43:18]Warn: /home/vagrant/code/admin/runtime/cache/12cb493e588b5c8129fd487879175249f2991354_2.file.retain.tpl.php 116
Division by zero
0[2019-12-13 18:43:18]Warn: /home/vagrant/code/admin/runtime/cache/12cb493e588b5c8129fd487879175249f2991354_2.file.retain.tpl.php 118
Division by zero
0[2019-12-13 18:43:18]Warn: /home/vagrant/code/admin/runtime/cache/12cb493e588b5c8129fd487879175249f2991354_2.file.retain.tpl.php 120
Division by zero
0[2019-12-13 18:43:18]Warn: /home/vagrant/code/admin/runtime/cache/12cb493e588b5c8129fd487879175249f2991354_2.file.retain.tpl.php 122
Division by zero
0[2019-12-13 18:43:18]Warn: /home/vagrant/code/admin/runtime/cache/12cb493e588b5c8129fd487879175249f2991354_2.file.retain.tpl.php 124
Division by zero

-----------------------------------
0[2019-12-13 18:44:24] 192.168.10.1 http://admanage.com/index.php?ct=optimizat&ac=addDirectional
COOKIE: array (
  'PHPSESSID' => 'q87a8i1dd7ibaf3l1ee7j7p5a8',
  'ht_name' => 'yunhua',
  'ht_keep' => '1',
  'js_collapse' => '0',
)
0[2019-12-13 18:44:24]Warn: /home/vagrant/code/admin/web/admin/service/SrvAuth.php 263
Invalid argument supplied for foreach()

-----------------------------------
0[2019-12-13 18:54:28] 192.168.10.1 http://admanage.com/index.php?ct=optimizat&ac=addDirectional
COOKIE: array (
  'PHPSESSID' => 'q87a8i1dd7ibaf3l1ee7j7p5a8',
  'ht_name' => 'yunhua',
  'ht_keep' => '1',
  'js_collapse' => '0',
)
0[2019-12-13 18:54:28]Warn: /home/vagrant/code/admin/web/admin/service/SrvAuth.php 263
Invalid argument supplied for foreach()
