
-----------------------------------
0[2019-12-02 09:52:01] 192.168.10.1 http://admanage.com/?ct=index
COOKIE: array (
  'PHPSESSID' => 'vbne5vr0lsoathegm8qp87ira7',
  'js_collapse' => '0',
  'ht_name' => 'yunhua',
  'ht_keep' => '1',
)
0[2019-12-02 09:52:01]Warn: /home/vagrant/code/admin/web/admin/service/SrvAuth.php 263
Invalid argument supplied for foreach()

-----------------------------------
0[2019-12-02 13:03:51] 192.168.10.1 http://admanage.com/?ct=index
COOKIE: array (
  'PHPSESSID' => 'vbne5vr0lsoathegm8qp87ira7',
  'js_collapse' => '0',
  'ht_name' => 'yunhua',
  'ht_keep' => '1',
)
0[2019-12-02 13:03:51]Warn: /home/vagrant/code/admin/web/admin/service/SrvAuth.php 263
Invalid argument supplied for foreach()

-----------------------------------
0[2019-12-02 13:03:51] 192.168.10.1 http://admanage.com/?ct=index
COOKIE: array (
  'PHPSESSID' => 'vbne5vr0lsoathegm8qp87ira7',
  'js_collapse' => '0',
  'ht_name' => 'yunhua',
  'ht_keep' => '1',
)
0[2019-12-02 13:03:51]Warn: /home/vagrant/code/admin/web/admin/service/SrvAuth.php 263
Invalid argument supplied for foreach()

-----------------------------------
0[2019-12-02 13:04:26] 192.168.10.1 http://wechat.com/?ct=index
COOKIE: array (
  'PHPSESSID' => 'b9e8gd5i0mjrhuphf02g965v15',
)
0[2019-12-02 13:04:26]Warn: /home/vagrant/code/admin/web/admin/service/SrvAuth.php 263
Invalid argument supplied for foreach()

-----------------------------------
0[2019-12-02 13:04:31] 192.168.10.1 http://wechat.com/?ct=index
COOKIE: array (
  'PHPSESSID' => 'b9e8gd5i0mjrhuphf02g965v15',
)
0[2019-12-02 13:04:31]Warn: /home/vagrant/code/admin/web/admin/service/SrvAuth.php 263
Invalid argument supplied for foreach()

-----------------------------------
0[2019-12-02 13:04:33] 192.168.10.1 http://wechat.com/?ct=index
COOKIE: array (
  'PHPSESSID' => 'b9e8gd5i0mjrhuphf02g965v15',
)
0[2019-12-02 13:04:33]Warn: /home/vagrant/code/admin/web/admin/service/SrvAuth.php 263
Invalid argument supplied for foreach()

-----------------------------------
0[2019-12-02 13:04:36] 192.168.10.1 http://wechat.com/?ct=index
COOKIE: array (
  'PHPSESSID' => 'b9e8gd5i0mjrhuphf02g965v15',
)
0[2019-12-02 13:04:36]Warn: /home/vagrant/code/admin/web/admin/service/SrvAuth.php 263
Invalid argument supplied for foreach()

-----------------------------------
0[2019-12-02 13:04:49] 192.168.10.1 http://wechat.com/?ct=index
COOKIE: array (
  'PHPSESSID' => 'b9e8gd5i0mjrhuphf02g965v15',
)
0[2019-12-02 13:04:49]Warn: /home/vagrant/code/admin/web/admin/service/SrvAuth.php 263
Invalid argument supplied for foreach()

-----------------------------------
0[2019-12-02 13:04:49] 192.168.10.1 http://wechat.com/?ct=index
COOKIE: array (
  'PHPSESSID' => 'b9e8gd5i0mjrhuphf02g965v15',
)
0[2019-12-02 13:04:49]Warn: /home/vagrant/code/admin/web/admin/service/SrvAuth.php 263
Invalid argument supplied for foreach()

-----------------------------------
0[2019-12-02 13:06:12] 192.168.10.1 http://wechat.com/?ct=index
COOKIE: array (
  'PHPSESSID' => 'b9e8gd5i0mjrhuphf02g965v15',
)
0[2019-12-02 13:06:12]Warn: /home/vagrant/code/admin/web/admin/service/SrvAuth.php 263
Invalid argument supplied for foreach()

-----------------------------------
0[2019-12-02 13:06:16] 192.168.10.1 http://wechat.com/?ct=index
COOKIE: array (
  'PHPSESSID' => 'b9e8gd5i0mjrhuphf02g965v15',
)
0[2019-12-02 13:06:16]Warn: /home/vagrant/code/admin/web/admin/service/SrvAuth.php 263
Invalid argument supplied for foreach()

-----------------------------------
0[2019-12-02 13:06:30] 192.168.10.1 http://wechat.com/?ct=index
COOKIE: array (
  'PHPSESSID' => 'lhchnhleai6mj3dpti6bdc606l',
)
0[2019-12-02 13:06:30]Warn: /home/vagrant/code/admin/web/admin/service/SrvAuth.php 263
Invalid argument supplied for foreach()

-----------------------------------
0[2019-12-02 13:54:11] 192.168.10.1 http://wechat.com/?ct=system&ac=adioManage&json=1&page=1&limit=
COOKIE: array (
  'PHPSESSID' => 'lhchnhleai6mj3dpti6bdc606l',
  'js_collapse' => '0',
)
0[2019-12-02 13:54:11]Warn: /home/vagrant/code/admin/web/admin/service/SrvMarket.php 337
Invalid argument supplied for foreach()

-----------------------------------
0[2019-12-02 13:54:12] 192.168.10.1 http://wechat.com/?ct=system&ac=mediaAccountManage&json=1&page=1&limit=18
COOKIE: array (
  'PHPSESSID' => 'lhchnhleai6mj3dpti6bdc606l',
  'js_collapse' => '0',
)
0[2019-12-02 13:54:12]Warn: /home/vagrant/code/admin/web/admin/service/SrvMarket.php 68
Invalid argument supplied for foreach()

-----------------------------------
0[2019-12-02 13:54:13] 192.168.10.1 http://wechat.com/?ct=system&ac=appManage&json=1&page=1&limit=
COOKIE: array (
  'PHPSESSID' => 'lhchnhleai6mj3dpti6bdc606l',
  'js_collapse' => '0',
)
0[2019-12-02 13:54:13]Warn: /home/vagrant/code/admin/web/admin/service/SrvMarket.php 253
Invalid argument supplied for foreach()

-----------------------------------
0[2019-12-02 13:54:18] 192.168.10.1 http://wechat.com/?ct=system&ac=appManage&json=1&page=1&limit=
COOKIE: array (
  'PHPSESSID' => 'lhchnhleai6mj3dpti6bdc606l',
  'js_collapse' => '0',
)
0[2019-12-02 13:54:18]Warn: /home/vagrant/code/admin/web/admin/service/SrvMarket.php 253
Invalid argument supplied for foreach()

-----------------------------------
0[2019-12-02 13:54:21] 192.168.10.1 http://wechat.com/?ct=system&ac=mediaAccountManage&json=1&page=1&limit=18
COOKIE: array (
  'PHPSESSID' => 'lhchnhleai6mj3dpti6bdc606l',
  'js_collapse' => '0',
)
0[2019-12-02 13:54:21]Warn: /home/vagrant/code/admin/web/admin/service/SrvMarket.php 68
Invalid argument supplied for foreach()

-----------------------------------
0[2019-12-02 13:54:23] 192.168.10.1 http://wechat.com/?ct=system&ac=mediaAccountAdd
COOKIE: array (
  'PHPSESSID' => 'lhchnhleai6mj3dpti6bdc606l',
  'js_collapse' => '0',
)
0[2019-12-02 13:54:23]Warn: /home/vagrant/code/admin/runtime/cache/a60c8abe9646f46de23071fbf3a0c75cba713b20_2.file.accountadd.tpl.php 145
in_array() expects parameter 2 to be array, null given

-----------------------------------
0[2019-12-02 13:54:42] 192.168.10.1 http://wechat.com/?ct=system&ac=adioManage&json=1&page=1&limit=
COOKIE: array (
  'PHPSESSID' => 'lhchnhleai6mj3dpti6bdc606l',
  'js_collapse' => '0',
)
0[2019-12-02 13:54:42]Warn: /home/vagrant/code/admin/web/admin/service/SrvMarket.php 337
Invalid argument supplied for foreach()

-----------------------------------
0[2019-12-02 13:54:44] 192.168.10.1 http://wechat.com/?ct=system&ac=appManage&json=1&page=1&limit=
COOKIE: array (
  'PHPSESSID' => 'lhchnhleai6mj3dpti6bdc606l',
  'js_collapse' => '0',
)
0[2019-12-02 13:54:44]Warn: /home/vagrant/code/admin/web/admin/service/SrvMarket.php 253
Invalid argument supplied for foreach()

-----------------------------------
0[2019-12-02 13:54:54] 192.168.10.1 http://wechat.com/?ct=system&ac=adioManage&json=1&page=1&limit=
COOKIE: array (
  'PHPSESSID' => 'lhchnhleai6mj3dpti6bdc606l',
  'js_collapse' => '0',
)
0[2019-12-02 13:54:54]Warn: /home/vagrant/code/admin/web/admin/service/SrvMarket.php 337
Invalid argument supplied for foreach()

-----------------------------------
0[2019-12-02 13:54:54] 192.168.10.1 http://wechat.com/?ct=system&ac=mediaAccountManage&json=1&page=1&limit=18
COOKIE: array (
  'PHPSESSID' => 'lhchnhleai6mj3dpti6bdc606l',
  'js_collapse' => '0',
)
0[2019-12-02 13:54:54]Warn: /home/vagrant/code/admin/web/admin/service/SrvMarket.php 68
Invalid argument supplied for foreach()

-----------------------------------
0[2019-12-02 13:54:55] 192.168.10.1 http://wechat.com/?ct=system&ac=mediaAccountAdd
COOKIE: array (
  'PHPSESSID' => 'lhchnhleai6mj3dpti6bdc606l',
  'js_collapse' => '0',
)
0[2019-12-02 13:54:55]Warn: /home/vagrant/code/admin/runtime/cache/a60c8abe9646f46de23071fbf3a0c75cba713b20_2.file.accountadd.tpl.php 145
in_array() expects parameter 2 to be array, null given

-----------------------------------
0[2019-12-02 13:56:47] 192.168.10.1 http://wechat.com/?ct=system&ac=adioManage&json=1&page=1&limit=
COOKIE: array (
  'PHPSESSID' => 'lhchnhleai6mj3dpti6bdc606l',
  'js_collapse' => '0',
)
0[2019-12-02 13:56:47]Warn: /home/vagrant/code/admin/web/admin/service/SrvMarket.php 337
Invalid argument supplied for foreach()

-----------------------------------
0[2019-12-02 13:56:50] 192.168.10.1 http://wechat.com/?ct=system&ac=mediaAccountManage&json=1&page=1&limit=18
COOKIE: array (
  'PHPSESSID' => 'lhchnhleai6mj3dpti6bdc606l',
  'js_collapse' => '0',
)
0[2019-12-02 13:56:50]Warn: /home/vagrant/code/admin/web/admin/service/SrvMarket.php 68
Invalid argument supplied for foreach()

-----------------------------------
0[2019-12-02 13:56:52] 192.168.10.1 http://wechat.com/?ct=system&ac=appManage&json=1&page=1&limit=
COOKIE: array (
  'PHPSESSID' => 'lhchnhleai6mj3dpti6bdc606l',
  'js_collapse' => '0',
)
0[2019-12-02 13:56:52]Warn: /home/vagrant/code/admin/web/admin/service/SrvMarket.php 253
Invalid argument supplied for foreach()

-----------------------------------
0[2019-12-02 13:56:57] 192.168.10.1 http://wechat.com/?ct=system&ac=appManage&json=1&page=1&limit=
COOKIE: array (
  'PHPSESSID' => 'lhchnhleai6mj3dpti6bdc606l',
  'js_collapse' => '0',
)
0[2019-12-02 13:56:57]Warn: /home/vagrant/code/admin/web/admin/service/SrvMarket.php 253
Invalid argument supplied for foreach()

-----------------------------------
0[2019-12-02 14:00:04] 192.168.10.1 http://wechat.com/?ct=system&ac=mediaAccountManage&json=1&page=1&limit=18
COOKIE: array (
  'PHPSESSID' => 'lhchnhleai6mj3dpti6bdc606l',
  'js_collapse' => '0',
)
0[2019-12-02 14:00:04]Warn: /home/vagrant/code/admin/web/admin/service/SrvMarket.php 68
Invalid argument supplied for foreach()

-----------------------------------
0[2019-12-02 14:00:24] 192.168.10.1 http://wechat.com/?ct=system&ac=mediaAccountAdd
COOKIE: array (
  'PHPSESSID' => 'lhchnhleai6mj3dpti6bdc606l',
  'js_collapse' => '0',
)
0[2019-12-02 14:00:24]Warn: /home/vagrant/code/admin/runtime/cache/a60c8abe9646f46de23071fbf3a0c75cba713b20_2.file.accountadd.tpl.php 145
in_array() expects parameter 2 to be array, null given

-----------------------------------
0[2019-12-02 15:43:56] 192.168.10.1 http://wechat.com/?ct=system&ac=adioManage&json=1&page=1&limit=
COOKIE: array (
  'PHPSESSID' => 'lhchnhleai6mj3dpti6bdc606l',
  'js_collapse' => '0',
)
0[2019-12-02 15:43:56]Warn: /home/vagrant/code/admin/web/admin/service/SrvMarket.php 338
Invalid argument supplied for foreach()

-----------------------------------
0[2019-12-02 15:43:57] 192.168.10.1 http://wechat.com/?ct=system&ac=mediaAccountManage&json=1&page=1&limit=18
COOKIE: array (
  'PHPSESSID' => 'lhchnhleai6mj3dpti6bdc606l',
  'js_collapse' => '0',
)
0[2019-12-02 15:43:57]Warn: /home/vagrant/code/admin/web/admin/service/SrvMarket.php 69
Invalid argument supplied for foreach()

-----------------------------------
0[2019-12-02 15:44:03] 192.168.10.1 http://wechat.com/?ct=system&ac=appManage&json=1&page=1&limit=
COOKIE: array (
  'PHPSESSID' => 'lhchnhleai6mj3dpti6bdc606l',
  'js_collapse' => '0',
)
0[2019-12-02 15:44:03]Warn: /home/vagrant/code/admin/web/admin/service/SrvMarket.php 254
Invalid argument supplied for foreach()

-----------------------------------
0[2019-12-02 15:44:07] 192.168.10.1 http://wechat.com/?ct=system&ac=appManage&json=1&page=1&limit=
COOKIE: array (
  'PHPSESSID' => 'lhchnhleai6mj3dpti6bdc606l',
  'js_collapse' => '0',
)
0[2019-12-02 15:44:07]Warn: /home/vagrant/code/admin/web/admin/service/SrvMarket.php 254
Invalid argument supplied for foreach()

-----------------------------------
0[2019-12-02 15:45:16] 192.168.10.1 http://wechat.com/?ct=material&ac=materialBox
COOKIE: array (
  'PHPSESSID' => 'lhchnhleai6mj3dpti6bdc606l',
  'js_collapse' => '0',
)
0[2019-12-02 15:45:16]Warn: /home/vagrant/code/admin/runtime/cache/823f4dde08868c1429494c75308229a723e6d757_2.file.materialBox.tpl.php 77
in_array() expects parameter 2 to be array, integer given
0[2019-12-02 15:45:16]Warn: /home/vagrant/code/admin/runtime/cache/823f4dde08868c1429494c75308229a723e6d757_2.file.materialBox.tpl.php 77
in_array() expects parameter 2 to be array, integer given
0[2019-12-02 15:45:16]Warn: /home/vagrant/code/admin/runtime/cache/823f4dde08868c1429494c75308229a723e6d757_2.file.materialBox.tpl.php 77
in_array() expects parameter 2 to be array, integer given

-----------------------------------
0[2019-12-02 15:45:30] 192.168.10.1 http://wechat.com/?ct=material&ac=materialData
COOKIE: array (
  'PHPSESSID' => 'lhchnhleai6mj3dpti6bdc606l',
  'js_collapse' => '0',
)
0[2019-12-02 15:45:30]Warn: /home/vagrant/code/admin/web/admin/service/SrvMaterial.php 27
Invalid argument supplied for foreach()

-----------------------------------
0[2019-12-02 15:45:32] 192.168.10.1 http://wechat.com/?ct=material&ac=materialData2
COOKIE: array (
  'PHPSESSID' => 'lhchnhleai6mj3dpti6bdc606l',
  'js_collapse' => '0',
)
0[2019-12-02 15:45:32]Warn: /home/vagrant/code/admin/web/admin/service/SrvMaterial.php 144
Invalid argument supplied for foreach()

-----------------------------------
0[2019-12-02 15:45:36] 192.168.10.1 http://wechat.com/?ct=material&ac=materialData
COOKIE: array (
  'PHPSESSID' => 'lhchnhleai6mj3dpti6bdc606l',
  'js_collapse' => '0',
)
0[2019-12-02 15:45:36]Warn: /home/vagrant/code/admin/web/admin/service/SrvMaterial.php 27
Invalid argument supplied for foreach()

-----------------------------------
0[2019-12-02 15:45:38] 192.168.10.1 http://wechat.com/?ct=material&ac=materialData2
COOKIE: array (
  'PHPSESSID' => 'lhchnhleai6mj3dpti6bdc606l',
  'js_collapse' => '0',
)
0[2019-12-02 15:45:38]Warn: /home/vagrant/code/admin/web/admin/service/SrvMaterial.php 144
Invalid argument supplied for foreach()

-----------------------------------
0[2019-12-02 16:07:29] 192.168.10.1 http://wechat.com/?ct=index
COOKIE: array (
  'PHPSESSID' => 'lhchnhleai6mj3dpti6bdc606l',
  'js_collapse' => '0',
)
0[2019-12-02 16:07:29]Warn: /home/vagrant/code/admin/web/admin/service/SrvAuth.php 263
Invalid argument supplied for foreach()

-----------------------------------
0[2019-12-02 16:11:38] 192.168.10.1 http://wechat.com/?ct=index
COOKIE: array (
  'PHPSESSID' => 'lhchnhleai6mj3dpti6bdc606l',
  'js_collapse' => '0',
)
0[2019-12-02 16:11:38]Warn: /home/vagrant/code/admin/web/admin/service/SrvAuth.php 263
Invalid argument supplied for foreach()

-----------------------------------
0[2019-12-02 16:49:32] 192.168.10.1 http://wechat.com/?ct=material&ac=materialBox
COOKIE: array (
  'PHPSESSID' => 'lhchnhleai6mj3dpti6bdc606l',
  'js_collapse' => '0',
)
0[2019-12-02 16:49:32]Warn: /home/vagrant/code/admin/runtime/cache/823f4dde08868c1429494c75308229a723e6d757_2.file.materialBox.tpl.php 77
in_array() expects parameter 2 to be array, integer given
0[2019-12-02 16:49:32]Warn: /home/vagrant/code/admin/runtime/cache/823f4dde08868c1429494c75308229a723e6d757_2.file.materialBox.tpl.php 77
in_array() expects parameter 2 to be array, integer given
0[2019-12-02 16:49:32]Warn: /home/vagrant/code/admin/runtime/cache/823f4dde08868c1429494c75308229a723e6d757_2.file.materialBox.tpl.php 77
in_array() expects parameter 2 to be array, integer given

-----------------------------------
0[2019-12-02 16:50:59] 192.168.10.1 http://wechat.com/?ct=material&ac=materialBox
COOKIE: array (
  'PHPSESSID' => 'lhchnhleai6mj3dpti6bdc606l',
  'js_collapse' => '0',
)
0[2019-12-02 16:50:59]Warn: /home/vagrant/code/admin/runtime/cache/823f4dde08868c1429494c75308229a723e6d757_2.file.materialBox.tpl.php 77
in_array() expects parameter 2 to be array, integer given
0[2019-12-02 16:50:59]Warn: /home/vagrant/code/admin/runtime/cache/823f4dde08868c1429494c75308229a723e6d757_2.file.materialBox.tpl.php 77
in_array() expects parameter 2 to be array, integer given
0[2019-12-02 16:50:59]Warn: /home/vagrant/code/admin/runtime/cache/823f4dde08868c1429494c75308229a723e6d757_2.file.materialBox.tpl.php 77
in_array() expects parameter 2 to be array, integer given

-----------------------------------
0[2019-12-02 16:56:28] 192.168.10.1 http://wechat.com/?ct=material&ac=materialBox
COOKIE: array (
  'PHPSESSID' => 'lhchnhleai6mj3dpti6bdc606l',
  'js_collapse' => '0',
)
0[2019-12-02 16:56:28]Warn: /home/vagrant/code/admin/runtime/cache/823f4dde08868c1429494c75308229a723e6d757_2.file.materialBox.tpl.php 77
in_array() expects parameter 2 to be array, integer given
0[2019-12-02 16:56:28]Warn: /home/vagrant/code/admin/runtime/cache/823f4dde08868c1429494c75308229a723e6d757_2.file.materialBox.tpl.php 77
in_array() expects parameter 2 to be array, integer given
0[2019-12-02 16:56:28]Warn: /home/vagrant/code/admin/runtime/cache/823f4dde08868c1429494c75308229a723e6d757_2.file.materialBox.tpl.php 77
in_array() expects parameter 2 to be array, integer given

-----------------------------------
0[2019-12-02 17:04:26] 192.168.10.1 http://wechat.com/?ct=material&ac=materialBox
COOKIE: array (
  'PHPSESSID' => 'lhchnhleai6mj3dpti6bdc606l',
  'js_collapse' => '0',
)
0[2019-12-02 17:04:26]Warn: /home/vagrant/code/admin/runtime/cache/823f4dde08868c1429494c75308229a723e6d757_2.file.materialBox.tpl.php 77
in_array() expects parameter 2 to be array, integer given
0[2019-12-02 17:04:26]Warn: /home/vagrant/code/admin/runtime/cache/823f4dde08868c1429494c75308229a723e6d757_2.file.materialBox.tpl.php 77
in_array() expects parameter 2 to be array, integer given
0[2019-12-02 17:04:26]Warn: /home/vagrant/code/admin/runtime/cache/823f4dde08868c1429494c75308229a723e6d757_2.file.materialBox.tpl.php 77
in_array() expects parameter 2 to be array, integer given

-----------------------------------
0[2019-12-02 17:19:43] 192.168.10.1 http://admanage.com/?ct=material&ac=uploadAct&ext=material
POST: array (
  'guid' => 'wu_1dr2ugvbqu0t9p1nd7nnn3s10',
  'chunkSize' => '47361',
  'fileMd5' => '62e815b67d79781c88bee0bd3c9468fb',
  'id' => 'WU_FILE_0',
  'name' => '钱袋.png',
  'type' => 'image/png',
  'lastModifiedDate' => 'Thu Nov 28 2019 17:51:40 GMT+0800 (中国标准时间)',
  'size' => '47361',
)
COOKIE: array (
  'PHPSESSID' => 'vbne5vr0lsoathegm8qp87ira7',
  'js_collapse' => '0',
  'ht_name' => 'yunhua',
  'ht_keep' => '1',
)
0[2019-12-02 17:19:43]Info: /home/vagrant/code/admin/lib/library/LibFile.php 85
array (
  'file' => 
  array (
    'name' => '钱袋.png',
    'type' => 'image/png',
    'tmp_name' => '/tmp/phpuuGGTm',
    'error' => 0,
    'size' => 47361,
  ),
)

-----------------------------------
0[2019-12-02 17:21:07] 192.168.10.1 http://admanage.com/?ct=material&ac=uploadAct&ext=material
POST: array (
  'guid' => 'wu_1dr2uja49n551ln85cl9k2ob70',
  'chunkSize' => '47361',
  'fileMd5' => '62e815b67d79781c88bee0bd3c9468fb',
  'id' => 'WU_FILE_0',
  'name' => '钱袋.png',
  'type' => 'image/png',
  'lastModifiedDate' => 'Thu Nov 28 2019 17:51:40 GMT+0800 (中国标准时间)',
  'size' => '47361',
)
COOKIE: array (
  'PHPSESSID' => 'vbne5vr0lsoathegm8qp87ira7',
  'js_collapse' => '0',
  'ht_name' => 'yunhua',
  'ht_keep' => '1',
)
0[2019-12-02 17:21:07]Info: /home/vagrant/code/admin/lib/library/LibFile.php 85
array (
  'file' => 
  array (
    'name' => '钱袋.png',
    'type' => 'image/png',
    'tmp_name' => '/tmp/phppE0gp4',
    'error' => 0,
    'size' => 47361,
  ),
)

-----------------------------------
0[2019-12-02 17:21:12] 192.168.10.1 http://admanage.com/?ct=material&ac=uploadAct&ext=thumb
POST: array (
  'guid' => 'wu_1dr2uja49n551ln85cl9k2ob70',
  'chunkSize' => '47361',
  'fileMd5' => '62e815b67d79781c88bee0bd3c9468fb',
  'id' => 'WU_FILE_1',
  'name' => '钱袋.png',
  'type' => 'image/png',
  'lastModifiedDate' => 'Thu Nov 28 2019 17:51:40 GMT+0800 (中国标准时间)',
  'size' => '47361',
)
COOKIE: array (
  'PHPSESSID' => 'vbne5vr0lsoathegm8qp87ira7',
  'js_collapse' => '0',
  'ht_name' => 'yunhua',
  'ht_keep' => '1',
)
0[2019-12-02 17:21:12]Info: /home/vagrant/code/admin/lib/library/LibFile.php 85
array (
  'file' => 
  array (
    'name' => '钱袋.png',
    'type' => 'image/png',
    'tmp_name' => '/tmp/phpps1fJt',
    'error' => 0,
    'size' => 47361,
  ),
)
0[2019-12-02 17:21:12]Warn: /home/vagrant/code/admin/lib/library/LibImg.php 167
getimagesize(): Filename cannot be empty

-----------------------------------
0[2019-12-02 17:31:33] 192.168.10.1 http://admanage.com/?ct=material&ac=uploadAct&ext=material
POST: array (
  'guid' => 'wu_1dr2v6j4fi2u1t37hrq1id11anj0',
  'chunkSize' => '47361',
  'fileMd5' => '62e815b67d79781c88bee0bd3c9468fb',
  'id' => 'WU_FILE_0',
  'name' => '钱袋.png',
  'type' => 'image/png',
  'lastModifiedDate' => 'Thu Nov 28 2019 17:51:40 GMT+0800 (中国标准时间)',
  'size' => '47361',
)
COOKIE: array (
  'PHPSESSID' => 'vbne5vr0lsoathegm8qp87ira7',
  'js_collapse' => '0',
  'ht_name' => 'yunhua',
  'ht_keep' => '1',
)
0[2019-12-02 17:31:33]Info: /home/vagrant/code/admin/lib/library/LibFile.php 85
array (
  'file' => 
  array (
    'name' => '钱袋.png',
    'type' => 'image/png',
    'tmp_name' => '/tmp/phponkUs7',
    'error' => 0,
    'size' => 47361,
  ),
)

-----------------------------------
0[2019-12-02 17:31:36] 192.168.10.1 http://admanage.com/?ct=material&ac=uploadAct&ext=thumb
POST: array (
  'guid' => 'wu_1dr2v6j4fi2u1t37hrq1id11anj0',
  'chunkSize' => '47361',
  'fileMd5' => '62e815b67d79781c88bee0bd3c9468fb',
  'id' => 'WU_FILE_1',
  'name' => '钱袋.png',
  'type' => 'image/png',
  'lastModifiedDate' => 'Thu Nov 28 2019 17:51:40 GMT+0800 (中国标准时间)',
  'size' => '47361',
)
COOKIE: array (
  'PHPSESSID' => 'vbne5vr0lsoathegm8qp87ira7',
  'js_collapse' => '0',
  'ht_name' => 'yunhua',
  'ht_keep' => '1',
)
0[2019-12-02 17:31:36]Info: /home/vagrant/code/admin/lib/library/LibFile.php 85
array (
  'file' => 
  array (
    'name' => '钱袋.png',
    'type' => 'image/png',
    'tmp_name' => '/tmp/phplacjSG',
    'error' => 0,
    'size' => 47361,
  ),
)
0[2019-12-02 17:31:36]Warn: /home/vagrant/code/admin/lib/library/LibImg.php 167
getimagesize(): Filename cannot be empty

-----------------------------------
0[2019-12-02 17:44:42] 192.168.10.1 http://admanage.com/?ct=material&ac=uploadAct&ext=material
POST: array (
  'guid' => 'wu_1dr2vuffl14vj5l0gi71ggo12v60',
  'chunkSize' => '47361',
  'fileMd5' => '62e815b67d79781c88bee0bd3c9468fb',
  'id' => 'WU_FILE_0',
  'name' => '钱袋.png',
  'type' => 'image/png',
  'lastModifiedDate' => 'Thu Nov 28 2019 17:51:40 GMT+0800 (中国标准时间)',
  'size' => '47361',
)
COOKIE: array (
  'PHPSESSID' => 'vbne5vr0lsoathegm8qp87ira7',
  'js_collapse' => '0',
  'ht_name' => 'yunhua',
  'ht_keep' => '1',
)
0[2019-12-02 17:44:42]Info: /home/vagrant/code/admin/lib/library/LibFile.php 85
array (
  'file' => 
  array (
    'name' => '钱袋.png',
    'type' => 'image/png',
    'tmp_name' => '/tmp/phpFuSH3t',
    'error' => 0,
    'size' => 47361,
  ),
)

-----------------------------------
0[2019-12-02 17:44:44] 192.168.10.1 http://admanage.com/?ct=material&ac=uploadAct&ext=thumb
POST: array (
  'guid' => 'wu_1dr2vuffl14vj5l0gi71ggo12v60',
  'chunkSize' => '47361',
  'fileMd5' => '62e815b67d79781c88bee0bd3c9468fb',
  'id' => 'WU_FILE_1',
  'name' => '钱袋.png',
  'type' => 'image/png',
  'lastModifiedDate' => 'Thu Nov 28 2019 17:51:40 GMT+0800 (中国标准时间)',
  'size' => '47361',
)
COOKIE: array (
  'PHPSESSID' => 'vbne5vr0lsoathegm8qp87ira7',
  'js_collapse' => '0',
  'ht_name' => 'yunhua',
  'ht_keep' => '1',
)
0[2019-12-02 17:44:44]Info: /home/vagrant/code/admin/lib/library/LibFile.php 85
array (
  'file' => 
  array (
    'name' => '钱袋.png',
    'type' => 'image/png',
    'tmp_name' => '/tmp/phpLaWH3b',
    'error' => 0,
    'size' => 47361,
  ),
)
0[2019-12-02 17:44:44]Warn: /home/vagrant/code/admin/lib/library/LibImg.php 167
getimagesize(): Filename cannot be empty

-----------------------------------
0[2019-12-02 17:44:50] 192.168.10.1 http://admanage.com/?ct=optimizat&ac=addAdMaterialAction
POST: array (
  'material_name' => '1111',
  'make_date' => '2019-12-02',
  'material_type' => '1',
  'material_x' => '360',
  'material_y' => '360',
  'material_source' => '',
  'material_tag' => '1011',
  'upload_file' => '1912/021744421517_36f6e11f90.png',
  'upload_thumb' => '1912/021744446900_7cb71d951c.png',
)
COOKIE: array (
  'PHPSESSID' => 'vbne5vr0lsoathegm8qp87ira7',
  'js_collapse' => '0',
  'ht_name' => 'yunhua',
  'ht_keep' => '1',
)
0[2019-12-02 17:44:50]Warn: /home/vagrant/code/admin/web/admin/service/SrvOptimizat.php 34
mkdir(): Permission denied
0[2019-12-02 17:44:50]Warn: /home/vagrant/code/admin/web/admin/service/SrvOptimizat.php 40
mkdir(): Permission denied
0[2019-12-02 17:44:50]Warn: /home/vagrant/code/admin/web/admin/service/SrvOptimizat.php 44
rename(/home/vagrant/code/admin/runtime/tmp/1912/021744421517_36f6e11f90.png,/data2/uploads/material/1912/021744421517_36f6e11f90.png): No such file or directory

-----------------------------------
0[2019-12-02 17:45:32] 192.168.10.1 http://admanage.com/?ct=optimizat&ac=addAdMaterialAction
POST: array (
  'material_name' => '1111',
  'make_date' => '2019-12-02',
  'material_type' => '1',
  'material_x' => '360',
  'material_y' => '360',
  'material_source' => '',
  'material_tag' => '1011',
  'upload_file' => '1912/021744421517_36f6e11f90.png',
  'upload_thumb' => '1912/021744446900_7cb71d951c.png',
)
COOKIE: array (
  'PHPSESSID' => 'vbne5vr0lsoathegm8qp87ira7',
  'js_collapse' => '0',
  'ht_name' => 'yunhua',
  'ht_keep' => '1',
)
0[2019-12-02 17:45:32]Warn: /home/vagrant/code/admin/web/admin/service/SrvOptimizat.php 34
mkdir(): Permission denied
0[2019-12-02 17:45:32]Warn: /home/vagrant/code/admin/web/admin/service/SrvOptimizat.php 40
mkdir(): Permission denied
0[2019-12-02 17:45:32]Warn: /home/vagrant/code/admin/web/admin/service/SrvOptimizat.php 44
rename(/home/vagrant/code/admin/runtime/tmp/1912/021744421517_36f6e11f90.png,/data2/uploads/material/1912/021744421517_36f6e11f90.png): No such file or directory

-----------------------------------
0[2019-12-02 17:46:02] 192.168.10.1 http://admanage.com/?ct=optimizat&ac=addAdMaterialAction
POST: array (
  'material_name' => '1111',
  'make_date' => '2019-12-02',
  'material_type' => '1',
  'material_x' => '360',
  'material_y' => '360',
  'material_source' => '',
  'material_tag' => '1011',
  'upload_file' => '1912/021744421517_36f6e11f90.png',
  'upload_thumb' => '1912/021744446900_7cb71d951c.png',
)
COOKIE: array (
  'PHPSESSID' => 'vbne5vr0lsoathegm8qp87ira7',
  'js_collapse' => '0',
  'ht_name' => 'yunhua',
  'ht_keep' => '1',
)
0[2019-12-02 17:46:02]Warn: /home/vagrant/code/admin/web/admin/service/SrvOptimizat.php 34
mkdir(): Permission denied
0[2019-12-02 17:46:02]Warn: /home/vagrant/code/admin/web/admin/service/SrvOptimizat.php 40
mkdir(): Permission denied
0[2019-12-02 17:46:02]Warn: /home/vagrant/code/admin/web/admin/service/SrvOptimizat.php 44
rename(/home/vagrant/code/admin/runtime/tmp/1912/021744421517_36f6e11f90.png,/data2/uploads/material/1912/021744421517_36f6e11f90.png): No such file or directory

-----------------------------------
0[2019-12-02 17:47:15] 192.168.10.1 http://admanage.com/?ct=material&ac=uploadAct&ext=material
POST: array (
  'guid' => 'wu_1dr3039jec39f6ordk4221bf0',
  'chunkSize' => '47361',
  'fileMd5' => '62e815b67d79781c88bee0bd3c9468fb',
  'id' => 'WU_FILE_0',
  'name' => '钱袋.png',
  'type' => 'image/png',
  'lastModifiedDate' => 'Thu Nov 28 2019 17:51:40 GMT+0800 (中国标准时间)',
  'size' => '47361',
)
COOKIE: array (
  'PHPSESSID' => 'vbne5vr0lsoathegm8qp87ira7',
  'js_collapse' => '0',
  'ht_name' => 'yunhua',
  'ht_keep' => '1',
)
0[2019-12-02 17:47:15]Info: /home/vagrant/code/admin/lib/library/LibFile.php 85
array (
  'file' => 
  array (
    'name' => '钱袋.png',
    'type' => 'image/png',
    'tmp_name' => '/tmp/phprwW6ps',
    'error' => 0,
    'size' => 47361,
  ),
)

-----------------------------------
0[2019-12-02 17:47:18] 192.168.10.1 http://admanage.com/?ct=material&ac=uploadAct&ext=thumb
POST: array (
  'guid' => 'wu_1dr3039jec39f6ordk4221bf0',
  'chunkSize' => '47361',
  'fileMd5' => '62e815b67d79781c88bee0bd3c9468fb',
  'id' => 'WU_FILE_1',
  'name' => '钱袋.png',
  'type' => 'image/png',
  'lastModifiedDate' => 'Thu Nov 28 2019 17:51:40 GMT+0800 (中国标准时间)',
  'size' => '47361',
)
COOKIE: array (
  'PHPSESSID' => 'vbne5vr0lsoathegm8qp87ira7',
  'js_collapse' => '0',
  'ht_name' => 'yunhua',
  'ht_keep' => '1',
)
0[2019-12-02 17:47:18]Info: /home/vagrant/code/admin/lib/library/LibFile.php 85
array (
  'file' => 
  array (
    'name' => '钱袋.png',
    'type' => 'image/png',
    'tmp_name' => '/tmp/phpTU4X2i',
    'error' => 0,
    'size' => 47361,
  ),
)
0[2019-12-02 17:47:18]Warn: /home/vagrant/code/admin/lib/library/LibImg.php 167
getimagesize(): Filename cannot be empty

-----------------------------------
0[2019-12-02 17:47:19] 192.168.10.1 http://admanage.com/?ct=optimizat&ac=addAdMaterialAction
POST: array (
  'material_name' => '1111',
  'make_date' => '2019-12-02',
  'material_type' => '1',
  'material_x' => '360',
  'material_y' => '360',
  'material_source' => '',
  'material_tag' => '11111',
  'upload_file' => '1912/021747153018_92be933156.png',
  'upload_thumb' => '1912/021747189429_6205623a09.png',
)
COOKIE: array (
  'PHPSESSID' => 'vbne5vr0lsoathegm8qp87ira7',
  'js_collapse' => '0',
  'ht_name' => 'yunhua',
  'ht_keep' => '1',
)
0[2019-12-02 17:47:19]Warn: /home/vagrant/code/admin/web/admin/service/SrvOptimizat.php 34
mkdir(): Permission denied
0[2019-12-02 17:47:19]Warn: /home/vagrant/code/admin/web/admin/service/SrvOptimizat.php 40
mkdir(): Permission denied
0[2019-12-02 17:47:19]Warn: /home/vagrant/code/admin/web/admin/service/SrvOptimizat.php 44
rename(/home/vagrant/code/admin/runtime/tmp/1912/021747153018_92be933156.png,/data2/uploads/material/1912/021747153018_92be933156.png): No such file or directory
0[2019-12-02 17:47:19]Error: /home/vagrant/code/admin/web/admin/service/SrvOptimizat.php 45
Uncaught Error: Call to undefined function dd() in /home/vagrant/code/admin/web/admin/service/SrvOptimizat.php:45
Stack trace:
#0 /home/vagrant/code/admin/web/admin/controller/CtlOptimizat.php(62): SrvOptimizat->uploadMaterial(Array)
#1 /home/vagrant/code/admin/lib/YX.php(173): CtlOptimizat->addAdMaterialAction()
#2 /home/vagrant/code/admin/lib/YX.php(136): YX::route('optimizat', 'addAdMaterialAc...')
#3 /home/vagrant/code/admin/web/admin/index.php(48): YX::run()
#4 {main}
  thrown

-----------------------------------
0[2019-12-02 17:48:42] 192.168.10.1 http://admanage.com/?ct=material&ac=uploadAct&ext=material
POST: array (
  'guid' => 'wu_1dr3043so1k09uvp121l1b3ljqh0',
  'chunkSize' => '47361',
  'fileMd5' => '62e815b67d79781c88bee0bd3c9468fb',
  'id' => 'WU_FILE_0',
  'name' => '钱袋.png',
  'type' => 'image/png',
  'lastModifiedDate' => 'Thu Nov 28 2019 17:51:40 GMT+0800 (中国标准时间)',
  'size' => '47361',
)
COOKIE: array (
  'PHPSESSID' => 'vbne5vr0lsoathegm8qp87ira7',
  'js_collapse' => '0',
  'ht_name' => 'yunhua',
  'ht_keep' => '1',
)
0[2019-12-02 17:48:42]Info: /home/vagrant/code/admin/lib/library/LibFile.php 85
array (
  'file' => 
  array (
    'name' => '钱袋.png',
    'type' => 'image/png',
    'tmp_name' => '/tmp/phpEn5JYj',
    'error' => 0,
    'size' => 47361,
  ),
)

-----------------------------------
0[2019-12-02 17:48:44] 192.168.10.1 http://admanage.com/?ct=material&ac=uploadAct&ext=thumb
POST: array (
  'guid' => 'wu_1dr3043so1k09uvp121l1b3ljqh0',
  'chunkSize' => '47361',
  'fileMd5' => '62e815b67d79781c88bee0bd3c9468fb',
  'id' => 'WU_FILE_1',
  'name' => '钱袋.png',
  'type' => 'image/png',
  'lastModifiedDate' => 'Thu Nov 28 2019 17:51:40 GMT+0800 (中国标准时间)',
  'size' => '47361',
)
COOKIE: array (
  'PHPSESSID' => 'vbne5vr0lsoathegm8qp87ira7',
  'js_collapse' => '0',
  'ht_name' => 'yunhua',
  'ht_keep' => '1',
)
0[2019-12-02 17:48:44]Info: /home/vagrant/code/admin/lib/library/LibFile.php 85
array (
  'file' => 
  array (
    'name' => '钱袋.png',
    'type' => 'image/png',
    'tmp_name' => '/tmp/php3x3cSi',
    'error' => 0,
    'size' => 47361,
  ),
)
0[2019-12-02 17:48:45]Warn: /home/vagrant/code/admin/lib/library/LibImg.php 167
getimagesize(): Filename cannot be empty

-----------------------------------
0[2019-12-02 17:48:47] 192.168.10.1 http://admanage.com/?ct=optimizat&ac=addAdMaterialAction
POST: array (
  'material_name' => '111',
  'make_date' => '2019-12-02',
  'material_type' => '2',
  'material_x' => '360',
  'material_y' => '360',
  'material_source' => '',
  'material_tag' => '1111',
  'upload_file' => '1912/021748426656_7c0f92cba7.png',
  'upload_thumb' => '1912/021748442193_81cc954b0b.png',
)
COOKIE: array (
  'PHPSESSID' => 'vbne5vr0lsoathegm8qp87ira7',
  'js_collapse' => '0',
  'ht_name' => 'yunhua',
  'ht_keep' => '1',
)
0[2019-12-02 17:48:47]Warn: /home/vagrant/code/admin/web/admin/service/SrvOptimizat.php 34
mkdir(): Permission denied
0[2019-12-02 17:48:47]Warn: /home/vagrant/code/admin/web/admin/service/SrvOptimizat.php 40
mkdir(): Permission denied
0[2019-12-02 17:48:47]Warn: /home/vagrant/code/admin/web/admin/service/SrvOptimizat.php 44
rename(/home/vagrant/code/admin/runtime/tmp/1912/021748426656_7c0f92cba7.png,/data2/uploads/material/1912/021748426656_7c0f92cba7.png): No such file or directory

-----------------------------------
0[2019-12-02 17:53:09] 192.168.10.1 http://admanage.com/?ct=optimizat%5E&ac=addAdMaterialAction
POST: array (
  'material_name' => '111^',
  'make_date' => '2019-12-02^',
  'material_type' => '2^',
  'material_x' => '360^',
  'material_y' => '360^',
  'material_source' => '^',
  'material_tag' => '1111^',
  'upload_file' => '1912^%^2F021748426656_7c0f92cba7.png^',
  'upload_thumb' => '1912^%^2F021748442193_81cc954b0b.png',
)
COOKIE: array (
  'PHPSESSID' => 'vbne5vr0lsoathegm8qp87ira7',
  'js_collapse' => '0',
  'ht_name' => 'yunhua',
  'ht_keep' => '1',
)
0[2019-12-02 17:53:09]Warn: /home/vagrant/code/admin/lib/YX.php 148
用户输入非法的ct：optimizat^
0[2019-12-02 17:53:09]Error: /home/vagrant/code/admin/lib/YX.php 168
控制器CtlIndex不存在方法：addAdMaterialAction

-----------------------------------
0[2019-12-02 17:53:15] 192.168.10.1 http://admanage.com/?ct=optimizat%5E&ac=addAdMaterialAction
POST: array (
  'material_name' => '111^',
  'make_date' => '2019-12-02^',
  'material_type' => '2^',
  'material_x' => '360^',
  'material_y' => '360^',
  'material_source' => '^',
  'material_tag' => '1111^',
  'upload_file' => '1912^%^2F021748426656_7c0f92cba7.png^',
  'upload_thumb' => '1912^%^2F021748442193_81cc954b0b.png',
)
COOKIE: array (
  'PHPSESSID' => 'vbne5vr0lsoathegm8qp87ira7',
  'js_collapse' => '0',
  'ht_name' => 'yunhua',
  'ht_keep' => '1',
  '_lg_' => 'zh_CN',
)
0[2019-12-02 17:53:15]Warn: /home/vagrant/code/admin/lib/YX.php 148
用户输入非法的ct：optimizat^
0[2019-12-02 17:53:15]Error: /home/vagrant/code/admin/lib/YX.php 168
控制器CtlIndex不存在方法：addAdMaterialAction

-----------------------------------
0[2019-12-02 17:56:11] 192.168.10.1 http://admanage.com/?ct=optimizat&ac=addAdMaterialAction
POST: array (
  'material_name' => 'qqq',
  'make_date' => '2019-12-02',
  'material_type' => '2',
  'material_x' => '360',
  'material_y' => '360',
  'material_tag' => '1111',
  'upload_file' => '1912/021748426656_7c0f92cba7.png',
  'upload_thumb' => '1912/021748442193_81cc954b0b.png',
)
COOKIE: array (
  'PHPSESSID' => 'vbne5vr0lsoathegm8qp87ira7',
  'js_collapse' => '0',
  'ht_name' => 'yunhua',
  'ht_keep' => '1',
  '_lg_' => 'zh_CN',
)
0[2019-12-02 17:56:11]Warn: /home/vagrant/code/admin/web/admin/service/SrvOptimizat.php 34
mkdir(): Permission denied
0[2019-12-02 17:56:11]Warn: /home/vagrant/code/admin/web/admin/service/SrvOptimizat.php 40
mkdir(): Permission denied
0[2019-12-02 17:56:11]Warn: /home/vagrant/code/admin/web/admin/service/SrvOptimizat.php 44
rename(/home/vagrant/code/admin/runtime/tmp/1912/021748426656_7c0f92cba7.png,/data2/uploads/material/1912/021748426656_7c0f92cba7.png): No such file or directory

-----------------------------------
0[2019-12-02 17:56:51] 192.168.10.1 http://admanage.com/?ct=optimizat&ac=addAdMaterialAction
POST: array (
  'material_name' => 'qqq',
  'make_date' => '2019-12-02',
  'material_type' => '2',
  'material_x' => '360',
  'material_y' => '360',
  'material_tag' => '1111',
  'upload_file' => '1912/021748426656_7c0f92cba7.png',
  'upload_thumb' => '1912/021748442193_81cc954b0b.png',
)
COOKIE: array (
  'PHPSESSID' => 'vbne5vr0lsoathegm8qp87ira7',
  'js_collapse' => '0',
  'ht_name' => 'yunhua',
  'ht_keep' => '1',
  '_lg_' => 'zh_CN',
)
0[2019-12-02 17:56:51]Warn: /home/vagrant/code/admin/web/admin/service/SrvOptimizat.php 34
mkdir(): Permission denied
0[2019-12-02 17:56:51]Warn: /home/vagrant/code/admin/web/admin/service/SrvOptimizat.php 40
mkdir(): Permission denied
0[2019-12-02 17:56:51]Warn: /home/vagrant/code/admin/web/admin/service/SrvOptimizat.php 45
rename(/home/vagrant/code/admin/runtime/tmp/1912/021748426656_7c0f92cba7.png,/data2/uploads/material/1912/021748426656_7c0f92cba7.png): No such file or directory

-----------------------------------
0[2019-12-02 17:57:24] 192.168.10.1 http://admanage.com/?ct=optimizat&ac=addAdMaterialAction
POST: array (
  'material_name' => 'qqq',
  'make_date' => '2019-12-02',
  'material_type' => '2',
  'material_x' => '360',
  'material_y' => '360',
  'material_tag' => '1111',
  'upload_file' => '1912/021748426656_7c0f92cba7.png',
  'upload_thumb' => '1912/021748442193_81cc954b0b.png',
)
COOKIE: array (
  'PHPSESSID' => 'vbne5vr0lsoathegm8qp87ira7',
  'js_collapse' => '0',
  'ht_name' => 'yunhua',
  'ht_keep' => '1',
  '_lg_' => 'zh_CN',
)
0[2019-12-02 17:57:24]Warn: /home/vagrant/code/admin/web/admin/service/SrvOptimizat.php 34
mkdir(): Permission denied
0[2019-12-02 17:57:24]Warn: /home/vagrant/code/admin/web/admin/service/SrvOptimizat.php 40
mkdir(): Permission denied
0[2019-12-02 17:57:24]Warn: /home/vagrant/code/admin/web/admin/service/SrvOptimizat.php 45
rename(/home/vagrant/code/admin/runtime/tmp/1912/021748426656_7c0f92cba7.png,/data2/uploads/material/1912/021748426656_7c0f92cba7.png): No such file or directory

-----------------------------------
0[2019-12-02 17:57:40] 192.168.10.1 http://admanage.com/?ct=optimizat&ac=addAdMaterialAction
POST: array (
  'material_name' => 'qqq',
  'make_date' => '2019-12-02',
  'material_type' => '2',
  'material_x' => '360',
  'material_y' => '360',
  'material_tag' => '1111',
  'upload_file' => '1912/021748426656_7c0f92cba7.png',
  'upload_thumb' => '1912/021748442193_81cc954b0b.png',
)
COOKIE: array (
  'PHPSESSID' => 'vbne5vr0lsoathegm8qp87ira7',
  'js_collapse' => '0',
  'ht_name' => 'yunhua',
  'ht_keep' => '1',
  '_lg_' => 'zh_CN',
)
0[2019-12-02 17:57:40]Warn: /home/vagrant/code/admin/web/admin/service/SrvOptimizat.php 34
mkdir(): Permission denied
0[2019-12-02 17:57:40]Warn: /home/vagrant/code/admin/web/admin/service/SrvOptimizat.php 40
mkdir(): Permission denied
0[2019-12-02 17:57:40]Warn: /home/vagrant/code/admin/web/admin/service/SrvOptimizat.php 45
rename(/home/vagrant/code/admin/runtime/tmp/1912/021748426656_7c0f92cba7.png,/data2/uploads/material/1912/021748426656_7c0f92cba7.png): No such file or directory

-----------------------------------
0[2019-12-02 17:58:05] 192.168.10.1 http://admanage.com/?ct=optimizat&ac=addAdMaterialAction
POST: array (
  'material_name' => 'qqq',
  'make_date' => '2019-12-02',
  'material_type' => '2',
  'material_x' => '360',
  'material_y' => '360',
  'material_tag' => '1111',
  'upload_file' => '1912/021748426656_7c0f92cba7.png',
  'upload_thumb' => '1912/021748442193_81cc954b0b.png',
)
COOKIE: array (
  'PHPSESSID' => 'vbne5vr0lsoathegm8qp87ira7',
  'js_collapse' => '0',
  'ht_name' => 'yunhua',
  'ht_keep' => '1',
  '_lg_' => 'zh_CN',
)
0[2019-12-02 17:58:05]Warn: /home/vagrant/code/admin/web/admin/service/SrvOptimizat.php 34
mkdir(): Permission denied
0[2019-12-02 17:58:05]Warn: /home/vagrant/code/admin/web/admin/service/SrvOptimizat.php 40
mkdir(): Permission denied
0[2019-12-02 17:58:05]Warn: /home/vagrant/code/admin/web/admin/service/SrvOptimizat.php 45
rename(/home/vagrant/code/admin/runtime/tmp/1912/021748426656_7c0f92cba7.png,/data2/uploads/material/1912/021748426656_7c0f92cba7.png): No such file or directory

-----------------------------------
0[2019-12-02 18:05:11] 192.168.10.1 http://wechat.com/?ct=index
COOKIE: array (
  'PHPSESSID' => 'lhchnhleai6mj3dpti6bdc606l',
  'js_collapse' => '0',
)
0[2019-12-02 18:05:11]Warn: /home/vagrant/code/admin/web/admin/service/SrvAuth.php 263
Invalid argument supplied for foreach()

-----------------------------------
0[2019-12-02 18:05:35] 192.168.10.1 http://wechat.com/?ct=material&ac=materialBox
COOKIE: array (
  'PHPSESSID' => 'lhchnhleai6mj3dpti6bdc606l',
  'js_collapse' => '0',
)
0[2019-12-02 18:05:35]Warn: /home/vagrant/code/admin/runtime/cache/823f4dde08868c1429494c75308229a723e6d757_2.file.materialBox.tpl.php 77
in_array() expects parameter 2 to be array, integer given
0[2019-12-02 18:05:35]Warn: /home/vagrant/code/admin/runtime/cache/823f4dde08868c1429494c75308229a723e6d757_2.file.materialBox.tpl.php 77
in_array() expects parameter 2 to be array, integer given
0[2019-12-02 18:05:35]Warn: /home/vagrant/code/admin/runtime/cache/823f4dde08868c1429494c75308229a723e6d757_2.file.materialBox.tpl.php 77
in_array() expects parameter 2 to be array, integer given

-----------------------------------
0[2019-12-02 19:46:04] 192.168.10.1 http://admanage.com/?ct=index
COOKIE: array (
  'PHPSESSID' => 'vbne5vr0lsoathegm8qp87ira7',
  'js_collapse' => '0',
  'ht_name' => 'yunhua',
  'ht_keep' => '1',
)
0[2019-12-02 19:46:04]Warn: /home/vagrant/code/admin/web/admin/service/SrvAuth.php 263
Invalid argument supplied for foreach()

-----------------------------------
0[2019-12-02 20:45:42] 192.168.10.1 http://admanage.com/?ct=index
COOKIE: array (
  'PHPSESSID' => 'vbne5vr0lsoathegm8qp87ira7',
  'js_collapse' => '0',
  'ht_name' => 'yunhua',
  'ht_keep' => '1',
)
0[2019-12-02 20:45:42]Warn: /home/vagrant/code/admin/web/admin/service/SrvAuth.php 263
Invalid argument supplied for foreach()

-----------------------------------
0[2019-12-02 20:47:44] 192.168.10.1 http://admanage.com/?ct=adData&ac=channelEffect
COOKIE: array (
  'PHPSESSID' => 'vbne5vr0lsoathegm8qp87ira7',
  'js_collapse' => '0',
  'ht_name' => 'yunhua',
  'ht_keep' => '1',
)
0[2019-12-02 20:47:44]Warn: /home/vagrant/code/admin/lib/library/LibMysql.php 687
Invalid argument supplied for foreach()
0[2019-12-02 20:47:44]Error: /home/vagrant/code/admin/lib/library/smarty/sysplugins/smarty_internal_compilebase.php 75
The each() function is deprecated. This message will be suppressed on further calls

-----------------------------------
0[2019-12-02 20:48:54] 192.168.10.1 http://admanage.com/?ct=extend&ac=clickAd&json=1&page=1&limit=18
COOKIE: array (
  'PHPSESSID' => 'vbne5vr0lsoathegm8qp87ira7',
  'js_collapse' => '0',
  'ht_name' => 'yunhua',
  'ht_keep' => '1',
)
0[2019-12-02 20:48:54]Warn: /home/vagrant/code/admin/web/admin/service/SrvExtend.php 1908
Invalid argument supplied for foreach()

-----------------------------------
0[2019-12-02 20:49:01] 192.168.10.1 http://admanage.com/?ct=material&ac=materialBox
COOKIE: array (
  'PHPSESSID' => 'vbne5vr0lsoathegm8qp87ira7',
  'js_collapse' => '0',
  'ht_name' => 'yunhua',
  'ht_keep' => '1',
)
0[2019-12-02 20:49:01]Warn: /home/vagrant/code/admin/runtime/cache/823f4dde08868c1429494c75308229a723e6d757_2.file.materialBox.tpl.php 77
in_array() expects parameter 2 to be array, integer given
0[2019-12-02 20:49:01]Warn: /home/vagrant/code/admin/runtime/cache/823f4dde08868c1429494c75308229a723e6d757_2.file.materialBox.tpl.php 77
in_array() expects parameter 2 to be array, integer given
0[2019-12-02 20:49:01]Warn: /home/vagrant/code/admin/runtime/cache/823f4dde08868c1429494c75308229a723e6d757_2.file.materialBox.tpl.php 77
in_array() expects parameter 2 to be array, integer given

-----------------------------------
0[2019-12-02 20:51:06] 192.168.10.1 http://admanage.com/?ct=extend&ac=landModel
COOKIE: array (
  'PHPSESSID' => 'vbne5vr0lsoathegm8qp87ira7',
  'js_collapse' => '0',
  'ht_name' => 'yunhua',
  'ht_keep' => '1',
)
0[2019-12-02 20:51:06]Warn: /home/vagrant/code/admin/web/admin/service/SrvExtend.php 697
Invalid argument supplied for foreach()

-----------------------------------
0[2019-12-02 21:01:11] 192.168.10.1 http://admanage.com/?ct=system&ac=mediaAccountManage&json=1&page=1&limit=18
COOKIE: array (
  'PHPSESSID' => 'vbne5vr0lsoathegm8qp87ira7',
  'js_collapse' => '0',
  'ht_name' => 'yunhua',
  'ht_keep' => '1',
)
0[2019-12-02 21:01:11]Warn: /home/vagrant/code/admin/web/admin/service/SrvMarket.php 68
Invalid argument supplied for foreach()

-----------------------------------
0[2019-12-02 21:01:13] 192.168.10.1 http://admanage.com/?ct=system&ac=mediaAccountManage&json=1&page=1&limit=18&data=is_run%3D1%26account%3D%26account_id%3D%26advertiser_id%3D
COOKIE: array (
  'PHPSESSID' => 'vbne5vr0lsoathegm8qp87ira7',
  'js_collapse' => '0',
  'ht_name' => 'yunhua',
  'ht_keep' => '1',
)
0[2019-12-02 21:01:13]Warn: /home/vagrant/code/admin/web/admin/service/SrvMarket.php 68
Invalid argument supplied for foreach()

-----------------------------------
0[2019-12-02 21:01:14] 192.168.10.1 http://admanage.com/?ct=system&ac=mediaAccountManage&json=1&page=1&limit=18&data=account%3D%26account_id%3D%26advertiser_id%3D
COOKIE: array (
  'PHPSESSID' => 'vbne5vr0lsoathegm8qp87ira7',
  'js_collapse' => '0',
  'ht_name' => 'yunhua',
  'ht_keep' => '1',
)
0[2019-12-02 21:01:14]Warn: /home/vagrant/code/admin/web/admin/service/SrvMarket.php 68
Invalid argument supplied for foreach()

-----------------------------------
0[2019-12-02 21:01:22] 192.168.10.1 http://admanage.com/?ct=system&ac=mediaAccountAdd
COOKIE: array (
  'PHPSESSID' => 'vbne5vr0lsoathegm8qp87ira7',
  'js_collapse' => '0',
  'ht_name' => 'yunhua',
  'ht_keep' => '1',
)
0[2019-12-02 21:01:22]Warn: /home/vagrant/code/admin/runtime/cache/a60c8abe9646f46de23071fbf3a0c75cba713b20_2.file.accountadd.tpl.php 145
in_array() expects parameter 2 to be array, null given

-----------------------------------
0[2019-12-02 21:01:38] 192.168.10.1 http://admanage.com/?ct=system&ac=appManage&json=1&page=1&limit=
COOKIE: array (
  'PHPSESSID' => 'vbne5vr0lsoathegm8qp87ira7',
  'js_collapse' => '0',
  'ht_name' => 'yunhua',
  'ht_keep' => '1',
)
0[2019-12-02 21:01:38]Warn: /home/vagrant/code/admin/web/admin/service/SrvMarket.php 253
Invalid argument supplied for foreach()

-----------------------------------
0[2019-12-02 21:01:46] 192.168.10.1 http://admanage.com/?ct=system&ac=appManage&json=1&page=1&limit=
COOKIE: array (
  'PHPSESSID' => 'vbne5vr0lsoathegm8qp87ira7',
  'js_collapse' => '0',
  'ht_name' => 'yunhua',
  'ht_keep' => '1',
)
0[2019-12-02 21:01:46]Warn: /home/vagrant/code/admin/web/admin/service/SrvMarket.php 253
Invalid argument supplied for foreach()

-----------------------------------
0[2019-12-02 21:03:00] 192.168.10.1 http://admanage.com/?ct=material&ac=uploadAct&ext=material
POST: array (
  'guid' => 'wu_1dr3b9j3pq25arf14ck1f4h2g70',
  'chunkSize' => '71818',
  'fileMd5' => '322bb44393dcb5a35ab42fc1278e301e',
  'id' => 'WU_FILE_0',
  'name' => '头条号.png',
  'type' => 'image/png',
  'lastModifiedDate' => 'Mon Dec 02 2019 20:37:06 GMT+0800 (中国标准时间)',
  'size' => '71818',
)
COOKIE: array (
  'PHPSESSID' => 'vbne5vr0lsoathegm8qp87ira7',
  'js_collapse' => '0',
  'ht_name' => 'yunhua',
  'ht_keep' => '1',
)
0[2019-12-02 21:03:00]Info: /home/vagrant/code/admin/lib/library/LibFile.php 85
array (
  'file' => 
  array (
    'name' => '头条号.png',
    'type' => 'image/png',
    'tmp_name' => '/tmp/phpDJrHqk',
    'error' => 0,
    'size' => 71818,
  ),
)

-----------------------------------
0[2019-12-02 21:03:02] 192.168.10.1 http://admanage.com/?ct=material&ac=uploadAct&ext=thumb
POST: array (
  'guid' => 'wu_1dr3b9j3pq25arf14ck1f4h2g70',
  'chunkSize' => '71818',
  'fileMd5' => '322bb44393dcb5a35ab42fc1278e301e',
  'id' => 'WU_FILE_1',
  'name' => '头条号.png',
  'type' => 'image/png',
  'lastModifiedDate' => 'Mon Dec 02 2019 20:37:06 GMT+0800 (中国标准时间)',
  'size' => '71818',
)
COOKIE: array (
  'PHPSESSID' => 'vbne5vr0lsoathegm8qp87ira7',
  'js_collapse' => '0',
  'ht_name' => 'yunhua',
  'ht_keep' => '1',
)
0[2019-12-02 21:03:02]Info: /home/vagrant/code/admin/lib/library/LibFile.php 85
array (
  'file' => 
  array (
    'name' => '头条号.png',
    'type' => 'image/png',
    'tmp_name' => '/tmp/php0BWuRs',
    'error' => 0,
    'size' => 71818,
  ),
)
0[2019-12-02 21:03:02]Warn: /home/vagrant/code/admin/lib/library/LibImg.php 167
getimagesize(): Filename cannot be empty
