
-----------------------------------
0[2019-12-02 13:54:15] 192.168.10.1 http://wechat.com/?ct=optimizat&ac=adCnter
COOKIE: array (
  'PHPSESSID' => 'lhchnhleai6mj3dpti6bdc606l',
  'js_collapse' => '0',
)
0[2019-12-02 13:54:15]Error: /home/vagrant/code/admin/lib/YX.php 226
自动加载CtlOptimizat时，文件/home/vagrant/code/admin/web/admin/controller/CtlOptimizat.php不存在

-----------------------------------
0[2019-12-02 13:55:11] 192.168.10.1 http://wechat.com/?ct=system&ac=mediaAccountAddAction
POST: array (
  'account_id' => '0',
  'media' => '1643626315262990',
  'account' => '111',
  'account_password' => '1111111',
  'account_nickname' => '1111',
  'manager' => 
  array (
    0 => '86',
  ),
)
COOKIE: array (
  'PHPSESSID' => 'lhchnhleai6mj3dpti6bdc606l',
  'js_collapse' => '0',
)
0[2019-12-02 13:55:11]Error: /home/vagrant/code/admin/web/admin/model/ModMarket.php 35
SQL: INSERT INTO `ad_account` (`account_password`, `account_nickname`, `status`, `app_pub`, `manager`, `media`, `account`) VALUES ('1111111',  '1111',  '0',  '\"\"',  '[\"86\"]',  '1643626315262990',  '111') (error：Incorrect integer value: '["86"]' for column 'manager' at row 1)

-----------------------------------
0[2019-12-02 13:56:55] 192.168.10.1 http://wechat.com/?ct=optimizat&ac=adCnter
COOKIE: array (
  'PHPSESSID' => 'lhchnhleai6mj3dpti6bdc606l',
  'js_collapse' => '0',
)
0[2019-12-02 13:56:55]Error: /home/vagrant/code/admin/lib/YX.php 226
自动加载CtlOptimizat时，文件/home/vagrant/code/admin/web/admin/controller/CtlOptimizat.php不存在

-----------------------------------
0[2019-12-02 14:01:39] 192.168.10.1 http://wechat.com/?ct=system&ac=mediaAccountAddAction
POST: array (
  'account_id' => '0',
  'media' => '1643626315262990',
  'account' => '123456',
  'account_password' => '123465',
  'account_nickname' => '111111',
  'manager' => 
  array (
    0 => '86',
  ),
)
COOKIE: array (
  'PHPSESSID' => 'lhchnhleai6mj3dpti6bdc606l',
  'js_collapse' => '0',
)
0[2019-12-02 14:01:39]Error: /home/vagrant/code/admin/web/admin/service/SrvMarket.php 22
Uncaught Error: Call to undefined function var_dupm() in /home/vagrant/code/admin/web/admin/service/SrvMarket.php:22
Stack trace:
#0 /home/vagrant/code/admin/web/admin/controller/CtlSystem.php(93): SrvMarket->addAccount(0, Array)
#1 /home/vagrant/code/admin/lib/YX.php(173): CtlSystem->mediaAccountAddAction()
#2 /home/vagrant/code/admin/lib/YX.php(136): YX::route('system', 'mediaAccountAdd...')
#3 /home/vagrant/code/admin/web/admin/index.php(48): YX::run()
#4 {main}
  thrown

-----------------------------------
0[2019-12-02 15:44:05] 192.168.10.1 http://wechat.com/?ct=optimizat&ac=adCnter
COOKIE: array (
  'PHPSESSID' => 'lhchnhleai6mj3dpti6bdc606l',
  'js_collapse' => '0',
)
0[2019-12-02 15:44:05]Error: /home/vagrant/code/admin/lib/YX.php 226
自动加载CtlOptimizat时，文件/home/vagrant/code/admin/web/admin/controller/CtlOptimizat.php不存在

-----------------------------------
0[2019-12-02 16:07:39] 192.168.10.1 http://wechat.com/?ct=optimizat&ac=adMaterial
COOKIE: array (
  'PHPSESSID' => 'lhchnhleai6mj3dpti6bdc606l',
  'js_collapse' => '0',
)
0[2019-12-02 16:07:39]Error: /home/vagrant/code/admin/lib/YX.php 226
自动加载CtlOptimizat时，文件/home/vagrant/code/admin/web/admin/controller/CtlOptimizat.php不存在

-----------------------------------
0[2019-12-02 16:10:45] 192.168.10.1 http://wechat.com/?ct=optimizat&ac=adMaterial
COOKIE: array (
  'PHPSESSID' => 'lhchnhleai6mj3dpti6bdc606l',
  'js_collapse' => '0',
)
0[2019-12-02 16:10:45]Error: /home/vagrant/code/admin/lib/YX.php 226
自动加载controller时，文件不存在

-----------------------------------
0[2019-12-02 16:10:51] 192.168.10.1 http://wechat.com/?ct=optimizat&ac=adCopywriting
COOKIE: array (
  'PHPSESSID' => 'lhchnhleai6mj3dpti6bdc606l',
  'js_collapse' => '0',
)
0[2019-12-02 16:10:51]Error: /home/vagrant/code/admin/lib/YX.php 226
自动加载controller时，文件不存在

-----------------------------------
0[2019-12-02 16:10:58] 192.168.10.1 http://wechat.com/?ct=optimizat&ac=adCnter
COOKIE: array (
  'PHPSESSID' => 'lhchnhleai6mj3dpti6bdc606l',
  'js_collapse' => '0',
)
0[2019-12-02 16:10:58]Error: /home/vagrant/code/admin/lib/YX.php 226
自动加载controller时，文件不存在

-----------------------------------
0[2019-12-02 16:11:03] 192.168.10.1 http://wechat.com/?ct=optimizat&ac=adMaterial
COOKIE: array (
  'PHPSESSID' => 'lhchnhleai6mj3dpti6bdc606l',
  'js_collapse' => '0',
)
0[2019-12-02 16:11:03]Error: /home/vagrant/code/admin/lib/YX.php 226
自动加载controller时，文件不存在

-----------------------------------
0[2019-12-02 16:11:10] 192.168.10.1 http://wechat.com/?ct=optimizat&ac=adMaterial
COOKIE: array (
  'PHPSESSID' => 'lhchnhleai6mj3dpti6bdc606l',
  'js_collapse' => '0',
)
0[2019-12-02 16:11:10]Error: /home/vagrant/code/admin/lib/YX.php 226
自动加载controller时，文件不存在

-----------------------------------
0[2019-12-02 16:11:19] 192.168.10.1 http://wechat.com/?ct=optimizat&ac=adMaterial
COOKIE: array (
  'PHPSESSID' => 'lhchnhleai6mj3dpti6bdc606l',
  'js_collapse' => '0',
)
0[2019-12-02 16:11:19]Error: /home/vagrant/code/admin/lib/YX.php 226
自动加载controller时，文件不存在

-----------------------------------
0[2019-12-02 16:11:47] 192.168.10.1 http://wechat.com/?ct=optimizat&ac=adMaterial
COOKIE: array (
  'PHPSESSID' => 'lhchnhleai6mj3dpti6bdc606l',
  'js_collapse' => '0',
)
0[2019-12-02 16:11:47]Error: /home/vagrant/code/admin/lib/YX.php 226
自动加载controller时，文件不存在

-----------------------------------
0[2019-12-02 16:12:30] 192.168.10.1 http://wechat.com/?ct=optimizat&ac=adMaterial
COOKIE: array (
  'PHPSESSID' => 'lhchnhleai6mj3dpti6bdc606l',
  'js_collapse' => '0',
)
0[2019-12-02 16:12:30]Error: /home/vagrant/code/admin/lib/YX.php 226
自动加载controller时，文件不存在

-----------------------------------
0[2019-12-02 16:13:29] 192.168.10.1 http://wechat.com/?ct=optimizat&ac=adMaterial
COOKIE: array (
  'PHPSESSID' => 'lhchnhleai6mj3dpti6bdc606l',
  'js_collapse' => '0',
)
0[2019-12-02 16:13:29]Error: /home/vagrant/code/admin/lib/YX.php 157
Uncaught Error: Call to undefined function dd() in /home/vagrant/code/admin/lib/YX.php:157
Stack trace:
#0 /home/vagrant/code/admin/lib/YX.php(136): YX::route('optimizat', 'adMaterial')
#1 /home/vagrant/code/admin/web/admin/index.php(48): YX::run()
#2 {main}
  thrown

-----------------------------------
0[2019-12-02 16:13:37] 192.168.10.1 http://wechat.com/?ct=optimizat&ac=adMaterial
COOKIE: array (
  'PHPSESSID' => 'lhchnhleai6mj3dpti6bdc606l',
  'js_collapse' => '0',
)
0[2019-12-02 16:13:37]Error: /home/vagrant/code/admin/lib/YX.php 227
自动加载controller时，文件不存在

-----------------------------------
0[2019-12-02 16:14:13] 192.168.10.1 http://wechat.com/?ct=optimizat&ac=adMaterial
COOKIE: array (
  'PHPSESSID' => 'lhchnhleai6mj3dpti6bdc606l',
  'js_collapse' => '0',
)
0[2019-12-02 16:14:13]Error: /home/vagrant/code/admin/lib/YX.php 227
自动加载controller时，文件不存在

-----------------------------------
0[2019-12-02 16:14:14] 192.168.10.1 http://wechat.com/?ct=optimizat&ac=adMaterial
COOKIE: array (
  'PHPSESSID' => 'lhchnhleai6mj3dpti6bdc606l',
  'js_collapse' => '0',
)
0[2019-12-02 16:14:14]Error: /home/vagrant/code/admin/lib/YX.php 227
自动加载controller时，文件不存在

-----------------------------------
0[2019-12-02 16:27:32] 192.168.10.1 http://wechat.com/?ct=optimizat&ac=adMaterial
COOKIE: array (
  'PHPSESSID' => 'lhchnhleai6mj3dpti6bdc606l',
  'js_collapse' => '0',
)
0[2019-12-02 16:27:32]Error: /home/vagrant/code/admin/lib/YX.php 168
控制器CtlOptimizat不存在方法：adMaterial

-----------------------------------
0[2019-12-02 16:29:31] 192.168.10.1 http://wechat.com/?ct=optimizat&ac=adCopywriting
COOKIE: array (
  'PHPSESSID' => 'lhchnhleai6mj3dpti6bdc606l',
  'js_collapse' => '0',
)
0[2019-12-02 16:29:31]Error: /home/vagrant/code/admin/lib/library/smarty/sysplugins/smarty_internal_compilebase.php 75
The each() function is deprecated. This message will be suppressed on further calls

-----------------------------------
0[2019-12-02 16:33:12] 192.168.10.1 http://wechat.com/?ct=optimizat&ac=adCopywriting
COOKIE: array (
  'PHPSESSID' => 'lhchnhleai6mj3dpti6bdc606l',
  'js_collapse' => '0',
)
0[2019-12-02 16:33:12]Error: /home/vagrant/code/admin/lib/library/smarty/sysplugins/smarty_internal_compilebase.php 75
The each() function is deprecated. This message will be suppressed on further calls

-----------------------------------
0[2019-12-02 16:49:24] 192.168.10.1 http://wechat.com/?ct=optimizat&ac=adMaterial
COOKIE: array (
  'PHPSESSID' => 'lhchnhleai6mj3dpti6bdc606l',
  'js_collapse' => '0',
)
0[2019-12-02 16:49:24]Error: /home/vagrant/code/admin/lib/YX.php 168
控制器CtlOptimizat不存在方法：adMaterial

-----------------------------------
0[2019-12-02 16:56:31] 192.168.10.1 http://wechat.com/?ct=optimizat&ac=adMaterial
COOKIE: array (
  'PHPSESSID' => 'lhchnhleai6mj3dpti6bdc606l',
  'js_collapse' => '0',
)
0[2019-12-02 16:56:31]Error: /home/vagrant/code/admin/lib/library/smarty/sysplugins/smarty_internal_compilebase.php 75
The each() function is deprecated. This message will be suppressed on further calls

-----------------------------------
0[2019-12-02 17:01:07] 192.168.10.1 http://wechat.com/?ct=optimizat&ac=adMaterial
COOKIE: array (
  'PHPSESSID' => 'lhchnhleai6mj3dpti6bdc606l',
  'js_collapse' => '0',
)
0[2019-12-02 17:01:07]Error: /home/vagrant/code/admin/lib/library/smarty/sysplugins/smarty_internal_compilebase.php 75
The each() function is deprecated. This message will be suppressed on further calls

-----------------------------------
0[2019-12-02 17:01:08] 192.168.10.1 http://wechat.com/?ct=optimizat&ac=addAdMaterial
COOKIE: array (
  'PHPSESSID' => 'lhchnhleai6mj3dpti6bdc606l',
  'js_collapse' => '0',
)
0[2019-12-02 17:01:08]Error: /home/vagrant/code/admin/lib/library/smarty/sysplugins/smarty_internal_compilebase.php 75
The each() function is deprecated. This message will be suppressed on further calls

-----------------------------------
0[2019-12-02 17:03:37] 192.168.10.1 http://admanage.com/?ct=optimizat&ac=adCnter
COOKIE: array (
  'PHPSESSID' => 'vbne5vr0lsoathegm8qp87ira7',
  'js_collapse' => '0',
  'ht_name' => 'yunhua',
  'ht_keep' => '1',
)
0[2019-12-02 17:03:37]Error: /home/vagrant/code/admin/lib/YX.php 168
控制器CtlOptimizat不存在方法：adCnter

-----------------------------------
0[2019-12-02 17:07:33] 192.168.10.1 http://admanage.com/?ct=optimizat&ac=addAdMaterial
COOKIE: array (
  'PHPSESSID' => 'vbne5vr0lsoathegm8qp87ira7',
  'js_collapse' => '0',
  'ht_name' => 'yunhua',
  'ht_keep' => '1',
)
0[2019-12-02 17:07:33]Error: /home/vagrant/code/admin/lib/library/smarty/sysplugins/smarty_internal_compilebase.php 75
The each() function is deprecated. This message will be suppressed on further calls

-----------------------------------
0[2019-12-02 17:19:37] 192.168.10.1 http://admanage.com/?ct=optimizat&ac=addAdMaterial
COOKIE: array (
  'PHPSESSID' => 'vbne5vr0lsoathegm8qp87ira7',
  'js_collapse' => '0',
  'ht_name' => 'yunhua',
  'ht_keep' => '1',
)
0[2019-12-02 17:19:37]Error: /home/vagrant/code/admin/lib/library/smarty/sysplugins/smarty_internal_compilebase.php 75
The each() function is deprecated. This message will be suppressed on further calls

-----------------------------------
0[2019-12-02 17:20:53] 192.168.10.1 http://admanage.com/?ct=optimizat&ac=addAdMaterial
COOKIE: array (
  'PHPSESSID' => 'vbne5vr0lsoathegm8qp87ira7',
  'js_collapse' => '0',
  'ht_name' => 'yunhua',
  'ht_keep' => '1',
)
0[2019-12-02 17:20:53]Error: /home/vagrant/code/admin/lib/library/smarty/sysplugins/smarty_internal_compilebase.php 75
The each() function is deprecated. This message will be suppressed on further calls

-----------------------------------
0[2019-12-02 18:29:51] 192.168.10.1 http://wechat.com/?ct=optimizat&ac=adMaterial
COOKIE: array (
  'PHPSESSID' => 'lhchnhleai6mj3dpti6bdc606l',
  'js_collapse' => '0',
)
0[2019-12-02 18:29:51]Error: /home/vagrant/code/admin/web/admin/controller/CtlOptimizat.php 56
Uncaught Error: Call to undefined method SrvOptimizat::getMaterialTag() in /home/vagrant/code/admin/web/admin/controller/CtlOptimizat.php:56
Stack trace:
#0 /home/vagrant/code/admin/lib/YX.php(173): CtlOptimizat->adMaterial()
#1 /home/vagrant/code/admin/lib/YX.php(136): YX::route('optimizat', 'adMaterial')
#2 /home/vagrant/code/admin/web/admin/index.php(48): YX::run()
#3 {main}
  thrown

-----------------------------------
0[2019-12-02 19:46:57] 192.168.10.1 http://admanage.com/?ct=optimizat&ac=adCnter
COOKIE: array (
  'PHPSESSID' => 'vbne5vr0lsoathegm8qp87ira7',
  'js_collapse' => '0',
  'ht_name' => 'yunhua',
  'ht_keep' => '1',
)
0[2019-12-02 19:46:57]Error: /home/vagrant/code/admin/lib/YX.php 168
控制器CtlOptimizat不存在方法：adCnter

-----------------------------------
0[2019-12-02 19:48:04] 192.168.10.1 http://admanage.com/?ct=optimizat&ac=adMaterial
COOKIE: array (
  'PHPSESSID' => 'vbne5vr0lsoathegm8qp87ira7',
  'js_collapse' => '0',
  'ht_name' => 'yunhua',
  'ht_keep' => '1',
)
0[2019-12-02 19:48:04]Error: /home/vagrant/code/admin/lib/library/smarty/sysplugins/smarty_internal_compilebase.php 75
The each() function is deprecated. This message will be suppressed on further calls

-----------------------------------
0[2019-12-02 19:49:17] 192.168.10.1 http://admanage.com/?ct=optimizat&ac=adMaterial
COOKIE: array (
  'PHPSESSID' => 'vbne5vr0lsoathegm8qp87ira7',
  'js_collapse' => '0',
  'ht_name' => 'yunhua',
  'ht_keep' => '1',
)
0[2019-12-02 19:49:17]Error: /home/vagrant/code/admin/lib/library/smarty/sysplugins/smarty_internal_compilebase.php 75
The each() function is deprecated. This message will be suppressed on further calls

-----------------------------------
0[2019-12-02 19:49:40] 192.168.10.1 http://admanage.com/?ct=optimizat&ac=adMaterial
COOKIE: array (
  'PHPSESSID' => 'vbne5vr0lsoathegm8qp87ira7',
  'js_collapse' => '0',
  'ht_name' => 'yunhua',
  'ht_keep' => '1',
)
0[2019-12-02 19:49:40]Error: /home/vagrant/code/admin/lib/library/smarty/sysplugins/smarty_internal_compilebase.php 75
The each() function is deprecated. This message will be suppressed on further calls

-----------------------------------
0[2019-12-02 19:51:21] 192.168.10.1 http://admanage.com/?ct=optimizat&ac=adMaterial
COOKIE: array (
  'PHPSESSID' => 'vbne5vr0lsoathegm8qp87ira7',
  'js_collapse' => '0',
  'ht_name' => 'yunhua',
  'ht_keep' => '1',
)
0[2019-12-02 19:51:21]Error: /home/vagrant/code/admin/lib/library/smarty/sysplugins/smarty_internal_compilebase.php 75
The each() function is deprecated. This message will be suppressed on further calls

-----------------------------------
0[2019-12-02 19:56:56] 192.168.10.1 http://admanage.com/?ct=optimizat&ac=adMaterial
COOKIE: array (
  'PHPSESSID' => 'vbne5vr0lsoathegm8qp87ira7',
  'js_collapse' => '0',
  'ht_name' => 'yunhua',
  'ht_keep' => '1',
)
0[2019-12-02 19:56:56]Error: /home/vagrant/code/admin/lib/library/smarty/sysplugins/smarty_internal_compilebase.php 75
The each() function is deprecated. This message will be suppressed on further calls

-----------------------------------
0[2019-12-02 20:47:41] 192.168.10.1 http://admanage.com/?ct=adData&ac=channelCycleT
COOKIE: array (
  'PHPSESSID' => 'vbne5vr0lsoathegm8qp87ira7',
  'js_collapse' => '0',
  'ht_name' => 'yunhua',
  'ht_keep' => '1',
)
0[2019-12-02 20:47:41]Error: /home/vagrant/code/admin/lib/library/smarty/sysplugins/smarty_internal_compilebase.php 75
The each() function is deprecated. This message will be suppressed on further calls

-----------------------------------
0[2019-12-02 20:47:43] 192.168.10.1 http://admanage.com/?ct=adData&ac=dayChannelEffect
COOKIE: array (
  'PHPSESSID' => 'vbne5vr0lsoathegm8qp87ira7',
  'js_collapse' => '0',
  'ht_name' => 'yunhua',
  'ht_keep' => '1',
)
0[2019-12-02 20:47:43]Error: /home/vagrant/code/admin/lib/library/smarty/sysplugins/smarty_internal_compilebase.php 75
The each() function is deprecated. This message will be suppressed on further calls

-----------------------------------
0[2019-12-02 20:48:35] 192.168.10.1 http://admanage.com/?ct=optimizat&ac=adCnter
COOKIE: array (
  'PHPSESSID' => 'vbne5vr0lsoathegm8qp87ira7',
  'js_collapse' => '0',
  'ht_name' => 'yunhua',
  'ht_keep' => '1',
)
0[2019-12-02 20:48:35]Error: /home/vagrant/code/admin/lib/YX.php 168
控制器CtlOptimizat不存在方法：adCnter

-----------------------------------
0[2019-12-02 20:51:09] 192.168.10.1 http://admanage.com/?ct=extend&ac=linkDiscount
COOKIE: array (
  'PHPSESSID' => 'vbne5vr0lsoathegm8qp87ira7',
  'js_collapse' => '0',
  'ht_name' => 'yunhua',
  'ht_keep' => '1',
)
0[2019-12-02 20:51:09]Error: /home/vagrant/code/admin/lib/library/smarty/sysplugins/smarty_internal_compilebase.php 75
The each() function is deprecated. This message will be suppressed on further calls

-----------------------------------
0[2019-12-02 21:01:43] 192.168.10.1 http://admanage.com/?ct=optimizat&ac=adCnter
COOKIE: array (
  'PHPSESSID' => 'vbne5vr0lsoathegm8qp87ira7',
  'js_collapse' => '0',
  'ht_name' => 'yunhua',
  'ht_keep' => '1',
)
0[2019-12-02 21:01:43]Error: /home/vagrant/code/admin/lib/YX.php 168
控制器CtlOptimizat不存在方法：adCnter

-----------------------------------
0[2019-12-02 21:03:57] 192.168.10.1 http://admanage.com/?ct=material&ac=editMaterial&material_id=2
COOKIE: array (
  'PHPSESSID' => 'vbne5vr0lsoathegm8qp87ira7',
  'js_collapse' => '0',
  'ht_name' => 'yunhua',
  'ht_keep' => '1',
)
0[2019-12-02 21:03:57]Error: /home/vagrant/code/admin/lib/library/smarty/sysplugins/smarty_internal_compilebase.php 75
The each() function is deprecated. This message will be suppressed on further calls
