
-----------------------------------
0[2019-12-12 10:14:12] 192.168.10.1 http://admanage.com/index.php?ct=index
COOKIE: array (
  'PHPSESSID' => 'q87a8i1dd7ibaf3l1ee7j7p5a8',
  'ht_name' => 'yunhua',
  'ht_keep' => '1',
  'js_collapse' => '0',
)
0[2019-12-12 10:14:12]Warn: /home/vagrant/code/admin/web/admin/service/SrvAuth.php 263
Invalid argument supplied for foreach()

-----------------------------------
0[2019-12-12 10:14:21] 192.168.10.1 http://admanage.com/index.php?ct=base
COOKIE: array (
  'PHPSESSID' => 'q87a8i1dd7ibaf3l1ee7j7p5a8',
  'ht_name' => 'yunhua',
  'ht_keep' => '1',
  'js_collapse' => '0',
)
0[2019-12-12 10:14:21]Warn: /home/vagrant/code/admin/web/admin/service/SrvAuth.php 263
Invalid argument supplied for foreach()

-----------------------------------
0[2019-12-12 10:14:29] 192.168.10.1 http://admanage.com/index.php?ct=optimizat&ac=addDirectional
COOKIE: array (
  'PHPSESSID' => 'q87a8i1dd7ibaf3l1ee7j7p5a8',
  'ht_name' => 'yunhua',
  'ht_keep' => '1',
  'js_collapse' => '0',
)
0[2019-12-12 10:14:29]Warn: /home/vagrant/code/admin/web/admin/service/SrvAuth.php 263
Invalid argument supplied for foreach()

-----------------------------------
0[2019-12-12 10:30:51] 192.168.10.1 http://admanage.com/index.php?ct=optimizat&ac=addDirectional
COOKIE: array (
  'PHPSESSID' => 'q87a8i1dd7ibaf3l1ee7j7p5a8',
  'ht_name' => 'yunhua',
  'ht_keep' => '1',
  'js_collapse' => '0',
)
0[2019-12-12 10:30:51]Warn: /home/vagrant/code/admin/web/admin/service/SrvAuth.php 263
Invalid argument supplied for foreach()

-----------------------------------
0[2019-12-12 10:53:23] 192.168.10.1 http://admanage.com/index.php?ct=optimizat&ac=addDirectional
COOKIE: array (
  'PHPSESSID' => 'q87a8i1dd7ibaf3l1ee7j7p5a8',
  'ht_name' => 'yunhua',
  'ht_keep' => '1',
  'js_collapse' => '0',
)
0[2019-12-12 10:53:23]Warn: /home/vagrant/code/admin/web/admin/service/SrvAuth.php 263
Invalid argument supplied for foreach()

-----------------------------------
0[2019-12-12 11:01:27] 192.168.10.1 http://admanage.com/index.php?ct=optimizat&ac=addDirectional
COOKIE: array (
  'PHPSESSID' => 'q87a8i1dd7ibaf3l1ee7j7p5a8',
  'ht_name' => 'yunhua',
  'ht_keep' => '1',
  'js_collapse' => '0',
)
0[2019-12-12 11:01:27]Warn: /home/vagrant/code/admin/web/admin/service/SrvAuth.php 263
Invalid argument supplied for foreach()

-----------------------------------
0[2019-12-12 11:01:28] 192.168.10.1 http://admanage.com/index.php?ct=optimizat&ac=addDirectional
COOKIE: array (
  'PHPSESSID' => 'q87a8i1dd7ibaf3l1ee7j7p5a8',
  'ht_name' => 'yunhua',
  'ht_keep' => '1',
  'js_collapse' => '0',
)
0[2019-12-12 11:01:28]Warn: /home/vagrant/code/admin/web/admin/service/SrvAuth.php 263
Invalid argument supplied for foreach()

-----------------------------------
0[2019-12-12 11:02:07] 192.168.10.1 http://admanage.com/index.php?ct=optimizat&ac=addDirectional
COOKIE: array (
  'PHPSESSID' => 'q87a8i1dd7ibaf3l1ee7j7p5a8',
  'ht_name' => 'yunhua',
  'ht_keep' => '1',
  'js_collapse' => '0',
)
0[2019-12-12 11:02:07]Warn: /home/vagrant/code/admin/web/admin/service/SrvAuth.php 263
Invalid argument supplied for foreach()

-----------------------------------
0[2019-12-12 11:02:08] 192.168.10.1 http://admanage.com/index.php?ct=optimizat&ac=addDirectional
COOKIE: array (
  'PHPSESSID' => 'q87a8i1dd7ibaf3l1ee7j7p5a8',
  'ht_name' => 'yunhua',
  'ht_keep' => '1',
  'js_collapse' => '0',
)
0[2019-12-12 11:02:08]Warn: /home/vagrant/code/admin/web/admin/service/SrvAuth.php 263
Invalid argument supplied for foreach()

-----------------------------------
0[2019-12-12 11:02:08] 192.168.10.1 http://admanage.com/index.php?ct=optimizat&ac=addDirectional
COOKIE: array (
  'PHPSESSID' => 'q87a8i1dd7ibaf3l1ee7j7p5a8',
  'ht_name' => 'yunhua',
  'ht_keep' => '1',
  'js_collapse' => '0',
)
0[2019-12-12 11:02:08]Warn: /home/vagrant/code/admin/web/admin/service/SrvAuth.php 263
Invalid argument supplied for foreach()

-----------------------------------
0[2019-12-12 11:02:08] 192.168.10.1 http://admanage.com/index.php?ct=optimizat&ac=addDirectional
COOKIE: array (
  'PHPSESSID' => 'q87a8i1dd7ibaf3l1ee7j7p5a8',
  'ht_name' => 'yunhua',
  'ht_keep' => '1',
  'js_collapse' => '0',
)
0[2019-12-12 11:02:08]Warn: /home/vagrant/code/admin/web/admin/service/SrvAuth.php 263
Invalid argument supplied for foreach()

-----------------------------------
0[2019-12-12 11:02:09] 192.168.10.1 http://admanage.com/index.php?ct=optimizat&ac=addDirectional
COOKIE: array (
  'PHPSESSID' => 'q87a8i1dd7ibaf3l1ee7j7p5a8',
  'ht_name' => 'yunhua',
  'ht_keep' => '1',
  'js_collapse' => '0',
)
0[2019-12-12 11:02:09]Warn: /home/vagrant/code/admin/web/admin/service/SrvAuth.php 263
Invalid argument supplied for foreach()

-----------------------------------
0[2019-12-12 11:02:09] 192.168.10.1 http://admanage.com/index.php?ct=optimizat&ac=addDirectional
COOKIE: array (
  'PHPSESSID' => 'q87a8i1dd7ibaf3l1ee7j7p5a8',
  'ht_name' => 'yunhua',
  'ht_keep' => '1',
  'js_collapse' => '0',
)
0[2019-12-12 11:02:09]Warn: /home/vagrant/code/admin/web/admin/service/SrvAuth.php 263
Invalid argument supplied for foreach()

-----------------------------------
0[2019-12-12 11:02:47] 192.168.10.1 http://admanage.com/index.php?ct=optimizat&ac=addDirectional
COOKIE: array (
  'PHPSESSID' => 'q87a8i1dd7ibaf3l1ee7j7p5a8',
  'ht_name' => 'yunhua',
  'ht_keep' => '1',
  'js_collapse' => '0',
)
0[2019-12-12 11:02:47]Warn: /home/vagrant/code/admin/web/admin/service/SrvAuth.php 263
Invalid argument supplied for foreach()

-----------------------------------
0[2019-12-12 11:03:17] 192.168.10.1 http://admanage.com/index.php?ct=optimizat&ac=addDirectional
COOKIE: array (
  'PHPSESSID' => 'q87a8i1dd7ibaf3l1ee7j7p5a8',
  'ht_name' => 'yunhua',
  'ht_keep' => '1',
  'js_collapse' => '0',
)
0[2019-12-12 11:03:17]Warn: /home/vagrant/code/admin/web/admin/service/SrvAuth.php 263
Invalid argument supplied for foreach()

-----------------------------------
0[2019-12-12 11:09:18] 192.168.10.1 http://admanage.com/index.php?ct=optimizat&ac=addDirectional
COOKIE: array (
  'PHPSESSID' => 'q87a8i1dd7ibaf3l1ee7j7p5a8',
  'ht_name' => 'yunhua',
  'ht_keep' => '1',
  'js_collapse' => '0',
)
0[2019-12-12 11:09:18]Warn: /home/vagrant/code/admin/web/admin/service/SrvAuth.php 263
Invalid argument supplied for foreach()

-----------------------------------
0[2019-12-12 11:09:54] 192.168.10.1 http://admanage.com/index.php?ct=optimizat&ac=addDirectional
COOKIE: array (
  'PHPSESSID' => 'q87a8i1dd7ibaf3l1ee7j7p5a8',
  'ht_name' => 'yunhua',
  'ht_keep' => '1',
  'js_collapse' => '0',
)
0[2019-12-12 11:09:54]Warn: /home/vagrant/code/admin/web/admin/service/SrvAuth.php 263
Invalid argument supplied for foreach()

-----------------------------------
0[2019-12-12 11:10:51] 192.168.10.1 http://admanage.com/index.php?ct=optimizat&ac=addDirectional
COOKIE: array (
  'PHPSESSID' => 'q87a8i1dd7ibaf3l1ee7j7p5a8',
  'ht_name' => 'yunhua',
  'ht_keep' => '1',
  'js_collapse' => '0',
)
0[2019-12-12 11:10:51]Warn: /home/vagrant/code/admin/web/admin/service/SrvAuth.php 263
Invalid argument supplied for foreach()

-----------------------------------
0[2019-12-12 11:12:21] 192.168.10.1 http://admanage.com/index.php?ct=optimizat&ac=addDirectional
COOKIE: array (
  'PHPSESSID' => 'q87a8i1dd7ibaf3l1ee7j7p5a8',
  'ht_name' => 'yunhua',
  'ht_keep' => '1',
  'js_collapse' => '0',
)
0[2019-12-12 11:12:21]Warn: /home/vagrant/code/admin/web/admin/service/SrvAuth.php 263
Invalid argument supplied for foreach()

-----------------------------------
0[2019-12-12 11:14:14] 192.168.10.1 http://admanage.com/index.php?ct=optimizat&ac=addDirectional
COOKIE: array (
  'PHPSESSID' => 'q87a8i1dd7ibaf3l1ee7j7p5a8',
  'ht_name' => 'yunhua',
  'ht_keep' => '1',
  'js_collapse' => '0',
)
0[2019-12-12 11:14:14]Warn: /home/vagrant/code/admin/web/admin/service/SrvAuth.php 263
Invalid argument supplied for foreach()

-----------------------------------
0[2019-12-12 11:16:18] 192.168.10.1 http://admanage.com/index.php?ct=optimizat&ac=addDirectional
COOKIE: array (
  'PHPSESSID' => 'q87a8i1dd7ibaf3l1ee7j7p5a8',
  'ht_name' => 'yunhua',
  'ht_keep' => '1',
  'js_collapse' => '0',
)
0[2019-12-12 11:16:18]Warn: /home/vagrant/code/admin/web/admin/service/SrvAuth.php 263
Invalid argument supplied for foreach()

-----------------------------------
0[2019-12-12 11:23:43] 192.168.10.1 http://admanage.com/index.php?ct=optimizat&ac=addDirectional
COOKIE: array (
  'PHPSESSID' => 'q87a8i1dd7ibaf3l1ee7j7p5a8',
  'ht_name' => 'yunhua',
  'ht_keep' => '1',
  'js_collapse' => '0',
)
0[2019-12-12 11:23:43]Warn: /home/vagrant/code/admin/web/admin/service/SrvAuth.php 263
Invalid argument supplied for foreach()

-----------------------------------
0[2019-12-12 11:24:00] 192.168.10.1 http://admanage.com/index.php?ct=optimizat&ac=addDirectional
COOKIE: array (
  'PHPSESSID' => 'q87a8i1dd7ibaf3l1ee7j7p5a8',
  'ht_name' => 'yunhua',
  'ht_keep' => '1',
  'js_collapse' => '0',
)
0[2019-12-12 11:24:00]Warn: /home/vagrant/code/admin/web/admin/service/SrvAuth.php 263
Invalid argument supplied for foreach()

-----------------------------------
0[2019-12-12 11:33:39] 192.168.10.1 http://admanage.com/index.php?ct=optimizat&ac=addDirectional
COOKIE: array (
  'PHPSESSID' => 'q87a8i1dd7ibaf3l1ee7j7p5a8',
  'ht_name' => 'yunhua',
  'ht_keep' => '1',
  'js_collapse' => '0',
)
0[2019-12-12 11:33:39]Warn: /home/vagrant/code/admin/web/admin/service/SrvAuth.php 263
Invalid argument supplied for foreach()

-----------------------------------
0[2019-12-12 11:34:32] 192.168.10.1 http://admanage.com/index.php?ct=optimizat&ac=addDirectional
COOKIE: array (
  'PHPSESSID' => 'q87a8i1dd7ibaf3l1ee7j7p5a8',
  'ht_name' => 'yunhua',
  'ht_keep' => '1',
  'js_collapse' => '0',
)
0[2019-12-12 11:34:32]Warn: /home/vagrant/code/admin/web/admin/service/SrvAuth.php 263
Invalid argument supplied for foreach()

-----------------------------------
0[2019-12-12 11:34:42] 192.168.10.1 http://admanage.com/index.php?ct=optimizat&ac=addDirectional
COOKIE: array (
  'PHPSESSID' => 'q87a8i1dd7ibaf3l1ee7j7p5a8',
  'ht_name' => 'yunhua',
  'ht_keep' => '1',
  'js_collapse' => '0',
)
0[2019-12-12 11:34:42]Warn: /home/vagrant/code/admin/web/admin/service/SrvAuth.php 263
Invalid argument supplied for foreach()

-----------------------------------
0[2019-12-12 11:34:57] 192.168.10.1 http://admanage.com/index.php?ct=optimizat&ac=addDirectional
COOKIE: array (
  'PHPSESSID' => 'q87a8i1dd7ibaf3l1ee7j7p5a8',
  'ht_name' => 'yunhua',
  'ht_keep' => '1',
  'js_collapse' => '0',
)
0[2019-12-12 11:34:57]Warn: /home/vagrant/code/admin/web/admin/service/SrvAuth.php 263
Invalid argument supplied for foreach()

-----------------------------------
0[2019-12-12 11:36:24] 192.168.10.1 http://admanage.com/index.php?ct=optimizat&ac=addDirectional
COOKIE: array (
  'PHPSESSID' => 'q87a8i1dd7ibaf3l1ee7j7p5a8',
  'ht_name' => 'yunhua',
  'ht_keep' => '1',
  'js_collapse' => '0',
)
0[2019-12-12 11:36:24]Warn: /home/vagrant/code/admin/web/admin/service/SrvAuth.php 263
Invalid argument supplied for foreach()

-----------------------------------
0[2019-12-12 11:36:44] 192.168.10.1 http://admanage.com/index.php?ct=optimizat&ac=addDirectional
COOKIE: array (
  'PHPSESSID' => 'q87a8i1dd7ibaf3l1ee7j7p5a8',
  'ht_name' => 'yunhua',
  'ht_keep' => '1',
  'js_collapse' => '0',
)
0[2019-12-12 11:36:44]Warn: /home/vagrant/code/admin/web/admin/service/SrvAuth.php 263
Invalid argument supplied for foreach()

-----------------------------------
0[2019-12-12 11:38:28] 192.168.10.1 http://admanage.com/index.php?ct=optimizat&ac=addDirectional
COOKIE: array (
  'PHPSESSID' => 'q87a8i1dd7ibaf3l1ee7j7p5a8',
  'ht_name' => 'yunhua',
  'ht_keep' => '1',
  'js_collapse' => '0',
)
0[2019-12-12 11:38:28]Warn: /home/vagrant/code/admin/web/admin/service/SrvAuth.php 263
Invalid argument supplied for foreach()

-----------------------------------
0[2019-12-12 11:39:24] 192.168.10.1 http://admanage.com/index.php?ct=optimizat&ac=addDirectional
COOKIE: array (
  'PHPSESSID' => 'q87a8i1dd7ibaf3l1ee7j7p5a8',
  'ht_name' => 'yunhua',
  'ht_keep' => '1',
  'js_collapse' => '0',
)
0[2019-12-12 11:39:24]Warn: /home/vagrant/code/admin/web/admin/service/SrvAuth.php 263
Invalid argument supplied for foreach()

-----------------------------------
0[2019-12-12 13:41:49] 192.168.10.1 http://admanage.com/index.php?ct=index
COOKIE: array (
  'PHPSESSID' => 'q87a8i1dd7ibaf3l1ee7j7p5a8',
  'ht_name' => 'yunhua',
  'ht_keep' => '1',
  'js_collapse' => '0',
)
0[2019-12-12 13:41:49]Warn: /home/vagrant/code/admin/web/admin/service/SrvAuth.php 263
Invalid argument supplied for foreach()

-----------------------------------
0[2019-12-12 13:41:56] 192.168.10.1 http://admanage.com/index.php?ct=base
COOKIE: array (
  'PHPSESSID' => 'q87a8i1dd7ibaf3l1ee7j7p5a8',
  'ht_name' => 'yunhua',
  'ht_keep' => '1',
  'js_collapse' => '0',
)
0[2019-12-12 13:41:56]Warn: /home/vagrant/code/admin/web/admin/service/SrvAuth.php 263
Invalid argument supplied for foreach()

-----------------------------------
0[2019-12-12 13:42:01] 192.168.10.1 http://admanage.com/index.php?ct=optimizat&ac=addDirectional
COOKIE: array (
  'PHPSESSID' => 'q87a8i1dd7ibaf3l1ee7j7p5a8',
  'ht_name' => 'yunhua',
  'ht_keep' => '1',
  'js_collapse' => '0',
)
0[2019-12-12 13:42:01]Warn: /home/vagrant/code/admin/web/admin/service/SrvAuth.php 263
Invalid argument supplied for foreach()

-----------------------------------
0[2019-12-12 13:42:22] 192.168.10.1 http://admanage.com/index.php?ct=optimizat&ac=addDirectional
COOKIE: array (
  'PHPSESSID' => 'q87a8i1dd7ibaf3l1ee7j7p5a8',
  'ht_name' => 'yunhua',
  'ht_keep' => '1',
  'js_collapse' => '0',
)
0[2019-12-12 13:42:22]Warn: /home/vagrant/code/admin/web/admin/service/SrvAuth.php 263
Invalid argument supplied for foreach()

-----------------------------------
0[2019-12-12 13:42:47] 192.168.10.1 http://admanage.com/index.php?ct=optimizat&ac=addDirectional
COOKIE: array (
  'PHPSESSID' => 'q87a8i1dd7ibaf3l1ee7j7p5a8',
  'ht_name' => 'yunhua',
  'ht_keep' => '1',
  'js_collapse' => '0',
)
0[2019-12-12 13:42:47]Warn: /home/vagrant/code/admin/web/admin/service/SrvAuth.php 263
Invalid argument supplied for foreach()

-----------------------------------
0[2019-12-12 13:43:40] 192.168.10.1 http://admanage.com/index.php?ct=optimizat&ac=addDirectional
COOKIE: array (
  'PHPSESSID' => 'q87a8i1dd7ibaf3l1ee7j7p5a8',
  'ht_name' => 'yunhua',
  'ht_keep' => '1',
  'js_collapse' => '0',
)
0[2019-12-12 13:43:40]Warn: /home/vagrant/code/admin/web/admin/service/SrvAuth.php 263
Invalid argument supplied for foreach()

-----------------------------------
0[2019-12-12 13:46:37] 192.168.10.1 http://admanage.com/?ct=base
COOKIE: array (
  'PHPSESSID' => 'q87a8i1dd7ibaf3l1ee7j7p5a8',
  'ht_name' => 'yunhua',
  'ht_keep' => '1',
  'js_collapse' => '0',
)
0[2019-12-12 13:46:37]Warn: /home/vagrant/code/admin/web/admin/service/SrvAuth.php 263
Invalid argument supplied for foreach()

-----------------------------------
0[2019-12-12 13:46:37] 192.168.10.1 http://admanage.com/?ct=base
COOKIE: array (
  'PHPSESSID' => 'q87a8i1dd7ibaf3l1ee7j7p5a8',
  'ht_name' => 'yunhua',
  'ht_keep' => '1',
  'js_collapse' => '0',
)
0[2019-12-12 13:46:37]Warn: /home/vagrant/code/admin/web/admin/service/SrvAuth.php 263
Invalid argument supplied for foreach()

-----------------------------------
0[2019-12-12 13:46:44] 192.168.10.1 http://admanage.com/?ct=platform&ac=gameList
COOKIE: array (
  'PHPSESSID' => 'q87a8i1dd7ibaf3l1ee7j7p5a8',
  'ht_name' => 'yunhua',
  'ht_keep' => '1',
  'js_collapse' => '0',
)
0[2019-12-12 13:46:44]Warn: /home/vagrant/code/admin/web/admin/service/SrvAuth.php 263
Invalid argument supplied for foreach()

-----------------------------------
0[2019-12-12 13:46:50] 192.168.10.1 http://admanage.com/?ct=platform&ac=addGame&game_id=undefined&parent_id=undefined
COOKIE: array (
  'PHPSESSID' => 'q87a8i1dd7ibaf3l1ee7j7p5a8',
  'ht_name' => 'yunhua',
  'ht_keep' => '1',
  'js_collapse' => '0',
)
0[2019-12-12 13:46:50]Warn: /home/vagrant/code/admin/web/admin/service/SrvAuth.php 263
Invalid argument supplied for foreach()

-----------------------------------
0[2019-12-12 13:47:53] 192.168.10.1 http://admanage.com/?ct=platform&ac=addGame&game_id=undefined&parent_id=undefined
COOKIE: array (
  'PHPSESSID' => 'q87a8i1dd7ibaf3l1ee7j7p5a8',
  'ht_name' => 'yunhua',
  'ht_keep' => '1',
  'js_collapse' => '0',
)
0[2019-12-12 13:47:53]Warn: /home/vagrant/code/admin/web/admin/service/SrvAuth.php 263
Invalid argument supplied for foreach()

-----------------------------------
0[2019-12-12 13:50:43] 192.168.10.1 http://admanage.com/index.php?ct=optimizat&ac=addDirectional
COOKIE: array (
  'PHPSESSID' => 'q87a8i1dd7ibaf3l1ee7j7p5a8',
  'ht_name' => 'yunhua',
  'ht_keep' => '1',
  'js_collapse' => '0',
)
0[2019-12-12 13:50:43]Warn: /home/vagrant/code/admin/web/admin/service/SrvAuth.php 263
Invalid argument supplied for foreach()

-----------------------------------
0[2019-12-12 14:02:04] 192.168.10.1 http://admanage.com/index.php?ct=optimizat&ac=addDirectional
COOKIE: array (
  'PHPSESSID' => 'q87a8i1dd7ibaf3l1ee7j7p5a8',
  'ht_name' => 'yunhua',
  'ht_keep' => '1',
  'js_collapse' => '0',
)
0[2019-12-12 14:02:04]Warn: /home/vagrant/code/admin/web/admin/service/SrvAuth.php 263
Invalid argument supplied for foreach()

-----------------------------------
0[2019-12-12 14:32:35] 192.168.10.1 http://admanage.com/index.php?ct=optimizat&ac=addDirectional
COOKIE: array (
  'PHPSESSID' => 'q87a8i1dd7ibaf3l1ee7j7p5a8',
  'ht_name' => 'yunhua',
  'ht_keep' => '1',
  'js_collapse' => '0',
)
0[2019-12-12 14:32:35]Warn: /home/vagrant/code/admin/web/admin/service/SrvAuth.php 263
Invalid argument supplied for foreach()

-----------------------------------
0[2019-12-12 14:32:54] 192.168.10.1 http://admanage.com/index.php?ct=optimizat&ac=addDirectional
COOKIE: array (
  'PHPSESSID' => 'q87a8i1dd7ibaf3l1ee7j7p5a8',
  'ht_name' => 'yunhua',
  'ht_keep' => '1',
  'js_collapse' => '0',
)
0[2019-12-12 14:32:54]Warn: /home/vagrant/code/admin/web/admin/service/SrvAuth.php 263
Invalid argument supplied for foreach()

-----------------------------------
0[2019-12-12 14:43:54] 192.168.10.1 http://admanage.com/index.php?ct=optimizat&ac=addDirectional
COOKIE: array (
  'PHPSESSID' => 'q87a8i1dd7ibaf3l1ee7j7p5a8',
  'ht_name' => 'yunhua',
  'ht_keep' => '1',
  'js_collapse' => '0',
)
0[2019-12-12 14:43:54]Warn: /home/vagrant/code/admin/web/admin/service/SrvAuth.php 263
Invalid argument supplied for foreach()

-----------------------------------
0[2019-12-12 14:46:57] 192.168.10.1 http://admanage.com/index.php?ct=optimizat&ac=addDirectional
COOKIE: array (
  'PHPSESSID' => 'q87a8i1dd7ibaf3l1ee7j7p5a8',
  'ht_name' => 'yunhua',
  'ht_keep' => '1',
  'js_collapse' => '0',
)
0[2019-12-12 14:46:57]Warn: /home/vagrant/code/admin/web/admin/service/SrvAuth.php 263
Invalid argument supplied for foreach()

-----------------------------------
0[2019-12-12 14:47:17] 192.168.10.1 http://admanage.com/index.php?ct=optimizat&ac=addDirectional
COOKIE: array (
  'PHPSESSID' => 'q87a8i1dd7ibaf3l1ee7j7p5a8',
  'ht_name' => 'yunhua',
  'ht_keep' => '1',
  'js_collapse' => '0',
)
0[2019-12-12 14:47:17]Warn: /home/vagrant/code/admin/web/admin/service/SrvAuth.php 263
Invalid argument supplied for foreach()

-----------------------------------
0[2019-12-12 14:47:39] 192.168.10.1 http://admanage.com/index.php?ct=optimizat&ac=addDirectional
COOKIE: array (
  'PHPSESSID' => 'q87a8i1dd7ibaf3l1ee7j7p5a8',
  'ht_name' => 'yunhua',
  'ht_keep' => '1',
  'js_collapse' => '0',
)
0[2019-12-12 14:47:39]Warn: /home/vagrant/code/admin/web/admin/service/SrvAuth.php 263
Invalid argument supplied for foreach()

-----------------------------------
0[2019-12-12 14:48:48] 192.168.10.1 http://admanage.com/index.php?ct=optimizat&ac=addDirectional
COOKIE: array (
  'PHPSESSID' => 'q87a8i1dd7ibaf3l1ee7j7p5a8',
  'ht_name' => 'yunhua',
  'ht_keep' => '1',
  'js_collapse' => '0',
)
0[2019-12-12 14:48:48]Warn: /home/vagrant/code/admin/web/admin/service/SrvAuth.php 263
Invalid argument supplied for foreach()

-----------------------------------
0[2019-12-12 14:53:22] 192.168.10.1 http://admanage.com/index.php?ct=optimizat&ac=addDirectional
COOKIE: array (
  'PHPSESSID' => 'q87a8i1dd7ibaf3l1ee7j7p5a8',
  'ht_name' => 'yunhua',
  'ht_keep' => '1',
  'js_collapse' => '0',
)
0[2019-12-12 14:53:22]Warn: /home/vagrant/code/admin/web/admin/service/SrvAuth.php 263
Invalid argument supplied for foreach()

-----------------------------------
0[2019-12-12 14:53:31] 192.168.10.1 http://admanage.com/?ct=platform&ac=gameList
COOKIE: array (
  'PHPSESSID' => 'q87a8i1dd7ibaf3l1ee7j7p5a8',
  'ht_name' => 'yunhua',
  'ht_keep' => '1',
  'js_collapse' => '0',
)
0[2019-12-12 14:53:31]Warn: /home/vagrant/code/admin/web/admin/service/SrvAuth.php 263
Invalid argument supplied for foreach()

-----------------------------------
0[2019-12-12 14:53:33] 192.168.10.1 http://admanage.com/?ct=platform&ac=gameList
COOKIE: array (
  'PHPSESSID' => 'q87a8i1dd7ibaf3l1ee7j7p5a8',
  'ht_name' => 'yunhua',
  'ht_keep' => '1',
  'js_collapse' => '0',
)
0[2019-12-12 14:53:33]Warn: /home/vagrant/code/admin/web/admin/service/SrvAuth.php 263
Invalid argument supplied for foreach()

-----------------------------------
0[2019-12-12 14:53:34] 192.168.10.1 http://admanage.com/?ct=platform&ac=gameList
COOKIE: array (
  'PHPSESSID' => 'q87a8i1dd7ibaf3l1ee7j7p5a8',
  'ht_name' => 'yunhua',
  'ht_keep' => '1',
  'js_collapse' => '0',
)
0[2019-12-12 14:53:34]Warn: /home/vagrant/code/admin/web/admin/service/SrvAuth.php 263
Invalid argument supplied for foreach()

-----------------------------------
0[2019-12-12 14:53:34] 192.168.10.1 http://admanage.com/?ct=platform&ac=gameList
COOKIE: array (
  'PHPSESSID' => 'q87a8i1dd7ibaf3l1ee7j7p5a8',
  'ht_name' => 'yunhua',
  'ht_keep' => '1',
  'js_collapse' => '0',
)
0[2019-12-12 14:53:34]Warn: /home/vagrant/code/admin/web/admin/service/SrvAuth.php 263
Invalid argument supplied for foreach()

-----------------------------------
0[2019-12-12 14:53:34] 192.168.10.1 http://admanage.com/?ct=platform&ac=gameList
COOKIE: array (
  'PHPSESSID' => 'q87a8i1dd7ibaf3l1ee7j7p5a8',
  'ht_name' => 'yunhua',
  'ht_keep' => '1',
  'js_collapse' => '0',
)
0[2019-12-12 14:53:34]Warn: /home/vagrant/code/admin/web/admin/service/SrvAuth.php 263
Invalid argument supplied for foreach()

-----------------------------------
0[2019-12-12 14:53:35] 192.168.10.1 http://admanage.com/index.php?ct=optimizat&ac=addDirectional
COOKIE: array (
  'PHPSESSID' => 'q87a8i1dd7ibaf3l1ee7j7p5a8',
  'ht_name' => 'yunhua',
  'ht_keep' => '1',
  'js_collapse' => '0',
)
0[2019-12-12 14:53:35]Warn: /home/vagrant/code/admin/web/admin/service/SrvAuth.php 263
Invalid argument supplied for foreach()

-----------------------------------
0[2019-12-12 15:04:15] 192.168.10.1 http://admanage.com/index.php?ct=optimizat&ac=addDirectional
COOKIE: array (
  'PHPSESSID' => 'q87a8i1dd7ibaf3l1ee7j7p5a8',
  'ht_name' => 'yunhua',
  'ht_keep' => '1',
  'js_collapse' => '0',
)
0[2019-12-12 15:04:15]Warn: /home/vagrant/code/admin/web/admin/service/SrvAuth.php 263
Invalid argument supplied for foreach()

-----------------------------------
0[2019-12-12 15:06:05] 192.168.10.1 http://admanage.com/index.php?ct=optimizat&ac=addDirectional
COOKIE: array (
  'PHPSESSID' => 'q87a8i1dd7ibaf3l1ee7j7p5a8',
  'ht_name' => 'yunhua',
  'ht_keep' => '1',
  'js_collapse' => '0',
)
0[2019-12-12 15:06:05]Warn: /home/vagrant/code/admin/web/admin/service/SrvAuth.php 263
Invalid argument supplied for foreach()

-----------------------------------
0[2019-12-12 15:06:05] 192.168.10.1 http://admanage.com/index.php?ct=optimizat&ac=addDirectional
COOKIE: array (
  'PHPSESSID' => 'q87a8i1dd7ibaf3l1ee7j7p5a8',
  'ht_name' => 'yunhua',
  'ht_keep' => '1',
  'js_collapse' => '0',
)
0[2019-12-12 15:06:05]Warn: /home/vagrant/code/admin/web/admin/service/SrvAuth.php 263
Invalid argument supplied for foreach()

-----------------------------------
0[2019-12-12 15:06:21] 192.168.10.1 http://admanage.com/index.php?ct=optimizat&ac=addDirectional
COOKIE: array (
  'PHPSESSID' => 'q87a8i1dd7ibaf3l1ee7j7p5a8',
  'ht_name' => 'yunhua',
  'ht_keep' => '1',
  'js_collapse' => '0',
)
0[2019-12-12 15:06:21]Warn: /home/vagrant/code/admin/web/admin/service/SrvAuth.php 263
Invalid argument supplied for foreach()

-----------------------------------
0[2019-12-12 15:07:16] 192.168.10.1 http://admanage.com/index.php?ct=optimizat&ac=addDirectional
COOKIE: array (
  'PHPSESSID' => 'q87a8i1dd7ibaf3l1ee7j7p5a8',
  'ht_name' => 'yunhua',
  'ht_keep' => '1',
  'js_collapse' => '0',
)
0[2019-12-12 15:07:16]Warn: /home/vagrant/code/admin/web/admin/service/SrvAuth.php 263
Invalid argument supplied for foreach()

-----------------------------------
0[2019-12-12 15:08:35] 192.168.10.1 http://admanage.com/index.php?ct=optimizat&ac=addDirectional
COOKIE: array (
  'PHPSESSID' => 'q87a8i1dd7ibaf3l1ee7j7p5a8',
  'ht_name' => 'yunhua',
  'ht_keep' => '1',
  'js_collapse' => '0',
)
0[2019-12-12 15:08:35]Warn: /home/vagrant/code/admin/web/admin/service/SrvAuth.php 263
Invalid argument supplied for foreach()

-----------------------------------
0[2019-12-12 15:08:46] 192.168.10.1 http://admanage.com/index.php?ct=optimizat&ac=addDirectional
COOKIE: array (
  'PHPSESSID' => 'q87a8i1dd7ibaf3l1ee7j7p5a8',
  'ht_name' => 'yunhua',
  'ht_keep' => '1',
  'js_collapse' => '0',
)
0[2019-12-12 15:08:46]Warn: /home/vagrant/code/admin/web/admin/service/SrvAuth.php 263
Invalid argument supplied for foreach()

-----------------------------------
0[2019-12-12 15:10:03] 192.168.10.1 http://admanage.com/index.php?ct=optimizat&ac=addDirectional
COOKIE: array (
  'PHPSESSID' => 'q87a8i1dd7ibaf3l1ee7j7p5a8',
  'ht_name' => 'yunhua',
  'ht_keep' => '1',
  'js_collapse' => '0',
)
0[2019-12-12 15:10:03]Warn: /home/vagrant/code/admin/web/admin/service/SrvAuth.php 263
Invalid argument supplied for foreach()

-----------------------------------
0[2019-12-12 15:10:15] 192.168.10.1 http://admanage.com/index.php?ct=optimizat&ac=addDirectional
COOKIE: array (
  'PHPSESSID' => 'q87a8i1dd7ibaf3l1ee7j7p5a8',
  'ht_name' => 'yunhua',
  'ht_keep' => '1',
  'js_collapse' => '0',
)
0[2019-12-12 15:10:15]Warn: /home/vagrant/code/admin/web/admin/service/SrvAuth.php 263
Invalid argument supplied for foreach()

-----------------------------------
0[2019-12-12 15:15:26] 192.168.10.1 http://admanage.com/index.php?ct=optimizat&ac=addDirectional
COOKIE: array (
  'PHPSESSID' => 'q87a8i1dd7ibaf3l1ee7j7p5a8',
  'ht_name' => 'yunhua',
  'ht_keep' => '1',
  'js_collapse' => '0',
)
0[2019-12-12 15:15:26]Warn: /home/vagrant/code/admin/web/admin/service/SrvAuth.php 263
Invalid argument supplied for foreach()

-----------------------------------
0[2019-12-12 15:16:05] 192.168.10.1 http://admanage.com/index.php?ct=optimizat&ac=addDirectional
COOKIE: array (
  'PHPSESSID' => 'q87a8i1dd7ibaf3l1ee7j7p5a8',
  'ht_name' => 'yunhua',
  'ht_keep' => '1',
  'js_collapse' => '0',
)
0[2019-12-12 15:16:05]Warn: /home/vagrant/code/admin/web/admin/service/SrvAuth.php 263
Invalid argument supplied for foreach()

-----------------------------------
0[2019-12-12 15:16:19] 192.168.10.1 http://admanage.com/index.php?ct=optimizat&ac=addDirectional
COOKIE: array (
  'PHPSESSID' => 'q87a8i1dd7ibaf3l1ee7j7p5a8',
  'ht_name' => 'yunhua',
  'ht_keep' => '1',
  'js_collapse' => '0',
)
0[2019-12-12 15:16:19]Warn: /home/vagrant/code/admin/web/admin/service/SrvAuth.php 263
Invalid argument supplied for foreach()

-----------------------------------
0[2019-12-12 15:21:15] 192.168.10.1 http://admanage.com/index.php?ct=optimizat&ac=addDirectional
COOKIE: array (
  'PHPSESSID' => 'q87a8i1dd7ibaf3l1ee7j7p5a8',
  'ht_name' => 'yunhua',
  'ht_keep' => '1',
  'js_collapse' => '0',
)
0[2019-12-12 15:21:15]Warn: /home/vagrant/code/admin/web/admin/service/SrvAuth.php 263
Invalid argument supplied for foreach()

-----------------------------------
0[2019-12-12 15:30:00] 192.168.10.1 http://admanage.com/index.php?ct=optimizat&ac=addDirectional
COOKIE: array (
  'PHPSESSID' => 'q87a8i1dd7ibaf3l1ee7j7p5a8',
  'ht_name' => 'yunhua',
  'ht_keep' => '1',
  'js_collapse' => '0',
)
0[2019-12-12 15:30:00]Warn: /home/vagrant/code/admin/web/admin/service/SrvAuth.php 263
Invalid argument supplied for foreach()

-----------------------------------
0[2019-12-12 15:30:00] 192.168.10.1 http://admanage.com/%3C%7B$smarty.const.SYS_STATIC_URL%7D%3E/jrtt/city/json?ct=base
COOKIE: array (
  'PHPSESSID' => 'q87a8i1dd7ibaf3l1ee7j7p5a8',
  'ht_name' => 'yunhua',
  'ht_keep' => '1',
  'js_collapse' => '0',
)
0[2019-12-12 15:30:00]Warn: /home/vagrant/code/admin/web/admin/service/SrvAuth.php 263
Invalid argument supplied for foreach()

-----------------------------------
0[2019-12-12 15:32:34] 192.168.10.1 http://admanage.com/index.php?ct=optimizat&ac=addDirectional
COOKIE: array (
  'PHPSESSID' => 'q87a8i1dd7ibaf3l1ee7j7p5a8',
  'ht_name' => 'yunhua',
  'ht_keep' => '1',
  'js_collapse' => '0',
)
0[2019-12-12 15:32:34]Warn: /home/vagrant/code/admin/web/admin/service/SrvAuth.php 263
Invalid argument supplied for foreach()

-----------------------------------
0[2019-12-12 15:32:34] 192.168.10.1 http://admanage.com/static//jrtt/city/json?ct=base
COOKIE: array (
  'PHPSESSID' => 'q87a8i1dd7ibaf3l1ee7j7p5a8',
  'ht_name' => 'yunhua',
  'ht_keep' => '1',
  'js_collapse' => '0',
)
0[2019-12-12 15:32:34]Warn: /home/vagrant/code/admin/web/admin/service/SrvAuth.php 263
Invalid argument supplied for foreach()

-----------------------------------
0[2019-12-12 15:32:43] 192.168.10.1 http://admanage.com/index.php?ct=optimizat&ac=addDirectional
COOKIE: array (
  'PHPSESSID' => 'q87a8i1dd7ibaf3l1ee7j7p5a8',
  'ht_name' => 'yunhua',
  'ht_keep' => '1',
  'js_collapse' => '0',
)
0[2019-12-12 15:32:43]Warn: /home/vagrant/code/admin/web/admin/service/SrvAuth.php 263
Invalid argument supplied for foreach()

-----------------------------------
0[2019-12-12 15:32:43] 192.168.10.1 http://admanage.com/static/jrtt/city/json?ct=base
COOKIE: array (
  'PHPSESSID' => 'q87a8i1dd7ibaf3l1ee7j7p5a8',
  'ht_name' => 'yunhua',
  'ht_keep' => '1',
  'js_collapse' => '0',
)
0[2019-12-12 15:32:43]Warn: /home/vagrant/code/admin/web/admin/service/SrvAuth.php 263
Invalid argument supplied for foreach()

-----------------------------------
0[2019-12-12 15:33:11] 192.168.10.1 http://admanage.com/static/jrtt/city/json?ct=base
COOKIE: array (
  'PHPSESSID' => 'q87a8i1dd7ibaf3l1ee7j7p5a8',
  'ht_name' => 'yunhua',
  'ht_keep' => '1',
  'js_collapse' => '0',
)
0[2019-12-12 15:33:11]Warn: /home/vagrant/code/admin/web/admin/service/SrvAuth.php 263
Invalid argument supplied for foreach()

-----------------------------------
0[2019-12-12 15:33:25] 192.168.10.1 http://admanage.com/index.php?ct=optimizat&ac=addDirectional
COOKIE: array (
  'PHPSESSID' => 'q87a8i1dd7ibaf3l1ee7j7p5a8',
  'ht_name' => 'yunhua',
  'ht_keep' => '1',
  'js_collapse' => '0',
)
0[2019-12-12 15:33:25]Warn: /home/vagrant/code/admin/web/admin/service/SrvAuth.php 263
Invalid argument supplied for foreach()

-----------------------------------
0[2019-12-12 15:35:27] 192.168.10.1 http://admanage.com/index.php?ct=optimizat&ac=addDirectional
COOKIE: array (
  'PHPSESSID' => 'q87a8i1dd7ibaf3l1ee7j7p5a8',
  'ht_name' => 'yunhua',
  'ht_keep' => '1',
  'js_collapse' => '0',
)
0[2019-12-12 15:35:27]Warn: /home/vagrant/code/admin/web/admin/service/SrvAuth.php 263
Invalid argument supplied for foreach()

-----------------------------------
0[2019-12-12 16:16:54] 192.168.10.1 http://admanage.com/index.php?ct=index
COOKIE: array (
  'PHPSESSID' => 'q87a8i1dd7ibaf3l1ee7j7p5a8',
  'ht_name' => 'yunhua',
  'ht_keep' => '1',
  'js_collapse' => '0',
)
0[2019-12-12 16:16:54]Warn: /home/vagrant/code/admin/web/admin/service/SrvAuth.php 263
Invalid argument supplied for foreach()

-----------------------------------
0[2019-12-12 16:17:00] 192.168.10.1 http://admanage.com/index.php?ct=base
COOKIE: array (
  'PHPSESSID' => 'q87a8i1dd7ibaf3l1ee7j7p5a8',
  'ht_name' => 'yunhua',
  'ht_keep' => '1',
  'js_collapse' => '0',
)
0[2019-12-12 16:17:00]Warn: /home/vagrant/code/admin/web/admin/service/SrvAuth.php 263
Invalid argument supplied for foreach()

-----------------------------------
0[2019-12-12 16:17:07] 192.168.10.1 http://admanage.com/index.php?ct=optimizat&ac=addDirectional
COOKIE: array (
  'PHPSESSID' => 'q87a8i1dd7ibaf3l1ee7j7p5a8',
  'ht_name' => 'yunhua',
  'ht_keep' => '1',
  'js_collapse' => '0',
)
0[2019-12-12 16:17:07]Warn: /home/vagrant/code/admin/web/admin/service/SrvAuth.php 263
Invalid argument supplied for foreach()

-----------------------------------
0[2019-12-12 16:17:21] 192.168.10.1 http://admanage.com/index.php?ct=optimizat&ac=addDirectional
COOKIE: array (
  'PHPSESSID' => 'q87a8i1dd7ibaf3l1ee7j7p5a8',
  'ht_name' => 'yunhua',
  'ht_keep' => '1',
  'js_collapse' => '0',
)
0[2019-12-12 16:17:21]Warn: /home/vagrant/code/admin/web/admin/service/SrvAuth.php 263
Invalid argument supplied for foreach()

-----------------------------------
0[2019-12-12 16:19:08] 192.168.10.1 http://admanage.com/index.php?ct=optimizat&ac=addDirectional
COOKIE: array (
  'PHPSESSID' => 'q87a8i1dd7ibaf3l1ee7j7p5a8',
  'ht_name' => 'yunhua',
  'ht_keep' => '1',
  'js_collapse' => '0',
)
0[2019-12-12 16:19:08]Warn: /home/vagrant/code/admin/web/admin/service/SrvAuth.php 263
Invalid argument supplied for foreach()

-----------------------------------
0[2019-12-12 16:21:11] 192.168.10.1 http://admanage.com/index.php?ct=optimizat&ac=addDirectional
COOKIE: array (
  'PHPSESSID' => 'q87a8i1dd7ibaf3l1ee7j7p5a8',
  'ht_name' => 'yunhua',
  'ht_keep' => '1',
  'js_collapse' => '0',
)
0[2019-12-12 16:21:11]Warn: /home/vagrant/code/admin/web/admin/service/SrvAuth.php 263
Invalid argument supplied for foreach()

-----------------------------------
0[2019-12-12 16:39:13] 192.168.10.1 http://admanage.com/index.php?ct=optimizat&ac=addDirectional
COOKIE: array (
  'PHPSESSID' => 'q87a8i1dd7ibaf3l1ee7j7p5a8',
  'ht_name' => 'yunhua',
  'ht_keep' => '1',
  'js_collapse' => '0',
)
0[2019-12-12 16:39:13]Warn: /home/vagrant/code/admin/web/admin/service/SrvAuth.php 263
Invalid argument supplied for foreach()

-----------------------------------
0[2019-12-12 16:39:46] 192.168.10.1 http://admanage.com/index.php?ct=optimizat&ac=addDirectional
COOKIE: array (
  'PHPSESSID' => 'q87a8i1dd7ibaf3l1ee7j7p5a8',
  'ht_name' => 'yunhua',
  'ht_keep' => '1',
  'js_collapse' => '0',
)
0[2019-12-12 16:39:46]Warn: /home/vagrant/code/admin/web/admin/service/SrvAuth.php 263
Invalid argument supplied for foreach()

-----------------------------------
0[2019-12-12 16:48:55] 192.168.10.1 http://admanage.com/index.php?ct=optimizat&ac=addDirectional
COOKIE: array (
  'PHPSESSID' => 'q87a8i1dd7ibaf3l1ee7j7p5a8',
  'ht_name' => 'yunhua',
  'ht_keep' => '1',
  'js_collapse' => '0',
)
0[2019-12-12 16:48:55]Warn: /home/vagrant/code/admin/web/admin/service/SrvAuth.php 263
Invalid argument supplied for foreach()

-----------------------------------
0[2019-12-12 16:49:02] 192.168.10.1 http://admanage.com/index.php?ct=optimizat&ac=addDirectional
COOKIE: array (
  'PHPSESSID' => 'q87a8i1dd7ibaf3l1ee7j7p5a8',
  'ht_name' => 'yunhua',
  'ht_keep' => '1',
  'js_collapse' => '0',
)
0[2019-12-12 16:49:02]Warn: /home/vagrant/code/admin/web/admin/service/SrvAuth.php 263
Invalid argument supplied for foreach()

-----------------------------------
0[2019-12-12 16:49:39] 192.168.10.1 http://admanage.com/index.php?ct=optimizat&ac=addDirectional
COOKIE: array (
  'PHPSESSID' => 'q87a8i1dd7ibaf3l1ee7j7p5a8',
  'ht_name' => 'yunhua',
  'ht_keep' => '1',
  'js_collapse' => '0',
)
0[2019-12-12 16:49:39]Warn: /home/vagrant/code/admin/web/admin/service/SrvAuth.php 263
Invalid argument supplied for foreach()

-----------------------------------
0[2019-12-12 16:50:36] 192.168.10.1 http://admanage.com/index.php?ct=optimizat&ac=addDirectional
COOKIE: array (
  'PHPSESSID' => 'q87a8i1dd7ibaf3l1ee7j7p5a8',
  'ht_name' => 'yunhua',
  'ht_keep' => '1',
  'js_collapse' => '0',
)
0[2019-12-12 16:50:36]Warn: /home/vagrant/code/admin/web/admin/service/SrvAuth.php 263
Invalid argument supplied for foreach()

-----------------------------------
0[2019-12-12 16:56:07] 192.168.10.1 http://admanage.com/index.php?ct=optimizat&ac=addDirectional
COOKIE: array (
  'PHPSESSID' => 'q87a8i1dd7ibaf3l1ee7j7p5a8',
  'ht_name' => 'yunhua',
  'ht_keep' => '1',
  'js_collapse' => '0',
)
0[2019-12-12 16:56:07]Warn: /home/vagrant/code/admin/web/admin/service/SrvAuth.php 263
Invalid argument supplied for foreach()

-----------------------------------
0[2019-12-12 16:57:29] 192.168.10.1 http://admanage.com/index.php?ct=optimizat&ac=addDirectional
COOKIE: array (
  'PHPSESSID' => 'q87a8i1dd7ibaf3l1ee7j7p5a8',
  'ht_name' => 'yunhua',
  'ht_keep' => '1',
  'js_collapse' => '0',
)
0[2019-12-12 16:57:29]Warn: /home/vagrant/code/admin/web/admin/service/SrvAuth.php 263
Invalid argument supplied for foreach()

-----------------------------------
0[2019-12-12 17:08:11] 192.168.10.1 http://admanage.com/index.php?ct=optimizat&ac=addDirectional
COOKIE: array (
  'PHPSESSID' => 'q87a8i1dd7ibaf3l1ee7j7p5a8',
  'ht_name' => 'yunhua',
  'ht_keep' => '1',
  'js_collapse' => '0',
)
0[2019-12-12 17:08:11]Warn: /home/vagrant/code/admin/web/admin/service/SrvAuth.php 263
Invalid argument supplied for foreach()

-----------------------------------
0[2019-12-12 17:08:27] 192.168.10.1 http://admanage.com/index.php?ct=optimizat&ac=addDirectional
COOKIE: array (
  'PHPSESSID' => 'q87a8i1dd7ibaf3l1ee7j7p5a8',
  'ht_name' => 'yunhua',
  'ht_keep' => '1',
  'js_collapse' => '0',
)
0[2019-12-12 17:08:27]Warn: /home/vagrant/code/admin/web/admin/service/SrvAuth.php 263
Invalid argument supplied for foreach()

-----------------------------------
0[2019-12-12 17:21:10] 192.168.10.1 http://admanage.com/index.php?ct=optimizat&ac=addDirectional
COOKIE: array (
  'PHPSESSID' => 'q87a8i1dd7ibaf3l1ee7j7p5a8',
  'ht_name' => 'yunhua',
  'ht_keep' => '1',
  'js_collapse' => '0',
)
0[2019-12-12 17:21:10]Warn: /home/vagrant/code/admin/web/admin/service/SrvAuth.php 263
Invalid argument supplied for foreach()

-----------------------------------
0[2019-12-12 17:21:33] 192.168.10.1 http://admanage.com/index.php?ct=optimizat&ac=addDirectional
COOKIE: array (
  'PHPSESSID' => 'q87a8i1dd7ibaf3l1ee7j7p5a8',
  'ht_name' => 'yunhua',
  'ht_keep' => '1',
  'js_collapse' => '0',
)
0[2019-12-12 17:21:33]Warn: /home/vagrant/code/admin/web/admin/service/SrvAuth.php 263
Invalid argument supplied for foreach()

-----------------------------------
0[2019-12-12 17:22:34] 192.168.10.1 http://admanage.com/index.php?ct=optimizat&ac=addDirectional
COOKIE: array (
  'PHPSESSID' => 'q87a8i1dd7ibaf3l1ee7j7p5a8',
  'ht_name' => 'yunhua',
  'ht_keep' => '1',
  'js_collapse' => '0',
)
0[2019-12-12 17:22:34]Warn: /home/vagrant/code/admin/web/admin/service/SrvAuth.php 263
Invalid argument supplied for foreach()

-----------------------------------
0[2019-12-12 17:22:54] 192.168.10.1 http://admanage.com/index.php?ct=optimizat&ac=addDirectional
COOKIE: array (
  'PHPSESSID' => 'q87a8i1dd7ibaf3l1ee7j7p5a8',
  'ht_name' => 'yunhua',
  'ht_keep' => '1',
  'js_collapse' => '0',
)
0[2019-12-12 17:22:54]Warn: /home/vagrant/code/admin/web/admin/service/SrvAuth.php 263
Invalid argument supplied for foreach()

-----------------------------------
0[2019-12-12 17:23:13] 192.168.10.1 http://admanage.com/index.php?ct=optimizat&ac=addDirectional
COOKIE: array (
  'PHPSESSID' => 'q87a8i1dd7ibaf3l1ee7j7p5a8',
  'ht_name' => 'yunhua',
  'ht_keep' => '1',
  'js_collapse' => '0',
)
0[2019-12-12 17:23:13]Warn: /home/vagrant/code/admin/web/admin/service/SrvAuth.php 263
Invalid argument supplied for foreach()

-----------------------------------
0[2019-12-12 17:23:46] 192.168.10.1 http://admanage.com/index.php?ct=optimizat&ac=addDirectional
COOKIE: array (
  'PHPSESSID' => 'q87a8i1dd7ibaf3l1ee7j7p5a8',
  'ht_name' => 'yunhua',
  'ht_keep' => '1',
  'js_collapse' => '0',
)
0[2019-12-12 17:23:46]Warn: /home/vagrant/code/admin/web/admin/service/SrvAuth.php 263
Invalid argument supplied for foreach()

-----------------------------------
0[2019-12-12 17:24:54] 192.168.10.1 http://admanage.com/index.php?ct=optimizat&ac=addDirectional
COOKIE: array (
  'PHPSESSID' => 'q87a8i1dd7ibaf3l1ee7j7p5a8',
  'ht_name' => 'yunhua',
  'ht_keep' => '1',
  'js_collapse' => '0',
)
0[2019-12-12 17:24:54]Warn: /home/vagrant/code/admin/web/admin/service/SrvAuth.php 263
Invalid argument supplied for foreach()

-----------------------------------
0[2019-12-12 17:26:28] 192.168.10.1 http://admanage.com/index.php?ct=optimizat&ac=addDirectional
COOKIE: array (
  'PHPSESSID' => 'q87a8i1dd7ibaf3l1ee7j7p5a8',
  'ht_name' => 'yunhua',
  'ht_keep' => '1',
  'js_collapse' => '0',
)
0[2019-12-12 17:26:28]Warn: /home/vagrant/code/admin/web/admin/service/SrvAuth.php 263
Invalid argument supplied for foreach()

-----------------------------------
0[2019-12-12 17:31:01] 192.168.10.1 http://admanage.com/index.php?ct=optimizat&ac=addDirectional
COOKIE: array (
  'PHPSESSID' => 'q87a8i1dd7ibaf3l1ee7j7p5a8',
  'ht_name' => 'yunhua',
  'ht_keep' => '1',
  'js_collapse' => '0',
)
0[2019-12-12 17:31:01]Warn: /home/vagrant/code/admin/web/admin/service/SrvAuth.php 263
Invalid argument supplied for foreach()

-----------------------------------
0[2019-12-12 17:37:51] 192.168.10.1 http://admanage.com/index.php?ct=optimizat&ac=addDirectional
COOKIE: array (
  'PHPSESSID' => 'q87a8i1dd7ibaf3l1ee7j7p5a8',
  'ht_name' => 'yunhua',
  'ht_keep' => '1',
  'js_collapse' => '0',
)
0[2019-12-12 17:37:51]Warn: /home/vagrant/code/admin/web/admin/service/SrvAuth.php 263
Invalid argument supplied for foreach()

-----------------------------------
0[2019-12-12 17:38:12] 192.168.10.1 http://admanage.com/index.php?ct=optimizat&ac=addDirectional
COOKIE: array (
  'PHPSESSID' => 'q87a8i1dd7ibaf3l1ee7j7p5a8',
  'ht_name' => 'yunhua',
  'ht_keep' => '1',
  'js_collapse' => '0',
)
0[2019-12-12 17:38:12]Warn: /home/vagrant/code/admin/web/admin/service/SrvAuth.php 263
Invalid argument supplied for foreach()

-----------------------------------
0[2019-12-12 17:38:38] 192.168.10.1 http://admanage.com/index.php?ct=optimizat&ac=addDirectional
COOKIE: array (
  'PHPSESSID' => 'q87a8i1dd7ibaf3l1ee7j7p5a8',
  'ht_name' => 'yunhua',
  'ht_keep' => '1',
  'js_collapse' => '0',
)
0[2019-12-12 17:38:38]Warn: /home/vagrant/code/admin/web/admin/service/SrvAuth.php 263
Invalid argument supplied for foreach()

-----------------------------------
0[2019-12-12 17:39:55] 192.168.10.1 http://admanage.com/index.php?ct=optimizat&ac=addDirectional
COOKIE: array (
  'PHPSESSID' => 'q87a8i1dd7ibaf3l1ee7j7p5a8',
  'ht_name' => 'yunhua',
  'ht_keep' => '1',
  'js_collapse' => '0',
)
0[2019-12-12 17:39:55]Warn: /home/vagrant/code/admin/web/admin/service/SrvAuth.php 263
Invalid argument supplied for foreach()

-----------------------------------
0[2019-12-12 17:44:25] 192.168.10.1 http://admanage.com/index.php?ct=optimizat&ac=addDirectional
COOKIE: array (
  'PHPSESSID' => 'q87a8i1dd7ibaf3l1ee7j7p5a8',
  'ht_name' => 'yunhua',
  'ht_keep' => '1',
  'js_collapse' => '0',
)
0[2019-12-12 17:44:25]Warn: /home/vagrant/code/admin/web/admin/service/SrvAuth.php 263
Invalid argument supplied for foreach()

-----------------------------------
0[2019-12-12 17:57:48] 192.168.10.1 http://admanage.com/index.php?ct=optimizat&ac=addDirectional
COOKIE: array (
  'PHPSESSID' => 'q87a8i1dd7ibaf3l1ee7j7p5a8',
  'ht_name' => 'yunhua',
  'ht_keep' => '1',
  'js_collapse' => '0',
)
0[2019-12-12 17:57:48]Warn: /home/vagrant/code/admin/web/admin/service/SrvAuth.php 263
Invalid argument supplied for foreach()

-----------------------------------
0[2019-12-12 17:58:08] 192.168.10.1 http://admanage.com/index.php?ct=optimizat&ac=addDirectional
COOKIE: array (
  'PHPSESSID' => 'q87a8i1dd7ibaf3l1ee7j7p5a8',
  'ht_name' => 'yunhua',
  'ht_keep' => '1',
  'js_collapse' => '0',
)
0[2019-12-12 17:58:08]Warn: /home/vagrant/code/admin/web/admin/service/SrvAuth.php 263
Invalid argument supplied for foreach()

-----------------------------------
0[2019-12-12 18:19:25] 192.168.10.1 http://admanage.com/index.php?ct=optimizat&ac=addDirectional
COOKIE: array (
  'PHPSESSID' => 'q87a8i1dd7ibaf3l1ee7j7p5a8',
  'ht_name' => 'yunhua',
  'ht_keep' => '1',
  'js_collapse' => '0',
)
0[2019-12-12 18:19:25]Warn: /home/vagrant/code/admin/web/admin/service/SrvAuth.php 263
Invalid argument supplied for foreach()

-----------------------------------
0[2019-12-12 18:20:23] 192.168.10.1 http://admanage.com/index.php?ct=optimizat&ac=addDirectional
COOKIE: array (
  'PHPSESSID' => 'q87a8i1dd7ibaf3l1ee7j7p5a8',
  'ht_name' => 'yunhua',
  'ht_keep' => '1',
  'js_collapse' => '0',
)
0[2019-12-12 18:20:23]Warn: /home/vagrant/code/admin/web/admin/service/SrvAuth.php 263
Invalid argument supplied for foreach()

-----------------------------------
0[2019-12-12 18:23:52] 192.168.10.1 http://admanage.com/index.php?ct=optimizat&ac=addDirectional
COOKIE: array (
  'PHPSESSID' => 'q87a8i1dd7ibaf3l1ee7j7p5a8',
  'ht_name' => 'yunhua',
  'ht_keep' => '1',
  'js_collapse' => '0',
)
0[2019-12-12 18:23:52]Warn: /home/vagrant/code/admin/web/admin/service/SrvAuth.php 263
Invalid argument supplied for foreach()

-----------------------------------
0[2019-12-12 18:27:08] 192.168.10.1 http://admanage.com/index.php?ct=optimizat&ac=addDirectional
COOKIE: array (
  'PHPSESSID' => 'q87a8i1dd7ibaf3l1ee7j7p5a8',
  'ht_name' => 'yunhua',
  'ht_keep' => '1',
  'js_collapse' => '0',
)
0[2019-12-12 18:27:08]Warn: /home/vagrant/code/admin/web/admin/service/SrvAuth.php 263
Invalid argument supplied for foreach()

-----------------------------------
0[2019-12-12 18:36:03] 192.168.10.1 http://admanage.com/index.php?ct=optimizat&ac=addDirectional
COOKIE: array (
  'PHPSESSID' => 'q87a8i1dd7ibaf3l1ee7j7p5a8',
  'ht_name' => 'yunhua',
  'ht_keep' => '1',
  'js_collapse' => '0',
)
0[2019-12-12 18:36:03]Warn: /home/vagrant/code/admin/web/admin/service/SrvAuth.php 263
Invalid argument supplied for foreach()

-----------------------------------
0[2019-12-12 18:36:17] 192.168.10.1 http://admanage.com/index.php?ct=optimizat&ac=addDirectional
COOKIE: array (
  'PHPSESSID' => 'q87a8i1dd7ibaf3l1ee7j7p5a8',
  'ht_name' => 'yunhua',
  'ht_keep' => '1',
  'js_collapse' => '0',
)
0[2019-12-12 18:36:17]Warn: /home/vagrant/code/admin/web/admin/service/SrvAuth.php 263
Invalid argument supplied for foreach()

-----------------------------------
0[2019-12-12 20:00:08] 192.168.10.1 http://admanage.com/static/jrtt/city/json?ct=index
COOKIE: array (
  'PHPSESSID' => 'q87a8i1dd7ibaf3l1ee7j7p5a8',
  'ht_name' => 'yunhua',
  'ht_keep' => '1',
  'js_collapse' => '0',
)
0[2019-12-12 20:00:08]Warn: /home/vagrant/code/admin/web/admin/service/SrvAuth.php 263
Invalid argument supplied for foreach()

-----------------------------------
0[2019-12-12 20:00:15] 192.168.10.1 http://admanage.com/static/jrtt/city/json?ct=base
COOKIE: array (
  'PHPSESSID' => 'q87a8i1dd7ibaf3l1ee7j7p5a8',
  'ht_name' => 'yunhua',
  'ht_keep' => '1',
  'js_collapse' => '0',
)
0[2019-12-12 20:00:15]Warn: /home/vagrant/code/admin/web/admin/service/SrvAuth.php 263
Invalid argument supplied for foreach()

-----------------------------------
0[2019-12-12 20:00:21] 192.168.10.1 http://admanage.com/static/jrtt/city/json?ct=service&ac=orderList
COOKIE: array (
  'PHPSESSID' => 'q87a8i1dd7ibaf3l1ee7j7p5a8',
  'ht_name' => 'yunhua',
  'ht_keep' => '1',
  'js_collapse' => '0',
)
0[2019-12-12 20:00:21]Warn: /home/vagrant/code/admin/web/admin/service/SrvAuth.php 263
Invalid argument supplied for foreach()
0[2019-12-12 20:00:21]Error: /home/vagrant/code/admin/lib/library/smarty/sysplugins/smarty_internal_compilebase.php 75
The each() function is deprecated. This message will be suppressed on further calls

-----------------------------------
0[2019-12-12 20:00:22] 192.168.10.1 http://admanage.com/static/jrtt/city/json?ct=service&ac=roleList
COOKIE: array (
  'PHPSESSID' => 'q87a8i1dd7ibaf3l1ee7j7p5a8',
  'ht_name' => 'yunhua',
  'ht_keep' => '1',
  'js_collapse' => '0',
)
0[2019-12-12 20:00:22]Warn: /home/vagrant/code/admin/web/admin/service/SrvAuth.php 263
Invalid argument supplied for foreach()
0[2019-12-12 20:00:22]Error: /home/vagrant/code/admin/lib/library/smarty/sysplugins/smarty_internal_compilebase.php 75
The each() function is deprecated. This message will be suppressed on further calls

-----------------------------------
0[2019-12-12 20:00:23] 192.168.10.1 http://admanage.com/static/jrtt/city/json?ct=service&ac=activeLog
COOKIE: array (
  'PHPSESSID' => 'q87a8i1dd7ibaf3l1ee7j7p5a8',
  'ht_name' => 'yunhua',
  'ht_keep' => '1',
  'js_collapse' => '0',
)
0[2019-12-12 20:00:23]Warn: /home/vagrant/code/admin/web/admin/service/SrvAuth.php 263
Invalid argument supplied for foreach()
0[2019-12-12 20:00:23]Error: /home/vagrant/code/admin/lib/library/smarty/sysplugins/smarty_internal_compilebase.php 75
The each() function is deprecated. This message will be suppressed on further calls

-----------------------------------
0[2019-12-12 20:08:27] 192.168.10.1 http://admanage.com/index.php?ct=optimizat&ac=addDirectional
COOKIE: array (
  'PHPSESSID' => 'q87a8i1dd7ibaf3l1ee7j7p5a8',
  'ht_name' => 'yunhua',
  'ht_keep' => '1',
  'js_collapse' => '0',
)
0[2019-12-12 20:08:27]Warn: /home/vagrant/code/admin/web/admin/service/SrvAuth.php 263
Invalid argument supplied for foreach()

-----------------------------------
0[2019-12-12 20:08:55] 192.168.10.1 http://admanage.com/index.php?ct=optimizat&ac=addDirectional
COOKIE: array (
  'PHPSESSID' => 'q87a8i1dd7ibaf3l1ee7j7p5a8',
  'ht_name' => 'yunhua',
  'ht_keep' => '1',
  'js_collapse' => '0',
)
0[2019-12-12 20:08:55]Warn: /home/vagrant/code/admin/web/admin/service/SrvAuth.php 263
Invalid argument supplied for foreach()

-----------------------------------
0[2019-12-12 20:21:35] 192.168.10.1 http://admanage.com/index.php?ct=optimizat&ac=addDirectional
COOKIE: array (
  'PHPSESSID' => 'q87a8i1dd7ibaf3l1ee7j7p5a8',
  'ht_name' => 'yunhua',
  'ht_keep' => '1',
  'js_collapse' => '0',
)
0[2019-12-12 20:21:35]Warn: /home/vagrant/code/admin/web/admin/service/SrvAuth.php 263
Invalid argument supplied for foreach()

-----------------------------------
0[2019-12-12 20:45:31] 192.168.10.1 http://admanage.com/index.php?ct=optimizat&ac=addDirectional
COOKIE: array (
  'PHPSESSID' => 'q87a8i1dd7ibaf3l1ee7j7p5a8',
  'ht_name' => 'yunhua',
  'ht_keep' => '1',
  'js_collapse' => '0',
)
0[2019-12-12 20:45:31]Warn: /home/vagrant/code/admin/web/admin/service/SrvAuth.php 263
Invalid argument supplied for foreach()

-----------------------------------
0[2019-12-12 20:49:12] 192.168.10.1 http://admanage.com/index.php?ct=optimizat&ac=addDirectional
COOKIE: array (
  'PHPSESSID' => 'q87a8i1dd7ibaf3l1ee7j7p5a8',
  'ht_name' => 'yunhua',
  'ht_keep' => '1',
  'js_collapse' => '0',
)
0[2019-12-12 20:49:12]Warn: /home/vagrant/code/admin/web/admin/service/SrvAuth.php 263
Invalid argument supplied for foreach()

-----------------------------------
0[2019-12-12 20:51:08] 192.168.10.1 http://admanage.com/index.php?ct=optimizat&ac=addDirectional
COOKIE: array (
  'PHPSESSID' => 'q87a8i1dd7ibaf3l1ee7j7p5a8',
  'ht_name' => 'yunhua',
  'ht_keep' => '1',
  'js_collapse' => '0',
)
0[2019-12-12 20:51:08]Warn: /home/vagrant/code/admin/web/admin/service/SrvAuth.php 263
Invalid argument supplied for foreach()

-----------------------------------
0[2019-12-12 20:51:35] 192.168.10.1 http://admanage.com/index.php?ct=optimizat&ac=addDirectional
COOKIE: array (
  'PHPSESSID' => 'q87a8i1dd7ibaf3l1ee7j7p5a8',
  'ht_name' => 'yunhua',
  'ht_keep' => '1',
  'js_collapse' => '0',
)
0[2019-12-12 20:51:35]Warn: /home/vagrant/code/admin/web/admin/service/SrvAuth.php 263
Invalid argument supplied for foreach()

-----------------------------------
0[2019-12-12 20:53:45] 192.168.10.1 http://admanage.com/index.php?ct=optimizat&ac=addDirectional
COOKIE: array (
  'PHPSESSID' => 'q87a8i1dd7ibaf3l1ee7j7p5a8',
  'ht_name' => 'yunhua',
  'ht_keep' => '1',
  'js_collapse' => '0',
)
0[2019-12-12 20:53:45]Warn: /home/vagrant/code/admin/web/admin/service/SrvAuth.php 263
Invalid argument supplied for foreach()

-----------------------------------
0[2019-12-12 21:07:00] 192.168.10.1 http://admanage.com/index.php?ct=optimizat&ac=addDirectional
COOKIE: array (
  'PHPSESSID' => 'q87a8i1dd7ibaf3l1ee7j7p5a8',
  'ht_name' => 'yunhua',
  'ht_keep' => '1',
  'js_collapse' => '0',
)
0[2019-12-12 21:07:00]Warn: /home/vagrant/code/admin/web/admin/service/SrvAuth.php 263
Invalid argument supplied for foreach()

-----------------------------------
0[2019-12-12 21:13:15] 192.168.10.1 http://admanage.com/index.php?ct=optimizat&ac=addDirectional
COOKIE: array (
  'PHPSESSID' => 'q87a8i1dd7ibaf3l1ee7j7p5a8',
  'ht_name' => 'yunhua',
  'ht_keep' => '1',
  'js_collapse' => '0',
)
0[2019-12-12 21:13:15]Warn: /home/vagrant/code/admin/web/admin/service/SrvAuth.php 263
Invalid argument supplied for foreach()

-----------------------------------
0[2019-12-12 21:13:43] 192.168.10.1 http://admanage.com/index.php?ct=optimizat&ac=addDirectional
COOKIE: array (
  'PHPSESSID' => 'q87a8i1dd7ibaf3l1ee7j7p5a8',
  'ht_name' => 'yunhua',
  'ht_keep' => '1',
  'js_collapse' => '0',
)
0[2019-12-12 21:13:43]Warn: /home/vagrant/code/admin/web/admin/service/SrvAuth.php 263
Invalid argument supplied for foreach()

-----------------------------------
0[2019-12-12 21:15:28] 192.168.10.1 http://admanage.com/index.php?ct=optimizat&ac=addDirectional
COOKIE: array (
  'PHPSESSID' => 'q87a8i1dd7ibaf3l1ee7j7p5a8',
  'ht_name' => 'yunhua',
  'ht_keep' => '1',
  'js_collapse' => '0',
)
0[2019-12-12 21:15:28]Warn: /home/vagrant/code/admin/web/admin/service/SrvAuth.php 263
Invalid argument supplied for foreach()

-----------------------------------
0[2019-12-12 21:16:24] 192.168.10.1 http://admanage.com/index.php?ct=optimizat&ac=addDirectional
COOKIE: array (
  'PHPSESSID' => 'q87a8i1dd7ibaf3l1ee7j7p5a8',
  'ht_name' => 'yunhua',
  'ht_keep' => '1',
  'js_collapse' => '0',
)
0[2019-12-12 21:16:24]Warn: /home/vagrant/code/admin/web/admin/service/SrvAuth.php 263
Invalid argument supplied for foreach()

-----------------------------------
0[2019-12-12 21:16:31] 192.168.10.1 http://admanage.com/index.php?ct=optimizat&ac=addDirectional
COOKIE: array (
  'PHPSESSID' => 'q87a8i1dd7ibaf3l1ee7j7p5a8',
  'ht_name' => 'yunhua',
  'ht_keep' => '1',
  'js_collapse' => '0',
)
0[2019-12-12 21:16:31]Warn: /home/vagrant/code/admin/web/admin/service/SrvAuth.php 263
Invalid argument supplied for foreach()

-----------------------------------
0[2019-12-12 21:16:52] 192.168.10.1 http://admanage.com/index.php?ct=optimizat&ac=addDirectional
COOKIE: array (
  'PHPSESSID' => 'q87a8i1dd7ibaf3l1ee7j7p5a8',
  'ht_name' => 'yunhua',
  'ht_keep' => '1',
  'js_collapse' => '0',
)
0[2019-12-12 21:16:52]Warn: /home/vagrant/code/admin/web/admin/service/SrvAuth.php 263
Invalid argument supplied for foreach()

-----------------------------------
0[2019-12-12 21:20:45] 192.168.10.1 http://admanage.com/index.php?ct=optimizat&ac=addDirectional
COOKIE: array (
  'PHPSESSID' => 'q87a8i1dd7ibaf3l1ee7j7p5a8',
  'ht_name' => 'yunhua',
  'ht_keep' => '1',
  'js_collapse' => '0',
)
0[2019-12-12 21:20:45]Warn: /home/vagrant/code/admin/web/admin/service/SrvAuth.php 263
Invalid argument supplied for foreach()

-----------------------------------
0[2019-12-12 21:22:27] 192.168.10.1 http://admanage.com/index.php?ct=optimizat&ac=addDirectional
COOKIE: array (
  'PHPSESSID' => 'q87a8i1dd7ibaf3l1ee7j7p5a8',
  'ht_name' => 'yunhua',
  'ht_keep' => '1',
  'js_collapse' => '0',
)
0[2019-12-12 21:22:27]Warn: /home/vagrant/code/admin/web/admin/service/SrvAuth.php 263
Invalid argument supplied for foreach()

-----------------------------------
0[2019-12-12 21:27:59] 192.168.10.1 http://admanage.com/index.php?ct=optimizat&ac=addDirectional
COOKIE: array (
  'PHPSESSID' => 'q87a8i1dd7ibaf3l1ee7j7p5a8',
  'ht_name' => 'yunhua',
  'ht_keep' => '1',
  'js_collapse' => '0',
)
0[2019-12-12 21:27:59]Warn: /home/vagrant/code/admin/web/admin/service/SrvAuth.php 263
Invalid argument supplied for foreach()

-----------------------------------
0[2019-12-12 21:28:36] 192.168.10.1 http://admanage.com/index.php?ct=optimizat&ac=addDirectional
COOKIE: array (
  'PHPSESSID' => 'q87a8i1dd7ibaf3l1ee7j7p5a8',
  'ht_name' => 'yunhua',
  'ht_keep' => '1',
  'js_collapse' => '0',
)
0[2019-12-12 21:28:36]Warn: /home/vagrant/code/admin/web/admin/service/SrvAuth.php 263
Invalid argument supplied for foreach()

-----------------------------------
0[2019-12-12 21:29:23] 192.168.10.1 http://admanage.com/index.php?ct=optimizat&ac=addDirectional
COOKIE: array (
  'PHPSESSID' => 'q87a8i1dd7ibaf3l1ee7j7p5a8',
  'ht_name' => 'yunhua',
  'ht_keep' => '1',
  'js_collapse' => '0',
)
0[2019-12-12 21:29:23]Warn: /home/vagrant/code/admin/web/admin/service/SrvAuth.php 263
Invalid argument supplied for foreach()

-----------------------------------
0[2019-12-12 21:30:27] 192.168.10.1 http://admanage.com/?ct=platform&ac=gameList
COOKIE: array (
  'PHPSESSID' => 'q87a8i1dd7ibaf3l1ee7j7p5a8',
  'ht_name' => 'yunhua',
  'ht_keep' => '1',
  'js_collapse' => '0',
)
0[2019-12-12 21:30:27]Warn: /home/vagrant/code/admin/web/admin/service/SrvAuth.php 263
Invalid argument supplied for foreach()

-----------------------------------
0[2019-12-12 21:30:28] 192.168.10.1 http://admanage.com/index.php?ct=optimizat&ac=addDirectional
COOKIE: array (
  'PHPSESSID' => 'q87a8i1dd7ibaf3l1ee7j7p5a8',
  'ht_name' => 'yunhua',
  'ht_keep' => '1',
  'js_collapse' => '0',
)
0[2019-12-12 21:30:28]Warn: /home/vagrant/code/admin/web/admin/service/SrvAuth.php 263
Invalid argument supplied for foreach()

-----------------------------------
0[2019-12-12 21:30:53] 192.168.10.1 http://admanage.com/index.php?ct=optimizat&ac=addDirectional
COOKIE: array (
  'PHPSESSID' => 'q87a8i1dd7ibaf3l1ee7j7p5a8',
  'ht_name' => 'yunhua',
  'ht_keep' => '1',
  'js_collapse' => '0',
)
0[2019-12-12 21:30:53]Warn: /home/vagrant/code/admin/web/admin/service/SrvAuth.php 263
Invalid argument supplied for foreach()

-----------------------------------
0[2019-12-12 21:31:04] 192.168.10.1 http://admanage.com/index.php?ct=optimizat&ac=addDirectional
COOKIE: array (
  'PHPSESSID' => 'q87a8i1dd7ibaf3l1ee7j7p5a8',
  'ht_name' => 'yunhua',
  'ht_keep' => '1',
  'js_collapse' => '0',
)
0[2019-12-12 21:31:04]Warn: /home/vagrant/code/admin/web/admin/service/SrvAuth.php 263
Invalid argument supplied for foreach()

-----------------------------------
0[2019-12-12 21:31:36] 192.168.10.1 http://admanage.com/index.php?ct=optimizat&ac=addDirectional
COOKIE: array (
  'PHPSESSID' => 'q87a8i1dd7ibaf3l1ee7j7p5a8',
  'ht_name' => 'yunhua',
  'ht_keep' => '1',
  'js_collapse' => '0',
)
0[2019-12-12 21:31:36]Warn: /home/vagrant/code/admin/web/admin/service/SrvAuth.php 263
Invalid argument supplied for foreach()

-----------------------------------
0[2019-12-12 21:32:11] 192.168.10.1 http://admanage.com/index.php?ct=optimizat&ac=addDirectional
COOKIE: array (
  'PHPSESSID' => 'q87a8i1dd7ibaf3l1ee7j7p5a8',
  'ht_name' => 'yunhua',
  'ht_keep' => '1',
  'js_collapse' => '0',
)
0[2019-12-12 21:32:11]Warn: /home/vagrant/code/admin/web/admin/service/SrvAuth.php 263
Invalid argument supplied for foreach()

-----------------------------------
0[2019-12-12 21:39:38] 192.168.10.1 http://admanage.com/index.php?ct=optimizat&ac=addDirectional
COOKIE: array (
  'PHPSESSID' => 'q87a8i1dd7ibaf3l1ee7j7p5a8',
  'ht_name' => 'yunhua',
  'ht_keep' => '1',
  'js_collapse' => '0',
)
0[2019-12-12 21:39:38]Warn: /home/vagrant/code/admin/web/admin/service/SrvAuth.php 263
Invalid argument supplied for foreach()
