
-----------------------------------
0[2020-01-08 10:23:56] 192.168.10.1 http://admanage.com/index.php?ct=jrtt&ac=getDirectionalPackage
COOKIE: array (
  'ht_name' => 'yunhua',
  'ht_keep' => '1',
  'js_collapse' => '0',
  'PHPSESSID' => 'rfl5tgkt3tiodnnjogoab39rig',
)
0[2020-01-08 10:23:56]Error: /home/vagrant/code/admin/lib/YX.php 168
控制器CtlJrtt不存在方法：getDirectionalPackage

-----------------------------------
0[2020-01-08 14:36:01] 192.168.10.1 http://admanage.com/?ct=jrtt&ac=batchCreateAd
POST: array (
  'game_id' => '3',
  'type' => '1',
  'title_list' => '[1,2,3,4,5,6,7,8,9]',
  'user_id' => '[1,2,3,4]',
  'channel_id' => '37',
  'package_id' => '1',
  'operation' => '1',
  'image_list' => '[2,3,4,5,6,7,8,9,10,11,12]',
)
COOKIE: array (
  'ht_name' => 'yunhua',
  'ht_keep' => '1',
  'js_collapse' => '0',
  'PHPSESSID' => 'rfl5tgkt3tiodnnjogoab39rig',
  '_lg_' => 'zh_CN',
)
0[2020-01-08 14:36:01]Error: /home/vagrant/code/admin/web/admin/service/SrvAdPlatformAction.php 159
Uncaught Exception: api:upload_ad_img image_file字段在upload_type=UPLOAD_BY_FILE时为必填字段 in /home/vagrant/code/admin/web/admin/service/SrvAdPlatformAction.php:159
Stack trace:
#0 /home/vagrant/code/admin/web/admin/service/SrvJrttAction.php(229): SrvAdPlatformAction->checkParams(Array, 'upload_ad_img')
#1 /home/vagrant/code/admin/web/admin/service/SrvBatchCreateAd.php(164): SrvJrttAction->uploadAdImg(Array, Array, Array)
#2 /home/vagrant/code/admin/web/admin/service/SrvBatchCreateAd.php(131): SrvBatchCreateAd->_getImageList(Array, Array, '12121212')
#3 /home/vagrant/code/admin/web/admin/service/SrvBatchCreateAd.php(36): SrvBatchCreateAd->_pushAd2Platform(Array, 53)
#4 /home/vagrant/code/admin/web/admin/controller/CtlJrtt.php(50): SrvBatchCreateAd->createAd(Array)
#5 /home/vagrant/code/admin/lib/YX.php(173): CtlJrtt->batchCreateAd()
#6 /home/vagrant/code/admin/lib/YX.php(136): YX::route('jrtt', 'batchCreateAd')
#7 /home/vagrant/code/admin/web/admin/index.php(48): YX::run()
#8 {main}
  thrown

-----------------------------------
0[2020-01-08 17:19:23] 192.168.10.1 http://admanage.com/index.php?ct=jrtt&ac=getDirectionalPackage
COOKIE: array (
  'ht_name' => 'yunhua',
  'ht_keep' => '1',
  'js_collapse' => '0',
  'PHPSESSID' => 'rfl5tgkt3tiodnnjogoab39rig',
)
0[2020-01-08 17:19:23]Error: /home/vagrant/code/admin/lib/YX.php 168
控制器CtlJrtt不存在方法：getDirectionalPackage

-----------------------------------
0[2020-01-08 18:04:37] 192.168.10.1 http://admanage.com/index.php?ct=jrtt&ac=getDirectionalPackage
COOKIE: array (
  'ht_name' => 'yunhua',
  'ht_keep' => '1',
  'js_collapse' => '0',
  'PHPSESSID' => 'rfl5tgkt3tiodnnjogoab39rig',
)
0[2020-01-08 18:04:37]Error: /home/vagrant/code/admin/lib/YX.php 168
控制器CtlJrtt不存在方法：getDirectionalPackage
