
-----------------------------------
0[2019-11-29 10:03:16] 192.168.10.1 http://admanage.com/?ct=index
COOKIE: array (
  'PHPSESSID' => 'vbne5vr0lsoathegm8qp87ira7',
  'js_collapse' => '0',
  'ht_name' => 'yunhua',
  'ht_keep' => '1',
)
0[2019-11-29 10:03:16]Warn: /home/vagrant/code/admin/web/admin/service/SrvAuth.php 263
Invalid argument supplied for foreach()

-----------------------------------
0[2019-11-29 10:03:44] 192.168.10.1 http://admanage.com/?ct=ad&ac=deliveryUser
COOKIE: array (
  'PHPSESSID' => 'vbne5vr0lsoathegm8qp87ira7',
  'js_collapse' => '0',
  'ht_name' => 'yunhua',
  'ht_keep' => '1',
)
0[2019-11-29 10:03:44]Warn: /home/vagrant/code/admin/web/admin/controller/CtlAd.php 212
Invalid argument supplied for foreach()
0[2019-11-29 10:03:44]Warn: /home/vagrant/code/admin/web/admin/service/SrvAd.php 200
Invalid argument supplied for foreach()
0[2019-11-29 10:03:44]Error: /home/vagrant/code/admin/lib/library/smarty/sysplugins/smarty_internal_compilebase.php 75
The each() function is deprecated. This message will be suppressed on further calls

-----------------------------------
0[2019-11-29 10:07:27] 192.168.10.1 http://admanage.com/?ct=ad&ac=deliveryUser
COOKIE: array (
  'PHPSESSID' => 'vbne5vr0lsoathegm8qp87ira7',
  'js_collapse' => '0',
  'ht_name' => 'yunhua',
  'ht_keep' => '1',
)
0[2019-11-29 10:07:27]Warn: /home/vagrant/code/admin/web/admin/service/SrvAd.php 200
Invalid argument supplied for foreach()

-----------------------------------
0[2019-11-29 10:13:43] 192.168.10.1 http://admanage.com/?ct=ad&ac=deliveryUser
COOKIE: array (
  'PHPSESSID' => 'vbne5vr0lsoathegm8qp87ira7',
  'js_collapse' => '0',
  'ht_name' => 'yunhua',
  'ht_keep' => '1',
)
0[2019-11-29 10:13:43]Warn: /home/vagrant/code/admin/web/admin/service/SrvAd.php 200
Invalid argument supplied for foreach()

-----------------------------------
0[2019-11-29 11:10:38] 192.168.10.1 http://admanage.com/?ct=extend&ac=landModel
COOKIE: array (
  'PHPSESSID' => 'vbne5vr0lsoathegm8qp87ira7',
  'js_collapse' => '0',
  'ht_name' => 'yunhua',
  'ht_keep' => '1',
)
0[2019-11-29 11:10:38]Warn: /home/vagrant/code/admin/web/admin/service/SrvExtend.php 697
Invalid argument supplied for foreach()

-----------------------------------
0[2019-11-29 11:10:46] 192.168.10.1 http://admanage.com/?ct=extend&ac=asoDiscount&json=1&page=1&limit=15
COOKIE: array (
  'PHPSESSID' => 'vbne5vr0lsoathegm8qp87ira7',
  'js_collapse' => '0',
  'ht_name' => 'yunhua',
  'ht_keep' => '1',
)
0[2019-11-29 11:10:46]Warn: /home/vagrant/code/admin/web/admin/service/SrvExtend.php 1846
Invalid argument supplied for foreach()

-----------------------------------
0[2019-11-29 11:10:48] 192.168.10.1 http://admanage.com/?ct=extend&ac=clickAd&json=1&page=1&limit=18
COOKIE: array (
  'PHPSESSID' => 'vbne5vr0lsoathegm8qp87ira7',
  'js_collapse' => '0',
  'ht_name' => 'yunhua',
  'ht_keep' => '1',
)
0[2019-11-29 11:10:48]Warn: /home/vagrant/code/admin/web/admin/service/SrvExtend.php 1908
Invalid argument supplied for foreach()

-----------------------------------
0[2019-11-29 11:10:51] 192.168.10.1 http://admanage.com/?ct=material&ac=materialBox
COOKIE: array (
  'PHPSESSID' => 'vbne5vr0lsoathegm8qp87ira7',
  'js_collapse' => '0',
  'ht_name' => 'yunhua',
  'ht_keep' => '1',
)
0[2019-11-29 11:10:51]Warn: /home/vagrant/code/admin/runtime/cache/823f4dde08868c1429494c75308229a723e6d757_2.file.materialBox.tpl.php 77
in_array() expects parameter 2 to be array, integer given

-----------------------------------
0[2019-11-29 11:11:24] 192.168.10.1 http://admanage.com/?ct=material&ac=uploadAct&ext=material
POST: array (
  'guid' => 'wu_1dqqi7k4l1kab1ff1ud1baf1rnp0',
  'chunkSize' => '47361',
  'fileMd5' => '62e815b67d79781c88bee0bd3c9468fb',
  'id' => 'WU_FILE_0',
  'name' => '钱袋.png',
  'type' => 'image/png',
  'lastModifiedDate' => 'Thu Nov 28 2019 17:51:40 GMT+0800 (中国标准时间)',
  'size' => '47361',
)
COOKIE: array (
  'PHPSESSID' => 'vbne5vr0lsoathegm8qp87ira7',
  'js_collapse' => '0',
  'ht_name' => 'yunhua',
  'ht_keep' => '1',
)
0[2019-11-29 11:11:24]Info: /home/vagrant/code/admin/lib/library/LibFile.php 85
array (
  'file' => 
  array (
    'name' => '钱袋.png',
    'type' => 'image/png',
    'tmp_name' => '/tmp/phpUfpOfa',
    'error' => 0,
    'size' => 47361,
  ),
)

-----------------------------------
0[2019-11-29 11:12:24] 192.168.10.1 http://admanage.com/?ct=material&ac=uploadAct&ext=thumb
POST: array (
  'guid' => 'wu_1dqqi7k4l1kab1ff1ud1baf1rnp0',
  'chunkSize' => '47361',
  'fileMd5' => '62e815b67d79781c88bee0bd3c9468fb',
  'id' => 'WU_FILE_1',
  'name' => '钱袋.png',
  'type' => 'image/png',
  'lastModifiedDate' => 'Thu Nov 28 2019 17:51:40 GMT+0800 (中国标准时间)',
  'size' => '47361',
)
COOKIE: array (
  'PHPSESSID' => 'vbne5vr0lsoathegm8qp87ira7',
  'js_collapse' => '0',
  'ht_name' => 'yunhua',
  'ht_keep' => '1',
)
0[2019-11-29 11:12:24]Info: /home/vagrant/code/admin/lib/library/LibFile.php 85
array (
  'file' => 
  array (
    'name' => '钱袋.png',
    'type' => 'image/png',
    'tmp_name' => '/tmp/phpdwlISx',
    'error' => 0,
    'size' => 47361,
  ),
)
0[2019-11-29 11:12:24]Warn: /home/vagrant/code/admin/lib/library/LibImg.php 167
getimagesize(): Filename cannot be empty

-----------------------------------
0[2019-11-29 11:49:24] 192.168.10.1 http://admanage.com/?ct=material&ac=materialBox
COOKIE: array (
  'PHPSESSID' => 'vbne5vr0lsoathegm8qp87ira7',
  'js_collapse' => '0',
  'ht_name' => 'yunhua',
  'ht_keep' => '1',
)
0[2019-11-29 11:49:24]Warn: /home/vagrant/code/admin/runtime/cache/823f4dde08868c1429494c75308229a723e6d757_2.file.materialBox.tpl.php 77
in_array() expects parameter 2 to be array, integer given

-----------------------------------
0[2019-11-29 11:49:32] 192.168.10.1 http://admanage.com/?ct=material&ac=materialData
COOKIE: array (
  'PHPSESSID' => 'vbne5vr0lsoathegm8qp87ira7',
  'js_collapse' => '0',
  'ht_name' => 'yunhua',
  'ht_keep' => '1',
)
0[2019-11-29 11:49:32]Warn: /home/vagrant/code/admin/web/admin/service/SrvMaterial.php 27
Invalid argument supplied for foreach()

-----------------------------------
0[2019-11-29 11:49:33] 192.168.10.1 http://admanage.com/?ct=material&ac=materialData2
COOKIE: array (
  'PHPSESSID' => 'vbne5vr0lsoathegm8qp87ira7',
  'js_collapse' => '0',
  'ht_name' => 'yunhua',
  'ht_keep' => '1',
)
0[2019-11-29 11:49:33]Warn: /home/vagrant/code/admin/web/admin/service/SrvMaterial.php 144
Invalid argument supplied for foreach()

-----------------------------------
0[2019-11-29 11:49:37] 192.168.10.1 http://admanage.com/?ct=material&ac=materialBox
COOKIE: array (
  'PHPSESSID' => 'vbne5vr0lsoathegm8qp87ira7',
  'js_collapse' => '0',
  'ht_name' => 'yunhua',
  'ht_keep' => '1',
)
0[2019-11-29 11:49:37]Warn: /home/vagrant/code/admin/runtime/cache/823f4dde08868c1429494c75308229a723e6d757_2.file.materialBox.tpl.php 77
in_array() expects parameter 2 to be array, integer given

-----------------------------------
0[2019-11-29 13:55:15] 192.168.10.1 http://admanage.com/?ct=index
COOKIE: array (
  'PHPSESSID' => 'vbne5vr0lsoathegm8qp87ira7',
  'js_collapse' => '0',
  'ht_name' => 'yunhua',
  'ht_keep' => '1',
)

-----------------------------------
0[2019-11-29 13:55:15] 192.168.10.1 http://admanage.com/?ct=index
COOKIE: array (
  'PHPSESSID' => 'vbne5vr0lsoathegm8qp87ira7',
  'js_collapse' => '0',
  'ht_name' => 'yunhua',
  'ht_keep' => '1',
)
0[2019-11-29 13:55:15]Warn: /home/vagrant/code/admin/web/admin/service/SrvAuth.php 263
Invalid argument supplied for foreach()
0[2019-11-29 13:55:15]Warn: /home/vagrant/code/admin/web/admin/service/SrvAuth.php 263
Invalid argument supplied for foreach()

-----------------------------------
0[2019-11-29 14:07:24] 192.168.10.1 http://admanage.com/?ct=adDataIOS&ac=activityEffect
COOKIE: array (
  'PHPSESSID' => 'vbne5vr0lsoathegm8qp87ira7',
  'js_collapse' => '0',
  'ht_name' => 'yunhua',
  'ht_keep' => '1',
)
0[2019-11-29 14:07:24]Warn: /home/vagrant/code/admin/lib/library/LibMysql.php 687
Invalid argument supplied for foreach()
0[2019-11-29 14:07:24]Warn: /home/vagrant/code/admin/lib/library/LibMysql.php 687
Invalid argument supplied for foreach()
0[2019-11-29 14:07:24]Error: /home/vagrant/code/admin/lib/library/smarty/sysplugins/smarty_internal_compilebase.php 75
The each() function is deprecated. This message will be suppressed on further calls

-----------------------------------
0[2019-11-29 17:40:00] 192.168.10.1 http://admanage.com/?ct=index
COOKIE: array (
  'PHPSESSID' => 'vbne5vr0lsoathegm8qp87ira7',
  'js_collapse' => '0',
  'ht_name' => 'yunhua',
  'ht_keep' => '1',
)
0[2019-11-29 17:40:00]Warn: /home/vagrant/code/admin/web/admin/service/SrvAuth.php 263
Invalid argument supplied for foreach()

-----------------------------------
0[2019-11-29 17:41:02] 192.168.10.1 http://admanage.com/?ct=upload&ac=uploadAdmin
POST: array (
  'guid' => 'wu_1dqr8hcudg6h115o1e1rpeu1j8r0',
  'chunkSize' => '47361',
  'fileMd5' => '62e815b67d79781c88bee0bd3c9468fb',
  'id' => 'WU_FILE_0',
  'name' => '钱袋.png',
  'type' => 'image/png',
  'lastModifiedDate' => 'Thu Nov 28 2019 17:51:40 GMT+0800 (中国标准时间)',
  'size' => '47361',
)
COOKIE: array (
  'PHPSESSID' => 'vbne5vr0lsoathegm8qp87ira7',
  'js_collapse' => '0',
  'ht_name' => 'yunhua',
  'ht_keep' => '1',
)
0[2019-11-29 17:41:02]Info: /home/vagrant/code/admin/lib/library/LibFile.php 85
array (
  'file' => 
  array (
    'name' => '钱袋.png',
    'type' => 'image/png',
    'tmp_name' => '/tmp/phpPnejw5',
    'error' => 0,
    'size' => 47361,
  ),
)

-----------------------------------
0[2019-11-29 20:15:16] 192.168.10.1 http://admanage.com/?ct=index
COOKIE: array (
  'PHPSESSID' => 'vbne5vr0lsoathegm8qp87ira7',
  'js_collapse' => '0',
  'ht_name' => 'yunhua',
  'ht_keep' => '1',
)
0[2019-11-29 20:15:16]Warn: /home/vagrant/code/admin/web/admin/service/SrvAuth.php 263
Invalid argument supplied for foreach()

-----------------------------------
0[2019-11-29 20:15:55] 192.168.10.1 http://admanage.com/?ct=platform&ac=playerLog
COOKIE: array (
  'PHPSESSID' => 'vbne5vr0lsoathegm8qp87ira7',
  'js_collapse' => '0',
  'ht_name' => 'yunhua',
  'ht_keep' => '1',
)
0[2019-11-29 20:15:55]Warn: /home/vagrant/code/admin/lib/library/LibMysql.php 128
mysqli_connect(): php_network_getaddresses: getaddrinfo failed: Name or service not known
0[2019-11-29 20:15:55]Warn: /home/vagrant/code/admin/lib/library/LibMysql.php 128
mysqli_connect(): (HY000/2002): php_network_getaddresses: getaddrinfo failed: Name or service not known
0[2019-11-29 20:15:55]Warn: /home/vagrant/code/admin/lib/library/LibMysql.php 719
mysqli_error() expects parameter 1 to be mysqli, string given
0[2019-11-29 20:15:55]Error: /home/vagrant/code/admin/web/admin/model/ModLog.php 158
连数据库失败：
0[2019-11-29 20:15:55]Error: /home/vagrant/code/admin/web/admin/model/ModLog.php 158
array (
  'host' => 'mysql.db2.hutao.net',
  'user' => 'hutao_sdk',
  'password' => '123456',
)
0[2019-11-29 20:15:55]Warn: /home/vagrant/code/admin/lib/library/LibMysql.php 128
mysqli_connect(): php_network_getaddresses: getaddrinfo failed: Name or service not known
0[2019-11-29 20:15:55]Warn: /home/vagrant/code/admin/lib/library/LibMysql.php 128
mysqli_connect(): (HY000/2002): php_network_getaddresses: getaddrinfo failed: Name or service not known
0[2019-11-29 20:15:55]Warn: /home/vagrant/code/admin/lib/library/LibMysql.php 719
mysqli_error() expects parameter 1 to be mysqli, string given
0[2019-11-29 20:15:55]Error: /home/vagrant/code/admin/web/admin/model/ModLog.php 159
连数据库失败：
0[2019-11-29 20:15:55]Error: /home/vagrant/code/admin/web/admin/model/ModLog.php 159
array (
  'host' => 'mysql.db2.hutao.net',
  'user' => 'hutao_sdk',
  'password' => '123456',
)
0[2019-11-29 20:15:55]Warn: /home/vagrant/code/admin/lib/library/LibMysql.php 128
mysqli_connect(): php_network_getaddresses: getaddrinfo failed: Name or service not known
0[2019-11-29 20:15:55]Warn: /home/vagrant/code/admin/lib/library/LibMysql.php 128
mysqli_connect(): (HY000/2002): php_network_getaddresses: getaddrinfo failed: Name or service not known
0[2019-11-29 20:15:55]Warn: /home/vagrant/code/admin/lib/library/LibMysql.php 719
mysqli_error() expects parameter 1 to be mysqli, string given
0[2019-11-29 20:15:55]Error: /home/vagrant/code/admin/web/admin/model/ModLog.php 160
连数据库失败：
0[2019-11-29 20:15:55]Error: /home/vagrant/code/admin/web/admin/model/ModLog.php 160
array (
  'host' => 'mysql.db2.hutao.net',
  'user' => 'hutao_sdk',
  'password' => '123456',
)
0[2019-11-29 20:15:55]Warn: /home/vagrant/code/admin/web/admin/service/SrvPlatform.php 2907
Invalid argument supplied for foreach()
0[2019-11-29 20:15:55]Error: /home/vagrant/code/admin/lib/library/smarty/sysplugins/smarty_internal_compilebase.php 75
The each() function is deprecated. This message will be suppressed on further calls

-----------------------------------
0[2019-11-29 20:16:45] 192.168.10.1 http://admanage.com/?ct=data&ac=overview
COOKIE: array (
  'PHPSESSID' => 'vbne5vr0lsoathegm8qp87ira7',
  'js_collapse' => '0',
  'ht_name' => 'yunhua',
  'ht_keep' => '1',
)
0[2019-11-29 20:16:45]Warn: /home/vagrant/code/admin/web/admin/service/SrvData.php 263
bcdiv(): Division by zero
0[2019-11-29 20:16:45]Warn: /home/vagrant/code/admin/web/admin/service/SrvData.php 264
bcdiv(): Division by zero
0[2019-11-29 20:16:45]Warn: /home/vagrant/code/admin/web/admin/service/SrvData.php 265
bcdiv(): Division by zero
0[2019-11-29 20:16:45]Warn: /home/vagrant/code/admin/web/admin/service/SrvData.php 266
bcdiv(): Division by zero
0[2019-11-29 20:16:45]Warn: /home/vagrant/code/admin/web/admin/service/SrvData.php 267
bcdiv(): Division by zero
0[2019-11-29 20:16:45]Warn: /home/vagrant/code/admin/web/admin/service/SrvData.php 268
bcdiv(): Division by zero
0[2019-11-29 20:16:45]Warn: /home/vagrant/code/admin/web/admin/service/SrvData.php 269
bcdiv(): Division by zero
0[2019-11-29 20:16:45]Warn: /home/vagrant/code/admin/web/admin/service/SrvData.php 270
bcdiv(): Division by zero
0[2019-11-29 20:16:45]Warn: /home/vagrant/code/admin/web/admin/service/SrvData.php 271
bcdiv(): Division by zero
0[2019-11-29 20:16:45]Warn: /home/vagrant/code/admin/web/admin/service/SrvData.php 272
bcdiv(): Division by zero

-----------------------------------
0[2019-11-29 20:17:01] 192.168.10.1 http://admanage.com/?ct=data&ac=overviewMonth
COOKIE: array (
  'PHPSESSID' => 'vbne5vr0lsoathegm8qp87ira7',
  'js_collapse' => '0',
  'ht_name' => 'yunhua',
  'ht_keep' => '1',
)
0[2019-11-29 20:17:01]Warn: /home/vagrant/code/admin/web/admin/service/SrvData.php 676
Invalid argument supplied for foreach()
0[2019-11-29 20:17:01]Warn: /home/vagrant/code/admin/web/admin/service/SrvData.php 681
Invalid argument supplied for foreach()
0[2019-11-29 20:17:01]Warn: /home/vagrant/code/admin/web/admin/service/SrvData.php 705
Division by zero

-----------------------------------
0[2019-11-29 20:17:21] 192.168.10.1 http://admanage.com/?ct=data&ac=ltv
COOKIE: array (
  'PHPSESSID' => 'vbne5vr0lsoathegm8qp87ira7',
  'js_collapse' => '0',
  'ht_name' => 'yunhua',
  'ht_keep' => '1',
)
0[2019-11-29 20:17:21]Warn: /home/vagrant/code/admin/web/admin/service/SrvData.php 1819
Division by zero
0[2019-11-29 20:17:21]Warn: /home/vagrant/code/admin/web/admin/service/SrvData.php 1821
Division by zero
0[2019-11-29 20:17:21]Warn: /home/vagrant/code/admin/web/admin/service/SrvData.php 1821
Division by zero
0[2019-11-29 20:17:21]Warn: /home/vagrant/code/admin/web/admin/service/SrvData.php 1821
Division by zero
0[2019-11-29 20:17:21]Warn: /home/vagrant/code/admin/web/admin/service/SrvData.php 1821
Division by zero
0[2019-11-29 20:17:21]Warn: /home/vagrant/code/admin/web/admin/service/SrvData.php 1821
Division by zero
0[2019-11-29 20:17:21]Warn: /home/vagrant/code/admin/web/admin/service/SrvData.php 1821
Division by zero
0[2019-11-29 20:17:21]Warn: /home/vagrant/code/admin/web/admin/service/SrvData.php 1821
Division by zero
0[2019-11-29 20:17:21]Warn: /home/vagrant/code/admin/web/admin/service/SrvData.php 1821
Division by zero
0[2019-11-29 20:17:21]Warn: /home/vagrant/code/admin/web/admin/service/SrvData.php 1821
Division by zero
0[2019-11-29 20:17:21]Warn: /home/vagrant/code/admin/web/admin/service/SrvData.php 1821
Division by zero
0[2019-11-29 20:17:21]Warn: /home/vagrant/code/admin/web/admin/service/SrvData.php 1821
Division by zero
0[2019-11-29 20:17:21]Warn: /home/vagrant/code/admin/web/admin/service/SrvData.php 1821
Division by zero
0[2019-11-29 20:17:21]Warn: /home/vagrant/code/admin/web/admin/service/SrvData.php 1821
Division by zero

-----------------------------------
0[2019-11-29 20:17:29] 192.168.10.1 http://admanage.com/?ct=data&ac=newViewData
COOKIE: array (
  'PHPSESSID' => 'vbne5vr0lsoathegm8qp87ira7',
  'js_collapse' => '0',
  'ht_name' => 'yunhua',
  'ht_keep' => '1',
)
0[2019-11-29 20:17:29]Warn: /home/vagrant/code/admin/web/admin/service/SrvData.php 1397
Invalid argument supplied for foreach()

-----------------------------------
0[2019-11-29 20:17:32] 192.168.10.1 http://admanage.com/?ct=data&ac=payHall
COOKIE: array (
  'PHPSESSID' => 'vbne5vr0lsoathegm8qp87ira7',
  'js_collapse' => '0',
  'ht_name' => 'yunhua',
  'ht_keep' => '1',
)
0[2019-11-29 20:17:32]Warn: /home/vagrant/code/admin/web/admin/service/SrvData.php 1933
Invalid argument supplied for foreach()

-----------------------------------
0[2019-11-29 20:17:35] 192.168.10.1 http://admanage.com/?ct=data&ac=payHallRole
COOKIE: array (
  'PHPSESSID' => 'vbne5vr0lsoathegm8qp87ira7',
  'js_collapse' => '0',
  'ht_name' => 'yunhua',
  'ht_keep' => '1',
)
0[2019-11-29 20:17:35]Warn: /home/vagrant/code/admin/web/admin/service/SrvData.php 2016
array_map(): Argument #2 should be an array
0[2019-11-29 20:17:35]Warn: /home/vagrant/code/admin/web/admin/service/SrvData.php 2017
array_map(): Argument #2 should be an array

-----------------------------------
0[2019-11-29 20:18:12] 192.168.10.1 http://admanage.com/?ct=data4&ac=overview2&json=1&page=1&limit=10
COOKIE: array (
  'PHPSESSID' => 'vbne5vr0lsoathegm8qp87ira7',
  'js_collapse' => '0',
  'ht_name' => 'yunhua',
  'ht_keep' => '1',
)
0[2019-11-29 20:18:12]Warn: /home/vagrant/code/admin/web/admin/service/SrvData.php 587
bcdiv(): Division by zero
0[2019-11-29 20:18:12]Warn: /home/vagrant/code/admin/web/admin/service/SrvData.php 588
bcdiv(): Division by zero
0[2019-11-29 20:18:12]Warn: /home/vagrant/code/admin/web/admin/service/SrvData.php 589
bcdiv(): Division by zero

-----------------------------------
0[2019-11-29 20:19:51] 192.168.10.1 http://admanage.com/?ct=data4&ac=serverView
COOKIE: array (
  'PHPSESSID' => 'vbne5vr0lsoathegm8qp87ira7',
  'js_collapse' => '0',
  'ht_name' => 'yunhua',
  'ht_keep' => '1',
)
0[2019-11-29 20:19:51]Warn: /home/vagrant/code/admin/web/admin/service/SrvData.php 3155
Invalid argument supplied for foreach()
0[2019-11-29 20:19:51]Error: /home/vagrant/code/admin/lib/library/smarty/sysplugins/smarty_internal_compilebase.php 75
The each() function is deprecated. This message will be suppressed on further calls

-----------------------------------
0[2019-11-29 20:19:53] 192.168.10.1 http://admanage.com/?ct=data4&ac=overview2ByHour&json=1&page=1&limit=10
COOKIE: array (
  'PHPSESSID' => 'vbne5vr0lsoathegm8qp87ira7',
  'js_collapse' => '0',
  'ht_name' => 'yunhua',
  'ht_keep' => '1',
)
0[2019-11-29 20:19:53]Warn: /home/vagrant/code/admin/web/admin/service/SrvData.php 3345
bcdiv(): Division by zero
0[2019-11-29 20:19:53]Warn: /home/vagrant/code/admin/web/admin/service/SrvData.php 3346
bcdiv(): Division by zero
0[2019-11-29 20:19:53]Warn: /home/vagrant/code/admin/web/admin/service/SrvData.php 3347
bcdiv(): Division by zero

-----------------------------------
0[2019-11-29 20:19:58] 192.168.10.1 http://admanage.com/?ct=data4&ac=newPayDevote&json=1&page=1&limit=18
COOKIE: array (
  'PHPSESSID' => 'vbne5vr0lsoathegm8qp87ira7',
  'js_collapse' => '0',
  'ht_name' => 'yunhua',
  'ht_keep' => '1',
)
0[2019-11-29 20:19:58]Warn: /home/vagrant/code/admin/web/admin/service/SrvData.php 3534
Invalid argument supplied for foreach()

-----------------------------------
0[2019-11-29 20:20:02] 192.168.10.1 http://admanage.com/?ct=data4&ac=dayChargeData&json=1&page=1&limit=18
COOKIE: array (
  'PHPSESSID' => 'vbne5vr0lsoathegm8qp87ira7',
  'js_collapse' => '0',
  'ht_name' => 'yunhua',
  'ht_keep' => '1',
)
0[2019-11-29 20:20:02]Warn: /home/vagrant/code/admin/web/admin/service/SrvData.php 3681
Invalid argument supplied for foreach()

-----------------------------------
0[2019-11-29 20:21:04] 192.168.10.1 http://admanage.com/?ct=data2&ac=payArea
COOKIE: array (
  'PHPSESSID' => 'vbne5vr0lsoathegm8qp87ira7',
  'js_collapse' => '0',
  'ht_name' => 'yunhua',
  'ht_keep' => '1',
)
0[2019-11-29 20:21:04]Warn: /home/vagrant/code/admin/web/admin/service/SrvData.php 165
array_multisort(): Argument #1 is expected to be an array or a sort flag
0[2019-11-29 20:21:04]Error: /home/vagrant/code/admin/lib/library/smarty/sysplugins/smarty_internal_compilebase.php 75
The each() function is deprecated. This message will be suppressed on further calls

-----------------------------------
0[2019-11-29 20:21:15] 192.168.10.1 http://admanage.com/?ct=destribuReceipt&ac=destribuConfList
COOKIE: array (
  'PHPSESSID' => 'vbne5vr0lsoathegm8qp87ira7',
  'js_collapse' => '0',
  'ht_name' => 'yunhua',
  'ht_keep' => '1',
)
0[2019-11-29 20:21:15]Warn: /home/vagrant/code/admin/lib/library/LibUtil.php 80
配置文件：/home/vagrant/code/admin/web/analysis_data/config/ConfPayType.php不存在，返回false
0[2019-11-29 20:21:15]Warn: /home/vagrant/code/admin/web/admin/controller/CtlDestribuReceipt.php 129
array_merge(): Argument #2 is not an array
0[2019-11-29 20:21:15]Warn: /home/vagrant/code/admin/lib/library/LibUtil.php 80
配置文件：/home/vagrant/code/admin/web/admin/config/ConfDestribu.php不存在，返回false
0[2019-11-29 20:21:15]Error: /home/vagrant/code/admin/lib/library/smarty/sysplugins/smarty_internal_compilebase.php 75
The each() function is deprecated. This message will be suppressed on further calls
